10:24:07.322 | INFO     | ============================================================
10:24:07.322 | INFO     | INIT | circuit=Parcours 7 segments | start=(25,10) | angle=0°
10:24:09.060 | DEBUG    | FUZZY | pos=(25,10) | angle=0.0° | G=1 D=1 delta=0 | mu_N=0.00 mu_Z=1.00 mu_P=0.00 | da=0.00°
10:24:09.072 | DEBUG    | FUZZY | pos=(28,10) | angle=0.0° | G=1 D=1 delta=0 | mu_N=0.00 mu_Z=1.00 mu_P=0.00 | da=0.00°
10:24:09.088 | DEBUG    | FUZZY | pos=(31,10) | angle=0.0° | G=1 D=1 delta=0 | mu_N=0.00 mu_Z=1.00 mu_P=0.00 | da=0.00°
10:24:09.104 | DEBUG    | FUZZY | pos=(34,10) | angle=0.0° | G=1 D=1 delta=0 | mu_N=0.00 mu_Z=1.00 mu_P=0.00 | da=0.00°
10:24:09.121 | DEBUG    | FUZZY | pos=(37,10) | angle=0.0° | G=1 D=1 delta=0 | mu_N=0.00 mu_Z=1.00 mu_P=0.00 | da=0.00°
10:24:09.139 | DEBUG    | FUZZY | pos=(40,10) | angle=0.0° | G=1 D=1 delta=0 | mu_N=0.00 mu_Z=1.00 mu_P=0.00 | da=0.00°
10:24:09.154 | DEBUG    | FUZZY | pos=(43,10) | angle=0.0° | G=1 D=1 delta=0 | mu_N=0.00 mu_Z=1.00 mu_P=0.00 | da=0.00°
10:24:09.171 | DEBUG    | FUZZY | pos=(46,10) | angle=0.0° | G=1 D=1 delta=0 | mu_N=0.00 mu_Z=1.00 mu_P=0.00 | da=0.00°
10:24:09.188 | DEBUG    | FUZZY | pos=(49,10) | angle=0.0° | G=1 D=1 delta=0 | mu_N=0.00 mu_Z=1.00 mu_P=0.00 | da=0.00°
10:24:09.209 | DEBUG    | FUZZY | pos=(52,10) | angle=0.0° | G=1 D=1 delta=0 | mu_N=0.00 mu_Z=1.00 mu_P=0.00 | da=0.00°
10:24:09.222 | DEBUG    | FUZZY | pos=(55,10) | angle=0.0° | G=1 D=1 delta=0 | mu_N=0.00 mu_Z=1.00 mu_P=0.00 | da=0.00°
10:24:09.239 | DEBUG    | FUZZY | pos=(58,10) | angle=0.0° | G=1 D=1 delta=0 | mu_N=0.00 mu_Z=1.00 mu_P=0.00 | da=0.00°
10:24:09.255 | DEBUG    | FUZZY | pos=(61,10) | angle=0.0° | G=1 D=1 delta=0 | mu_N=0.00 mu_Z=1.00 mu_P=0.00 | da=0.00°
10:24:09.271 | DEBUG    | FUZZY | pos=(64,10) | angle=0.0° | G=1 D=1 delta=0 | mu_N=0.00 mu_Z=1.00 mu_P=0.00 | da=0.00°
10:24:09.287 | DEBUG    | FUZZY | pos=(67,10) | angle=0.0° | G=1 D=1 delta=0 | mu_N=0.00 mu_Z=1.00 mu_P=0.00 | da=0.00°
10:24:09.303 | DEBUG    | FUZZY | pos=(70,10) | angle=0.0° | G=1 D=1 delta=0 | mu_N=0.00 mu_Z=1.00 mu_P=0.00 | da=0.00°
10:24:09.321 | DEBUG    | FUZZY | pos=(73,10) | angle=0.0° | G=1 D=1 delta=0 | mu_N=0.00 mu_Z=1.00 mu_P=0.00 | da=0.00°
10:24:09.337 | DEBUG    | FUZZY | pos=(76,10) | angle=0.0° | G=1 D=1 delta=0 | mu_N=0.00 mu_Z=1.00 mu_P=0.00 | da=0.00°
10:24:09.353 | DEBUG    | FUZZY | pos=(79,10) | angle=0.0° | G=1 D=1 delta=0 | mu_N=0.00 mu_Z=1.00 mu_P=0.00 | da=0.00°
10:24:09.371 | DEBUG    | FUZZY | pos=(82,10) | angle=0.0° | G=1 D=1 delta=0 | mu_N=0.00 mu_Z=1.00 mu_P=0.00 | da=0.00°
10:24:09.389 | DEBUG    | FUZZY | pos=(85,10) | angle=0.0° | G=1 D=1 delta=0 | mu_N=0.00 mu_Z=1.00 mu_P=0.00 | da=0.00°
10:24:09.404 | DEBUG    | FUZZY | pos=(88,10) | angle=0.0° | G=1 D=1 delta=0 | mu_N=0.00 mu_Z=1.00 mu_P=0.00 | da=0.00°
10:24:09.421 | DEBUG    | FUZZY | pos=(91,10) | angle=0.0° | G=1 D=1 delta=0 | mu_N=0.00 mu_Z=1.00 mu_P=0.00 | da=0.00°
10:24:09.439 | DEBUG    | FUZZY | pos=(94,10) | angle=0.0° | G=1 D=1 delta=0 | mu_N=0.00 mu_Z=1.00 mu_P=0.00 | da=0.00°
10:24:09.456 | DEBUG    | FUZZY | pos=(97,10) | angle=0.0° | G=1 D=1 delta=0 | mu_N=0.00 mu_Z=1.00 mu_P=0.00 | da=0.00°
10:24:09.472 | DEBUG    | FUZZY | pos=(100,10) | angle=0.0° | G=1 D=1 delta=0 | mu_N=0.00 mu_Z=1.00 mu_P=0.00 | da=0.00°
10:24:09.488 | DEBUG    | FUZZY | pos=(103,10) | angle=0.0° | G=1 D=1 delta=0 | mu_N=0.00 mu_Z=1.00 mu_P=0.00 | da=0.00°
10:24:09.505 | DEBUG    | FUZZY | pos=(106,10) | angle=0.0° | G=1 D=1 delta=0 | mu_N=0.00 mu_Z=1.00 mu_P=0.00 | da=0.00°
10:24:09.522 | DEBUG    | FUZZY | pos=(109,10) | angle=0.0° | G=1 D=1 delta=0 | mu_N=0.00 mu_Z=1.00 mu_P=0.00 | da=0.00°
10:24:09.538 | DEBUG    | FUZZY | pos=(112,10) | angle=0.0° | G=1 D=1 delta=0 | mu_N=0.00 mu_Z=1.00 mu_P=0.00 | da=0.00°
10:24:09.555 | DEBUG    | FUZZY | pos=(115,10) | angle=0.0° | G=1 D=1 delta=0 | mu_N=0.00 mu_Z=1.00 mu_P=0.00 | da=0.00°
10:24:09.572 | DEBUG    | FUZZY | pos=(118,10) | angle=0.0° | G=1 D=1 delta=0 | mu_N=0.00 mu_Z=1.00 mu_P=0.00 | da=0.00°
10:24:09.589 | DEBUG    | FUZZY | pos=(121,10) | angle=0.0° | G=1 D=1 delta=0 | mu_N=0.00 mu_Z=1.00 mu_P=0.00 | da=0.00°
10:24:09.605 | DEBUG    | FUZZY | pos=(124,10) | angle=0.0° | G=1 D=1 delta=0 | mu_N=0.00 mu_Z=1.00 mu_P=0.00 | da=0.00°
10:24:09.622 | DEBUG    | FUZZY | pos=(127,10) | angle=0.0° | G=1 D=1 delta=0 | mu_N=0.00 mu_Z=1.00 mu_P=0.00 | da=0.00°
10:24:09.639 | DEBUG    | FUZZY | pos=(130,10) | angle=0.0° | G=1 D=1 delta=0 | mu_N=0.00 mu_Z=1.00 mu_P=0.00 | da=0.00°
10:24:09.656 | DEBUG    | FUZZY | pos=(133,10) | angle=0.0° | G=1 D=1 delta=0 | mu_N=0.00 mu_Z=1.00 mu_P=0.00 | da=0.00°
10:24:09.673 | DEBUG    | FUZZY | pos=(136,10) | angle=0.0° | G=1 D=1 delta=0 | mu_N=0.00 mu_Z=1.00 mu_P=0.00 | da=0.00°
10:24:09.690 | DEBUG    | FUZZY | pos=(139,10) | angle=0.0° | G=1 D=1 delta=0 | mu_N=0.00 mu_Z=1.00 mu_P=0.00 | da=0.00°
10:24:09.705 | DEBUG    | FUZZY | pos=(142,10) | angle=0.0° | G=1 D=1 delta=0 | mu_N=0.00 mu_Z=1.00 mu_P=0.00 | da=0.00°
10:24:09.722 | DEBUG    | FUZZY | pos=(145,10) | angle=0.0° | G=1 D=1 delta=0 | mu_N=0.00 mu_Z=1.00 mu_P=0.00 | da=0.00°
10:24:09.738 | DEBUG    | FUZZY | pos=(148,10) | angle=0.0° | G=1 D=1 delta=0 | mu_N=0.00 mu_Z=1.00 mu_P=0.00 | da=0.00°
10:24:09.755 | DEBUG    | FUZZY | pos=(151,10) | angle=0.0° | G=1 D=1 delta=0 | mu_N=0.00 mu_Z=1.00 mu_P=0.00 | da=0.00°
10:24:09.772 | DEBUG    | FUZZY | pos=(154,10) | angle=0.0° | G=1 D=1 delta=0 | mu_N=0.00 mu_Z=1.00 mu_P=0.00 | da=0.00°
10:24:09.788 | DEBUG    | FUZZY | pos=(157,10) | angle=0.0° | G=1 D=1 delta=0 | mu_N=0.00 mu_Z=1.00 mu_P=0.00 | da=0.00°
10:24:09.805 | DEBUG    | FUZZY | pos=(160,10) | angle=0.0° | G=1 D=1 delta=0 | mu_N=0.00 mu_Z=1.00 mu_P=0.00 | da=0.00°
10:24:09.820 | DEBUG    | FUZZY | pos=(163,10) | angle=0.0° | G=1 D=1 delta=0 | mu_N=0.00 mu_Z=1.00 mu_P=0.00 | da=0.00°
10:24:09.836 | DEBUG    | FUZZY | pos=(166,10) | angle=0.0° | G=1 D=1 delta=0 | mu_N=0.00 mu_Z=1.00 mu_P=0.00 | da=0.00°
10:24:09.852 | DEBUG    | FUZZY | pos=(169,10) | angle=0.0° | G=1 D=1 delta=0 | mu_N=0.00 mu_Z=1.00 mu_P=0.00 | da=0.00°
10:24:09.869 | DEBUG    | FUZZY | pos=(172,10) | angle=0.0° | G=1 D=1 delta=0 | mu_N=0.00 mu_Z=1.00 mu_P=0.00 | da=0.00°
10:24:09.887 | DEBUG    | FUZZY | pos=(175,10) | angle=0.0° | G=1 D=1 delta=0 | mu_N=0.00 mu_Z=1.00 mu_P=0.00 | da=0.00°
10:24:09.903 | DEBUG    | FUZZY | pos=(178,10) | angle=0.0° | G=1 D=1 delta=0 | mu_N=0.00 mu_Z=1.00 mu_P=0.00 | da=0.00°
10:24:09.919 | DEBUG    | FUZZY | pos=(181,10) | angle=0.0° | G=1 D=1 delta=0 | mu_N=0.00 mu_Z=1.00 mu_P=0.00 | da=0.00°
10:24:09.935 | DEBUG    | FUZZY | pos=(184,10) | angle=0.0° | G=1 D=1 delta=0 | mu_N=0.00 mu_Z=1.00 mu_P=0.00 | da=0.00°
10:24:09.952 | DEBUG    | FUZZY | pos=(187,10) | angle=0.0° | G=1 D=1 delta=0 | mu_N=0.00 mu_Z=1.00 mu_P=0.00 | da=0.00°
10:24:09.969 | DEBUG    | FUZZY | pos=(190,10) | angle=0.0° | G=1 D=1 delta=0 | mu_N=0.00 mu_Z=1.00 mu_P=0.00 | da=0.00°
10:24:09.985 | DEBUG    | FUZZY | pos=(193,10) | angle=0.0° | G=1 D=255 delta=254 | mu_N=0.00 mu_Z=0.00 mu_P=1.00 | da=12.00°
10:24:10.013 | DEBUG    | FUZZY | pos=(196,10) | angle=12.0° | G=3 D=7 delta=4 | mu_N=0.00 mu_Z=0.87 mu_P=0.02 | da=2.61°
10:24:10.024 | DEBUG    | FUZZY | pos=(199,11) | angle=14.6° | G=1 D=15 delta=14 | mu_N=0.00 mu_Z=0.53 mu_P=0.05 | da=1.64°
10:24:10.038 | DEBUG    | FUZZY | pos=(202,11) | angle=16.3° | G=1 D=31 delta=30 | mu_N=0.00 mu_Z=0.00 mu_P=0.12 | da=12.33°
10:24:10.053 | DEBUG    | FUZZY | pos=(205,12) | angle=28.6° | G=3 D=7 delta=4 | mu_N=0.00 mu_Z=0.87 mu_P=0.02 | da=2.68°
10:24:10.078 | DEBUG    | FUZZY | pos=(207,14) | angle=31.3° | G=3 D=15 delta=12 | mu_N=0.00 mu_Z=0.60 mu_P=0.05 | da=1.41°
10:24:10.090 | DEBUG    | FUZZY | pos=(210,15) | angle=32.7° | G=1 D=15 delta=14 | mu_N=0.00 mu_Z=0.53 mu_P=0.05 | da=1.40°
10:24:10.105 | DEBUG    | FUZZY | pos=(212,17) | angle=34.1° | G=0 D=15 delta=15 | mu_N=0.00 mu_Z=0.50 mu_P=0.06 | da=1.54°
10:24:10.122 | DEBUG    | FUZZY | pos=(215,19) | angle=35.6° | G=0 D=31 delta=31 | mu_N=0.00 mu_Z=0.00 mu_P=0.12 | da=12.31°
10:24:10.138 | DEBUG    | FUZZY | pos=(217,20) | angle=47.9° | G=0 D=15 delta=15 | mu_N=0.00 mu_Z=0.50 mu_P=0.06 | da=3.72°
10:24:10.155 | DEBUG    | FUZZY | pos=(219,22) | angle=51.7° | G=0 D=15 delta=15 | mu_N=0.00 mu_Z=0.50 mu_P=0.06 | da=2.01°
10:24:10.171 | DEBUG    | FUZZY | pos=(221,25) | angle=53.7° | G=0 D=15 delta=15 | mu_N=0.00 mu_Z=0.50 mu_P=0.06 | da=1.66°
10:24:10.187 | DEBUG    | FUZZY | pos=(223,27) | angle=55.3° | G=0 D=15 delta=15 | mu_N=0.00 mu_Z=0.50 mu_P=0.06 | da=1.60°
10:24:10.203 | DEBUG    | FUZZY | pos=(225,30) | angle=56.9° | G=0 D=14 delta=14 | mu_N=0.00 mu_Z=0.53 mu_P=0.05 | da=1.44°
10:24:10.221 | DEBUG    | FUZZY | pos=(226,32) | angle=58.4° | G=0 D=14 delta=14 | mu_N=0.00 mu_Z=0.53 mu_P=0.05 | da=1.41°
10:24:10.237 | DEBUG    | FUZZY | pos=(228,35) | angle=59.8° | G=0 D=14 delta=14 | mu_N=0.00 mu_Z=0.53 mu_P=0.05 | da=1.40°
10:24:10.254 | DEBUG    | FUZZY | pos=(229,37) | angle=61.2° | G=0 D=14 delta=14 | mu_N=0.00 mu_Z=0.53 mu_P=0.05 | da=1.40°
10:24:10.271 | DEBUG    | FUZZY | pos=(231,40) | angle=62.6° | G=0 D=14 delta=14 | mu_N=0.00 mu_Z=0.53 mu_P=0.05 | da=1.40°
10:24:10.287 | DEBUG    | FUZZY | pos=(232,43) | angle=64.0° | G=0 D=14 delta=14 | mu_N=0.00 mu_Z=0.53 mu_P=0.05 | da=1.40°
10:24:10.304 | DEBUG    | FUZZY | pos=(234,45) | angle=65.4° | G=0 D=28 delta=28 | mu_N=0.00 mu_Z=0.07 mu_P=0.11 | da=7.75°
10:24:10.320 | DEBUG    | FUZZY | pos=(235,48) | angle=73.1° | G=0 D=14 delta=14 | mu_N=0.00 mu_Z=0.53 mu_P=0.05 | da=2.67°
10:24:10.348 | DEBUG    | FUZZY | pos=(236,51) | angle=75.8° | G=0 D=14 delta=14 | mu_N=0.00 mu_Z=0.53 mu_P=0.05 | da=1.65°
10:24:10.359 | DEBUG    | FUZZY | pos=(236,54) | angle=77.4° | G=0 D=14 delta=14 | mu_N=0.00 mu_Z=0.53 mu_P=0.05 | da=1.45°
10:24:10.373 | DEBUG    | FUZZY | pos=(237,57) | angle=78.9° | G=0 D=14 delta=14 | mu_N=0.00 mu_Z=0.53 mu_P=0.05 | da=1.41°
10:24:10.388 | DEBUG    | FUZZY | pos=(238,60) | angle=80.3° | G=0 D=14 delta=14 | mu_N=0.00 mu_Z=0.53 mu_P=0.05 | da=1.40°
10:24:10.405 | DEBUG    | FUZZY | pos=(238,63) | angle=81.7° | G=0 D=14 delta=14 | mu_N=0.00 mu_Z=0.53 mu_P=0.05 | da=1.40°
10:24:10.434 | DEBUG    | FUZZY | pos=(239,66) | angle=83.1° | G=0 D=14 delta=14 | mu_N=0.00 mu_Z=0.53 mu_P=0.05 | da=1.40°
10:24:10.443 | DEBUG    | FUZZY | pos=(239,69) | angle=84.5° | G=0 D=14 delta=14 | mu_N=0.00 mu_Z=0.53 mu_P=0.05 | da=1.40°
10:24:10.457 | DEBUG    | FUZZY | pos=(239,72) | angle=85.9° | G=0 D=14 delta=14 | mu_N=0.00 mu_Z=0.53 mu_P=0.05 | da=1.40°
10:24:10.473 | DEBUG    | FUZZY | pos=(239,75) | angle=87.3° | G=0 D=14 delta=14 | mu_N=0.00 mu_Z=0.53 mu_P=0.05 | da=1.40°
10:24:10.491 | DEBUG    | FUZZY | pos=(240,78) | angle=88.7° | G=0 D=14 delta=14 | mu_N=0.00 mu_Z=0.53 mu_P=0.05 | da=1.40°
10:24:10.509 | DEBUG    | FUZZY | pos=(240,81) | angle=90.1° | G=0 D=6 delta=6 | mu_N=0.00 mu_Z=0.80 mu_P=0.02 | da=0.62°
10:24:10.525 | DEBUG    | FUZZY | pos=(240,84) | angle=90.7° | G=0 D=6 delta=6 | mu_N=0.00 mu_Z=0.80 mu_P=0.02 | da=0.47°
10:24:10.540 | DEBUG    | FUZZY | pos=(240,87) | angle=91.2° | G=0 D=6 delta=6 | mu_N=0.00 mu_Z=0.80 mu_P=0.02 | da=0.44°
10:24:10.568 | DEBUG    | FUZZY | pos=(240,90) | angle=91.6° | G=0 D=6 delta=6 | mu_N=0.00 mu_Z=0.80 mu_P=0.02 | da=0.43°
10:24:10.580 | DEBUG    | FUZZY | pos=(239,93) | angle=92.1° | G=0 D=6 delta=6 | mu_N=0.00 mu_Z=0.80 mu_P=0.02 | da=0.43°
10:24:10.593 | DEBUG    | FUZZY | pos=(239,96) | angle=92.5° | G=0 D=6 delta=6 | mu_N=0.00 mu_Z=0.80 mu_P=0.02 | da=0.43°
10:24:10.613 | DEBUG    | FUZZY | pos=(239,99) | angle=92.9° | G=0 D=6 delta=6 | mu_N=0.00 mu_Z=0.80 mu_P=0.02 | da=0.43°
10:24:10.627 | DEBUG    | FUZZY | pos=(239,102) | angle=93.3° | G=0 D=7 delta=7 | mu_N=0.00 mu_Z=0.77 mu_P=0.03 | da=0.50°
10:24:10.643 | DEBUG    | FUZZY | pos=(239,105) | angle=93.8° | G=0 D=7 delta=7 | mu_N=0.00 mu_Z=0.77 mu_P=0.03 | da=0.51°
10:24:10.659 | DEBUG    | FUZZY | pos=(239,108) | angle=94.4° | G=0 D=7 delta=7 | mu_N=0.00 mu_Z=0.77 mu_P=0.03 | da=0.52°
10:24:10.675 | DEBUG    | FUZZY | pos=(239,111) | angle=94.9° | G=0 D=7 delta=7 | mu_N=0.00 mu_Z=0.77 mu_P=0.03 | da=0.52°
10:24:10.691 | DEBUG    | FUZZY | pos=(238,114) | angle=95.4° | G=0 D=7 delta=7 | mu_N=0.00 mu_Z=0.77 mu_P=0.03 | da=0.52°
10:24:10.707 | DEBUG    | FUZZY | pos=(238,117) | angle=95.9° | G=0 D=7 delta=7 | mu_N=0.00 mu_Z=0.77 mu_P=0.03 | da=0.52°
10:24:10.725 | DEBUG    | FUZZY | pos=(238,120) | angle=96.4° | G=0 D=7 delta=7 | mu_N=0.00 mu_Z=0.77 mu_P=0.03 | da=0.52°
10:24:10.741 | DEBUG    | FUZZY | pos=(237,123) | angle=97.0° | G=0 D=7 delta=7 | mu_N=0.00 mu_Z=0.77 mu_P=0.03 | da=0.52°
10:24:10.759 | DEBUG    | FUZZY | pos=(237,126) | angle=97.5° | G=0 D=7 delta=7 | mu_N=0.00 mu_Z=0.77 mu_P=0.03 | da=0.52°
10:24:10.776 | DEBUG    | FUZZY | pos=(237,128) | angle=98.0° | G=0 D=7 delta=7 | mu_N=0.00 mu_Z=0.77 mu_P=0.03 | da=0.52°
10:24:10.791 | DEBUG    | FUZZY | pos=(236,131) | angle=98.5° | G=0 D=3 delta=3 | mu_N=0.00 mu_Z=0.90 mu_P=0.01 | da=0.26°
10:24:10.807 | DEBUG    | FUZZY | pos=(236,134) | angle=98.8° | G=0 D=3 delta=3 | mu_N=0.00 mu_Z=0.90 mu_P=0.01 | da=0.21°
10:24:10.823 | DEBUG    | FUZZY | pos=(235,137) | angle=99.0° | G=0 D=3 delta=3 | mu_N=0.00 mu_Z=0.90 mu_P=0.01 | da=0.20°
10:24:10.840 | DEBUG    | FUZZY | pos=(235,140) | angle=99.2° | G=1 D=3 delta=2 | mu_N=0.00 mu_Z=0.93 mu_P=0.01 | da=0.14°
10:24:10.867 | DEBUG    | FUZZY | pos=(234,143) | angle=99.3° | G=1 D=3 delta=2 | mu_N=0.00 mu_Z=0.93 mu_P=0.01 | da=0.13°
10:24:10.879 | DEBUG    | FUZZY | pos=(234,146) | angle=99.4° | G=1 D=3 delta=2 | mu_N=0.00 mu_Z=0.93 mu_P=0.01 | da=0.13°
10:24:10.891 | DEBUG    | FUZZY | pos=(233,149) | angle=99.6° | G=1 D=3 delta=2 | mu_N=0.00 mu_Z=0.93 mu_P=0.01 | da=0.13°
10:24:10.907 | DEBUG    | FUZZY | pos=(233,152) | angle=99.7° | G=1 D=3 delta=2 | mu_N=0.00 mu_Z=0.93 mu_P=0.01 | da=0.13°
10:24:10.929 | DEBUG    | FUZZY | pos=(232,155) | angle=99.8° | G=1 D=3 delta=2 | mu_N=0.00 mu_Z=0.93 mu_P=0.01 | da=0.13°
10:24:10.941 | DEBUG    | FUZZY | pos=(232,158) | angle=99.9° | G=1 D=3 delta=2 | mu_N=0.00 mu_Z=0.93 mu_P=0.01 | da=0.13°
10:24:10.956 | DEBUG    | FUZZY | pos=(231,161) | angle=100.1° | G=1 D=3 delta=2 | mu_N=0.00 mu_Z=0.93 mu_P=0.01 | da=0.13°
10:24:10.972 | DEBUG    | FUZZY | pos=(231,164) | angle=100.2° | G=1 D=3 delta=2 | mu_N=0.00 mu_Z=0.93 mu_P=0.01 | da=0.13°
10:24:10.988 | DEBUG    | FUZZY | pos=(230,167) | angle=100.3° | G=1 D=1 delta=0 | mu_N=0.00 mu_Z=1.00 mu_P=0.00 | da=0.03°
10:24:11.008 | DEBUG    | FUZZY | pos=(230,170) | angle=100.3° | G=1 D=1 delta=0 | mu_N=0.00 mu_Z=1.00 mu_P=0.00 | da=0.01°
10:24:11.021 | DEBUG    | FUZZY | pos=(229,173) | angle=100.3° | G=1 D=1 delta=0 | mu_N=0.00 mu_Z=1.00 mu_P=0.00 | da=0.00°
10:24:11.038 | DEBUG    | FUZZY | pos=(229,176) | angle=100.3° | G=3 D=1 delta=-2 | mu_N=0.01 mu_Z=0.93 mu_P=0.00 | da=-0.10°
10:24:11.055 | DEBUG    | FUZZY | pos=(228,179) | angle=100.2° | G=3 D=1 delta=-2 | mu_N=0.01 mu_Z=0.93 mu_P=0.00 | da=-0.12°
10:24:11.073 | DEBUG    | FUZZY | pos=(228,182) | angle=100.1° | G=3 D=1 delta=-2 | mu_N=0.01 mu_Z=0.93 mu_P=0.00 | da=-0.12°
10:24:11.090 | DEBUG    | FUZZY | pos=(227,185) | angle=100.0° | G=3 D=1 delta=-2 | mu_N=0.01 mu_Z=0.93 mu_P=0.00 | da=-0.12°
10:24:11.105 | DEBUG    | FUZZY | pos=(227,188) | angle=99.9° | G=3 D=1 delta=-2 | mu_N=0.01 mu_Z=0.93 mu_P=0.00 | da=-0.12°
10:24:11.121 | DEBUG    | FUZZY | pos=(226,191) | angle=99.7° | G=3 D=1 delta=-2 | mu_N=0.01 mu_Z=0.93 mu_P=0.00 | da=-0.12°
10:24:11.149 | DEBUG    | FUZZY | pos=(225,194) | angle=99.6° | G=3 D=1 delta=-2 | mu_N=0.01 mu_Z=0.93 mu_P=0.00 | da=-0.12°
10:24:11.159 | DEBUG    | FUZZY | pos=(225,197) | angle=99.5° | G=3 D=1 delta=-2 | mu_N=0.01 mu_Z=0.93 mu_P=0.00 | da=-0.12°
10:24:11.177 | DEBUG    | FUZZY | pos=(224,199) | angle=99.4° | G=3 D=1 delta=-2 | mu_N=0.01 mu_Z=0.93 mu_P=0.00 | da=-0.12°
10:24:11.189 | DEBUG    | FUZZY | pos=(224,202) | angle=99.2° | G=3 D=1 delta=-2 | mu_N=0.01 mu_Z=0.93 mu_P=0.00 | da=-0.12°
10:24:11.209 | DEBUG    | FUZZY | pos=(224,205) | angle=99.1° | G=3 D=0 delta=-3 | mu_N=0.01 mu_Z=0.90 mu_P=0.00 | da=-0.18°
10:24:11.221 | DEBUG    | FUZZY | pos=(223,208) | angle=98.9° | G=3 D=0 delta=-3 | mu_N=0.01 mu_Z=0.90 mu_P=0.00 | da=-0.19°
10:24:11.237 | DEBUG    | FUZZY | pos=(223,211) | angle=98.8° | G=3 D=0 delta=-3 | mu_N=0.01 mu_Z=0.90 mu_P=0.00 | da=-0.19°
10:24:11.252 | DEBUG    | FUZZY | pos=(222,214) | angle=98.6° | G=3 D=0 delta=-3 | mu_N=0.01 mu_Z=0.90 mu_P=0.00 | da=-0.19°
10:24:11.280 | DEBUG    | FUZZY | pos=(222,217) | angle=98.4° | G=3 D=0 delta=-3 | mu_N=0.01 mu_Z=0.90 mu_P=0.00 | da=-0.19°
10:24:11.290 | DEBUG    | FUZZY | pos=(221,220) | angle=98.2° | G=135 D=0 delta=-135 | mu_N=0.53 mu_Z=0.00 mu_P=0.00 | da=-12.04°
10:24:11.310 | DEBUG    | FUZZY | pos=(221,223) | angle=86.1° | G=3 D=1 delta=-2 | mu_N=0.01 mu_Z=0.93 mu_P=0.00 | da=-2.51°
10:24:11.325 | DEBUG    | FUZZY | pos=(221,226) | angle=83.6° | G=3 D=1 delta=-2 | mu_N=0.01 mu_Z=0.93 mu_P=0.00 | da=-0.60°
10:24:11.336 | DEBUG    | FUZZY | pos=(221,229) | angle=83.0° | G=7 D=1 delta=-6 | mu_N=0.02 mu_Z=0.80 mu_P=0.00 | da=-0.46°
10:24:11.356 | DEBUG    | FUZZY | pos=(222,232) | angle=82.6° | G=63 D=1 delta=-62 | mu_N=0.24 mu_Z=0.00 mu_P=0.00 | da=-12.09°
10:24:11.375 | DEBUG    | FUZZY | pos=(222,235) | angle=70.5° | G=7 D=1 delta=-6 | mu_N=0.02 mu_Z=0.80 mu_P=0.00 | da=-2.76°
10:24:11.388 | DEBUG    | FUZZY | pos=(223,238) | angle=67.7° | G=15 D=1 delta=-14 | mu_N=0.05 mu_Z=0.53 mu_P=0.00 | da=-1.67°
10:24:11.402 | DEBUG    | FUZZY | pos=(224,241) | angle=66.0° | G=15 D=3 delta=-12 | mu_N=0.05 mu_Z=0.60 mu_P=0.00 | da=-1.21°
10:24:11.419 | DEBUG    | FUZZY | pos=(225,243) | angle=64.8° | G=31 D=1 delta=-30 | mu_N=0.12 mu_Z=0.00 mu_P=0.00 | da=-12.24°
10:24:11.444 | DEBUG    | FUZZY | pos=(227,246) | angle=52.6° | G=15 D=1 delta=-14 | mu_N=0.05 mu_Z=0.53 mu_P=0.00 | da=-3.57°
10:24:11.455 | DEBUG    | FUZZY | pos=(229,249) | angle=49.0° | G=15 D=0 delta=-15 | mu_N=0.06 mu_Z=0.50 mu_P=0.00 | da=-1.98°
10:24:11.469 | DEBUG    | FUZZY | pos=(231,251) | angle=47.0° | G=15 D=0 delta=-15 | mu_N=0.06 mu_Z=0.50 mu_P=0.00 | da=-1.66°
10:24:11.489 | DEBUG    | FUZZY | pos=(233,253) | angle=45.4° | G=15 D=0 delta=-15 | mu_N=0.06 mu_Z=0.50 mu_P=0.00 | da=-1.59°
10:24:11.502 | DEBUG    | FUZZY | pos=(235,255) | angle=43.8° | G=14 D=0 delta=-14 | mu_N=0.05 mu_Z=0.53 mu_P=0.00 | da=-1.44°
10:24:11.527 | DEBUG    | FUZZY | pos=(237,257) | angle=42.4° | G=30 D=0 delta=-30 | mu_N=0.12 mu_Z=0.00 mu_P=0.00 | da=-12.29°
10:24:11.536 | DEBUG    | FUZZY | pos=(239,259) | angle=30.1° | G=15 D=0 delta=-15 | mu_N=0.06 mu_Z=0.50 mu_P=0.00 | da=-3.72°
10:24:11.555 | DEBUG    | FUZZY | pos=(242,261) | angle=26.3° | G=7 D=0 delta=-7 | mu_N=0.03 mu_Z=0.77 mu_P=0.00 | da=-1.16°
10:24:11.567 | DEBUG    | FUZZY | pos=(244,262) | angle=25.2° | G=14 D=0 delta=-14 | mu_N=0.05 mu_Z=0.53 mu_P=0.00 | da=-1.35°
10:24:11.586 | DEBUG    | FUZZY | pos=(247,263) | angle=23.8° | G=14 D=0 delta=-14 | mu_N=0.05 mu_Z=0.53 mu_P=0.00 | da=-1.39°
10:24:11.604 | DEBUG    | FUZZY | pos=(250,265) | angle=22.4° | G=14 D=0 delta=-14 | mu_N=0.05 mu_Z=0.53 mu_P=0.00 | da=-1.40°
10:24:11.618 | DEBUG    | FUZZY | pos=(253,266) | angle=21.0° | G=14 D=0 delta=-14 | mu_N=0.05 mu_Z=0.53 mu_P=0.00 | da=-1.40°
10:24:11.639 | DEBUG    | FUZZY | pos=(255,267) | angle=19.6° | G=14 D=0 delta=-14 | mu_N=0.05 mu_Z=0.53 mu_P=0.00 | da=-1.40°
10:24:11.653 | DEBUG    | FUZZY | pos=(258,268) | angle=18.2° | G=14 D=0 delta=-14 | mu_N=0.05 mu_Z=0.53 mu_P=0.00 | da=-1.40°
10:24:11.668 | DEBUG    | FUZZY | pos=(261,269) | angle=16.8° | G=14 D=0 delta=-14 | mu_N=0.05 mu_Z=0.53 mu_P=0.00 | da=-1.40°
10:24:11.695 | DEBUG    | FUZZY | pos=(264,270) | angle=15.4° | G=14 D=0 delta=-14 | mu_N=0.05 mu_Z=0.53 mu_P=0.00 | da=-1.40°
10:24:11.705 | DEBUG    | FUZZY | pos=(267,270) | angle=14.0° | G=14 D=0 delta=-14 | mu_N=0.05 mu_Z=0.53 mu_P=0.00 | da=-1.40°
10:24:11.718 | DEBUG    | FUZZY | pos=(270,271) | angle=12.6° | G=14 D=0 delta=-14 | mu_N=0.05 mu_Z=0.53 mu_P=0.00 | da=-1.40°
10:24:11.738 | DEBUG    | FUZZY | pos=(273,272) | angle=11.2° | G=14 D=0 delta=-14 | mu_N=0.05 mu_Z=0.53 mu_P=0.00 | da=-1.40°
10:24:11.756 | DEBUG    | FUZZY | pos=(276,272) | angle=9.8° | G=14 D=0 delta=-14 | mu_N=0.05 mu_Z=0.53 mu_P=0.00 | da=-1.40°
10:24:11.768 | DEBUG    | FUZZY | pos=(279,273) | angle=8.4° | G=14 D=0 delta=-14 | mu_N=0.05 mu_Z=0.53 mu_P=0.00 | da=-1.40°
10:24:11.789 | DEBUG    | FUZZY | pos=(282,273) | angle=7.0° | G=14 D=0 delta=-14 | mu_N=0.05 mu_Z=0.53 mu_P=0.00 | da=-1.40°
10:24:11.805 | DEBUG    | FUZZY | pos=(284,274) | angle=5.6° | G=14 D=0 delta=-14 | mu_N=0.05 mu_Z=0.53 mu_P=0.00 | da=-1.40°
10:24:11.816 | DEBUG    | FUZZY | pos=(287,274) | angle=4.2° | G=14 D=0 delta=-14 | mu_N=0.05 mu_Z=0.53 mu_P=0.00 | da=-1.40°
10:24:11.839 | DEBUG    | FUZZY | pos=(290,274) | angle=2.8° | G=14 D=0 delta=-14 | mu_N=0.05 mu_Z=0.53 mu_P=0.00 | da=-1.40°
10:24:11.851 | DEBUG    | FUZZY | pos=(293,274) | angle=1.4° | G=14 D=0 delta=-14 | mu_N=0.05 mu_Z=0.53 mu_P=0.00 | da=-1.40°
10:24:11.865 | DEBUG    | FUZZY | pos=(296,274) | angle=0.0° | G=6 D=0 delta=-6 | mu_N=0.02 mu_Z=0.80 mu_P=0.00 | da=-0.62°
10:24:11.881 | DEBUG    | FUZZY | pos=(299,274) | angle=-0.6° | G=6 D=0 delta=-6 | mu_N=0.02 mu_Z=0.80 mu_P=0.00 | da=-0.47°
10:24:11.909 | DEBUG    | FUZZY | pos=(302,274) | angle=-1.0° | G=6 D=0 delta=-6 | mu_N=0.02 mu_Z=0.80 mu_P=0.00 | da=-0.44°
10:24:11.920 | DEBUG    | FUZZY | pos=(305,274) | angle=-1.5° | G=6 D=0 delta=-6 | mu_N=0.02 mu_Z=0.80 mu_P=0.00 | da=-0.43°
10:24:11.938 | DEBUG    | FUZZY | pos=(308,274) | angle=-1.9° | G=6 D=0 delta=-6 | mu_N=0.02 mu_Z=0.80 mu_P=0.00 | da=-0.43°
10:24:11.951 | DEBUG    | FUZZY | pos=(311,274) | angle=-2.3° | G=6 D=0 delta=-6 | mu_N=0.02 mu_Z=0.80 mu_P=0.00 | da=-0.43°
10:24:11.965 | DEBUG    | FUZZY | pos=(314,274) | angle=-2.8° | G=6 D=0 delta=-6 | mu_N=0.02 mu_Z=0.80 mu_P=0.00 | da=-0.43°
10:24:11.988 | DEBUG    | FUZZY | pos=(317,274) | angle=-3.2° | G=7 D=0 delta=-7 | mu_N=0.03 mu_Z=0.77 mu_P=0.00 | da=-0.50°
10:24:12.005 | DEBUG    | FUZZY | pos=(320,274) | angle=-3.7° | G=7 D=0 delta=-7 | mu_N=0.03 mu_Z=0.77 mu_P=0.00 | da=-0.51°
10:24:12.015 | DEBUG    | FUZZY | pos=(323,274) | angle=-4.2° | G=7 D=0 delta=-7 | mu_N=0.03 mu_Z=0.77 mu_P=0.00 | da=-0.52°
10:24:12.035 | DEBUG    | FUZZY | pos=(326,273) | angle=-4.7° | G=7 D=0 delta=-7 | mu_N=0.03 mu_Z=0.77 mu_P=0.00 | da=-0.52°
10:24:12.048 | DEBUG    | FUZZY | pos=(329,273) | angle=-5.3° | G=7 D=0 delta=-7 | mu_N=0.03 mu_Z=0.77 mu_P=0.00 | da=-0.52°
10:24:12.063 | DEBUG    | FUZZY | pos=(332,273) | angle=-5.8° | G=7 D=0 delta=-7 | mu_N=0.03 mu_Z=0.77 mu_P=0.00 | da=-0.52°
10:24:12.079 | DEBUG    | FUZZY | pos=(335,273) | angle=-6.3° | G=7 D=0 delta=-7 | mu_N=0.03 mu_Z=0.77 mu_P=0.00 | da=-0.52°
10:24:12.107 | DEBUG    | FUZZY | pos=(338,272) | angle=-6.8° | G=7 D=0 delta=-7 | mu_N=0.03 mu_Z=0.77 mu_P=0.00 | da=-0.52°
10:24:12.119 | DEBUG    | FUZZY | pos=(341,272) | angle=-7.3° | G=7 D=0 delta=-7 | mu_N=0.03 mu_Z=0.77 mu_P=0.00 | da=-0.52°
10:24:12.133 | DEBUG    | FUZZY | pos=(344,271) | angle=-7.8° | G=7 D=0 delta=-7 | mu_N=0.03 mu_Z=0.77 mu_P=0.00 | da=-0.52°
10:24:12.152 | DEBUG    | FUZZY | pos=(347,271) | angle=-8.4° | G=3 D=0 delta=-3 | mu_N=0.01 mu_Z=0.90 mu_P=0.00 | da=-0.26°
10:24:12.165 | DEBUG    | FUZZY | pos=(350,271) | angle=-8.6° | G=3 D=0 delta=-3 | mu_N=0.01 mu_Z=0.90 mu_P=0.00 | da=-0.21°
10:24:12.181 | DEBUG    | FUZZY | pos=(353,270) | angle=-8.8° | G=3 D=0 delta=-3 | mu_N=0.01 mu_Z=0.90 mu_P=0.00 | da=-0.20°
10:24:12.196 | DEBUG    | FUZZY | pos=(356,270) | angle=-9.0° | G=3 D=1 delta=-2 | mu_N=0.01 mu_Z=0.93 mu_P=0.00 | da=-0.14°
10:24:12.213 | DEBUG    | FUZZY | pos=(359,269) | angle=-9.2° | G=3 D=1 delta=-2 | mu_N=0.01 mu_Z=0.93 mu_P=0.00 | da=-0.13°
10:24:12.229 | DEBUG    | FUZZY | pos=(362,269) | angle=-9.3° | G=3 D=1 delta=-2 | mu_N=0.01 mu_Z=0.93 mu_P=0.00 | da=-0.13°
10:24:12.247 | DEBUG    | FUZZY | pos=(365,268) | angle=-9.4° | G=3 D=1 delta=-2 | mu_N=0.01 mu_Z=0.93 mu_P=0.00 | da=-0.13°
10:24:12.262 | DEBUG    | FUZZY | pos=(368,268) | angle=-9.5° | G=3 D=1 delta=-2 | mu_N=0.01 mu_Z=0.93 mu_P=0.00 | da=-0.13°
10:24:12.280 | DEBUG    | FUZZY | pos=(371,267) | angle=-9.7° | G=3 D=1 delta=-2 | mu_N=0.01 mu_Z=0.93 mu_P=0.00 | da=-0.13°
10:24:12.295 | DEBUG    | FUZZY | pos=(374,267) | angle=-9.8° | G=3 D=1 delta=-2 | mu_N=0.01 mu_Z=0.93 mu_P=0.00 | da=-0.13°
10:24:12.312 | DEBUG    | FUZZY | pos=(377,266) | angle=-9.9° | G=3 D=1 delta=-2 | mu_N=0.01 mu_Z=0.93 mu_P=0.00 | da=-0.13°
10:24:12.328 | DEBUG    | FUZZY | pos=(380,266) | angle=-10.0° | G=3 D=1 delta=-2 | mu_N=0.01 mu_Z=0.93 mu_P=0.00 | da=-0.13°
10:24:12.344 | DEBUG    | FUZZY | pos=(383,265) | angle=-10.2° | G=1 D=1 delta=0 | mu_N=0.00 mu_Z=1.00 mu_P=0.00 | da=-0.03°
10:24:12.360 | DEBUG    | FUZZY | pos=(386,265) | angle=-10.2° | G=1 D=225 delta=224 | mu_N=0.00 mu_Z=0.00 mu_P=0.88 | da=11.99°
10:24:12.385 | DEBUG    | FUZZY | pos=(389,264) | angle=1.8° | G=3 D=1 delta=-2 | mu_N=0.01 mu_Z=0.93 mu_P=0.00 | da=2.30°
10:24:12.396 | DEBUG    | FUZZY | pos=(392,264) | angle=4.1° | G=3 D=1 delta=-2 | mu_N=0.01 mu_Z=0.93 mu_P=0.00 | da=0.36°
10:24:12.410 | DEBUG    | FUZZY | pos=(395,264) | angle=4.5° | G=3 D=63 delta=60 | mu_N=0.00 mu_Z=0.00 mu_P=0.24 | da=12.07°
10:24:12.431 | DEBUG    | FUZZY | pos=(398,265) | angle=16.5° | G=3 D=7 delta=4 | mu_N=0.00 mu_Z=0.87 mu_P=0.02 | da=2.63°
10:24:12.443 | DEBUG    | FUZZY | pos=(401,266) | angle=19.2° | G=3 D=15 delta=12 | mu_N=0.00 mu_Z=0.60 mu_P=0.05 | da=1.40°
10:24:12.464 | DEBUG    | FUZZY | pos=(403,267) | angle=20.6° | G=7 D=15 delta=8 | mu_N=0.00 mu_Z=0.73 mu_P=0.03 | da=0.77°
10:24:12.481 | DEBUG    | FUZZY | pos=(406,268) | angle=21.3° | G=3 D=31 delta=28 | mu_N=0.00 mu_Z=0.07 mu_P=0.11 | da=7.62°
10:24:12.493 | DEBUG    | FUZZY | pos=(409,269) | angle=29.0° | G=1 D=15 delta=14 | mu_N=0.00 mu_Z=0.53 mu_P=0.05 | da=2.64°
10:24:12.507 | DEBUG    | FUZZY | pos=(412,270) | angle=31.6° | G=0 D=31 delta=31 | mu_N=0.00 mu_Z=0.00 mu_P=0.12 | da=12.53°
10:24:12.529 | DEBUG    | FUZZY | pos=(414,272) | angle=44.1° | G=1 D=7 delta=6 | mu_N=0.00 mu_Z=0.80 mu_P=0.02 | da=2.85°
10:24:12.545 | DEBUG    | FUZZY | pos=(416,274) | angle=47.0° | G=0 D=7 delta=7 | mu_N=0.00 mu_Z=0.77 mu_P=0.03 | da=0.98°
10:24:12.558 | DEBUG    | FUZZY | pos=(418,276) | angle=48.0° | G=0 D=15 delta=15 | mu_N=0.00 mu_Z=0.50 mu_P=0.06 | da=1.46°
10:24:12.577 | DEBUG    | FUZZY | pos=(420,278) | angle=49.4° | G=0 D=15 delta=15 | mu_N=0.00 mu_Z=0.50 mu_P=0.06 | da=1.56°
10:24:12.590 | DEBUG    | FUZZY | pos=(422,280) | angle=51.0° | G=0 D=14 delta=14 | mu_N=0.00 mu_Z=0.53 mu_P=0.05 | da=1.43°
10:24:12.613 | DEBUG    | FUZZY | pos=(424,283) | angle=52.4° | G=0 D=14 delta=14 | mu_N=0.00 mu_Z=0.53 mu_P=0.05 | da=1.41°
10:24:12.625 | DEBUG    | FUZZY | pos=(426,285) | angle=53.8° | G=0 D=30 delta=30 | mu_N=0.00 mu_Z=0.00 mu_P=0.12 | da=12.28°
10:24:12.638 | DEBUG    | FUZZY | pos=(428,288) | angle=66.1° | G=0 D=14 delta=14 | mu_N=0.00 mu_Z=0.53 mu_P=0.05 | da=3.58°
10:24:12.655 | DEBUG    | FUZZY | pos=(429,290) | angle=69.7° | G=0 D=6 delta=6 | mu_N=0.00 mu_Z=0.80 mu_P=0.02 | da=1.06°
10:24:12.683 | DEBUG    | FUZZY | pos=(430,293) | angle=70.7° | G=0 D=6 delta=6 | mu_N=0.00 mu_Z=0.80 mu_P=0.02 | da=0.55°
10:24:12.693 | DEBUG    | FUZZY | pos=(431,296) | angle=71.3° | G=0 D=14 delta=14 | mu_N=0.00 mu_Z=0.53 mu_P=0.05 | da=1.23°
10:24:12.706 | DEBUG    | FUZZY | pos=(432,299) | angle=72.5° | G=0 D=14 delta=14 | mu_N=0.00 mu_Z=0.53 mu_P=0.05 | da=1.37°
10:24:12.729 | DEBUG    | FUZZY | pos=(433,302) | angle=73.9° | G=0 D=14 delta=14 | mu_N=0.00 mu_Z=0.53 mu_P=0.05 | da=1.39°
10:24:12.741 | DEBUG    | FUZZY | pos=(434,305) | angle=75.3° | G=0 D=14 delta=14 | mu_N=0.00 mu_Z=0.53 mu_P=0.05 | da=1.40°
10:24:12.757 | DEBUG    | FUZZY | pos=(435,307) | angle=76.7° | G=0 D=14 delta=14 | mu_N=0.00 mu_Z=0.53 mu_P=0.05 | da=1.40°
10:24:12.772 | DEBUG    | FUZZY | pos=(435,310) | angle=78.1° | G=0 D=14 delta=14 | mu_N=0.00 mu_Z=0.53 mu_P=0.05 | da=1.40°
10:24:12.789 | DEBUG    | FUZZY | pos=(436,313) | angle=79.5° | G=0 D=14 delta=14 | mu_N=0.00 mu_Z=0.53 mu_P=0.05 | da=1.40°
10:24:12.806 | DEBUG    | FUZZY | pos=(436,316) | angle=80.9° | G=0 D=14 delta=14 | mu_N=0.00 mu_Z=0.53 mu_P=0.05 | da=1.40°
10:24:12.822 | DEBUG    | FUZZY | pos=(437,319) | angle=82.3° | G=0 D=14 delta=14 | mu_N=0.00 mu_Z=0.53 mu_P=0.05 | da=1.40°
10:24:12.838 | DEBUG    | FUZZY | pos=(437,322) | angle=83.7° | G=0 D=14 delta=14 | mu_N=0.00 mu_Z=0.53 mu_P=0.05 | da=1.40°
10:24:12.853 | DEBUG    | FUZZY | pos=(438,325) | angle=85.1° | G=0 D=14 delta=14 | mu_N=0.00 mu_Z=0.53 mu_P=0.05 | da=1.40°
10:24:12.873 | DEBUG    | FUZZY | pos=(438,328) | angle=86.5° | G=0 D=6 delta=6 | mu_N=0.00 mu_Z=0.80 mu_P=0.02 | da=0.62°
10:24:12.888 | DEBUG    | FUZZY | pos=(438,331) | angle=87.1° | G=0 D=6 delta=6 | mu_N=0.00 mu_Z=0.80 mu_P=0.02 | da=0.47°
10:24:12.917 | DEBUG    | FUZZY | pos=(438,334) | angle=87.6° | G=0 D=6 delta=6 | mu_N=0.00 mu_Z=0.80 mu_P=0.02 | da=0.44°
10:24:12.928 | DEBUG    | FUZZY | pos=(438,337) | angle=88.0° | G=0 D=6 delta=6 | mu_N=0.00 mu_Z=0.80 mu_P=0.02 | da=0.43°
10:24:12.945 | DEBUG    | FUZZY | pos=(438,340) | angle=88.4° | G=0 D=6 delta=6 | mu_N=0.00 mu_Z=0.80 mu_P=0.02 | da=0.43°
10:24:12.959 | DEBUG    | FUZZY | pos=(439,343) | angle=88.9° | G=0 D=6 delta=6 | mu_N=0.00 mu_Z=0.80 mu_P=0.02 | da=0.43°
10:24:12.979 | DEBUG    | FUZZY | pos=(439,346) | angle=89.3° | G=0 D=6 delta=6 | mu_N=0.00 mu_Z=0.80 mu_P=0.02 | da=0.43°
10:24:12.992 | DEBUG    | FUZZY | pos=(439,349) | angle=89.7° | G=0 D=6 delta=6 | mu_N=0.00 mu_Z=0.80 mu_P=0.02 | da=0.43°
10:24:13.007 | DEBUG    | FUZZY | pos=(439,352) | angle=90.1° | G=0 D=6 delta=6 | mu_N=0.00 mu_Z=0.80 mu_P=0.02 | da=0.43°
10:24:13.024 | DEBUG    | FUZZY | pos=(439,355) | angle=90.6° | G=0 D=6 delta=6 | mu_N=0.00 mu_Z=0.80 mu_P=0.02 | da=0.43°
10:24:13.050 | DEBUG    | FUZZY | pos=(439,358) | angle=91.0° | G=0 D=6 delta=6 | mu_N=0.00 mu_Z=0.80 mu_P=0.02 | da=0.43°
10:24:13.060 | DEBUG    | FUZZY | pos=(439,361) | angle=91.4° | G=0 D=6 delta=6 | mu_N=0.00 mu_Z=0.80 mu_P=0.02 | da=0.43°
10:24:13.074 | DEBUG    | FUZZY | pos=(438,364) | angle=91.9° | G=0 D=7 delta=7 | mu_N=0.00 mu_Z=0.77 mu_P=0.03 | da=0.50°
10:24:13.094 | DEBUG    | FUZZY | pos=(438,367) | angle=92.4° | G=0 D=7 delta=7 | mu_N=0.00 mu_Z=0.77 mu_P=0.03 | da=0.51°
10:24:13.112 | DEBUG    | FUZZY | pos=(438,370) | angle=92.9° | G=0 D=7 delta=7 | mu_N=0.00 mu_Z=0.77 mu_P=0.03 | da=0.52°
10:24:13.123 | DEBUG    | FUZZY | pos=(438,373) | angle=93.4° | G=0 D=7 delta=7 | mu_N=0.00 mu_Z=0.77 mu_P=0.03 | da=0.52°
10:24:13.143 | DEBUG    | FUZZY | pos=(438,376) | angle=93.9° | G=0 D=7 delta=7 | mu_N=0.00 mu_Z=0.77 mu_P=0.03 | da=0.52°
10:24:13.161 | DEBUG    | FUZZY | pos=(438,379) | angle=94.4° | G=0 D=31 delta=31 | mu_N=0.00 mu_Z=0.00 mu_P=0.12 | da=12.10°
10:24:13.173 | DEBUG    | FUZZY | pos=(438,382) | angle=106.5° | G=1 D=3 delta=2 | mu_N=0.00 mu_Z=0.93 mu_P=0.01 | da=2.52°
10:24:13.195 | DEBUG    | FUZZY | pos=(437,385) | angle=109.1° | G=1 D=7 delta=6 | mu_N=0.00 mu_Z=0.80 mu_P=0.02 | da=0.85°
10:24:13.207 | DEBUG    | FUZZY | pos=(436,388) | angle=109.9° | G=0 D=15 delta=15 | mu_N=0.00 mu_Z=0.50 mu_P=0.06 | da=1.43°
10:24:13.222 | DEBUG    | FUZZY | pos=(435,391) | angle=111.3° | G=0 D=31 delta=31 | mu_N=0.00 mu_Z=0.00 mu_P=0.12 | da=12.29°
10:24:13.238 | DEBUG    | FUZZY | pos=(434,393) | angle=123.6° | G=1 D=7 delta=6 | mu_N=0.00 mu_Z=0.80 mu_P=0.02 | da=2.80°
10:24:13.262 | DEBUG    | FUZZY | pos=(432,396) | angle=126.4° | G=1 D=15 delta=14 | mu_N=0.00 mu_Z=0.53 mu_P=0.05 | da=1.68°
10:24:13.274 | DEBUG    | FUZZY | pos=(430,398) | angle=128.1° | G=0 D=15 delta=15 | mu_N=0.00 mu_Z=0.50 mu_P=0.06 | da=1.60°
10:24:13.291 | DEBUG    | FUZZY | pos=(428,401) | angle=129.7° | G=0 D=15 delta=15 | mu_N=0.00 mu_Z=0.50 mu_P=0.06 | da=1.58°
10:24:13.308 | DEBUG    | FUZZY | pos=(426,403) | angle=131.3° | G=0 D=30 delta=30 | mu_N=0.00 mu_Z=0.00 mu_P=0.12 | da=12.32°
10:24:13.322 | DEBUG    | FUZZY | pos=(424,405) | angle=143.6° | G=0 D=7 delta=7 | mu_N=0.00 mu_Z=0.77 mu_P=0.03 | da=2.88°
10:24:13.338 | DEBUG    | FUZZY | pos=(422,407) | angle=146.5° | G=0 D=7 delta=7 | mu_N=0.00 mu_Z=0.77 mu_P=0.03 | da=0.99°
10:24:13.353 | DEBUG    | FUZZY | pos=(419,409) | angle=147.5° | G=0 D=15 delta=15 | mu_N=0.00 mu_Z=0.50 mu_P=0.06 | da=1.46°
10:24:13.371 | DEBUG    | FUZZY | pos=(417,410) | angle=148.9° | G=0 D=14 delta=14 | mu_N=0.00 mu_Z=0.53 mu_P=0.05 | da=1.41°
10:24:13.387 | DEBUG    | FUZZY | pos=(414,412) | angle=150.3° | G=0 D=14 delta=14 | mu_N=0.00 mu_Z=0.53 mu_P=0.05 | da=1.40°
10:24:13.404 | DEBUG    | FUZZY | pos=(412,413) | angle=151.7° | G=0 D=14 delta=14 | mu_N=0.00 mu_Z=0.53 mu_P=0.05 | da=1.40°
10:24:13.431 | DEBUG    | FUZZY | pos=(409,415) | angle=153.1° | G=0 D=14 delta=14 | mu_N=0.00 mu_Z=0.53 mu_P=0.05 | da=1.40°
10:24:13.440 | DEBUG    | FUZZY | pos=(406,416) | angle=154.5° | G=0 D=14 delta=14 | mu_N=0.00 mu_Z=0.53 mu_P=0.05 | da=1.40°
10:24:13.457 | DEBUG    | FUZZY | pos=(404,417) | angle=155.9° | G=0 D=14 delta=14 | mu_N=0.00 mu_Z=0.53 mu_P=0.05 | da=1.40°
10:24:13.470 | DEBUG    | FUZZY | pos=(401,419) | angle=157.3° | G=0 D=14 delta=14 | mu_N=0.00 mu_Z=0.53 mu_P=0.05 | da=1.40°
10:24:13.492 | DEBUG    | FUZZY | pos=(398,420) | angle=158.7° | G=0 D=12 delta=12 | mu_N=0.00 mu_Z=0.60 mu_P=0.05 | da=1.15°
10:24:13.506 | DEBUG    | FUZZY | pos=(395,421) | angle=159.9° | G=0 D=12 delta=12 | mu_N=0.00 mu_Z=0.60 mu_P=0.05 | da=1.10°
10:24:13.528 | DEBUG    | FUZZY | pos=(393,422) | angle=161.0° | G=0 D=28 delta=28 | mu_N=0.00 mu_Z=0.07 mu_P=0.11 | da=7.69°
10:24:13.539 | DEBUG    | FUZZY | pos=(390,423) | angle=168.7° | G=0 D=14 delta=14 | mu_N=0.00 mu_Z=0.53 mu_P=0.05 | da=2.66°
10:24:13.557 | DEBUG    | FUZZY | pos=(387,424) | angle=171.3° | G=0 D=14 delta=14 | mu_N=0.00 mu_Z=0.53 mu_P=0.05 | da=1.65°
10:24:13.575 | DEBUG    | FUZZY | pos=(384,424) | angle=173.0° | G=0 D=14 delta=14 | mu_N=0.00 mu_Z=0.53 mu_P=0.05 | da=1.45°
10:24:13.587 | DEBUG    | FUZZY | pos=(381,424) | angle=174.4° | G=0 D=14 delta=14 | mu_N=0.00 mu_Z=0.53 mu_P=0.05 | da=1.41°
10:24:13.606 | DEBUG    | FUZZY | pos=(378,425) | angle=175.9° | G=0 D=14 delta=14 | mu_N=0.00 mu_Z=0.53 mu_P=0.05 | da=1.40°
10:24:13.623 | DEBUG    | FUZZY | pos=(375,425) | angle=177.3° | G=0 D=14 delta=14 | mu_N=0.00 mu_Z=0.53 mu_P=0.05 | da=1.40°
10:24:13.636 | DEBUG    | FUZZY | pos=(372,425) | angle=178.7° | G=0 D=14 delta=14 | mu_N=0.00 mu_Z=0.53 mu_P=0.05 | da=1.40°
10:24:13.654 | DEBUG    | FUZZY | pos=(369,425) | angle=180.1° | G=0 D=14 delta=14 | mu_N=0.00 mu_Z=0.53 mu_P=0.05 | da=1.40°
10:24:13.672 | DEBUG    | FUZZY | pos=(366,425) | angle=181.5° | G=0 D=6 delta=6 | mu_N=0.00 mu_Z=0.80 mu_P=0.02 | da=0.62°
10:24:13.689 | DEBUG    | FUZZY | pos=(363,425) | angle=182.1° | G=0 D=6 delta=6 | mu_N=0.00 mu_Z=0.80 mu_P=0.02 | da=0.47°
10:24:13.705 | DEBUG    | FUZZY | pos=(360,425) | angle=182.5° | G=254 D=6 delta=-248 | mu_N=0.97 mu_Z=0.00 mu_P=0.00 | da=-11.91°
10:24:13.718 | DEBUG    | FUZZY | pos=(357,425) | angle=170.6° | G=3 D=15 delta=12 | mu_N=0.00 mu_Z=0.60 mu_P=0.05 | da=-1.51°
10:24:13.737 | DEBUG    | FUZZY | pos=(354,425) | angle=169.1° | G=15 D=15 delta=0 | mu_N=0.00 mu_Z=1.00 mu_P=0.00 | da=-0.30°
10:24:13.754 | DEBUG    | FUZZY | pos=(351,426) | angle=168.8° | G=63 D=7 delta=-56 | mu_N=0.22 mu_Z=0.00 mu_P=0.00 | da=-12.06°
10:24:13.768 | DEBUG    | FUZZY | pos=(348,426) | angle=156.8° | G=15 D=7 delta=-8 | mu_N=0.03 mu_Z=0.73 mu_P=0.00 | da=-2.90°
10:24:13.787 | DEBUG    | FUZZY | pos=(345,428) | angle=153.9° | G=15 D=3 delta=-12 | mu_N=0.05 mu_Z=0.60 mu_P=0.00 | da=-1.45°
10:24:13.803 | DEBUG    | FUZZY | pos=(343,429) | angle=152.4° | G=31 D=1 delta=-30 | mu_N=0.12 mu_Z=0.00 mu_P=0.00 | da=-12.29°
10:24:13.814 | DEBUG    | FUZZY | pos=(340,430) | angle=140.1° | G=7 D=1 delta=-6 | mu_N=0.02 mu_Z=0.80 mu_P=0.00 | da=-2.80°
10:24:13.838 | DEBUG    | FUZZY | pos=(338,432) | angle=137.3° | G=7 D=1 delta=-6 | mu_N=0.02 mu_Z=0.80 mu_P=0.00 | da=-0.90°
10:24:13.855 | DEBUG    | FUZZY | pos=(335,434) | angle=136.4° | G=15 D=0 delta=-15 | mu_N=0.06 mu_Z=0.50 mu_P=0.00 | da=-1.44°
10:24:13.866 | DEBUG    | FUZZY | pos=(333,436) | angle=135.0° | G=15 D=0 delta=-15 | mu_N=0.06 mu_Z=0.50 mu_P=0.00 | da=-1.55°
10:24:13.882 | DEBUG    | FUZZY | pos=(331,438) | angle=133.4° | G=14 D=0 delta=-14 | mu_N=0.05 mu_Z=0.53 mu_P=0.00 | da=-1.43°
10:24:13.903 | DEBUG    | FUZZY | pos=(329,441) | angle=132.0° | G=14 D=0 delta=-14 | mu_N=0.05 mu_Z=0.53 mu_P=0.00 | da=-1.41°
10:24:13.921 | DEBUG    | FUZZY | pos=(327,443) | angle=130.6° | G=30 D=0 delta=-30 | mu_N=0.12 mu_Z=0.00 mu_P=0.00 | da=-12.28°
10:24:13.939 | DEBUG    | FUZZY | pos=(325,445) | angle=118.3° | G=14 D=0 delta=-14 | mu_N=0.05 mu_Z=0.53 mu_P=0.00 | da=-3.58°
10:24:13.954 | DEBUG    | FUZZY | pos=(324,448) | angle=114.7° | G=14 D=0 delta=-14 | mu_N=0.05 mu_Z=0.53 mu_P=0.00 | da=-1.84°
10:24:13.966 | DEBUG    | FUZZY | pos=(322,450) | angle=112.9° | G=14 D=0 delta=-14 | mu_N=0.05 mu_Z=0.53 mu_P=0.00 | da=-1.49°
10:24:13.987 | DEBUG    | FUZZY | pos=(321,453) | angle=111.4° | G=14 D=0 delta=-14 | mu_N=0.05 mu_Z=0.53 mu_P=0.00 | da=-1.42°
10:24:14.000 | DEBUG    | FUZZY | pos=(320,456) | angle=110.0° | G=14 D=0 delta=-14 | mu_N=0.05 mu_Z=0.53 mu_P=0.00 | da=-1.40°
10:24:14.021 | DEBUG    | FUZZY | pos=(319,459) | angle=108.6° | G=14 D=0 delta=-14 | mu_N=0.05 mu_Z=0.53 mu_P=0.00 | da=-1.40°
10:24:14.038 | DEBUG    | FUZZY | pos=(318,462) | angle=107.2° | G=14 D=0 delta=-14 | mu_N=0.05 mu_Z=0.53 mu_P=0.00 | da=-1.40°
10:24:14.054 | DEBUG    | FUZZY | pos=(317,465) | angle=105.8° | G=14 D=0 delta=-14 | mu_N=0.05 mu_Z=0.53 mu_P=0.00 | da=-1.40°
10:24:14.071 | DEBUG    | FUZZY | pos=(317,467) | angle=104.4° | G=14 D=0 delta=-14 | mu_N=0.05 mu_Z=0.53 mu_P=0.00 | da=-1.40°
10:24:14.083 | DEBUG    | FUZZY | pos=(316,470) | angle=103.0° | G=14 D=0 delta=-14 | mu_N=0.05 mu_Z=0.53 mu_P=0.00 | da=-1.40°
10:24:14.098 | DEBUG    | FUZZY | pos=(315,473) | angle=101.6° | G=14 D=0 delta=-14 | mu_N=0.05 mu_Z=0.53 mu_P=0.00 | da=-1.40°
10:24:14.118 | DEBUG    | FUZZY | pos=(314,476) | angle=100.2° | G=14 D=0 delta=-14 | mu_N=0.05 mu_Z=0.53 mu_P=0.00 | da=-1.40°
10:24:14.132 | DEBUG    | FUZZY | pos=(314,479) | angle=98.8° | G=14 D=0 delta=-14 | mu_N=0.05 mu_Z=0.53 mu_P=0.00 | da=-1.40°
10:24:14.155 | DEBUG    | FUZZY | pos=(314,482) | angle=97.4° | G=14 D=0 delta=-14 | mu_N=0.05 mu_Z=0.53 mu_P=0.00 | da=-1.40°
10:24:14.170 | DEBUG    | FUZZY | pos=(313,485) | angle=96.0° | G=14 D=0 delta=-14 | mu_N=0.05 mu_Z=0.53 mu_P=0.00 | da=-1.40°
10:24:14.183 | DEBUG    | FUZZY | pos=(313,488) | angle=94.6° | G=14 D=0 delta=-14 | mu_N=0.05 mu_Z=0.53 mu_P=0.00 | da=-1.40°
10:24:14.203 | DEBUG    | FUZZY | pos=(313,491) | angle=93.2° | G=14 D=0 delta=-14 | mu_N=0.05 mu_Z=0.53 mu_P=0.00 | da=-1.40°
10:24:14.221 | DEBUG    | FUZZY | pos=(312,494) | angle=91.8° | G=6 D=0 delta=-6 | mu_N=0.02 mu_Z=0.80 mu_P=0.00 | da=-0.62°
10:24:14.234 | DEBUG    | FUZZY | pos=(312,497) | angle=91.2° | G=6 D=0 delta=-6 | mu_N=0.02 mu_Z=0.80 mu_P=0.00 | da=-0.47°
10:24:14.255 | DEBUG    | FUZZY | pos=(312,500) | angle=90.7° | G=6 D=0 delta=-6 | mu_N=0.02 mu_Z=0.80 mu_P=0.00 | da=-0.44°
10:24:14.267 | DEBUG    | FUZZY | pos=(312,503) | angle=90.3° | G=6 D=0 delta=-6 | mu_N=0.02 mu_Z=0.80 mu_P=0.00 | da=-0.43°
10:24:14.287 | DEBUG    | FUZZY | pos=(312,506) | angle=89.8° | G=6 D=0 delta=-6 | mu_N=0.02 mu_Z=0.80 mu_P=0.00 | da=-0.43°
10:24:14.305 | DEBUG    | FUZZY | pos=(312,509) | angle=89.4° | G=6 D=0 delta=-6 | mu_N=0.02 mu_Z=0.80 mu_P=0.00 | da=-0.43°
10:24:14.321 | DEBUG    | FUZZY | pos=(312,512) | angle=89.0° | G=6 D=0 delta=-6 | mu_N=0.02 mu_Z=0.80 mu_P=0.00 | da=-0.43°
10:24:14.333 | DEBUG    | FUZZY | pos=(312,515) | angle=88.5° | G=6 D=0 delta=-6 | mu_N=0.02 mu_Z=0.80 mu_P=0.00 | da=-0.43°
10:24:14.355 | DEBUG    | FUZZY | pos=(312,518) | angle=88.1° | G=7 D=0 delta=-7 | mu_N=0.03 mu_Z=0.77 mu_P=0.00 | da=-0.50°
10:24:14.366 | DEBUG    | FUZZY | pos=(312,521) | angle=87.6° | G=7 D=0 delta=-7 | mu_N=0.03 mu_Z=0.77 mu_P=0.00 | da=-0.51°
10:24:14.381 | DEBUG    | FUZZY | pos=(313,524) | angle=87.1° | G=7 D=0 delta=-7 | mu_N=0.03 mu_Z=0.77 mu_P=0.00 | da=-0.52°
10:24:14.403 | DEBUG    | FUZZY | pos=(313,527) | angle=86.6° | G=7 D=0 delta=-7 | mu_N=0.03 mu_Z=0.77 mu_P=0.00 | da=-0.52°
10:24:14.416 | DEBUG    | FUZZY | pos=(313,530) | angle=86.1° | G=7 D=0 delta=-7 | mu_N=0.03 mu_Z=0.77 mu_P=0.00 | da=-0.52°
10:24:14.432 | DEBUG    | FUZZY | pos=(313,533) | angle=85.5° | G=7 D=0 delta=-7 | mu_N=0.03 mu_Z=0.77 mu_P=0.00 | da=-0.52°
10:24:14.454 | DEBUG    | FUZZY | pos=(313,536) | angle=85.0° | G=7 D=0 delta=-7 | mu_N=0.03 mu_Z=0.77 mu_P=0.00 | da=-0.52°
10:24:14.465 | DEBUG    | FUZZY | pos=(314,539) | angle=84.5° | G=7 D=0 delta=-7 | mu_N=0.03 mu_Z=0.77 mu_P=0.00 | da=-0.52°
10:24:14.482 | DEBUG    | FUZZY | pos=(314,542) | angle=84.0° | G=7 D=0 delta=-7 | mu_N=0.03 mu_Z=0.77 mu_P=0.00 | da=-0.52°
10:24:14.499 | DEBUG    | FUZZY | pos=(314,545) | angle=83.5° | G=7 D=0 delta=-7 | mu_N=0.03 mu_Z=0.77 mu_P=0.00 | da=-0.52°
10:24:14.516 | DEBUG    | FUZZY | pos=(315,548) | angle=82.9° | G=7 D=0 delta=-7 | mu_N=0.03 mu_Z=0.77 mu_P=0.00 | da=-0.52°
10:24:14.533 | DEBUG    | FUZZY | pos=(315,551) | angle=82.4° | G=3 D=0 delta=-3 | mu_N=0.01 mu_Z=0.90 mu_P=0.00 | da=-0.26°
10:24:14.550 | DEBUG    | FUZZY | pos=(315,554) | angle=82.2° | G=3 D=0 delta=-3 | mu_N=0.01 mu_Z=0.90 mu_P=0.00 | da=-0.21°
10:24:14.563 | DEBUG    | FUZZY | pos=(316,557) | angle=82.0° | G=3 D=0 delta=-3 | mu_N=0.01 mu_Z=0.90 mu_P=0.00 | da=-0.20°
10:24:14.580 | DEBUG    | FUZZY | pos=(316,560) | angle=81.8° | G=3 D=0 delta=-3 | mu_N=0.01 mu_Z=0.90 mu_P=0.00 | da=-0.19°
10:24:14.596 | DEBUG    | FUZZY | pos=(317,563) | angle=81.6° | G=3 D=1 delta=-2 | mu_N=0.01 mu_Z=0.93 mu_P=0.00 | da=-0.14°
10:24:14.613 | DEBUG    | FUZZY | pos=(317,566) | angle=81.4° | G=3 D=1 delta=-2 | mu_N=0.01 mu_Z=0.93 mu_P=0.00 | da=-0.13°
10:24:14.630 | DEBUG    | FUZZY | pos=(317,569) | angle=81.3° | G=3 D=1 delta=-2 | mu_N=0.01 mu_Z=0.93 mu_P=0.00 | da=-0.13°
10:24:14.646 | DEBUG    | FUZZY | pos=(318,572) | angle=81.2° | G=3 D=1 delta=-2 | mu_N=0.01 mu_Z=0.93 mu_P=0.00 | da=-0.13°
10:24:14.662 | DEBUG    | FUZZY | pos=(318,575) | angle=81.1° | G=3 D=1 delta=-2 | mu_N=0.01 mu_Z=0.93 mu_P=0.00 | da=-0.13°
10:24:14.679 | DEBUG    | FUZZY | pos=(319,578) | angle=80.9° | G=3 D=1 delta=-2 | mu_N=0.01 mu_Z=0.93 mu_P=0.00 | da=-0.13°
10:24:14.694 | DEBUG    | FUZZY | pos=(319,581) | angle=80.8° | G=15 D=1 delta=-14 | mu_N=0.05 mu_Z=0.53 mu_P=0.00 | da=-1.15°
10:24:14.712 | DEBUG    | FUZZY | pos=(320,584) | angle=79.7° | G=63 D=1 delta=-62 | mu_N=0.24 mu_Z=0.00 mu_P=0.00 | da=-12.23°
10:24:14.729 | DEBUG    | FUZZY | pos=(320,587) | angle=67.4° | G=7 D=1 delta=-6 | mu_N=0.02 mu_Z=0.80 mu_P=0.00 | da=-2.79°
10:24:14.745 | DEBUG    | FUZZY | pos=(321,589) | angle=64.6° | G=15 D=1 delta=-14 | mu_N=0.05 mu_Z=0.53 mu_P=0.00 | da=-1.68°
10:24:14.763 | DEBUG    | FUZZY | pos=(323,592) | angle=63.0° | G=15 D=3 delta=-12 | mu_N=0.05 mu_Z=0.60 mu_P=0.00 | da=-1.21°
10:24:14.780 | DEBUG    | FUZZY | pos=(324,595) | angle=61.8° | G=31 D=1 delta=-30 | mu_N=0.12 mu_Z=0.00 mu_P=0.00 | da=-12.24°
10:24:14.795 | DEBUG    | FUZZY | pos=(326,597) | angle=49.5° | G=7 D=1 delta=-6 | mu_N=0.02 mu_Z=0.80 mu_P=0.00 | da=-2.79°
10:24:14.812 | DEBUG    | FUZZY | pos=(328,600) | angle=46.7° | G=15 D=0 delta=-15 | mu_N=0.06 mu_Z=0.50 mu_P=0.00 | da=-1.82°
10:24:14.829 | DEBUG    | FUZZY | pos=(330,602) | angle=44.9° | G=15 D=0 delta=-15 | mu_N=0.06 mu_Z=0.50 mu_P=0.00 | da=-1.63°
10:24:14.844 | DEBUG    | FUZZY | pos=(332,604) | angle=43.3° | G=15 D=0 delta=-15 | mu_N=0.06 mu_Z=0.50 mu_P=0.00 | da=-1.59°
10:24:14.861 | DEBUG    | FUZZY | pos=(334,606) | angle=41.7° | G=14 D=0 delta=-14 | mu_N=0.05 mu_Z=0.53 mu_P=0.00 | da=-1.44°
10:24:14.879 | DEBUG    | FUZZY | pos=(336,608) | angle=40.3° | G=14 D=0 delta=-14 | mu_N=0.05 mu_Z=0.53 mu_P=0.00 | da=-1.41°
10:24:14.894 | DEBUG    | FUZZY | pos=(338,610) | angle=38.8° | G=30 D=0 delta=-30 | mu_N=0.12 mu_Z=0.00 mu_P=0.00 | da=-12.28°
10:24:14.912 | DEBUG    | FUZZY | pos=(341,612) | angle=26.6° | G=14 D=0 delta=-14 | mu_N=0.05 mu_Z=0.53 mu_P=0.00 | da=-3.58°
10:24:14.928 | DEBUG    | FUZZY | pos=(343,613) | angle=23.0° | G=6 D=0 delta=-6 | mu_N=0.02 mu_Z=0.80 mu_P=0.00 | da=-1.06°
10:24:14.945 | DEBUG    | FUZZY | pos=(346,614) | angle=21.9° | G=14 D=0 delta=-14 | mu_N=0.05 mu_Z=0.53 mu_P=0.00 | da=-1.33°
