10:16:45.756 | INFO     | ============================================================
10:16:45.757 | INFO     | INIT | circuit=Parcours 7 segments | start=(25,10) | angle=0°
10:16:47.526 | DEBUG    | FUZZY | pos=(25,10) | angle=0.0° | G=1 D=1 delta=0 | mu_N=0.00 mu_Z=1.00 mu_P=0.00 | da=0.00°
10:16:47.535 | DEBUG    | FUZZY | pos=(28,10) | angle=0.0° | G=1 D=1 delta=0 | mu_N=0.00 mu_Z=1.00 mu_P=0.00 | da=0.00°
10:16:47.552 | DEBUG    | FUZZY | pos=(31,10) | angle=0.0° | G=1 D=1 delta=0 | mu_N=0.00 mu_Z=1.00 mu_P=0.00 | da=0.00°
10:16:47.567 | DEBUG    | FUZZY | pos=(34,10) | angle=0.0° | G=1 D=1 delta=0 | mu_N=0.00 mu_Z=1.00 mu_P=0.00 | da=0.00°
10:16:47.584 | DEBUG    | FUZZY | pos=(37,10) | angle=0.0° | G=1 D=1 delta=0 | mu_N=0.00 mu_Z=1.00 mu_P=0.00 | da=0.00°
10:16:47.599 | DEBUG    | FUZZY | pos=(40,10) | angle=0.0° | G=1 D=1 delta=0 | mu_N=0.00 mu_Z=1.00 mu_P=0.00 | da=0.00°
10:16:47.616 | DEBUG    | FUZZY | pos=(43,10) | angle=0.0° | G=1 D=1 delta=0 | mu_N=0.00 mu_Z=1.00 mu_P=0.00 | da=0.00°
10:16:47.632 | DEBUG    | FUZZY | pos=(46,10) | angle=0.0° | G=1 D=1 delta=0 | mu_N=0.00 mu_Z=1.00 mu_P=0.00 | da=0.00°
10:16:47.649 | DEBUG    | FUZZY | pos=(49,10) | angle=0.0° | G=1 D=1 delta=0 | mu_N=0.00 mu_Z=1.00 mu_P=0.00 | da=0.00°
10:16:47.666 | DEBUG    | FUZZY | pos=(52,10) | angle=0.0° | G=1 D=1 delta=0 | mu_N=0.00 mu_Z=1.00 mu_P=0.00 | da=0.00°
10:16:47.683 | DEBUG    | FUZZY | pos=(55,10) | angle=0.0° | G=1 D=1 delta=0 | mu_N=0.00 mu_Z=1.00 mu_P=0.00 | da=0.00°
10:16:47.698 | DEBUG    | FUZZY | pos=(58,10) | angle=0.0° | G=1 D=1 delta=0 | mu_N=0.00 mu_Z=1.00 mu_P=0.00 | da=0.00°
10:16:47.715 | DEBUG    | FUZZY | pos=(61,10) | angle=0.0° | G=1 D=1 delta=0 | mu_N=0.00 mu_Z=1.00 mu_P=0.00 | da=0.00°
10:16:47.730 | DEBUG    | FUZZY | pos=(64,10) | angle=0.0° | G=1 D=1 delta=0 | mu_N=0.00 mu_Z=1.00 mu_P=0.00 | da=0.00°
10:16:47.747 | DEBUG    | FUZZY | pos=(67,10) | angle=0.0° | G=1 D=1 delta=0 | mu_N=0.00 mu_Z=1.00 mu_P=0.00 | da=0.00°
10:16:47.763 | DEBUG    | FUZZY | pos=(70,10) | angle=0.0° | G=1 D=1 delta=0 | mu_N=0.00 mu_Z=1.00 mu_P=0.00 | da=0.00°
10:16:47.780 | DEBUG    | FUZZY | pos=(73,10) | angle=0.0° | G=1 D=1 delta=0 | mu_N=0.00 mu_Z=1.00 mu_P=0.00 | da=0.00°
10:16:47.797 | DEBUG    | FUZZY | pos=(76,10) | angle=0.0° | G=1 D=1 delta=0 | mu_N=0.00 mu_Z=1.00 mu_P=0.00 | da=0.00°
10:16:47.815 | DEBUG    | FUZZY | pos=(79,10) | angle=0.0° | G=1 D=1 delta=0 | mu_N=0.00 mu_Z=1.00 mu_P=0.00 | da=0.00°
10:16:47.831 | DEBUG    | FUZZY | pos=(82,10) | angle=0.0° | G=1 D=1 delta=0 | mu_N=0.00 mu_Z=1.00 mu_P=0.00 | da=0.00°
10:16:47.847 | DEBUG    | FUZZY | pos=(85,10) | angle=0.0° | G=1 D=1 delta=0 | mu_N=0.00 mu_Z=1.00 mu_P=0.00 | da=0.00°
10:16:47.863 | DEBUG    | FUZZY | pos=(88,10) | angle=0.0° | G=1 D=1 delta=0 | mu_N=0.00 mu_Z=1.00 mu_P=0.00 | da=0.00°
10:16:47.878 | DEBUG    | FUZZY | pos=(91,10) | angle=0.0° | G=1 D=1 delta=0 | mu_N=0.00 mu_Z=1.00 mu_P=0.00 | da=0.00°
10:16:47.894 | DEBUG    | FUZZY | pos=(94,10) | angle=0.0° | G=1 D=1 delta=0 | mu_N=0.00 mu_Z=1.00 mu_P=0.00 | da=0.00°
10:16:47.911 | DEBUG    | FUZZY | pos=(97,10) | angle=0.0° | G=1 D=1 delta=0 | mu_N=0.00 mu_Z=1.00 mu_P=0.00 | da=0.00°
10:16:47.928 | DEBUG    | FUZZY | pos=(100,10) | angle=0.0° | G=1 D=1 delta=0 | mu_N=0.00 mu_Z=1.00 mu_P=0.00 | da=0.00°
10:16:47.943 | DEBUG    | FUZZY | pos=(103,10) | angle=0.0° | G=1 D=1 delta=0 | mu_N=0.00 mu_Z=1.00 mu_P=0.00 | da=0.00°
10:16:47.961 | DEBUG    | FUZZY | pos=(106,10) | angle=0.0° | G=1 D=1 delta=0 | mu_N=0.00 mu_Z=1.00 mu_P=0.00 | da=0.00°
10:16:47.977 | DEBUG    | FUZZY | pos=(109,10) | angle=0.0° | G=1 D=1 delta=0 | mu_N=0.00 mu_Z=1.00 mu_P=0.00 | da=0.00°
10:16:47.995 | DEBUG    | FUZZY | pos=(112,10) | angle=0.0° | G=1 D=1 delta=0 | mu_N=0.00 mu_Z=1.00 mu_P=0.00 | da=0.00°
10:16:48.012 | DEBUG    | FUZZY | pos=(115,10) | angle=0.0° | G=1 D=1 delta=0 | mu_N=0.00 mu_Z=1.00 mu_P=0.00 | da=0.00°
10:16:48.028 | DEBUG    | FUZZY | pos=(118,10) | angle=0.0° | G=1 D=1 delta=0 | mu_N=0.00 mu_Z=1.00 mu_P=0.00 | da=0.00°
10:16:48.044 | DEBUG    | FUZZY | pos=(121,10) | angle=0.0° | G=1 D=1 delta=0 | mu_N=0.00 mu_Z=1.00 mu_P=0.00 | da=0.00°
10:16:48.060 | DEBUG    | FUZZY | pos=(124,10) | angle=0.0° | G=1 D=1 delta=0 | mu_N=0.00 mu_Z=1.00 mu_P=0.00 | da=0.00°
10:16:48.077 | DEBUG    | FUZZY | pos=(127,10) | angle=0.0° | G=1 D=1 delta=0 | mu_N=0.00 mu_Z=1.00 mu_P=0.00 | da=0.00°
10:16:48.095 | DEBUG    | FUZZY | pos=(130,10) | angle=0.0° | G=1 D=1 delta=0 | mu_N=0.00 mu_Z=1.00 mu_P=0.00 | da=0.00°
10:16:48.111 | DEBUG    | FUZZY | pos=(133,10) | angle=0.0° | G=1 D=1 delta=0 | mu_N=0.00 mu_Z=1.00 mu_P=0.00 | da=0.00°
10:16:48.128 | DEBUG    | FUZZY | pos=(136,10) | angle=0.0° | G=1 D=1 delta=0 | mu_N=0.00 mu_Z=1.00 mu_P=0.00 | da=0.00°
10:16:48.146 | DEBUG    | FUZZY | pos=(139,10) | angle=0.0° | G=1 D=1 delta=0 | mu_N=0.00 mu_Z=1.00 mu_P=0.00 | da=0.00°
10:16:48.162 | DEBUG    | FUZZY | pos=(142,10) | angle=0.0° | G=1 D=1 delta=0 | mu_N=0.00 mu_Z=1.00 mu_P=0.00 | da=0.00°
10:16:48.180 | DEBUG    | FUZZY | pos=(145,10) | angle=0.0° | G=1 D=1 delta=0 | mu_N=0.00 mu_Z=1.00 mu_P=0.00 | da=0.00°
10:16:48.196 | DEBUG    | FUZZY | pos=(148,10) | angle=0.0° | G=1 D=1 delta=0 | mu_N=0.00 mu_Z=1.00 mu_P=0.00 | da=0.00°
10:16:48.214 | DEBUG    | FUZZY | pos=(151,10) | angle=0.0° | G=1 D=1 delta=0 | mu_N=0.00 mu_Z=1.00 mu_P=0.00 | da=0.00°
10:16:48.231 | DEBUG    | FUZZY | pos=(154,10) | angle=0.0° | G=1 D=1 delta=0 | mu_N=0.00 mu_Z=1.00 mu_P=0.00 | da=0.00°
10:16:48.247 | DEBUG    | FUZZY | pos=(157,10) | angle=0.0° | G=1 D=1 delta=0 | mu_N=0.00 mu_Z=1.00 mu_P=0.00 | da=0.00°
10:16:48.262 | DEBUG    | FUZZY | pos=(160,10) | angle=0.0° | G=1 D=1 delta=0 | mu_N=0.00 mu_Z=1.00 mu_P=0.00 | da=0.00°
10:16:48.278 | DEBUG    | FUZZY | pos=(163,10) | angle=0.0° | G=1 D=1 delta=0 | mu_N=0.00 mu_Z=1.00 mu_P=0.00 | da=0.00°
10:16:48.295 | DEBUG    | FUZZY | pos=(166,10) | angle=0.0° | G=1 D=1 delta=0 | mu_N=0.00 mu_Z=1.00 mu_P=0.00 | da=0.00°
10:16:48.311 | DEBUG    | FUZZY | pos=(169,10) | angle=0.0° | G=1 D=1 delta=0 | mu_N=0.00 mu_Z=1.00 mu_P=0.00 | da=0.00°
10:16:48.327 | DEBUG    | FUZZY | pos=(172,10) | angle=0.0° | G=1 D=1 delta=0 | mu_N=0.00 mu_Z=1.00 mu_P=0.00 | da=0.00°
10:16:48.344 | DEBUG    | FUZZY | pos=(175,10) | angle=0.0° | G=1 D=1 delta=0 | mu_N=0.00 mu_Z=1.00 mu_P=0.00 | da=0.00°
10:16:48.359 | DEBUG    | FUZZY | pos=(178,10) | angle=0.0° | G=1 D=1 delta=0 | mu_N=0.00 mu_Z=1.00 mu_P=0.00 | da=0.00°
10:16:48.377 | DEBUG    | FUZZY | pos=(181,10) | angle=0.0° | G=1 D=1 delta=0 | mu_N=0.00 mu_Z=1.00 mu_P=0.00 | da=0.00°
10:16:48.393 | DEBUG    | FUZZY | pos=(184,10) | angle=0.0° | G=1 D=1 delta=0 | mu_N=0.00 mu_Z=1.00 mu_P=0.00 | da=0.00°
10:16:48.408 | DEBUG    | FUZZY | pos=(187,10) | angle=0.0° | G=1 D=1 delta=0 | mu_N=0.00 mu_Z=1.00 mu_P=0.00 | da=0.00°
10:16:48.425 | DEBUG    | FUZZY | pos=(190,10) | angle=0.0° | G=1 D=1 delta=0 | mu_N=0.00 mu_Z=1.00 mu_P=0.00 | da=0.00°
10:16:48.441 | DEBUG    | FUZZY | pos=(193,10) | angle=0.0° | G=1 D=255 delta=254 | mu_N=0.00 mu_Z=0.00 mu_P=1.00 | da=12.00°
10:16:48.459 | DEBUG    | FUZZY | pos=(196,11) | angle=12.0° | G=3 D=7 delta=4 | mu_N=0.00 mu_Z=0.87 mu_P=0.02 | da=2.61°
10:16:48.475 | DEBUG    | FUZZY | pos=(199,11) | angle=14.6° | G=1 D=15 delta=14 | mu_N=0.00 mu_Z=0.53 mu_P=0.05 | da=1.64°
10:16:48.492 | DEBUG    | FUZZY | pos=(202,12) | angle=16.3° | G=3 D=31 delta=28 | mu_N=0.00 mu_Z=0.07 mu_P=0.11 | da=7.80°
10:16:48.508 | DEBUG    | FUZZY | pos=(204,13) | angle=24.1° | G=3 D=15 delta=12 | mu_N=0.00 mu_Z=0.60 mu_P=0.05 | da=2.43°
10:16:48.525 | DEBUG    | FUZZY | pos=(207,15) | angle=26.5° | G=3 D=15 delta=12 | mu_N=0.00 mu_Z=0.60 mu_P=0.05 | da=1.36°
10:16:48.544 | DEBUG    | FUZZY | pos=(210,16) | angle=27.8° | G=1 D=31 delta=30 | mu_N=0.00 mu_Z=0.00 mu_P=0.12 | da=12.27°
10:16:48.560 | DEBUG    | FUZZY | pos=(212,18) | angle=40.1° | G=1 D=7 delta=6 | mu_N=0.00 mu_Z=0.80 mu_P=0.02 | da=2.80°
10:16:48.576 | DEBUG    | FUZZY | pos=(214,20) | angle=42.9° | G=0 D=15 delta=15 | mu_N=0.00 mu_Z=0.50 mu_P=0.06 | da=1.82°
10:16:48.592 | DEBUG    | FUZZY | pos=(216,22) | angle=44.7° | G=0 D=15 delta=15 | mu_N=0.00 mu_Z=0.50 mu_P=0.06 | da=1.63°
10:16:48.608 | DEBUG    | FUZZY | pos=(218,24) | angle=46.4° | G=0 D=15 delta=15 | mu_N=0.00 mu_Z=0.50 mu_P=0.06 | da=1.59°
10:16:48.625 | DEBUG    | FUZZY | pos=(220,27) | angle=48.0° | G=0 D=14 delta=14 | mu_N=0.00 mu_Z=0.53 mu_P=0.05 | da=1.44°
10:16:48.641 | DEBUG    | FUZZY | pos=(222,29) | angle=49.4° | G=0 D=14 delta=14 | mu_N=0.00 mu_Z=0.53 mu_P=0.05 | da=1.41°
10:16:48.659 | DEBUG    | FUZZY | pos=(224,31) | angle=50.8° | G=0 D=30 delta=30 | mu_N=0.00 mu_Z=0.00 mu_P=0.12 | da=12.28°
10:16:48.675 | DEBUG    | FUZZY | pos=(226,34) | angle=63.1° | G=0 D=7 delta=7 | mu_N=0.00 mu_Z=0.77 mu_P=0.03 | da=2.87°
10:16:48.691 | DEBUG    | FUZZY | pos=(227,37) | angle=65.9° | G=0 D=7 delta=7 | mu_N=0.00 mu_Z=0.77 mu_P=0.03 | da=0.99°
10:16:48.708 | DEBUG    | FUZZY | pos=(228,39) | angle=66.9° | G=0 D=6 delta=6 | mu_N=0.00 mu_Z=0.80 mu_P=0.02 | da=0.54°
10:16:48.726 | DEBUG    | FUZZY | pos=(229,42) | angle=67.5° | G=0 D=14 delta=14 | mu_N=0.00 mu_Z=0.53 mu_P=0.05 | da=1.23°
10:16:48.742 | DEBUG    | FUZZY | pos=(230,45) | angle=68.7° | G=0 D=14 delta=14 | mu_N=0.00 mu_Z=0.53 mu_P=0.05 | da=1.37°
10:16:48.758 | DEBUG    | FUZZY | pos=(231,48) | angle=70.1° | G=0 D=14 delta=14 | mu_N=0.00 mu_Z=0.53 mu_P=0.05 | da=1.39°
10:16:48.776 | DEBUG    | FUZZY | pos=(232,51) | angle=71.5° | G=0 D=14 delta=14 | mu_N=0.00 mu_Z=0.53 mu_P=0.05 | da=1.40°
10:16:48.792 | DEBUG    | FUZZY | pos=(233,54) | angle=72.9° | G=0 D=14 delta=14 | mu_N=0.00 mu_Z=0.53 mu_P=0.05 | da=1.40°
10:16:48.809 | DEBUG    | FUZZY | pos=(234,56) | angle=74.3° | G=0 D=14 delta=14 | mu_N=0.00 mu_Z=0.53 mu_P=0.05 | da=1.40°
10:16:48.825 | DEBUG    | FUZZY | pos=(235,59) | angle=75.7° | G=0 D=14 delta=14 | mu_N=0.00 mu_Z=0.53 mu_P=0.05 | da=1.40°
10:16:48.840 | DEBUG    | FUZZY | pos=(235,62) | angle=77.1° | G=0 D=14 delta=14 | mu_N=0.00 mu_Z=0.53 mu_P=0.05 | da=1.40°
10:16:48.857 | DEBUG    | FUZZY | pos=(236,65) | angle=78.5° | G=0 D=14 delta=14 | mu_N=0.00 mu_Z=0.53 mu_P=0.05 | da=1.40°
10:16:48.873 | DEBUG    | FUZZY | pos=(237,68) | angle=79.9° | G=0 D=14 delta=14 | mu_N=0.00 mu_Z=0.53 mu_P=0.05 | da=1.40°
10:16:48.890 | DEBUG    | FUZZY | pos=(237,71) | angle=81.3° | G=0 D=14 delta=14 | mu_N=0.00 mu_Z=0.53 mu_P=0.05 | da=1.40°
10:16:48.907 | DEBUG    | FUZZY | pos=(237,74) | angle=82.7° | G=0 D=14 delta=14 | mu_N=0.00 mu_Z=0.53 mu_P=0.05 | da=1.40°
10:16:48.924 | DEBUG    | FUZZY | pos=(238,77) | angle=84.1° | G=0 D=14 delta=14 | mu_N=0.00 mu_Z=0.53 mu_P=0.05 | da=1.40°
10:16:48.940 | DEBUG    | FUZZY | pos=(238,80) | angle=85.5° | G=0 D=14 delta=14 | mu_N=0.00 mu_Z=0.53 mu_P=0.05 | da=1.40°
10:16:48.956 | DEBUG    | FUZZY | pos=(238,83) | angle=86.9° | G=0 D=6 delta=6 | mu_N=0.00 mu_Z=0.80 mu_P=0.02 | da=0.62°
10:16:48.972 | DEBUG    | FUZZY | pos=(238,86) | angle=87.5° | G=0 D=6 delta=6 | mu_N=0.00 mu_Z=0.80 mu_P=0.02 | da=0.47°
10:16:48.989 | DEBUG    | FUZZY | pos=(238,89) | angle=88.0° | G=0 D=6 delta=6 | mu_N=0.00 mu_Z=0.80 mu_P=0.02 | da=0.44°
10:16:49.008 | DEBUG    | FUZZY | pos=(238,92) | angle=88.4° | G=0 D=6 delta=6 | mu_N=0.00 mu_Z=0.80 mu_P=0.02 | da=0.43°
10:16:49.023 | DEBUG    | FUZZY | pos=(238,95) | angle=88.8° | G=0 D=6 delta=6 | mu_N=0.00 mu_Z=0.80 mu_P=0.02 | da=0.43°
10:16:49.039 | DEBUG    | FUZZY | pos=(239,98) | angle=89.2° | G=0 D=6 delta=6 | mu_N=0.00 mu_Z=0.80 mu_P=0.02 | da=0.43°
10:16:49.056 | DEBUG    | FUZZY | pos=(239,101) | angle=89.7° | G=0 D=6 delta=6 | mu_N=0.00 mu_Z=0.80 mu_P=0.02 | da=0.43°
10:16:49.074 | DEBUG    | FUZZY | pos=(239,104) | angle=90.1° | G=0 D=6 delta=6 | mu_N=0.00 mu_Z=0.80 mu_P=0.02 | da=0.43°
10:16:49.090 | DEBUG    | FUZZY | pos=(239,107) | angle=90.5° | G=0 D=6 delta=6 | mu_N=0.00 mu_Z=0.80 mu_P=0.02 | da=0.43°
10:16:49.106 | DEBUG    | FUZZY | pos=(238,110) | angle=91.0° | G=0 D=6 delta=6 | mu_N=0.00 mu_Z=0.80 mu_P=0.02 | da=0.43°
10:16:49.124 | DEBUG    | FUZZY | pos=(238,113) | angle=91.4° | G=0 D=7 delta=7 | mu_N=0.00 mu_Z=0.77 mu_P=0.03 | da=0.50°
10:16:49.141 | DEBUG    | FUZZY | pos=(238,116) | angle=91.9° | G=0 D=7 delta=7 | mu_N=0.00 mu_Z=0.77 mu_P=0.03 | da=0.51°
10:16:49.157 | DEBUG    | FUZZY | pos=(238,119) | angle=92.4° | G=0 D=7 delta=7 | mu_N=0.00 mu_Z=0.77 mu_P=0.03 | da=0.52°
10:16:49.173 | DEBUG    | FUZZY | pos=(238,122) | angle=92.9° | G=0 D=7 delta=7 | mu_N=0.00 mu_Z=0.77 mu_P=0.03 | da=0.52°
10:16:49.188 | DEBUG    | FUZZY | pos=(238,125) | angle=93.4° | G=0 D=7 delta=7 | mu_N=0.00 mu_Z=0.77 mu_P=0.03 | da=0.52°
10:16:49.205 | DEBUG    | FUZZY | pos=(238,128) | angle=94.0° | G=0 D=7 delta=7 | mu_N=0.00 mu_Z=0.77 mu_P=0.03 | da=0.52°
10:16:49.221 | DEBUG    | FUZZY | pos=(237,131) | angle=94.5° | G=0 D=7 delta=7 | mu_N=0.00 mu_Z=0.77 mu_P=0.03 | da=0.52°
10:16:49.238 | DEBUG    | FUZZY | pos=(237,134) | angle=95.0° | G=0 D=7 delta=7 | mu_N=0.00 mu_Z=0.77 mu_P=0.03 | da=0.52°
10:16:49.254 | DEBUG    | FUZZY | pos=(237,137) | angle=95.5° | G=0 D=7 delta=7 | mu_N=0.00 mu_Z=0.77 mu_P=0.03 | da=0.52°
10:16:49.270 | DEBUG    | FUZZY | pos=(237,140) | angle=96.0° | G=0 D=7 delta=7 | mu_N=0.00 mu_Z=0.77 mu_P=0.03 | da=0.52°
10:16:49.287 | DEBUG    | FUZZY | pos=(236,143) | angle=96.6° | G=0 D=7 delta=7 | mu_N=0.00 mu_Z=0.77 mu_P=0.03 | da=0.52°
10:16:49.305 | DEBUG    | FUZZY | pos=(236,146) | angle=97.1° | G=0 D=3 delta=3 | mu_N=0.00 mu_Z=0.90 mu_P=0.01 | da=0.26°
10:16:49.320 | DEBUG    | FUZZY | pos=(235,149) | angle=97.3° | G=0 D=3 delta=3 | mu_N=0.00 mu_Z=0.90 mu_P=0.01 | da=0.21°
10:16:49.337 | DEBUG    | FUZZY | pos=(235,152) | angle=97.5° | G=0 D=3 delta=3 | mu_N=0.00 mu_Z=0.90 mu_P=0.01 | da=0.20°
10:16:49.355 | DEBUG    | FUZZY | pos=(235,155) | angle=97.7° | G=0 D=3 delta=3 | mu_N=0.00 mu_Z=0.90 mu_P=0.01 | da=0.19°
10:16:49.371 | DEBUG    | FUZZY | pos=(234,158) | angle=97.9° | G=1 D=3 delta=2 | mu_N=0.00 mu_Z=0.93 mu_P=0.01 | da=0.14°
10:16:49.387 | DEBUG    | FUZZY | pos=(234,161) | angle=98.1° | G=1 D=3 delta=2 | mu_N=0.00 mu_Z=0.93 mu_P=0.01 | da=0.13°
10:16:49.406 | DEBUG    | FUZZY | pos=(233,164) | angle=98.2° | G=1 D=3 delta=2 | mu_N=0.00 mu_Z=0.93 mu_P=0.01 | da=0.13°
10:16:49.422 | DEBUG    | FUZZY | pos=(233,167) | angle=98.3° | G=1 D=3 delta=2 | mu_N=0.00 mu_Z=0.93 mu_P=0.01 | da=0.13°
10:16:49.441 | DEBUG    | FUZZY | pos=(232,170) | angle=98.4° | G=1 D=3 delta=2 | mu_N=0.00 mu_Z=0.93 mu_P=0.01 | da=0.13°
10:16:49.456 | DEBUG    | FUZZY | pos=(232,173) | angle=98.6° | G=1 D=3 delta=2 | mu_N=0.00 mu_Z=0.93 mu_P=0.01 | da=0.13°
10:16:49.472 | DEBUG    | FUZZY | pos=(232,176) | angle=98.7° | G=1 D=3 delta=2 | mu_N=0.00 mu_Z=0.93 mu_P=0.01 | da=0.13°
10:16:49.488 | DEBUG    | FUZZY | pos=(231,179) | angle=98.8° | G=1 D=3 delta=2 | mu_N=0.00 mu_Z=0.93 mu_P=0.01 | da=0.13°
10:16:49.505 | DEBUG    | FUZZY | pos=(231,182) | angle=98.9° | G=1 D=3 delta=2 | mu_N=0.00 mu_Z=0.93 mu_P=0.01 | da=0.13°
10:16:49.520 | DEBUG    | FUZZY | pos=(230,185) | angle=99.1° | G=1 D=1 delta=0 | mu_N=0.00 mu_Z=1.00 mu_P=0.00 | da=0.03°
10:16:49.537 | DEBUG    | FUZZY | pos=(230,187) | angle=99.1° | G=1 D=1 delta=0 | mu_N=0.00 mu_Z=1.00 mu_P=0.00 | da=0.01°
10:16:49.554 | DEBUG    | FUZZY | pos=(229,190) | angle=99.1° | G=1 D=1 delta=0 | mu_N=0.00 mu_Z=1.00 mu_P=0.00 | da=0.00°
10:16:49.570 | DEBUG    | FUZZY | pos=(229,193) | angle=99.1° | G=1 D=1 delta=0 | mu_N=0.00 mu_Z=1.00 mu_P=0.00 | da=0.00°
10:16:49.586 | DEBUG    | FUZZY | pos=(228,196) | angle=99.1° | G=3 D=1 delta=-2 | mu_N=0.01 mu_Z=0.93 mu_P=0.00 | da=-0.10°
10:16:49.604 | DEBUG    | FUZZY | pos=(228,199) | angle=99.0° | G=3 D=1 delta=-2 | mu_N=0.01 mu_Z=0.93 mu_P=0.00 | da=-0.12°
10:16:49.620 | DEBUG    | FUZZY | pos=(227,202) | angle=98.9° | G=3 D=1 delta=-2 | mu_N=0.01 mu_Z=0.93 mu_P=0.00 | da=-0.12°
10:16:49.637 | DEBUG    | FUZZY | pos=(227,205) | angle=98.8° | G=3 D=1 delta=-2 | mu_N=0.01 mu_Z=0.93 mu_P=0.00 | da=-0.12°
10:16:49.652 | DEBUG    | FUZZY | pos=(226,208) | angle=98.6° | G=3 D=1 delta=-2 | mu_N=0.01 mu_Z=0.93 mu_P=0.00 | da=-0.12°
10:16:49.668 | DEBUG    | FUZZY | pos=(226,211) | angle=98.5° | G=3 D=1 delta=-2 | mu_N=0.01 mu_Z=0.93 mu_P=0.00 | da=-0.12°
10:16:49.686 | DEBUG    | FUZZY | pos=(226,214) | angle=98.4° | G=3 D=1 delta=-2 | mu_N=0.01 mu_Z=0.93 mu_P=0.00 | da=-0.12°
10:16:49.702 | DEBUG    | FUZZY | pos=(225,217) | angle=98.3° | G=3 D=1 delta=-2 | mu_N=0.01 mu_Z=0.93 mu_P=0.00 | da=-0.12°
10:16:49.718 | DEBUG    | FUZZY | pos=(225,220) | angle=98.1° | G=131 D=1 delta=-130 | mu_N=0.51 mu_Z=0.00 mu_P=0.00 | da=-12.02°
10:16:49.735 | DEBUG    | FUZZY | pos=(225,223) | angle=86.1° | G=1 D=3 delta=2 | mu_N=0.00 mu_Z=0.93 mu_P=0.01 | da=-2.30°
10:16:49.751 | DEBUG    | FUZZY | pos=(225,226) | angle=83.8° | G=1 D=3 delta=2 | mu_N=0.00 mu_Z=0.93 mu_P=0.01 | da=-0.36°
10:16:49.767 | DEBUG    | FUZZY | pos=(226,229) | angle=83.4° | G=7 D=3 delta=-4 | mu_N=0.02 mu_Z=0.87 mu_P=0.00 | da=-0.29°
10:16:49.783 | DEBUG    | FUZZY | pos=(226,232) | angle=83.2° | G=127 D=3 delta=-124 | mu_N=0.49 mu_Z=0.00 mu_P=0.00 | da=-12.06°
10:16:49.800 | DEBUG    | FUZZY | pos=(227,235) | angle=71.1° | G=7 D=3 delta=-4 | mu_N=0.02 mu_Z=0.87 mu_P=0.00 | da=-2.62°
10:16:49.817 | DEBUG    | FUZZY | pos=(228,238) | angle=68.5° | G=15 D=3 delta=-12 | mu_N=0.05 mu_Z=0.60 mu_P=0.00 | da=-1.40°
10:16:49.833 | DEBUG    | FUZZY | pos=(229,240) | angle=67.1° | G=31 D=3 delta=-28 | mu_N=0.11 mu_Z=0.07 mu_P=0.00 | da=-7.75°
10:16:49.850 | DEBUG    | FUZZY | pos=(231,243) | angle=59.3° | G=15 D=1 delta=-14 | mu_N=0.05 mu_Z=0.53 mu_P=0.00 | da=-2.67°
10:16:49.866 | DEBUG    | FUZZY | pos=(232,246) | angle=56.7° | G=15 D=1 delta=-14 | mu_N=0.05 mu_Z=0.53 mu_P=0.00 | da=-1.65°
10:16:49.881 | DEBUG    | FUZZY | pos=(234,248) | angle=55.0° | G=15 D=0 delta=-15 | mu_N=0.06 mu_Z=0.50 mu_P=0.00 | da=-1.59°
10:16:49.898 | DEBUG    | FUZZY | pos=(236,250) | angle=53.4° | G=31 D=0 delta=-31 | mu_N=0.12 mu_Z=0.00 mu_P=0.00 | da=-12.32°
10:16:49.915 | DEBUG    | FUZZY | pos=(238,252) | angle=41.1° | G=7 D=0 delta=-7 | mu_N=0.03 mu_Z=0.77 mu_P=0.00 | da=-2.88°
10:16:49.932 | DEBUG    | FUZZY | pos=(240,254) | angle=38.2° | G=7 D=0 delta=-7 | mu_N=0.03 mu_Z=0.77 mu_P=0.00 | da=-0.99°
10:16:49.950 | DEBUG    | FUZZY | pos=(243,256) | angle=37.2° | G=15 D=0 delta=-15 | mu_N=0.06 mu_Z=0.50 mu_P=0.00 | da=-1.46°
10:16:49.967 | DEBUG    | FUZZY | pos=(245,258) | angle=35.8° | G=14 D=0 delta=-14 | mu_N=0.05 mu_Z=0.53 mu_P=0.00 | da=-1.41°
10:16:49.984 | DEBUG    | FUZZY | pos=(248,259) | angle=34.4° | G=14 D=0 delta=-14 | mu_N=0.05 mu_Z=0.53 mu_P=0.00 | da=-1.40°
10:16:49.999 | DEBUG    | FUZZY | pos=(250,261) | angle=32.9° | G=14 D=0 delta=-14 | mu_N=0.05 mu_Z=0.53 mu_P=0.00 | da=-1.40°
10:16:50.016 | DEBUG    | FUZZY | pos=(253,263) | angle=31.5° | G=14 D=0 delta=-14 | mu_N=0.05 mu_Z=0.53 mu_P=0.00 | da=-1.40°
10:16:50.031 | DEBUG    | FUZZY | pos=(255,264) | angle=30.1° | G=14 D=0 delta=-14 | mu_N=0.05 mu_Z=0.53 mu_P=0.00 | da=-1.40°
10:16:50.048 | DEBUG    | FUZZY | pos=(258,266) | angle=28.7° | G=14 D=0 delta=-14 | mu_N=0.05 mu_Z=0.53 mu_P=0.00 | da=-1.40°
10:16:50.065 | DEBUG    | FUZZY | pos=(261,267) | angle=27.3° | G=28 D=0 delta=-28 | mu_N=0.11 mu_Z=0.07 mu_P=0.00 | da=-7.75°
10:16:50.083 | DEBUG    | FUZZY | pos=(264,268) | angle=19.6° | G=14 D=0 delta=-14 | mu_N=0.05 mu_Z=0.53 mu_P=0.00 | da=-2.67°
10:16:50.098 | DEBUG    | FUZZY | pos=(266,269) | angle=16.9° | G=14 D=0 delta=-14 | mu_N=0.05 mu_Z=0.53 mu_P=0.00 | da=-1.65°
10:16:50.116 | DEBUG    | FUZZY | pos=(269,270) | angle=15.3° | G=14 D=0 delta=-14 | mu_N=0.05 mu_Z=0.53 mu_P=0.00 | da=-1.45°
10:16:50.132 | DEBUG    | FUZZY | pos=(272,270) | angle=13.8° | G=14 D=0 delta=-14 | mu_N=0.05 mu_Z=0.53 mu_P=0.00 | da=-1.41°
10:16:50.148 | DEBUG    | FUZZY | pos=(275,271) | angle=12.4° | G=14 D=0 delta=-14 | mu_N=0.05 mu_Z=0.53 mu_P=0.00 | da=-1.40°
10:16:50.165 | DEBUG    | FUZZY | pos=(278,272) | angle=11.0° | G=14 D=0 delta=-14 | mu_N=0.05 mu_Z=0.53 mu_P=0.00 | da=-1.40°
10:16:50.180 | DEBUG    | FUZZY | pos=(281,272) | angle=9.6° | G=14 D=0 delta=-14 | mu_N=0.05 mu_Z=0.53 mu_P=0.00 | da=-1.40°
10:16:50.197 | DEBUG    | FUZZY | pos=(284,273) | angle=8.2° | G=14 D=0 delta=-14 | mu_N=0.05 mu_Z=0.53 mu_P=0.00 | da=-1.40°
10:16:50.213 | DEBUG    | FUZZY | pos=(287,273) | angle=6.8° | G=14 D=0 delta=-14 | mu_N=0.05 mu_Z=0.53 mu_P=0.00 | da=-1.40°
10:16:50.231 | DEBUG    | FUZZY | pos=(290,273) | angle=5.4° | G=14 D=0 delta=-14 | mu_N=0.05 mu_Z=0.53 mu_P=0.00 | da=-1.40°
10:16:50.247 | DEBUG    | FUZZY | pos=(293,273) | angle=4.0° | G=14 D=0 delta=-14 | mu_N=0.05 mu_Z=0.53 mu_P=0.00 | da=-1.40°
10:16:50.264 | DEBUG    | FUZZY | pos=(296,274) | angle=2.6° | G=6 D=0 delta=-6 | mu_N=0.02 mu_Z=0.80 mu_P=0.00 | da=-0.62°
10:16:50.280 | DEBUG    | FUZZY | pos=(299,274) | angle=2.0° | G=6 D=0 delta=-6 | mu_N=0.02 mu_Z=0.80 mu_P=0.00 | da=-0.47°
10:16:50.297 | DEBUG    | FUZZY | pos=(302,274) | angle=1.5° | G=6 D=0 delta=-6 | mu_N=0.02 mu_Z=0.80 mu_P=0.00 | da=-0.44°
10:16:50.312 | DEBUG    | FUZZY | pos=(305,274) | angle=1.1° | G=6 D=0 delta=-6 | mu_N=0.02 mu_Z=0.80 mu_P=0.00 | da=-0.43°
10:16:50.328 | DEBUG    | FUZZY | pos=(308,274) | angle=0.7° | G=6 D=0 delta=-6 | mu_N=0.02 mu_Z=0.80 mu_P=0.00 | da=-0.43°
10:16:50.346 | DEBUG    | FUZZY | pos=(311,274) | angle=0.2° | G=6 D=0 delta=-6 | mu_N=0.02 mu_Z=0.80 mu_P=0.00 | da=-0.43°
10:16:50.361 | DEBUG    | FUZZY | pos=(314,274) | angle=-0.2° | G=6 D=0 delta=-6 | mu_N=0.02 mu_Z=0.80 mu_P=0.00 | da=-0.43°
10:16:50.378 | DEBUG    | FUZZY | pos=(317,274) | angle=-0.6° | G=6 D=0 delta=-6 | mu_N=0.02 mu_Z=0.80 mu_P=0.00 | da=-0.43°
10:16:50.395 | DEBUG    | FUZZY | pos=(320,274) | angle=-1.1° | G=6 D=0 delta=-6 | mu_N=0.02 mu_Z=0.80 mu_P=0.00 | da=-0.43°
10:16:50.412 | DEBUG    | FUZZY | pos=(323,274) | angle=-1.5° | G=6 D=0 delta=-6 | mu_N=0.02 mu_Z=0.80 mu_P=0.00 | da=-0.43°
10:16:50.428 | DEBUG    | FUZZY | pos=(326,274) | angle=-1.9° | G=7 D=0 delta=-7 | mu_N=0.03 mu_Z=0.77 mu_P=0.00 | da=-0.50°
10:16:50.445 | DEBUG    | FUZZY | pos=(329,273) | angle=-2.4° | G=7 D=0 delta=-7 | mu_N=0.03 mu_Z=0.77 mu_P=0.00 | da=-0.51°
10:16:50.461 | DEBUG    | FUZZY | pos=(332,273) | angle=-2.9° | G=7 D=0 delta=-7 | mu_N=0.03 mu_Z=0.77 mu_P=0.00 | da=-0.52°
10:16:50.478 | DEBUG    | FUZZY | pos=(335,273) | angle=-3.4° | G=7 D=0 delta=-7 | mu_N=0.03 mu_Z=0.77 mu_P=0.00 | da=-0.52°
10:16:50.496 | DEBUG    | FUZZY | pos=(338,273) | angle=-4.0° | G=7 D=0 delta=-7 | mu_N=0.03 mu_Z=0.77 mu_P=0.00 | da=-0.52°
10:16:50.513 | DEBUG    | FUZZY | pos=(341,273) | angle=-4.5° | G=7 D=0 delta=-7 | mu_N=0.03 mu_Z=0.77 mu_P=0.00 | da=-0.52°
10:16:50.528 | DEBUG    | FUZZY | pos=(344,272) | angle=-5.0° | G=7 D=0 delta=-7 | mu_N=0.03 mu_Z=0.77 mu_P=0.00 | da=-0.52°
10:16:50.546 | DEBUG    | FUZZY | pos=(347,272) | angle=-5.5° | G=7 D=0 delta=-7 | mu_N=0.03 mu_Z=0.77 mu_P=0.00 | da=-0.52°
10:16:50.564 | DEBUG    | FUZZY | pos=(350,272) | angle=-6.0° | G=7 D=0 delta=-7 | mu_N=0.03 mu_Z=0.77 mu_P=0.00 | da=-0.52°
10:16:50.581 | DEBUG    | FUZZY | pos=(353,271) | angle=-6.6° | G=7 D=0 delta=-7 | mu_N=0.03 mu_Z=0.77 mu_P=0.00 | da=-0.52°
10:16:50.597 | DEBUG    | FUZZY | pos=(356,271) | angle=-7.1° | G=3 D=0 delta=-3 | mu_N=0.01 mu_Z=0.90 mu_P=0.00 | da=-0.26°
10:16:50.614 | DEBUG    | FUZZY | pos=(359,271) | angle=-7.3° | G=3 D=0 delta=-3 | mu_N=0.01 mu_Z=0.90 mu_P=0.00 | da=-0.21°
10:16:50.630 | DEBUG    | FUZZY | pos=(362,270) | angle=-7.5° | G=3 D=0 delta=-3 | mu_N=0.01 mu_Z=0.90 mu_P=0.00 | da=-0.20°
10:16:50.646 | DEBUG    | FUZZY | pos=(365,270) | angle=-7.7° | G=3 D=0 delta=-3 | mu_N=0.01 mu_Z=0.90 mu_P=0.00 | da=-0.19°
10:16:50.662 | DEBUG    | FUZZY | pos=(368,269) | angle=-7.9° | G=3 D=1 delta=-2 | mu_N=0.01 mu_Z=0.93 mu_P=0.00 | da=-0.14°
10:16:50.678 | DEBUG    | FUZZY | pos=(371,269) | angle=-8.1° | G=3 D=1 delta=-2 | mu_N=0.01 mu_Z=0.93 mu_P=0.00 | da=-0.13°
10:16:50.695 | DEBUG    | FUZZY | pos=(374,269) | angle=-8.2° | G=3 D=1 delta=-2 | mu_N=0.01 mu_Z=0.93 mu_P=0.00 | da=-0.13°
10:16:50.711 | DEBUG    | FUZZY | pos=(377,268) | angle=-8.3° | G=3 D=1 delta=-2 | mu_N=0.01 mu_Z=0.93 mu_P=0.00 | da=-0.13°
10:16:50.728 | DEBUG    | FUZZY | pos=(380,268) | angle=-8.4° | G=3 D=1 delta=-2 | mu_N=0.01 mu_Z=0.93 mu_P=0.00 | da=-0.13°
10:16:50.745 | DEBUG    | FUZZY | pos=(383,267) | angle=-8.6° | G=3 D=1 delta=-2 | mu_N=0.01 mu_Z=0.93 mu_P=0.00 | da=-0.13°
10:16:50.760 | DEBUG    | FUZZY | pos=(386,267) | angle=-8.7° | G=3 D=193 delta=190 | mu_N=0.00 mu_Z=0.00 mu_P=0.75 | da=11.97°
10:16:50.778 | DEBUG    | FUZZY | pos=(389,267) | angle=3.3° | G=7 D=0 delta=-7 | mu_N=0.03 mu_Z=0.77 mu_P=0.00 | da=1.98°
10:16:50.794 | DEBUG    | FUZZY | pos=(392,267) | angle=5.3° | G=7 D=0 delta=-7 | mu_N=0.03 mu_Z=0.77 mu_P=0.00 | da=-0.02°
10:16:50.811 | DEBUG    | FUZZY | pos=(395,268) | angle=5.2° | G=7 D=31 delta=24 | mu_N=0.00 mu_Z=0.20 mu_P=0.09 | da=3.84°
10:16:50.827 | DEBUG    | FUZZY | pos=(398,268) | angle=9.1° | G=7 D=31 delta=24 | mu_N=0.00 mu_Z=0.20 mu_P=0.09 | da=4.61°
10:16:50.843 | DEBUG    | FUZZY | pos=(400,269) | angle=13.7° | G=3 D=31 delta=28 | mu_N=0.00 mu_Z=0.07 mu_P=0.11 | da=8.39°
10:16:50.859 | DEBUG    | FUZZY | pos=(403,270) | angle=22.1° | G=7 D=15 delta=8 | mu_N=0.00 mu_Z=0.73 mu_P=0.03 | da=2.17°
10:16:50.875 | DEBUG    | FUZZY | pos=(406,271) | angle=24.2° | G=3 D=15 delta=12 | mu_N=0.00 mu_Z=0.60 mu_P=0.05 | da=1.31°
10:16:50.891 | DEBUG    | FUZZY | pos=(409,272) | angle=25.5° | G=1 D=31 delta=30 | mu_N=0.00 mu_Z=0.00 mu_P=0.12 | da=12.26°
10:16:50.908 | DEBUG    | FUZZY | pos=(411,274) | angle=37.8° | G=1 D=7 delta=6 | mu_N=0.00 mu_Z=0.80 mu_P=0.02 | da=2.80°
10:16:50.926 | DEBUG    | FUZZY | pos=(413,276) | angle=40.6° | G=1 D=15 delta=14 | mu_N=0.00 mu_Z=0.53 mu_P=0.05 | da=1.68°
10:16:50.944 | DEBUG    | FUZZY | pos=(416,278) | angle=42.3° | G=0 D=15 delta=15 | mu_N=0.00 mu_Z=0.50 mu_P=0.06 | da=1.60°
10:16:50.973 | DEBUG    | FUZZY | pos=(418,280) | angle=43.9° | G=0 D=15 delta=15 | mu_N=0.00 mu_Z=0.50 mu_P=0.06 | da=1.58°
10:16:50.985 | DEBUG    | FUZZY | pos=(420,282) | angle=45.5° | G=0 D=14 delta=14 | mu_N=0.00 mu_Z=0.53 mu_P=0.05 | da=1.44°
10:16:50.998 | DEBUG    | FUZZY | pos=(422,285) | angle=46.9° | G=0 D=30 delta=30 | mu_N=0.00 mu_Z=0.00 mu_P=0.12 | da=12.29°
10:16:51.014 | DEBUG    | FUZZY | pos=(423,287) | angle=59.2° | G=0 D=7 delta=7 | mu_N=0.00 mu_Z=0.77 mu_P=0.03 | da=2.87°
10:16:51.029 | DEBUG    | FUZZY | pos=(425,290) | angle=62.1° | G=0 D=7 delta=7 | mu_N=0.00 mu_Z=0.77 mu_P=0.03 | da=0.99°
10:16:51.046 | DEBUG    | FUZZY | pos=(426,293) | angle=63.0° | G=0 D=14 delta=14 | mu_N=0.00 mu_Z=0.53 mu_P=0.05 | da=1.32°
10:16:51.061 | DEBUG    | FUZZY | pos=(427,295) | angle=64.4° | G=0 D=14 delta=14 | mu_N=0.00 mu_Z=0.53 mu_P=0.05 | da=1.38°
10:16:51.077 | DEBUG    | FUZZY | pos=(429,298) | angle=65.8° | G=0 D=14 delta=14 | mu_N=0.00 mu_Z=0.53 mu_P=0.05 | da=1.40°
10:16:51.093 | DEBUG    | FUZZY | pos=(430,301) | angle=67.1° | G=0 D=14 delta=14 | mu_N=0.00 mu_Z=0.53 mu_P=0.05 | da=1.40°
10:16:51.109 | DEBUG    | FUZZY | pos=(431,304) | angle=68.5° | G=0 D=14 delta=14 | mu_N=0.00 mu_Z=0.53 mu_P=0.05 | da=1.40°
10:16:51.127 | DEBUG    | FUZZY | pos=(432,306) | angle=69.9° | G=0 D=14 delta=14 | mu_N=0.00 mu_Z=0.53 mu_P=0.05 | da=1.40°
10:16:51.145 | DEBUG    | FUZZY | pos=(433,309) | angle=71.3° | G=0 D=14 delta=14 | mu_N=0.00 mu_Z=0.53 mu_P=0.05 | da=1.40°
10:16:51.161 | DEBUG    | FUZZY | pos=(434,312) | angle=72.7° | G=0 D=14 delta=14 | mu_N=0.00 mu_Z=0.53 mu_P=0.05 | da=1.40°
10:16:51.178 | DEBUG    | FUZZY | pos=(435,315) | angle=74.1° | G=0 D=14 delta=14 | mu_N=0.00 mu_Z=0.53 mu_P=0.05 | da=1.40°
10:16:51.197 | DEBUG    | FUZZY | pos=(435,318) | angle=75.5° | G=0 D=14 delta=14 | mu_N=0.00 mu_Z=0.53 mu_P=0.05 | da=1.40°
10:16:51.213 | DEBUG    | FUZZY | pos=(436,321) | angle=76.9° | G=0 D=14 delta=14 | mu_N=0.00 mu_Z=0.53 mu_P=0.05 | da=1.40°
10:16:51.228 | DEBUG    | FUZZY | pos=(437,324) | angle=78.3° | G=0 D=14 delta=14 | mu_N=0.00 mu_Z=0.53 mu_P=0.05 | da=1.40°
10:16:51.245 | DEBUG    | FUZZY | pos=(437,327) | angle=79.7° | G=0 D=14 delta=14 | mu_N=0.00 mu_Z=0.53 mu_P=0.05 | da=1.40°
10:16:51.259 | DEBUG    | FUZZY | pos=(438,330) | angle=81.1° | G=0 D=14 delta=14 | mu_N=0.00 mu_Z=0.53 mu_P=0.05 | da=1.40°
10:16:51.276 | DEBUG    | FUZZY | pos=(438,333) | angle=82.5° | G=0 D=14 delta=14 | mu_N=0.00 mu_Z=0.53 mu_P=0.05 | da=1.40°
10:16:51.291 | DEBUG    | FUZZY | pos=(438,336) | angle=83.9° | G=0 D=14 delta=14 | mu_N=0.00 mu_Z=0.53 mu_P=0.05 | da=1.40°
10:16:51.309 | DEBUG    | FUZZY | pos=(439,339) | angle=85.3° | G=0 D=14 delta=14 | mu_N=0.00 mu_Z=0.53 mu_P=0.05 | da=1.40°
10:16:51.326 | DEBUG    | FUZZY | pos=(439,342) | angle=86.7° | G=0 D=14 delta=14 | mu_N=0.00 mu_Z=0.53 mu_P=0.05 | da=1.40°
10:16:51.341 | DEBUG    | FUZZY | pos=(439,345) | angle=88.1° | G=0 D=6 delta=6 | mu_N=0.00 mu_Z=0.80 mu_P=0.02 | da=0.62°
10:16:51.358 | DEBUG    | FUZZY | pos=(439,348) | angle=88.8° | G=0 D=6 delta=6 | mu_N=0.00 mu_Z=0.80 mu_P=0.02 | da=0.47°
10:16:51.375 | DEBUG    | FUZZY | pos=(439,351) | angle=89.2° | G=0 D=6 delta=6 | mu_N=0.00 mu_Z=0.80 mu_P=0.02 | da=0.44°
10:16:51.391 | DEBUG    | FUZZY | pos=(439,354) | angle=89.7° | G=0 D=6 delta=6 | mu_N=0.00 mu_Z=0.80 mu_P=0.02 | da=0.43°
10:16:51.407 | DEBUG    | FUZZY | pos=(439,357) | angle=90.1° | G=0 D=6 delta=6 | mu_N=0.00 mu_Z=0.80 mu_P=0.02 | da=0.43°
10:16:51.425 | DEBUG    | FUZZY | pos=(439,360) | angle=90.5° | G=0 D=6 delta=6 | mu_N=0.00 mu_Z=0.80 mu_P=0.02 | da=0.43°
10:16:51.440 | DEBUG    | FUZZY | pos=(439,363) | angle=91.0° | G=0 D=6 delta=6 | mu_N=0.00 mu_Z=0.80 mu_P=0.02 | da=0.43°
10:16:51.457 | DEBUG    | FUZZY | pos=(439,366) | angle=91.4° | G=0 D=6 delta=6 | mu_N=0.00 mu_Z=0.80 mu_P=0.02 | da=0.43°
10:16:51.475 | DEBUG    | FUZZY | pos=(439,369) | angle=91.8° | G=0 D=6 delta=6 | mu_N=0.00 mu_Z=0.80 mu_P=0.02 | da=0.43°
10:16:51.493 | DEBUG    | FUZZY | pos=(439,372) | angle=92.2° | G=0 D=7 delta=7 | mu_N=0.00 mu_Z=0.77 mu_P=0.03 | da=0.50°
10:16:51.509 | DEBUG    | FUZZY | pos=(439,375) | angle=92.7° | G=0 D=7 delta=7 | mu_N=0.00 mu_Z=0.77 mu_P=0.03 | da=0.51°
10:16:51.526 | DEBUG    | FUZZY | pos=(438,378) | angle=93.3° | G=0 D=7 delta=7 | mu_N=0.00 mu_Z=0.77 mu_P=0.03 | da=0.52°
10:16:51.542 | DEBUG    | FUZZY | pos=(438,381) | angle=93.8° | G=0 D=255 delta=255 | mu_N=0.00 mu_Z=0.00 mu_P=1.00 | da=12.10°
10:16:51.558 | DEBUG    | FUZZY | pos=(437,383) | angle=105.9° | G=1 D=7 delta=6 | mu_N=0.00 mu_Z=0.80 mu_P=0.02 | da=2.76°
10:16:51.574 | DEBUG    | FUZZY | pos=(436,386) | angle=108.6° | G=0 D=15 delta=15 | mu_N=0.00 mu_Z=0.50 mu_P=0.06 | da=1.82°
10:16:51.590 | DEBUG    | FUZZY | pos=(435,389) | angle=110.5° | G=0 D=31 delta=31 | mu_N=0.00 mu_Z=0.00 mu_P=0.12 | da=12.36°
10:16:51.606 | DEBUG    | FUZZY | pos=(434,392) | angle=122.8° | G=1 D=7 delta=6 | mu_N=0.00 mu_Z=0.80 mu_P=0.02 | da=2.82°
10:16:51.623 | DEBUG    | FUZZY | pos=(432,394) | angle=125.6° | G=1 D=7 delta=6 | mu_N=0.00 mu_Z=0.80 mu_P=0.02 | da=0.91°
10:16:51.640 | DEBUG    | FUZZY | pos=(430,396) | angle=126.5° | G=1 D=15 delta=14 | mu_N=0.00 mu_Z=0.53 mu_P=0.05 | da=1.30°
10:16:51.657 | DEBUG    | FUZZY | pos=(428,399) | angle=127.8° | G=0 D=15 delta=15 | mu_N=0.00 mu_Z=0.50 mu_P=0.06 | da=1.52°
10:16:51.674 | DEBUG    | FUZZY | pos=(426,401) | angle=129.4° | G=0 D=15 delta=15 | mu_N=0.00 mu_Z=0.50 mu_P=0.06 | da=1.57°
10:16:51.690 | DEBUG    | FUZZY | pos=(424,403) | angle=130.9° | G=0 D=30 delta=30 | mu_N=0.00 mu_Z=0.00 mu_P=0.12 | da=12.31°
10:16:51.706 | DEBUG    | FUZZY | pos=(422,405) | angle=143.3° | G=0 D=7 delta=7 | mu_N=0.00 mu_Z=0.77 mu_P=0.03 | da=2.88°
10:16:51.723 | DEBUG    | FUZZY | pos=(420,407) | angle=146.1° | G=0 D=7 delta=7 | mu_N=0.00 mu_Z=0.77 mu_P=0.03 | da=0.99°
10:16:51.740 | DEBUG    | FUZZY | pos=(417,408) | angle=147.1° | G=0 D=15 delta=15 | mu_N=0.00 mu_Z=0.50 mu_P=0.06 | da=1.46°
10:16:51.757 | DEBUG    | FUZZY | pos=(414,410) | angle=148.6° | G=0 D=14 delta=14 | mu_N=0.00 mu_Z=0.53 mu_P=0.05 | da=1.41°
10:16:51.773 | DEBUG    | FUZZY | pos=(412,412) | angle=150.0° | G=0 D=14 delta=14 | mu_N=0.00 mu_Z=0.53 mu_P=0.05 | da=1.40°
10:16:51.790 | DEBUG    | FUZZY | pos=(409,413) | angle=151.4° | G=0 D=14 delta=14 | mu_N=0.00 mu_Z=0.53 mu_P=0.05 | da=1.40°
10:16:51.806 | DEBUG    | FUZZY | pos=(407,414) | angle=152.8° | G=0 D=14 delta=14 | mu_N=0.00 mu_Z=0.53 mu_P=0.05 | da=1.40°
10:16:51.823 | DEBUG    | FUZZY | pos=(404,416) | angle=154.2° | G=0 D=14 delta=14 | mu_N=0.00 mu_Z=0.53 mu_P=0.05 | da=1.40°
10:16:51.840 | DEBUG    | FUZZY | pos=(401,417) | angle=155.6° | G=0 D=14 delta=14 | mu_N=0.00 mu_Z=0.53 mu_P=0.05 | da=1.40°
10:16:51.857 | DEBUG    | FUZZY | pos=(398,418) | angle=157.0° | G=0 D=14 delta=14 | mu_N=0.00 mu_Z=0.53 mu_P=0.05 | da=1.40°
10:16:51.873 | DEBUG    | FUZZY | pos=(396,419) | angle=158.4° | G=0 D=14 delta=14 | mu_N=0.00 mu_Z=0.53 mu_P=0.05 | da=1.40°
10:16:51.892 | DEBUG    | FUZZY | pos=(393,420) | angle=159.8° | G=0 D=14 delta=14 | mu_N=0.00 mu_Z=0.53 mu_P=0.05 | da=1.40°
10:16:51.908 | DEBUG    | FUZZY | pos=(390,421) | angle=161.2° | G=0 D=12 delta=12 | mu_N=0.00 mu_Z=0.60 mu_P=0.05 | da=1.15°
10:16:51.925 | DEBUG    | FUZZY | pos=(387,422) | angle=162.4° | G=0 D=12 delta=12 | mu_N=0.00 mu_Z=0.60 mu_P=0.05 | da=1.10°
10:16:51.938 | DEBUG    | FUZZY | pos=(384,423) | angle=163.5° | G=0 D=12 delta=12 | mu_N=0.00 mu_Z=0.60 mu_P=0.05 | da=1.09°
10:16:51.955 | DEBUG    | FUZZY | pos=(381,424) | angle=164.5° | G=0 D=12 delta=12 | mu_N=0.00 mu_Z=0.60 mu_P=0.05 | da=1.09°
10:16:51.971 | DEBUG    | FUZZY | pos=(378,424) | angle=165.6° | G=0 D=28 delta=28 | mu_N=0.00 mu_Z=0.07 mu_P=0.11 | da=7.68°
10:16:51.988 | DEBUG    | FUZZY | pos=(375,425) | angle=173.3° | G=0 D=14 delta=14 | mu_N=0.00 mu_Z=0.53 mu_P=0.05 | da=2.66°
10:16:52.004 | DEBUG    | FUZZY | pos=(372,425) | angle=176.0° | G=0 D=14 delta=14 | mu_N=0.00 mu_Z=0.53 mu_P=0.05 | da=1.65°
10:16:52.021 | DEBUG    | FUZZY | pos=(369,425) | angle=177.6° | G=0 D=14 delta=14 | mu_N=0.00 mu_Z=0.53 mu_P=0.05 | da=1.45°
10:16:52.037 | DEBUG    | FUZZY | pos=(366,425) | angle=179.1° | G=0 D=14 delta=14 | mu_N=0.00 mu_Z=0.53 mu_P=0.05 | da=1.41°
10:16:52.054 | DEBUG    | FUZZY | pos=(363,425) | angle=180.5° | G=0 D=14 delta=14 | mu_N=0.00 mu_Z=0.53 mu_P=0.05 | da=1.40°
10:16:52.071 | DEBUG    | FUZZY | pos=(360,425) | angle=181.9° | G=240 D=6 delta=-234 | mu_N=0.92 mu_Z=0.00 mu_P=0.00 | da=-11.72°
10:16:52.088 | DEBUG    | FUZZY | pos=(357,426) | angle=170.2° | G=1 D=15 delta=14 | mu_N=0.00 mu_Z=0.53 mu_P=0.05 | da=-1.22°
10:16:52.105 | DEBUG    | FUZZY | pos=(355,426) | angle=169.0° | G=15 D=15 delta=0 | mu_N=0.00 mu_Z=1.00 mu_P=0.00 | da=-0.24°
10:16:52.123 | DEBUG    | FUZZY | pos=(352,427) | angle=168.7° | G=63 D=7 delta=-56 | mu_N=0.22 mu_Z=0.00 mu_P=0.00 | da=-12.05°
10:16:52.140 | DEBUG    | FUZZY | pos=(349,428) | angle=156.7° | G=7 D=15 delta=8 | mu_N=0.00 mu_Z=0.73 mu_P=0.03 | da=-1.92°
10:16:52.154 | DEBUG    | FUZZY | pos=(346,429) | angle=154.7° | G=15 D=3 delta=-12 | mu_N=0.05 mu_Z=0.60 mu_P=0.00 | da=-1.26°
10:16:52.170 | DEBUG    | FUZZY | pos=(343,431) | angle=153.5° | G=31 D=3 delta=-28 | mu_N=0.11 mu_Z=0.07 mu_P=0.00 | da=-7.72°
10:16:52.187 | DEBUG    | FUZZY | pos=(341,432) | angle=145.8° | G=15 D=1 delta=-14 | mu_N=0.05 mu_Z=0.53 mu_P=0.00 | da=-2.66°
10:16:52.204 | DEBUG    | FUZZY | pos=(339,434) | angle=143.1° | G=15 D=1 delta=-14 | mu_N=0.05 mu_Z=0.53 mu_P=0.00 | da=-1.65°
10:16:52.220 | DEBUG    | FUZZY | pos=(336,436) | angle=141.4° | G=15 D=0 delta=-15 | mu_N=0.06 mu_Z=0.50 mu_P=0.00 | da=-1.59°
10:16:52.237 | DEBUG    | FUZZY | pos=(334,438) | angle=139.9° | G=31 D=0 delta=-31 | mu_N=0.12 mu_Z=0.00 mu_P=0.00 | da=-12.32°
10:16:52.253 | DEBUG    | FUZZY | pos=(332,440) | angle=127.5° | G=7 D=0 delta=-7 | mu_N=0.03 mu_Z=0.77 mu_P=0.00 | da=-2.88°
10:16:52.270 | DEBUG    | FUZZY | pos=(330,443) | angle=124.7° | G=7 D=0 delta=-7 | mu_N=0.03 mu_Z=0.77 mu_P=0.00 | da=-0.99°
10:16:52.286 | DEBUG    | FUZZY | pos=(329,445) | angle=123.7° | G=15 D=0 delta=-15 | mu_N=0.06 mu_Z=0.50 mu_P=0.00 | da=-1.46°
10:16:52.302 | DEBUG    | FUZZY | pos=(327,448) | angle=122.2° | G=15 D=0 delta=-15 | mu_N=0.06 mu_Z=0.50 mu_P=0.00 | da=-1.56°
10:16:52.318 | DEBUG    | FUZZY | pos=(326,450) | angle=120.7° | G=14 D=0 delta=-14 | mu_N=0.05 mu_Z=0.53 mu_P=0.00 | da=-1.43°
10:16:52.335 | DEBUG    | FUZZY | pos=(324,453) | angle=119.2° | G=14 D=0 delta=-14 | mu_N=0.05 mu_Z=0.53 mu_P=0.00 | da=-1.41°
10:16:52.352 | DEBUG    | FUZZY | pos=(323,456) | angle=117.8° | G=14 D=0 delta=-14 | mu_N=0.05 mu_Z=0.53 mu_P=0.00 | da=-1.40°
10:16:52.368 | DEBUG    | FUZZY | pos=(321,458) | angle=116.4° | G=14 D=0 delta=-14 | mu_N=0.05 mu_Z=0.53 mu_P=0.00 | da=-1.40°
10:16:52.384 | DEBUG    | FUZZY | pos=(320,461) | angle=115.0° | G=14 D=0 delta=-14 | mu_N=0.05 mu_Z=0.53 mu_P=0.00 | da=-1.40°
10:16:52.401 | DEBUG    | FUZZY | pos=(319,464) | angle=113.6° | G=14 D=0 delta=-14 | mu_N=0.05 mu_Z=0.53 mu_P=0.00 | da=-1.40°
10:16:52.418 | DEBUG    | FUZZY | pos=(318,467) | angle=112.2° | G=14 D=0 delta=-14 | mu_N=0.05 mu_Z=0.53 mu_P=0.00 | da=-1.40°
10:16:52.434 | DEBUG    | FUZZY | pos=(317,469) | angle=110.8° | G=14 D=0 delta=-14 | mu_N=0.05 mu_Z=0.53 mu_P=0.00 | da=-1.40°
10:16:52.453 | DEBUG    | FUZZY | pos=(316,472) | angle=109.4° | G=14 D=0 delta=-14 | mu_N=0.05 mu_Z=0.53 mu_P=0.00 | da=-1.40°
10:16:52.470 | DEBUG    | FUZZY | pos=(315,475) | angle=108.0° | G=14 D=0 delta=-14 | mu_N=0.05 mu_Z=0.53 mu_P=0.00 | da=-1.40°
10:16:52.485 | DEBUG    | FUZZY | pos=(314,478) | angle=106.6° | G=12 D=0 delta=-12 | mu_N=0.05 mu_Z=0.60 mu_P=0.00 | da=-1.15°
10:16:52.501 | DEBUG    | FUZZY | pos=(313,481) | angle=105.5° | G=12 D=0 delta=-12 | mu_N=0.05 mu_Z=0.60 mu_P=0.00 | da=-1.10°
10:16:52.518 | DEBUG    | FUZZY | pos=(312,484) | angle=104.4° | G=12 D=0 delta=-12 | mu_N=0.05 mu_Z=0.60 mu_P=0.00 | da=-1.09°
10:16:52.534 | DEBUG    | FUZZY | pos=(312,487) | angle=103.3° | G=12 D=0 delta=-12 | mu_N=0.05 mu_Z=0.60 mu_P=0.00 | da=-1.09°
10:16:52.554 | DEBUG    | FUZZY | pos=(311,490) | angle=102.2° | G=12 D=0 delta=-12 | mu_N=0.05 mu_Z=0.60 mu_P=0.00 | da=-1.09°
10:16:52.570 | DEBUG    | FUZZY | pos=(310,492) | angle=101.1° | G=12 D=0 delta=-12 | mu_N=0.05 mu_Z=0.60 mu_P=0.00 | da=-1.09°
10:16:52.585 | DEBUG    | FUZZY | pos=(310,495) | angle=100.0° | G=12 D=0 delta=-12 | mu_N=0.05 mu_Z=0.60 mu_P=0.00 | da=-1.09°
10:16:52.601 | DEBUG    | FUZZY | pos=(310,498) | angle=98.9° | G=12 D=0 delta=-12 | mu_N=0.05 mu_Z=0.60 mu_P=0.00 | da=-1.09°
10:16:52.617 | DEBUG    | FUZZY | pos=(309,501) | angle=97.8° | G=12 D=0 delta=-12 | mu_N=0.05 mu_Z=0.60 mu_P=0.00 | da=-1.09°
10:16:52.633 | DEBUG    | FUZZY | pos=(309,504) | angle=96.7° | G=12 D=0 delta=-12 | mu_N=0.05 mu_Z=0.60 mu_P=0.00 | da=-1.09°
10:16:52.648 | DEBUG    | FUZZY | pos=(308,507) | angle=95.6° | G=12 D=0 delta=-12 | mu_N=0.05 mu_Z=0.60 mu_P=0.00 | da=-1.09°
10:16:52.665 | DEBUG    | FUZZY | pos=(308,510) | angle=94.5° | G=12 D=0 delta=-12 | mu_N=0.05 mu_Z=0.60 mu_P=0.00 | da=-1.09°
10:16:52.680 | DEBUG    | FUZZY | pos=(308,513) | angle=93.4° | G=14 D=0 delta=-14 | mu_N=0.05 mu_Z=0.53 mu_P=0.00 | da=-1.34°
10:16:52.698 | DEBUG    | FUZZY | pos=(308,516) | angle=92.1° | G=14 D=0 delta=-14 | mu_N=0.05 mu_Z=0.53 mu_P=0.00 | da=-1.39°
10:16:52.714 | DEBUG    | FUZZY | pos=(308,519) | angle=90.7° | G=14 D=0 delta=-14 | mu_N=0.05 mu_Z=0.53 mu_P=0.00 | da=-1.40°
10:16:52.730 | DEBUG    | FUZZY | pos=(308,522) | angle=89.3° | G=14 D=0 delta=-14 | mu_N=0.05 mu_Z=0.53 mu_P=0.00 | da=-1.40°
10:16:52.746 | DEBUG    | FUZZY | pos=(308,525) | angle=87.9° | G=14 D=0 delta=-14 | mu_N=0.05 mu_Z=0.53 mu_P=0.00 | da=-1.40°
10:16:52.762 | DEBUG    | FUZZY | pos=(308,528) | angle=86.5° | G=14 D=0 delta=-14 | mu_N=0.05 mu_Z=0.53 mu_P=0.00 | da=-1.40°
10:16:52.780 | DEBUG    | FUZZY | pos=(308,531) | angle=85.1° | G=14 D=0 delta=-14 | mu_N=0.05 mu_Z=0.53 mu_P=0.00 | da=-1.40°
10:16:52.797 | DEBUG    | FUZZY | pos=(309,534) | angle=83.7° | G=6 D=0 delta=-6 | mu_N=0.02 mu_Z=0.80 mu_P=0.00 | da=-0.62°
10:16:52.814 | DEBUG    | FUZZY | pos=(309,537) | angle=83.1° | G=6 D=0 delta=-6 | mu_N=0.02 mu_Z=0.80 mu_P=0.00 | da=-0.47°
10:16:52.830 | DEBUG    | FUZZY | pos=(310,540) | angle=82.6° | G=6 D=0 delta=-6 | mu_N=0.02 mu_Z=0.80 mu_P=0.00 | da=-0.44°
10:16:52.845 | DEBUG    | FUZZY | pos=(310,543) | angle=82.2° | G=7 D=0 delta=-7 | mu_N=0.03 mu_Z=0.77 mu_P=0.00 | da=-0.50°
10:16:52.863 | DEBUG    | FUZZY | pos=(310,546) | angle=81.7° | G=7 D=0 delta=-7 | mu_N=0.03 mu_Z=0.77 mu_P=0.00 | da=-0.52°
10:16:52.880 | DEBUG    | FUZZY | pos=(311,549) | angle=81.2° | G=7 D=0 delta=-7 | mu_N=0.03 mu_Z=0.77 mu_P=0.00 | da=-0.52°
10:16:52.908 | DEBUG    | FUZZY | pos=(311,552) | angle=80.7° | G=7 D=0 delta=-7 | mu_N=0.03 mu_Z=0.77 mu_P=0.00 | da=-0.52°
10:16:52.922 | DEBUG    | FUZZY | pos=(312,555) | angle=80.1° | G=7 D=0 delta=-7 | mu_N=0.03 mu_Z=0.77 mu_P=0.00 | da=-0.52°
10:16:52.934 | DEBUG    | FUZZY | pos=(312,558) | angle=79.6° | G=7 D=0 delta=-7 | mu_N=0.03 mu_Z=0.77 mu_P=0.00 | da=-0.52°
10:16:52.950 | DEBUG    | FUZZY | pos=(313,561) | angle=79.1° | G=7 D=0 delta=-7 | mu_N=0.03 mu_Z=0.77 mu_P=0.00 | da=-0.52°
10:16:52.967 | DEBUG    | FUZZY | pos=(314,564) | angle=78.6° | G=3 D=0 delta=-3 | mu_N=0.01 mu_Z=0.90 mu_P=0.00 | da=-0.26°
10:16:52.984 | DEBUG    | FUZZY | pos=(314,567) | angle=78.3° | G=3 D=0 delta=-3 | mu_N=0.01 mu_Z=0.90 mu_P=0.00 | da=-0.21°
10:16:53.000 | DEBUG    | FUZZY | pos=(315,570) | angle=78.1° | G=3 D=1 delta=-2 | mu_N=0.01 mu_Z=0.93 mu_P=0.00 | da=-0.14°
10:16:53.017 | DEBUG    | FUZZY | pos=(315,573) | angle=78.0° | G=3 D=1 delta=-2 | mu_N=0.01 mu_Z=0.93 mu_P=0.00 | da=-0.13°
10:16:53.034 | DEBUG    | FUZZY | pos=(316,576) | angle=77.9° | G=3 D=1 delta=-2 | mu_N=0.01 mu_Z=0.93 mu_P=0.00 | da=-0.13°
10:16:53.051 | DEBUG    | FUZZY | pos=(317,579) | angle=77.7° | G=3 D=1 delta=-2 | mu_N=0.01 mu_Z=0.93 mu_P=0.00 | da=-0.13°
10:16:53.077 | DEBUG    | FUZZY | pos=(317,582) | angle=77.6° | G=7 D=1 delta=-6 | mu_N=0.02 mu_Z=0.80 mu_P=0.00 | da=-0.37°
10:16:53.087 | DEBUG    | FUZZY | pos=(318,584) | angle=77.2° | G=31 D=1 delta=-30 | mu_N=0.12 mu_Z=0.00 mu_P=0.00 | da=-12.07°
10:16:53.102 | DEBUG    | FUZZY | pos=(319,587) | angle=65.2° | G=7 D=1 delta=-6 | mu_N=0.02 mu_Z=0.80 mu_P=0.00 | da=-2.76°
10:16:53.117 | DEBUG    | FUZZY | pos=(321,590) | angle=62.4° | G=7 D=1 delta=-6 | mu_N=0.02 mu_Z=0.80 mu_P=0.00 | da=-0.89°
10:16:53.132 | DEBUG    | FUZZY | pos=(322,592) | angle=61.5° | G=15 D=3 delta=-12 | mu_N=0.05 mu_Z=0.60 mu_P=0.00 | da=-1.05°
10:16:53.148 | DEBUG    | FUZZY | pos=(324,595) | angle=60.5° | G=31 D=1 delta=-30 | mu_N=0.12 mu_Z=0.00 mu_P=0.00 | da=-12.21°
10:16:53.165 | DEBUG    | FUZZY | pos=(326,597) | angle=48.2° | G=7 D=1 delta=-6 | mu_N=0.02 mu_Z=0.80 mu_P=0.00 | da=-2.78°
10:16:53.180 | DEBUG    | FUZZY | pos=(328,599) | angle=45.5° | G=7 D=0 delta=-7 | mu_N=0.03 mu_Z=0.77 mu_P=0.00 | da=-0.97°
10:16:53.197 | DEBUG    | FUZZY | pos=(330,602) | angle=44.5° | G=15 D=0 delta=-15 | mu_N=0.06 mu_Z=0.50 mu_P=0.00 | da=-1.46°
10:16:53.213 | DEBUG    | FUZZY | pos=(332,604) | angle=43.0° | G=15 D=0 delta=-15 | mu_N=0.06 mu_Z=0.50 mu_P=0.00 | da=-1.55°
10:16:53.230 | DEBUG    | FUZZY | pos=(334,606) | angle=41.5° | G=14 D=0 delta=-14 | mu_N=0.05 mu_Z=0.53 mu_P=0.00 | da=-1.43°
10:16:53.246 | DEBUG    | FUZZY | pos=(337,608) | angle=40.0° | G=14 D=0 delta=-14 | mu_N=0.05 mu_Z=0.53 mu_P=0.00 | da=-1.41°
10:16:53.262 | DEBUG    | FUZZY | pos=(339,609) | angle=38.6° | G=30 D=0 delta=-30 | mu_N=0.12 mu_Z=0.00 mu_P=0.00 | da=-12.28°
10:16:53.278 | DEBUG    | FUZZY | pos=(342,611) | angle=26.4° | G=7 D=0 delta=-7 | mu_N=0.03 mu_Z=0.77 mu_P=0.00 | da=-2.87°
10:16:53.296 | DEBUG    | FUZZY | pos=(344,612) | angle=23.5° | G=7 D=0 delta=-7 | mu_N=0.03 mu_Z=0.77 mu_P=0.00 | da=-0.99°
10:16:53.314 | DEBUG    | FUZZY | pos=(347,613) | angle=22.5° | G=6 D=0 delta=-6 | mu_N=0.02 mu_Z=0.80 mu_P=0.00 | da=-0.54°
10:16:53.331 | DEBUG    | FUZZY | pos=(350,614) | angle=22.0° | G=14 D=0 delta=-14 | mu_N=0.05 mu_Z=0.53 mu_P=0.00 | da=-1.23°
10:16:53.347 | DEBUG    | FUZZY | pos=(353,615) | angle=20.7° | G=14 D=0 delta=-14 | mu_N=0.05 mu_Z=0.53 mu_P=0.00 | da=-1.37°
10:16:53.363 | DEBUG    | FUZZY | pos=(355,616) | angle=19.4° | G=14 D=0 delta=-14 | mu_N=0.05 mu_Z=0.53 mu_P=0.00 | da=-1.39°
10:16:53.380 | DEBUG    | FUZZY | pos=(358,617) | angle=18.0° | G=14 D=0 delta=-14 | mu_N=0.05 mu_Z=0.53 mu_P=0.00 | da=-1.40°
10:16:53.398 | DEBUG    | FUZZY | pos=(361,618) | angle=16.6° | G=14 D=0 delta=-14 | mu_N=0.05 mu_Z=0.53 mu_P=0.00 | da=-1.40°
10:16:53.414 | DEBUG    | FUZZY | pos=(364,619) | angle=15.2° | G=14 D=0 delta=-14 | mu_N=0.05 mu_Z=0.53 mu_P=0.00 | da=-1.40°
10:16:53.429 | DEBUG    | FUZZY | pos=(367,620) | angle=13.8° | G=14 D=0 delta=-14 | mu_N=0.05 mu_Z=0.53 mu_P=0.00 | da=-1.40°
10:16:53.429 | WARNING  | ROLLBACK | da=-1.4° | pos avant=(367,620) | pos après=(370,0) | déplacement annulé
10:16:53.445 | DEBUG    | FUZZY | pos=(367,620) | angle=12.4° | G=14 D=0 delta=-14 | mu_N=0.05 mu_Z=0.53 mu_P=0.00 | da=-1.40°
10:16:53.445 | WARNING  | ROLLBACK | da=-1.4° | pos avant=(367,620) | pos après=(370,0) | déplacement annulé
10:16:53.463 | DEBUG    | FUZZY | pos=(367,620) | angle=11.0° | G=6 D=0 delta=-6 | mu_N=0.02 mu_Z=0.80 mu_P=0.00 | da=-0.62°
10:16:53.463 | WARNING  | ROLLBACK | da=-0.6° | pos avant=(367,620) | pos après=(370,0) | déplacement annulé
10:16:53.481 | DEBUG    | FUZZY | pos=(367,620) | angle=10.3° | G=6 D=0 delta=-6 | mu_N=0.02 mu_Z=0.80 mu_P=0.00 | da=-0.47°
10:16:53.481 | WARNING  | ROLLBACK | da=-0.5° | pos avant=(367,620) | pos après=(370,0) | déplacement annulé
10:16:53.494 | DEBUG    | FUZZY | pos=(367,620) | angle=9.9° | G=6 D=0 delta=-6 | mu_N=0.02 mu_Z=0.80 mu_P=0.00 | da=-0.44°
10:16:53.495 | WARNING  | ROLLBACK | da=-0.4° | pos avant=(367,620) | pos après=(370,0) | déplacement annulé
10:16:53.512 | DEBUG    | FUZZY | pos=(367,620) | angle=9.4° | G=6 D=0 delta=-6 | mu_N=0.02 mu_Z=0.80 mu_P=0.00 | da=-0.43°
10:16:53.529 | DEBUG    | FUZZY | pos=(370,620) | angle=9.0° | G=6 D=0 delta=-6 | mu_N=0.02 mu_Z=0.80 mu_P=0.00 | da=-0.43°
10:16:53.529 | WARNING  | ROLLBACK | da=-0.4° | pos avant=(370,620) | pos après=(373,0) | déplacement annulé
10:16:53.544 | DEBUG    | FUZZY | pos=(370,620) | angle=8.6° | G=6 D=0 delta=-6 | mu_N=0.02 mu_Z=0.80 mu_P=0.00 | da=-0.43°
10:16:53.545 | WARNING  | ROLLBACK | da=-0.4° | pos avant=(370,620) | pos après=(373,0) | déplacement annulé
10:16:53.562 | DEBUG    | FUZZY | pos=(370,620) | angle=8.2° | G=6 D=0 delta=-6 | mu_N=0.02 mu_Z=0.80 mu_P=0.00 | da=-0.43°
10:16:53.562 | WARNING  | ROLLBACK | da=-0.4° | pos avant=(370,620) | pos après=(373,0) | déplacement annulé
10:16:53.578 | DEBUG    | FUZZY | pos=(370,620) | angle=7.7° | G=6 D=0 delta=-6 | mu_N=0.02 mu_Z=0.80 mu_P=0.00 | da=-0.43°
10:16:53.578 | WARNING  | ROLLBACK | da=-0.4° | pos avant=(370,620) | pos après=(373,0) | déplacement annulé
10:16:53.595 | DEBUG    | FUZZY | pos=(370,620) | angle=7.3° | G=6 D=0 delta=-6 | mu_N=0.02 mu_Z=0.80 mu_P=0.00 | da=-0.43°
10:16:53.595 | WARNING  | ROLLBACK | da=-0.4° | pos avant=(370,620) | pos après=(373,0) | déplacement annulé
10:16:53.611 | DEBUG    | FUZZY | pos=(370,620) | angle=6.9° | G=6 D=0 delta=-6 | mu_N=0.02 mu_Z=0.80 mu_P=0.00 | da=-0.43°
10:16:53.611 | WARNING  | ROLLBACK | da=-0.4° | pos avant=(370,620) | pos après=(373,0) | déplacement annulé
10:16:53.629 | DEBUG    | FUZZY | pos=(370,620) | angle=6.4° | G=7 D=0 delta=-7 | mu_N=0.03 mu_Z=0.77 mu_P=0.00 | da=-0.50°
10:16:53.629 | WARNING  | ROLLBACK | da=-0.5° | pos avant=(370,620) | pos après=(373,0) | déplacement annulé
10:16:53.646 | DEBUG    | FUZZY | pos=(370,620) | angle=5.9° | G=7 D=0 delta=-7 | mu_N=0.03 mu_Z=0.77 mu_P=0.00 | da=-0.51°
10:16:53.646 | WARNING  | ROLLBACK | da=-0.5° | pos avant=(370,620) | pos après=(373,0) | déplacement annulé
10:16:53.664 | DEBUG    | FUZZY | pos=(370,620) | angle=5.4° | G=7 D=0 delta=-7 | mu_N=0.03 mu_Z=0.77 mu_P=0.00 | da=-0.52°
10:16:53.664 | WARNING  | ROLLBACK | da=-0.5° | pos avant=(370,620) | pos après=(373,0) | déplacement annulé
10:16:53.680 | DEBUG    | FUZZY | pos=(370,620) | angle=4.9° | G=7 D=0 delta=-7 | mu_N=0.03 mu_Z=0.77 mu_P=0.00 | da=-0.52°
10:16:53.680 | WARNING  | ROLLBACK | da=-0.5° | pos avant=(370,620) | pos après=(373,0) | déplacement annulé
10:16:53.698 | DEBUG    | FUZZY | pos=(370,620) | angle=4.4° | G=7 D=0 delta=-7 | mu_N=0.03 mu_Z=0.77 mu_P=0.00 | da=-0.52°
10:16:53.698 | WARNING  | ROLLBACK | da=-0.5° | pos avant=(370,620) | pos après=(373,0) | déplacement annulé
10:16:53.717 | DEBUG    | FUZZY | pos=(370,620) | angle=3.9° | G=7 D=0 delta=-7 | mu_N=0.03 mu_Z=0.77 mu_P=0.00 | da=-0.52°
10:16:53.717 | WARNING  | ROLLBACK | da=-0.5° | pos avant=(370,620) | pos après=(373,0) | déplacement annulé
10:16:53.731 | DEBUG    | FUZZY | pos=(370,620) | angle=3.4° | G=7 D=0 delta=-7 | mu_N=0.03 mu_Z=0.77 mu_P=0.00 | da=-0.52°
10:16:53.731 | WARNING  | ROLLBACK | da=-0.5° | pos avant=(370,620) | pos après=(373,0) | déplacement annulé
10:16:53.746 | DEBUG    | FUZZY | pos=(370,620) | angle=2.8° | G=7 D=0 delta=-7 | mu_N=0.03 mu_Z=0.77 mu_P=0.00 | da=-0.52°
10:16:53.746 | WARNING  | ROLLBACK | da=-0.5° | pos avant=(370,620) | pos après=(373,0) | déplacement annulé
10:16:53.762 | DEBUG    | FUZZY | pos=(370,620) | angle=2.3° | G=7 D=0 delta=-7 | mu_N=0.03 mu_Z=0.77 mu_P=0.00 | da=-0.52°
10:16:53.762 | WARNING  | ROLLBACK | da=-0.5° | pos avant=(370,620) | pos après=(373,0) | déplacement annulé
10:16:53.781 | DEBUG    | FUZZY | pos=(370,620) | angle=1.8° | G=7 D=0 delta=-7 | mu_N=0.03 mu_Z=0.77 mu_P=0.00 | da=-0.52°
10:16:53.781 | WARNING  | ROLLBACK | da=-0.5° | pos avant=(370,620) | pos après=(373,0) | déplacement annulé
10:16:53.796 | DEBUG    | FUZZY | pos=(370,620) | angle=1.3° | G=7 D=0 delta=-7 | mu_N=0.03 mu_Z=0.77 mu_P=0.00 | da=-0.52°
10:16:53.797 | WARNING  | ROLLBACK | da=-0.5° | pos avant=(370,620) | pos après=(373,0) | déplacement annulé
10:16:53.815 | DEBUG    | FUZZY | pos=(370,620) | angle=0.8° | G=7 D=0 delta=-7 | mu_N=0.03 mu_Z=0.77 mu_P=0.00 | da=-0.52°
10:16:53.830 | DEBUG    | FUZZY | pos=(373,620) | angle=0.2° | G=7 D=0 delta=-7 | mu_N=0.03 mu_Z=0.77 mu_P=0.00 | da=-0.52°
10:16:53.846 | DEBUG    | FUZZY | pos=(376,620) | angle=-0.3° | G=7 D=0 delta=-7 | mu_N=0.03 mu_Z=0.77 mu_P=0.00 | da=-0.52°
10:16:53.863 | DEBUG    | FUZZY | pos=(379,620) | angle=-0.8° | G=7 D=0 delta=-7 | mu_N=0.03 mu_Z=0.77 mu_P=0.00 | da=-0.52°
10:16:53.877 | DEBUG    | FUZZY | pos=(382,620) | angle=-1.3° | G=7 D=0 delta=-7 | mu_N=0.03 mu_Z=0.77 mu_P=0.00 | da=-0.52°
10:16:53.893 | DEBUG    | FUZZY | pos=(385,620) | angle=-1.8° | G=7 D=0 delta=-7 | mu_N=0.03 mu_Z=0.77 mu_P=0.00 | da=-0.52°
10:16:53.908 | DEBUG    | FUZZY | pos=(388,620) | angle=-2.3° | G=7 D=0 delta=-7 | mu_N=0.03 mu_Z=0.77 mu_P=0.00 | da=-0.52°
10:16:53.926 | DEBUG    | FUZZY | pos=(391,620) | angle=-2.9° | G=7 D=0 delta=-7 | mu_N=0.03 mu_Z=0.77 mu_P=0.00 | da=-0.52°
10:16:53.943 | DEBUG    | FUZZY | pos=(394,619) | angle=-3.4° | G=3 D=0 delta=-3 | mu_N=0.01 mu_Z=0.90 mu_P=0.00 | da=-0.26°
10:16:53.960 | DEBUG    | FUZZY | pos=(397,619) | angle=-3.6° | G=3 D=0 delta=-3 | mu_N=0.01 mu_Z=0.90 mu_P=0.00 | da=-0.21°
10:16:53.976 | DEBUG    | FUZZY | pos=(400,619) | angle=-3.9° | G=3 D=0 delta=-3 | mu_N=0.01 mu_Z=0.90 mu_P=0.00 | da=-0.20°
10:16:53.992 | DEBUG    | FUZZY | pos=(403,619) | angle=-4.0° | G=3 D=0 delta=-3 | mu_N=0.01 mu_Z=0.90 mu_P=0.00 | da=-0.19°
10:16:54.012 | DEBUG    | FUZZY | pos=(406,619) | angle=-4.2° | G=3 D=0 delta=-3 | mu_N=0.01 mu_Z=0.90 mu_P=0.00 | da=-0.19°
10:16:54.028 | DEBUG    | FUZZY | pos=(409,618) | angle=-4.4° | G=3 D=0 delta=-3 | mu_N=0.01 mu_Z=0.90 mu_P=0.00 | da=-0.19°
10:16:54.044 | DEBUG    | FUZZY | pos=(412,618) | angle=-4.6° | G=3 D=1 delta=-2 | mu_N=0.01 mu_Z=0.93 mu_P=0.00 | da=-0.14°
10:16:54.060 | DEBUG    | FUZZY | pos=(415,618) | angle=-4.8° | G=3 D=1 delta=-2 | mu_N=0.01 mu_Z=0.93 mu_P=0.00 | da=-0.13°
10:16:54.077 | DEBUG    | FUZZY | pos=(418,618) | angle=-4.9° | G=3 D=1 delta=-2 | mu_N=0.01 mu_Z=0.93 mu_P=0.00 | da=-0.13°
10:16:54.094 | DEBUG    | FUZZY | pos=(421,617) | angle=-5.0° | G=3 D=1 delta=-2 | mu_N=0.01 mu_Z=0.93 mu_P=0.00 | da=-0.13°
10:16:54.110 | DEBUG    | FUZZY | pos=(424,617) | angle=-5.1° | G=3 D=1 delta=-2 | mu_N=0.01 mu_Z=0.93 mu_P=0.00 | da=-0.13°
10:16:54.127 | DEBUG    | FUZZY | pos=(427,617) | angle=-5.3° | G=3 D=1 delta=-2 | mu_N=0.01 mu_Z=0.93 mu_P=0.00 | da=-0.13°
10:16:54.142 | DEBUG    | FUZZY | pos=(430,616) | angle=-5.4° | G=3 D=1 delta=-2 | mu_N=0.01 mu_Z=0.93 mu_P=0.00 | da=-0.13°
10:16:54.159 | DEBUG    | FUZZY | pos=(433,616) | angle=-5.5° | G=3 D=1 delta=-2 | mu_N=0.01 mu_Z=0.93 mu_P=0.00 | da=-0.13°
10:16:54.176 | DEBUG    | FUZZY | pos=(436,616) | angle=-5.6° | G=3 D=1 delta=-2 | mu_N=0.01 mu_Z=0.93 mu_P=0.00 | da=-0.13°
10:16:54.193 | DEBUG    | FUZZY | pos=(439,616) | angle=-5.8° | G=3 D=1 delta=-2 | mu_N=0.01 mu_Z=0.93 mu_P=0.00 | da=-0.13°
10:16:54.211 | DEBUG    | FUZZY | pos=(442,615) | angle=-5.9° | G=3 D=1 delta=-2 | mu_N=0.01 mu_Z=0.93 mu_P=0.00 | da=-0.13°
10:16:54.227 | DEBUG    | FUZZY | pos=(445,615) | angle=-6.0° | G=3 D=1 delta=-2 | mu_N=0.01 mu_Z=0.93 mu_P=0.00 | da=-0.13°
10:16:54.244 | DEBUG    | FUZZY | pos=(448,615) | angle=-6.1° | G=3 D=1 delta=-2 | mu_N=0.01 mu_Z=0.93 mu_P=0.00 | da=-0.13°
10:16:54.261 | DEBUG    | FUZZY | pos=(451,614) | angle=-6.3° | G=3 D=1 delta=-2 | mu_N=0.01 mu_Z=0.93 mu_P=0.00 | da=-0.13°
10:16:54.277 | DEBUG    | FUZZY | pos=(454,614) | angle=-6.4° | G=1 D=1 delta=0 | mu_N=0.00 mu_Z=1.00 mu_P=0.00 | da=-0.03°
10:16:54.294 | DEBUG    | FUZZY | pos=(457,614) | angle=-6.4° | G=1 D=1 delta=0 | mu_N=0.00 mu_Z=1.00 mu_P=0.00 | da=-0.01°
10:16:54.310 | DEBUG    | FUZZY | pos=(460,613) | angle=-6.4° | G=1 D=1 delta=0 | mu_N=0.00 mu_Z=1.00 mu_P=0.00 | da=-0.00°
10:16:54.328 | DEBUG    | FUZZY | pos=(463,613) | angle=-6.4° | G=1 D=1 delta=0 | mu_N=0.00 mu_Z=1.00 mu_P=0.00 | da=-0.00°
10:16:54.341 | DEBUG    | FUZZY | pos=(466,613) | angle=-6.4° | G=1 D=1 delta=0 | mu_N=0.00 mu_Z=1.00 mu_P=0.00 | da=-0.00°
10:16:54.358 | DEBUG    | FUZZY | pos=(469,612) | angle=-6.4° | G=1 D=3 delta=2 | mu_N=0.00 mu_Z=0.93 mu_P=0.01 | da=0.10°
10:16:54.375 | DEBUG    | FUZZY | pos=(472,612) | angle=-6.3° | G=1 D=3 delta=2 | mu_N=0.00 mu_Z=0.93 mu_P=0.01 | da=0.12°
10:16:54.392 | DEBUG    | FUZZY | pos=(475,612) | angle=-6.2° | G=1 D=3 delta=2 | mu_N=0.00 mu_Z=0.93 mu_P=0.01 | da=0.12°
10:16:54.407 | DEBUG    | FUZZY | pos=(478,611) | angle=-6.1° | G=1 D=3 delta=2 | mu_N=0.00 mu_Z=0.93 mu_P=0.01 | da=0.12°
10:16:54.426 | DEBUG    | FUZZY | pos=(481,611) | angle=-6.0° | G=1 D=3 delta=2 | mu_N=0.00 mu_Z=0.93 mu_P=0.01 | da=0.12°
10:16:54.441 | DEBUG    | FUZZY | pos=(484,611) | angle=-5.8° | G=1 D=3 delta=2 | mu_N=0.00 mu_Z=0.93 mu_P=0.01 | da=0.12°
10:16:54.459 | DEBUG    | FUZZY | pos=(487,610) | angle=-5.7° | G=1 D=3 delta=2 | mu_N=0.00 mu_Z=0.93 mu_P=0.01 | da=0.12°
10:16:54.475 | DEBUG    | FUZZY | pos=(490,610) | angle=-5.6° | G=1 D=3 delta=2 | mu_N=0.00 mu_Z=0.93 mu_P=0.01 | da=0.12°
10:16:54.491 | DEBUG    | FUZZY | pos=(493,610) | angle=-5.5° | G=1 D=3 delta=2 | mu_N=0.00 mu_Z=0.93 mu_P=0.01 | da=0.12°
10:16:54.507 | DEBUG    | FUZZY | pos=(495,610) | angle=-5.3° | G=1 D=3 delta=2 | mu_N=0.00 mu_Z=0.93 mu_P=0.01 | da=0.12°
10:16:54.526 | DEBUG    | FUZZY | pos=(498,609) | angle=-5.2° | G=1 D=3 delta=2 | mu_N=0.00 mu_Z=0.93 mu_P=0.01 | da=0.12°
10:16:54.545 | DEBUG    | FUZZY | pos=(501,609) | angle=-5.1° | G=1 D=3 delta=2 | mu_N=0.00 mu_Z=0.93 mu_P=0.01 | da=0.12°
10:16:54.560 | DEBUG    | FUZZY | pos=(504,609) | angle=-5.0° | G=1 D=3 delta=2 | mu_N=0.00 mu_Z=0.93 mu_P=0.01 | da=0.12°
10:16:54.576 | DEBUG    | FUZZY | pos=(507,608) | angle=-4.8° | G=1 D=3 delta=2 | mu_N=0.00 mu_Z=0.93 mu_P=0.01 | da=0.12°
10:16:54.591 | DEBUG    | FUZZY | pos=(510,608) | angle=-4.7° | G=1 D=3 delta=2 | mu_N=0.00 mu_Z=0.93 mu_P=0.01 | da=0.12°
10:16:54.607 | DEBUG    | FUZZY | pos=(513,608) | angle=-4.6° | G=1 D=3 delta=2 | mu_N=0.00 mu_Z=0.93 mu_P=0.01 | da=0.12°
10:16:54.625 | DEBUG    | FUZZY | pos=(516,608) | angle=-4.5° | G=1 D=3 delta=2 | mu_N=0.00 mu_Z=0.93 mu_P=0.01 | da=0.12°
10:16:54.640 | DEBUG    | FUZZY | pos=(519,608) | angle=-4.3° | G=1 D=3 delta=2 | mu_N=0.00 mu_Z=0.93 mu_P=0.01 | da=0.12°
10:16:54.662 | DEBUG    | FUZZY | pos=(522,607) | angle=-4.2° | G=1 D=3 delta=2 | mu_N=0.00 mu_Z=0.93 mu_P=0.01 | da=0.12°
10:16:54.678 | DEBUG    | FUZZY | pos=(525,607) | angle=-4.1° | G=1 D=3 delta=2 | mu_N=0.00 mu_Z=0.93 mu_P=0.01 | da=0.12°
10:16:54.691 | DEBUG    | FUZZY | pos=(528,607) | angle=-4.0° | G=1 D=3 delta=2 | mu_N=0.00 mu_Z=0.93 mu_P=0.01 | da=0.12°
10:16:54.706 | DEBUG    | FUZZY | pos=(531,607) | angle=-3.8° | G=1 D=3 delta=2 | mu_N=0.00 mu_Z=0.93 mu_P=0.01 | da=0.12°
10:16:54.733 | DEBUG    | FUZZY | pos=(534,606) | angle=-3.7° | G=1 D=3 delta=2 | mu_N=0.00 mu_Z=0.93 mu_P=0.01 | da=0.12°
10:16:54.743 | DEBUG    | FUZZY | pos=(537,606) | angle=-3.6° | G=0 D=3 delta=3 | mu_N=0.00 mu_Z=0.90 mu_P=0.01 | da=0.18°
10:16:54.758 | DEBUG    | FUZZY | pos=(540,606) | angle=-3.4° | G=0 D=3 delta=3 | mu_N=0.00 mu_Z=0.90 mu_P=0.01 | da=0.19°
10:16:54.771 | DEBUG    | FUZZY | pos=(543,606) | angle=-3.2° | G=0 D=3 delta=3 | mu_N=0.00 mu_Z=0.90 mu_P=0.01 | da=0.19°
10:16:54.792 | DEBUG    | FUZZY | pos=(546,606) | angle=-3.0° | G=0 D=3 delta=3 | mu_N=0.00 mu_Z=0.90 mu_P=0.01 | da=0.19°
10:16:54.806 | DEBUG    | FUZZY | pos=(549,606) | angle=-2.8° | G=0 D=3 delta=3 | mu_N=0.00 mu_Z=0.90 mu_P=0.01 | da=0.19°
10:16:54.821 | DEBUG    | FUZZY | pos=(552,606) | angle=-2.6° | G=0 D=3 delta=3 | mu_N=0.00 mu_Z=0.90 mu_P=0.01 | da=0.19°
10:16:54.844 | DEBUG    | FUZZY | pos=(555,605) | angle=-2.4° | G=0 D=3 delta=3 | mu_N=0.00 mu_Z=0.90 mu_P=0.01 | da=0.19°
10:16:54.857 | DEBUG    | FUZZY | pos=(558,605) | angle=-2.2° | G=0 D=3 delta=3 | mu_N=0.00 mu_Z=0.90 mu_P=0.01 | da=0.19°
10:16:54.877 | DEBUG    | FUZZY | pos=(561,605) | angle=-2.1° | G=0 D=3 delta=3 | mu_N=0.00 mu_Z=0.90 mu_P=0.01 | da=0.19°
10:16:54.889 | DEBUG    | FUZZY | pos=(564,605) | angle=-1.9° | G=0 D=3 delta=3 | mu_N=0.00 mu_Z=0.90 mu_P=0.01 | da=0.19°
10:16:54.904 | DEBUG    | FUZZY | pos=(567,605) | angle=-1.7° | G=0 D=3 delta=3 | mu_N=0.00 mu_Z=0.90 mu_P=0.01 | da=0.19°
10:16:54.919 | DEBUG    | FUZZY | pos=(570,605) | angle=-1.5° | G=0 D=3 delta=3 | mu_N=0.00 mu_Z=0.90 mu_P=0.01 | da=0.19°
10:16:54.946 | DEBUG    | FUZZY | pos=(573,605) | angle=-1.3° | G=0 D=3 delta=3 | mu_N=0.00 mu_Z=0.90 mu_P=0.01 | da=0.19°
10:16:54.958 | DEBUG    | FUZZY | pos=(576,605) | angle=-1.1° | G=0 D=3 delta=3 | mu_N=0.00 mu_Z=0.90 mu_P=0.01 | da=0.19°
10:16:54.974 | DEBUG    | FUZZY | pos=(579,605) | angle=-0.9° | G=0 D=3 delta=3 | mu_N=0.00 mu_Z=0.90 mu_P=0.01 | da=0.19°
10:16:54.987 | DEBUG    | FUZZY | pos=(582,605) | angle=-0.7° | G=0 D=3 delta=3 | mu_N=0.00 mu_Z=0.90 mu_P=0.01 | da=0.19°
10:16:55.004 | DEBUG    | FUZZY | pos=(585,605) | angle=-0.5° | G=0 D=3 delta=3 | mu_N=0.00 mu_Z=0.90 mu_P=0.01 | da=0.19°
10:16:55.019 | DEBUG    | FUZZY | pos=(588,605) | angle=-0.3° | G=0 D=3 delta=3 | mu_N=0.00 mu_Z=0.90 mu_P=0.01 | da=0.19°
10:16:55.043 | DEBUG    | FUZZY | pos=(591,605) | angle=-0.1° | G=0 D=3 delta=3 | mu_N=0.00 mu_Z=0.90 mu_P=0.01 | da=0.19°
10:16:55.054 | DEBUG    | FUZZY | pos=(594,605) | angle=0.1° | G=0 D=3 delta=3 | mu_N=0.00 mu_Z=0.90 mu_P=0.01 | da=0.19°
10:16:55.073 | DEBUG    | FUZZY | pos=(597,605) | angle=0.3° | G=0 D=3 delta=3 | mu_N=0.00 mu_Z=0.90 mu_P=0.01 | da=0.19°
10:16:55.086 | DEBUG    | FUZZY | pos=(600,605) | angle=0.5° | G=1 D=3 delta=2 | mu_N=0.00 mu_Z=0.93 mu_P=0.01 | da=0.14°
10:16:55.107 | DEBUG    | FUZZY | pos=(603,605) | angle=0.6° | G=1 D=3 delta=2 | mu_N=0.00 mu_Z=0.93 mu_P=0.01 | da=0.13°
10:16:55.124 | DEBUG    | FUZZY | pos=(606,605) | angle=0.7° | G=1 D=3 delta=2 | mu_N=0.00 mu_Z=0.93 mu_P=0.01 | da=0.13°
10:16:55.136 | DEBUG    | FUZZY | pos=(609,605) | angle=0.9° | G=1 D=3 delta=2 | mu_N=0.00 mu_Z=0.93 mu_P=0.01 | da=0.13°
10:16:55.154 | DEBUG    | FUZZY | pos=(612,605) | angle=1.0° | G=1 D=3 delta=2 | mu_N=0.00 mu_Z=0.93 mu_P=0.01 | da=0.13°
10:16:55.168 | DEBUG    | FUZZY | pos=(615,605) | angle=1.1° | G=1 D=3 delta=2 | mu_N=0.00 mu_Z=0.93 mu_P=0.01 | da=0.13°
10:16:55.185 | DEBUG    | FUZZY | pos=(618,605) | angle=1.2° | G=1 D=3 delta=2 | mu_N=0.00 mu_Z=0.93 mu_P=0.01 | da=0.13°
10:16:55.201 | DEBUG    | FUZZY | pos=(621,605) | angle=1.4° | G=1 D=3 delta=2 | mu_N=0.00 mu_Z=0.93 mu_P=0.01 | da=0.13°
10:16:55.218 | DEBUG    | FUZZY | pos=(624,605) | angle=1.5° | G=1 D=3 delta=2 | mu_N=0.00 mu_Z=0.93 mu_P=0.01 | da=0.13°
10:16:55.235 | DEBUG    | FUZZY | pos=(627,605) | angle=1.6° | G=1 D=3 delta=2 | mu_N=0.00 mu_Z=0.93 mu_P=0.01 | da=0.13°
10:16:55.251 | DEBUG    | FUZZY | pos=(630,605) | angle=1.7° | G=1 D=3 delta=2 | mu_N=0.00 mu_Z=0.93 mu_P=0.01 | da=0.13°
10:16:55.269 | DEBUG    | FUZZY | pos=(633,605) | angle=1.9° | G=1 D=3 delta=2 | mu_N=0.00 mu_Z=0.93 mu_P=0.01 | da=0.13°
10:16:55.289 | DEBUG    | FUZZY | pos=(636,605) | angle=2.0° | G=1 D=3 delta=2 | mu_N=0.00 mu_Z=0.93 mu_P=0.01 | da=0.13°
10:16:55.314 | DEBUG    | FUZZY | pos=(639,606) | angle=2.1° | G=1 D=3 delta=2 | mu_N=0.00 mu_Z=0.93 mu_P=0.01 | da=0.13°
10:16:55.326 | DEBUG    | FUZZY | pos=(642,606) | angle=2.2° | G=1 D=3 delta=2 | mu_N=0.00 mu_Z=0.93 mu_P=0.01 | da=0.13°
10:16:55.340 | DEBUG    | FUZZY | pos=(645,606) | angle=2.4° | G=1 D=3 delta=2 | mu_N=0.00 mu_Z=0.93 mu_P=0.01 | da=0.13°
10:16:55.360 | DEBUG    | FUZZY | pos=(648,606) | angle=2.5° | G=1 D=3 delta=2 | mu_N=0.00 mu_Z=0.93 mu_P=0.01 | da=0.13°
10:16:55.377 | DEBUG    | FUZZY | pos=(651,606) | angle=2.6° | G=1 D=3 delta=2 | mu_N=0.00 mu_Z=0.93 mu_P=0.01 | da=0.13°
10:16:55.389 | DEBUG    | FUZZY | pos=(654,606) | angle=2.7° | G=1 D=3 delta=2 | mu_N=0.00 mu_Z=0.93 mu_P=0.01 | da=0.13°
10:16:55.409 | DEBUG    | FUZZY | pos=(657,606) | angle=2.9° | G=1 D=3 delta=2 | mu_N=0.00 mu_Z=0.93 mu_P=0.01 | da=0.13°
10:16:55.427 | DEBUG    | FUZZY | pos=(660,607) | angle=3.0° | G=1 D=3 delta=2 | mu_N=0.00 mu_Z=0.93 mu_P=0.01 | da=0.13°
10:16:55.438 | DEBUG    | FUZZY | pos=(663,607) | angle=3.1° | G=1 D=3 delta=2 | mu_N=0.00 mu_Z=0.93 mu_P=0.01 | da=0.13°
10:16:55.454 | DEBUG    | FUZZY | pos=(666,607) | angle=3.2° | G=1 D=3 delta=2 | mu_N=0.00 mu_Z=0.93 mu_P=0.01 | da=0.13°
10:16:55.482 | DEBUG    | FUZZY | pos=(669,607) | angle=3.4° | G=1 D=3 delta=2 | mu_N=0.00 mu_Z=0.93 mu_P=0.01 | da=0.12°
10:16:55.493 | DEBUG    | FUZZY | pos=(672,607) | angle=3.5° | G=1 D=3 delta=2 | mu_N=0.00 mu_Z=0.93 mu_P=0.01 | da=0.12°
10:16:55.508 | DEBUG    | FUZZY | pos=(675,607) | angle=3.6° | G=1 D=3 delta=2 | mu_N=0.00 mu_Z=0.93 mu_P=0.01 | da=0.12°
10:16:55.526 | DEBUG    | FUZZY | pos=(678,608) | angle=3.7° | G=1 D=3 delta=2 | mu_N=0.00 mu_Z=0.93 mu_P=0.01 | da=0.12°
10:16:55.540 | DEBUG    | FUZZY | pos=(681,608) | angle=3.9° | G=1 D=3 delta=2 | mu_N=0.00 mu_Z=0.93 mu_P=0.01 | da=0.12°
10:16:55.558 | DEBUG    | FUZZY | pos=(684,608) | angle=4.0° | G=1 D=1 delta=0 | mu_N=0.00 mu_Z=1.00 mu_P=0.00 | da=0.03°
10:16:55.578 | DEBUG    | FUZZY | pos=(687,608) | angle=4.0° | G=1 D=1 delta=0 | mu_N=0.00 mu_Z=1.00 mu_P=0.00 | da=0.01°
10:16:55.590 | DEBUG    | FUZZY | pos=(690,608) | angle=4.0° | G=1 D=1 delta=0 | mu_N=0.00 mu_Z=1.00 mu_P=0.00 | da=0.00°
10:16:55.606 | DEBUG    | FUZZY | pos=(693,609) | angle=4.0° | G=1 D=1 delta=0 | mu_N=0.00 mu_Z=1.00 mu_P=0.00 | da=0.00°
10:16:55.606 | INFO     | ARRIVEE | pos=(696,609) | dist=28.8 px | objectif atteint !
