10:25:22.955 | INFO     | ============================================================
10:25:22.955 | INFO     | INIT | circuit=Parcours 7 segments | start=(25,10) | angle=0°
10:25:24.554 | DEBUG    | FUZZY | pos=(25,10) | angle=0.0° | G=1 D=1 delta=0 | mu_N=0.00 mu_Z=1.00 mu_P=0.00 | da=0.00°
10:25:24.562 | DEBUG    | FUZZY | pos=(28,10) | angle=0.0° | G=1 D=1 delta=0 | mu_N=0.00 mu_Z=1.00 mu_P=0.00 | da=0.00°
10:25:24.578 | DEBUG    | FUZZY | pos=(31,10) | angle=0.0° | G=1 D=1 delta=0 | mu_N=0.00 mu_Z=1.00 mu_P=0.00 | da=0.00°
10:25:24.595 | DEBUG    | FUZZY | pos=(34,10) | angle=0.0° | G=1 D=1 delta=0 | mu_N=0.00 mu_Z=1.00 mu_P=0.00 | da=0.00°
10:25:24.610 | DEBUG    | FUZZY | pos=(37,10) | angle=0.0° | G=1 D=1 delta=0 | mu_N=0.00 mu_Z=1.00 mu_P=0.00 | da=0.00°
10:25:24.626 | DEBUG    | FUZZY | pos=(40,10) | angle=0.0° | G=1 D=1 delta=0 | mu_N=0.00 mu_Z=1.00 mu_P=0.00 | da=0.00°
10:25:24.643 | DEBUG    | FUZZY | pos=(43,10) | angle=0.0° | G=1 D=1 delta=0 | mu_N=0.00 mu_Z=1.00 mu_P=0.00 | da=0.00°
10:25:24.659 | DEBUG    | FUZZY | pos=(46,10) | angle=0.0° | G=1 D=1 delta=0 | mu_N=0.00 mu_Z=1.00 mu_P=0.00 | da=0.00°
10:25:24.676 | DEBUG    | FUZZY | pos=(49,10) | angle=0.0° | G=1 D=1 delta=0 | mu_N=0.00 mu_Z=1.00 mu_P=0.00 | da=0.00°
10:25:24.692 | DEBUG    | FUZZY | pos=(52,10) | angle=0.0° | G=1 D=1 delta=0 | mu_N=0.00 mu_Z=1.00 mu_P=0.00 | da=0.00°
10:25:24.708 | DEBUG    | FUZZY | pos=(55,10) | angle=0.0° | G=1 D=1 delta=0 | mu_N=0.00 mu_Z=1.00 mu_P=0.00 | da=0.00°
10:25:24.726 | DEBUG    | FUZZY | pos=(58,10) | angle=0.0° | G=1 D=1 delta=0 | mu_N=0.00 mu_Z=1.00 mu_P=0.00 | da=0.00°
10:25:24.743 | DEBUG    | FUZZY | pos=(61,10) | angle=0.0° | G=1 D=1 delta=0 | mu_N=0.00 mu_Z=1.00 mu_P=0.00 | da=0.00°
10:25:24.760 | DEBUG    | FUZZY | pos=(64,10) | angle=0.0° | G=1 D=1 delta=0 | mu_N=0.00 mu_Z=1.00 mu_P=0.00 | da=0.00°
10:25:24.776 | DEBUG    | FUZZY | pos=(67,10) | angle=0.0° | G=1 D=1 delta=0 | mu_N=0.00 mu_Z=1.00 mu_P=0.00 | da=0.00°
10:25:24.791 | DEBUG    | FUZZY | pos=(70,10) | angle=0.0° | G=1 D=1 delta=0 | mu_N=0.00 mu_Z=1.00 mu_P=0.00 | da=0.00°
10:25:24.809 | DEBUG    | FUZZY | pos=(73,10) | angle=0.0° | G=1 D=1 delta=0 | mu_N=0.00 mu_Z=1.00 mu_P=0.00 | da=0.00°
10:25:24.825 | DEBUG    | FUZZY | pos=(76,10) | angle=0.0° | G=1 D=1 delta=0 | mu_N=0.00 mu_Z=1.00 mu_P=0.00 | da=0.00°
10:25:24.841 | DEBUG    | FUZZY | pos=(79,10) | angle=0.0° | G=1 D=1 delta=0 | mu_N=0.00 mu_Z=1.00 mu_P=0.00 | da=0.00°
10:25:24.858 | DEBUG    | FUZZY | pos=(82,10) | angle=0.0° | G=1 D=1 delta=0 | mu_N=0.00 mu_Z=1.00 mu_P=0.00 | da=0.00°
10:25:24.873 | DEBUG    | FUZZY | pos=(85,10) | angle=0.0° | G=1 D=1 delta=0 | mu_N=0.00 mu_Z=1.00 mu_P=0.00 | da=0.00°
10:25:24.890 | DEBUG    | FUZZY | pos=(88,10) | angle=0.0° | G=1 D=1 delta=0 | mu_N=0.00 mu_Z=1.00 mu_P=0.00 | da=0.00°
10:25:24.909 | DEBUG    | FUZZY | pos=(91,10) | angle=0.0° | G=1 D=1 delta=0 | mu_N=0.00 mu_Z=1.00 mu_P=0.00 | da=0.00°
10:25:24.924 | DEBUG    | FUZZY | pos=(94,10) | angle=0.0° | G=1 D=1 delta=0 | mu_N=0.00 mu_Z=1.00 mu_P=0.00 | da=0.00°
10:25:24.942 | DEBUG    | FUZZY | pos=(97,10) | angle=0.0° | G=1 D=1 delta=0 | mu_N=0.00 mu_Z=1.00 mu_P=0.00 | da=0.00°
10:25:24.958 | DEBUG    | FUZZY | pos=(100,10) | angle=0.0° | G=1 D=1 delta=0 | mu_N=0.00 mu_Z=1.00 mu_P=0.00 | da=0.00°
10:25:24.973 | DEBUG    | FUZZY | pos=(103,10) | angle=0.0° | G=1 D=1 delta=0 | mu_N=0.00 mu_Z=1.00 mu_P=0.00 | da=0.00°
10:25:24.989 | DEBUG    | FUZZY | pos=(106,10) | angle=0.0° | G=1 D=1 delta=0 | mu_N=0.00 mu_Z=1.00 mu_P=0.00 | da=0.00°
10:25:25.006 | DEBUG    | FUZZY | pos=(109,10) | angle=0.0° | G=1 D=1 delta=0 | mu_N=0.00 mu_Z=1.00 mu_P=0.00 | da=0.00°
10:25:25.022 | DEBUG    | FUZZY | pos=(112,10) | angle=0.0° | G=1 D=1 delta=0 | mu_N=0.00 mu_Z=1.00 mu_P=0.00 | da=0.00°
10:25:25.038 | DEBUG    | FUZZY | pos=(115,10) | angle=0.0° | G=1 D=1 delta=0 | mu_N=0.00 mu_Z=1.00 mu_P=0.00 | da=0.00°
10:25:25.055 | DEBUG    | FUZZY | pos=(118,10) | angle=0.0° | G=1 D=1 delta=0 | mu_N=0.00 mu_Z=1.00 mu_P=0.00 | da=0.00°
10:25:25.070 | DEBUG    | FUZZY | pos=(121,10) | angle=0.0° | G=1 D=1 delta=0 | mu_N=0.00 mu_Z=1.00 mu_P=0.00 | da=0.00°
10:25:25.088 | DEBUG    | FUZZY | pos=(124,10) | angle=0.0° | G=1 D=1 delta=0 | mu_N=0.00 mu_Z=1.00 mu_P=0.00 | da=0.00°
10:25:25.104 | DEBUG    | FUZZY | pos=(127,10) | angle=0.0° | G=1 D=1 delta=0 | mu_N=0.00 mu_Z=1.00 mu_P=0.00 | da=0.00°
10:25:25.121 | DEBUG    | FUZZY | pos=(130,10) | angle=0.0° | G=1 D=1 delta=0 | mu_N=0.00 mu_Z=1.00 mu_P=0.00 | da=0.00°
10:25:25.137 | DEBUG    | FUZZY | pos=(133,10) | angle=0.0° | G=1 D=1 delta=0 | mu_N=0.00 mu_Z=1.00 mu_P=0.00 | da=0.00°
10:25:25.153 | DEBUG    | FUZZY | pos=(136,10) | angle=0.0° | G=1 D=1 delta=0 | mu_N=0.00 mu_Z=1.00 mu_P=0.00 | da=0.00°
10:25:25.169 | DEBUG    | FUZZY | pos=(139,10) | angle=0.0° | G=1 D=1 delta=0 | mu_N=0.00 mu_Z=1.00 mu_P=0.00 | da=0.00°
10:25:25.185 | DEBUG    | FUZZY | pos=(142,10) | angle=0.0° | G=1 D=1 delta=0 | mu_N=0.00 mu_Z=1.00 mu_P=0.00 | da=0.00°
10:25:25.202 | DEBUG    | FUZZY | pos=(145,10) | angle=0.0° | G=1 D=1 delta=0 | mu_N=0.00 mu_Z=1.00 mu_P=0.00 | da=0.00°
10:25:25.219 | DEBUG    | FUZZY | pos=(148,10) | angle=0.0° | G=1 D=1 delta=0 | mu_N=0.00 mu_Z=1.00 mu_P=0.00 | da=0.00°
10:25:25.234 | DEBUG    | FUZZY | pos=(151,10) | angle=0.0° | G=1 D=1 delta=0 | mu_N=0.00 mu_Z=1.00 mu_P=0.00 | da=0.00°
10:25:25.251 | DEBUG    | FUZZY | pos=(154,10) | angle=0.0° | G=1 D=1 delta=0 | mu_N=0.00 mu_Z=1.00 mu_P=0.00 | da=0.00°
10:25:25.269 | DEBUG    | FUZZY | pos=(157,10) | angle=0.0° | G=1 D=1 delta=0 | mu_N=0.00 mu_Z=1.00 mu_P=0.00 | da=0.00°
10:25:25.285 | DEBUG    | FUZZY | pos=(160,10) | angle=0.0° | G=1 D=1 delta=0 | mu_N=0.00 mu_Z=1.00 mu_P=0.00 | da=0.00°
10:25:25.302 | DEBUG    | FUZZY | pos=(163,10) | angle=0.0° | G=1 D=1 delta=0 | mu_N=0.00 mu_Z=1.00 mu_P=0.00 | da=0.00°
10:25:25.319 | DEBUG    | FUZZY | pos=(166,10) | angle=0.0° | G=1 D=1 delta=0 | mu_N=0.00 mu_Z=1.00 mu_P=0.00 | da=0.00°
10:25:25.335 | DEBUG    | FUZZY | pos=(169,10) | angle=0.0° | G=1 D=1 delta=0 | mu_N=0.00 mu_Z=1.00 mu_P=0.00 | da=0.00°
10:25:25.353 | DEBUG    | FUZZY | pos=(172,10) | angle=0.0° | G=1 D=1 delta=0 | mu_N=0.00 mu_Z=1.00 mu_P=0.00 | da=0.00°
10:25:25.370 | DEBUG    | FUZZY | pos=(175,10) | angle=0.0° | G=1 D=1 delta=0 | mu_N=0.00 mu_Z=1.00 mu_P=0.00 | da=0.00°
10:25:25.386 | DEBUG    | FUZZY | pos=(178,10) | angle=0.0° | G=1 D=1 delta=0 | mu_N=0.00 mu_Z=1.00 mu_P=0.00 | da=0.00°
10:25:25.403 | DEBUG    | FUZZY | pos=(181,10) | angle=0.0° | G=1 D=1 delta=0 | mu_N=0.00 mu_Z=1.00 mu_P=0.00 | da=0.00°
10:25:25.420 | DEBUG    | FUZZY | pos=(184,10) | angle=0.0° | G=1 D=1 delta=0 | mu_N=0.00 mu_Z=1.00 mu_P=0.00 | da=0.00°
10:25:25.437 | DEBUG    | FUZZY | pos=(187,10) | angle=0.0° | G=1 D=1 delta=0 | mu_N=0.00 mu_Z=1.00 mu_P=0.00 | da=0.00°
10:25:25.453 | DEBUG    | FUZZY | pos=(190,10) | angle=0.0° | G=1 D=1 delta=0 | mu_N=0.00 mu_Z=1.00 mu_P=0.00 | da=0.00°
10:25:25.470 | DEBUG    | FUZZY | pos=(193,10) | angle=0.0° | G=1 D=255 delta=254 | mu_N=0.00 mu_Z=0.00 mu_P=1.00 | da=12.00°
10:25:25.486 | DEBUG    | FUZZY | pos=(196,10) | angle=12.0° | G=3 D=7 delta=4 | mu_N=0.00 mu_Z=0.87 mu_P=0.02 | da=2.61°
10:25:25.502 | DEBUG    | FUZZY | pos=(199,11) | angle=14.6° | G=1 D=15 delta=14 | mu_N=0.00 mu_Z=0.53 mu_P=0.05 | da=1.64°
10:25:25.518 | DEBUG    | FUZZY | pos=(202,11) | angle=16.3° | G=1 D=31 delta=30 | mu_N=0.00 mu_Z=0.00 mu_P=0.12 | da=12.33°
10:25:25.534 | DEBUG    | FUZZY | pos=(205,12) | angle=28.6° | G=3 D=7 delta=4 | mu_N=0.00 mu_Z=0.87 mu_P=0.02 | da=2.68°
10:25:25.551 | DEBUG    | FUZZY | pos=(207,14) | angle=31.3° | G=3 D=15 delta=12 | mu_N=0.00 mu_Z=0.60 mu_P=0.05 | da=1.41°
10:25:25.568 | DEBUG    | FUZZY | pos=(210,15) | angle=32.7° | G=1 D=15 delta=14 | mu_N=0.00 mu_Z=0.53 mu_P=0.05 | da=1.40°
10:25:25.584 | DEBUG    | FUZZY | pos=(212,17) | angle=34.1° | G=0 D=15 delta=15 | mu_N=0.00 mu_Z=0.50 mu_P=0.06 | da=1.54°
10:25:25.602 | DEBUG    | FUZZY | pos=(215,19) | angle=35.6° | G=0 D=31 delta=31 | mu_N=0.00 mu_Z=0.00 mu_P=0.12 | da=12.31°
10:25:25.619 | DEBUG    | FUZZY | pos=(217,20) | angle=47.9° | G=0 D=15 delta=15 | mu_N=0.00 mu_Z=0.50 mu_P=0.06 | da=3.72°
10:25:25.635 | DEBUG    | FUZZY | pos=(219,22) | angle=51.7° | G=0 D=15 delta=15 | mu_N=0.00 mu_Z=0.50 mu_P=0.06 | da=2.01°
10:25:25.652 | DEBUG    | FUZZY | pos=(221,25) | angle=53.7° | G=0 D=15 delta=15 | mu_N=0.00 mu_Z=0.50 mu_P=0.06 | da=1.66°
10:25:25.668 | DEBUG    | FUZZY | pos=(223,27) | angle=55.3° | G=0 D=15 delta=15 | mu_N=0.00 mu_Z=0.50 mu_P=0.06 | da=1.60°
10:25:25.686 | DEBUG    | FUZZY | pos=(225,30) | angle=56.9° | G=0 D=14 delta=14 | mu_N=0.00 mu_Z=0.53 mu_P=0.05 | da=1.44°
10:25:25.702 | DEBUG    | FUZZY | pos=(226,32) | angle=58.4° | G=0 D=14 delta=14 | mu_N=0.00 mu_Z=0.53 mu_P=0.05 | da=1.41°
10:25:25.718 | DEBUG    | FUZZY | pos=(228,35) | angle=59.8° | G=0 D=14 delta=14 | mu_N=0.00 mu_Z=0.53 mu_P=0.05 | da=1.40°
10:25:25.735 | DEBUG    | FUZZY | pos=(229,37) | angle=61.2° | G=0 D=14 delta=14 | mu_N=0.00 mu_Z=0.53 mu_P=0.05 | da=1.40°
10:25:42.787 | DEBUG    | FUZZY | pos=(231,40) | angle=62.6° | G=0 D=14 delta=14 | mu_N=0.00 mu_Z=0.53 mu_P=0.05 | da=1.40°
10:25:42.799 | DEBUG    | FUZZY | pos=(232,43) | angle=64.0° | G=0 D=14 delta=14 | mu_N=0.00 mu_Z=0.53 mu_P=0.05 | da=1.40°
10:25:42.814 | DEBUG    | FUZZY | pos=(234,45) | angle=65.4° | G=0 D=28 delta=28 | mu_N=0.00 mu_Z=0.07 mu_P=0.11 | da=7.75°
10:25:42.830 | DEBUG    | FUZZY | pos=(235,48) | angle=73.1° | G=0 D=14 delta=14 | mu_N=0.00 mu_Z=0.53 mu_P=0.05 | da=2.67°
10:25:42.845 | DEBUG    | FUZZY | pos=(236,51) | angle=75.8° | G=0 D=14 delta=14 | mu_N=0.00 mu_Z=0.53 mu_P=0.05 | da=1.65°
10:25:42.862 | DEBUG    | FUZZY | pos=(236,54) | angle=77.4° | G=0 D=14 delta=14 | mu_N=0.00 mu_Z=0.53 mu_P=0.05 | da=1.45°
10:25:42.880 | DEBUG    | FUZZY | pos=(237,57) | angle=78.9° | G=0 D=14 delta=14 | mu_N=0.00 mu_Z=0.53 mu_P=0.05 | da=1.41°
10:25:42.896 | DEBUG    | FUZZY | pos=(238,60) | angle=80.3° | G=0 D=14 delta=14 | mu_N=0.00 mu_Z=0.53 mu_P=0.05 | da=1.40°
10:25:42.913 | DEBUG    | FUZZY | pos=(238,63) | angle=81.7° | G=0 D=14 delta=14 | mu_N=0.00 mu_Z=0.53 mu_P=0.05 | da=1.40°
10:25:42.931 | DEBUG    | FUZZY | pos=(239,66) | angle=83.1° | G=0 D=14 delta=14 | mu_N=0.00 mu_Z=0.53 mu_P=0.05 | da=1.40°
10:25:42.949 | DEBUG    | FUZZY | pos=(239,69) | angle=84.5° | G=0 D=14 delta=14 | mu_N=0.00 mu_Z=0.53 mu_P=0.05 | da=1.40°
10:25:42.965 | DEBUG    | FUZZY | pos=(239,72) | angle=85.9° | G=0 D=14 delta=14 | mu_N=0.00 mu_Z=0.53 mu_P=0.05 | da=1.40°
10:25:42.982 | DEBUG    | FUZZY | pos=(239,75) | angle=87.3° | G=0 D=14 delta=14 | mu_N=0.00 mu_Z=0.53 mu_P=0.05 | da=1.40°
10:25:43.000 | DEBUG    | FUZZY | pos=(240,78) | angle=88.7° | G=0 D=14 delta=14 | mu_N=0.00 mu_Z=0.53 mu_P=0.05 | da=1.40°
10:25:43.017 | DEBUG    | FUZZY | pos=(240,81) | angle=90.1° | G=0 D=6 delta=6 | mu_N=0.00 mu_Z=0.80 mu_P=0.02 | da=0.62°
10:25:43.034 | DEBUG    | FUZZY | pos=(240,84) | angle=90.7° | G=0 D=6 delta=6 | mu_N=0.00 mu_Z=0.80 mu_P=0.02 | da=0.47°
10:25:43.050 | DEBUG    | FUZZY | pos=(240,87) | angle=91.2° | G=0 D=6 delta=6 | mu_N=0.00 mu_Z=0.80 mu_P=0.02 | da=0.44°
10:25:43.067 | DEBUG    | FUZZY | pos=(240,90) | angle=91.6° | G=0 D=6 delta=6 | mu_N=0.00 mu_Z=0.80 mu_P=0.02 | da=0.43°
10:25:43.083 | DEBUG    | FUZZY | pos=(239,93) | angle=92.1° | G=0 D=6 delta=6 | mu_N=0.00 mu_Z=0.80 mu_P=0.02 | da=0.43°
10:25:43.106 | DEBUG    | FUZZY | pos=(239,96) | angle=92.5° | G=0 D=6 delta=6 | mu_N=0.00 mu_Z=0.80 mu_P=0.02 | da=0.43°
10:25:43.121 | DEBUG    | FUZZY | pos=(239,99) | angle=92.9° | G=0 D=6 delta=6 | mu_N=0.00 mu_Z=0.80 mu_P=0.02 | da=0.43°
10:25:43.138 | DEBUG    | FUZZY | pos=(239,102) | angle=93.3° | G=0 D=7 delta=7 | mu_N=0.00 mu_Z=0.77 mu_P=0.03 | da=0.50°
10:25:43.153 | DEBUG    | FUZZY | pos=(239,105) | angle=93.8° | G=0 D=7 delta=7 | mu_N=0.00 mu_Z=0.77 mu_P=0.03 | da=0.51°
10:25:43.171 | DEBUG    | FUZZY | pos=(239,108) | angle=94.4° | G=0 D=7 delta=7 | mu_N=0.00 mu_Z=0.77 mu_P=0.03 | da=0.52°
10:25:43.187 | DEBUG    | FUZZY | pos=(239,111) | angle=94.9° | G=0 D=7 delta=7 | mu_N=0.00 mu_Z=0.77 mu_P=0.03 | da=0.52°
10:25:43.203 | DEBUG    | FUZZY | pos=(238,114) | angle=95.4° | G=0 D=7 delta=7 | mu_N=0.00 mu_Z=0.77 mu_P=0.03 | da=0.52°
10:25:43.219 | DEBUG    | FUZZY | pos=(238,117) | angle=95.9° | G=0 D=7 delta=7 | mu_N=0.00 mu_Z=0.77 mu_P=0.03 | da=0.52°
10:25:43.235 | DEBUG    | FUZZY | pos=(238,120) | angle=96.4° | G=0 D=7 delta=7 | mu_N=0.00 mu_Z=0.77 mu_P=0.03 | da=0.52°
10:25:43.252 | DEBUG    | FUZZY | pos=(237,123) | angle=97.0° | G=0 D=7 delta=7 | mu_N=0.00 mu_Z=0.77 mu_P=0.03 | da=0.52°
10:25:43.269 | DEBUG    | FUZZY | pos=(237,126) | angle=97.5° | G=0 D=7 delta=7 | mu_N=0.00 mu_Z=0.77 mu_P=0.03 | da=0.52°
10:25:43.288 | DEBUG    | FUZZY | pos=(237,128) | angle=98.0° | G=0 D=7 delta=7 | mu_N=0.00 mu_Z=0.77 mu_P=0.03 | da=0.52°
10:25:43.305 | DEBUG    | FUZZY | pos=(236,131) | angle=98.5° | G=0 D=3 delta=3 | mu_N=0.00 mu_Z=0.90 mu_P=0.01 | da=0.26°
10:25:43.322 | DEBUG    | FUZZY | pos=(236,134) | angle=98.8° | G=0 D=3 delta=3 | mu_N=0.00 mu_Z=0.90 mu_P=0.01 | da=0.21°
10:25:43.339 | DEBUG    | FUZZY | pos=(235,137) | angle=99.0° | G=0 D=3 delta=3 | mu_N=0.00 mu_Z=0.90 mu_P=0.01 | da=0.20°
10:25:43.356 | DEBUG    | FUZZY | pos=(235,140) | angle=99.2° | G=1 D=3 delta=2 | mu_N=0.00 mu_Z=0.93 mu_P=0.01 | da=0.14°
10:25:43.372 | DEBUG    | FUZZY | pos=(234,143) | angle=99.3° | G=1 D=3 delta=2 | mu_N=0.00 mu_Z=0.93 mu_P=0.01 | da=0.13°
10:25:43.389 | DEBUG    | FUZZY | pos=(234,146) | angle=99.4° | G=1 D=3 delta=2 | mu_N=0.00 mu_Z=0.93 mu_P=0.01 | da=0.13°
10:25:43.410 | DEBUG    | FUZZY | pos=(233,149) | angle=99.6° | G=1 D=3 delta=2 | mu_N=0.00 mu_Z=0.93 mu_P=0.01 | da=0.13°
10:25:43.422 | DEBUG    | FUZZY | pos=(233,152) | angle=99.7° | G=1 D=3 delta=2 | mu_N=0.00 mu_Z=0.93 mu_P=0.01 | da=0.13°
10:25:43.438 | DEBUG    | FUZZY | pos=(232,155) | angle=99.8° | G=1 D=3 delta=2 | mu_N=0.00 mu_Z=0.93 mu_P=0.01 | da=0.13°
10:25:43.455 | DEBUG    | FUZZY | pos=(232,158) | angle=99.9° | G=1 D=3 delta=2 | mu_N=0.00 mu_Z=0.93 mu_P=0.01 | da=0.13°
10:25:43.471 | DEBUG    | FUZZY | pos=(231,161) | angle=100.1° | G=1 D=3 delta=2 | mu_N=0.00 mu_Z=0.93 mu_P=0.01 | da=0.13°
10:25:43.488 | DEBUG    | FUZZY | pos=(231,164) | angle=100.2° | G=1 D=3 delta=2 | mu_N=0.00 mu_Z=0.93 mu_P=0.01 | da=0.13°
10:25:43.505 | DEBUG    | FUZZY | pos=(230,167) | angle=100.3° | G=1 D=1 delta=0 | mu_N=0.00 mu_Z=1.00 mu_P=0.00 | da=0.03°
10:25:43.521 | DEBUG    | FUZZY | pos=(230,170) | angle=100.3° | G=1 D=1 delta=0 | mu_N=0.00 mu_Z=1.00 mu_P=0.00 | da=0.01°
10:25:43.538 | DEBUG    | FUZZY | pos=(229,173) | angle=100.3° | G=1 D=1 delta=0 | mu_N=0.00 mu_Z=1.00 mu_P=0.00 | da=0.00°
10:25:43.554 | DEBUG    | FUZZY | pos=(229,176) | angle=100.3° | G=3 D=1 delta=-2 | mu_N=0.01 mu_Z=0.93 mu_P=0.00 | da=-0.10°
10:25:43.571 | DEBUG    | FUZZY | pos=(228,179) | angle=100.2° | G=3 D=1 delta=-2 | mu_N=0.01 mu_Z=0.93 mu_P=0.00 | da=-0.12°
10:25:43.587 | DEBUG    | FUZZY | pos=(228,182) | angle=100.1° | G=3 D=1 delta=-2 | mu_N=0.01 mu_Z=0.93 mu_P=0.00 | da=-0.12°
10:25:43.604 | DEBUG    | FUZZY | pos=(227,185) | angle=100.0° | G=3 D=1 delta=-2 | mu_N=0.01 mu_Z=0.93 mu_P=0.00 | da=-0.12°
10:25:43.621 | DEBUG    | FUZZY | pos=(227,188) | angle=99.9° | G=3 D=1 delta=-2 | mu_N=0.01 mu_Z=0.93 mu_P=0.00 | da=-0.12°
10:25:43.636 | DEBUG    | FUZZY | pos=(226,191) | angle=99.7° | G=3 D=1 delta=-2 | mu_N=0.01 mu_Z=0.93 mu_P=0.00 | da=-0.12°
10:25:43.652 | DEBUG    | FUZZY | pos=(225,194) | angle=99.6° | G=3 D=1 delta=-2 | mu_N=0.01 mu_Z=0.93 mu_P=0.00 | da=-0.12°
10:25:43.669 | DEBUG    | FUZZY | pos=(225,197) | angle=99.5° | G=3 D=1 delta=-2 | mu_N=0.01 mu_Z=0.93 mu_P=0.00 | da=-0.12°
10:25:43.686 | DEBUG    | FUZZY | pos=(224,199) | angle=99.4° | G=3 D=1 delta=-2 | mu_N=0.01 mu_Z=0.93 mu_P=0.00 | da=-0.12°
10:25:43.702 | DEBUG    | FUZZY | pos=(224,202) | angle=99.2° | G=3 D=1 delta=-2 | mu_N=0.01 mu_Z=0.93 mu_P=0.00 | da=-0.12°
10:25:43.720 | DEBUG    | FUZZY | pos=(224,205) | angle=99.1° | G=3 D=0 delta=-3 | mu_N=0.01 mu_Z=0.90 mu_P=0.00 | da=-0.18°
10:25:43.738 | DEBUG    | FUZZY | pos=(223,208) | angle=98.9° | G=3 D=0 delta=-3 | mu_N=0.01 mu_Z=0.90 mu_P=0.00 | da=-0.19°
10:25:43.754 | DEBUG    | FUZZY | pos=(223,211) | angle=98.8° | G=3 D=0 delta=-3 | mu_N=0.01 mu_Z=0.90 mu_P=0.00 | da=-0.19°
10:25:43.771 | DEBUG    | FUZZY | pos=(222,214) | angle=98.6° | G=3 D=0 delta=-3 | mu_N=0.01 mu_Z=0.90 mu_P=0.00 | da=-0.19°
10:25:43.788 | DEBUG    | FUZZY | pos=(222,217) | angle=98.4° | G=3 D=0 delta=-3 | mu_N=0.01 mu_Z=0.90 mu_P=0.00 | da=-0.19°
10:25:43.804 | DEBUG    | FUZZY | pos=(221,220) | angle=98.2° | G=135 D=0 delta=-135 | mu_N=0.53 mu_Z=0.00 mu_P=0.00 | da=-12.04°
10:25:43.819 | DEBUG    | FUZZY | pos=(221,223) | angle=86.1° | G=3 D=1 delta=-2 | mu_N=0.01 mu_Z=0.93 mu_P=0.00 | da=-2.51°
10:25:43.834 | DEBUG    | FUZZY | pos=(221,226) | angle=83.6° | G=3 D=1 delta=-2 | mu_N=0.01 mu_Z=0.93 mu_P=0.00 | da=-0.60°
10:25:43.852 | DEBUG    | FUZZY | pos=(221,229) | angle=83.0° | G=7 D=1 delta=-6 | mu_N=0.02 mu_Z=0.80 mu_P=0.00 | da=-0.46°
10:25:43.869 | DEBUG    | FUZZY | pos=(222,232) | angle=82.6° | G=63 D=1 delta=-62 | mu_N=0.24 mu_Z=0.00 mu_P=0.00 | da=-12.09°
10:25:43.885 | DEBUG    | FUZZY | pos=(222,235) | angle=70.5° | G=7 D=1 delta=-6 | mu_N=0.02 mu_Z=0.80 mu_P=0.00 | da=-2.76°
10:25:43.902 | DEBUG    | FUZZY | pos=(223,238) | angle=67.7° | G=15 D=1 delta=-14 | mu_N=0.05 mu_Z=0.53 mu_P=0.00 | da=-1.67°
10:25:43.919 | DEBUG    | FUZZY | pos=(224,241) | angle=66.0° | G=15 D=3 delta=-12 | mu_N=0.05 mu_Z=0.60 mu_P=0.00 | da=-1.21°
10:25:43.935 | DEBUG    | FUZZY | pos=(225,243) | angle=64.8° | G=31 D=1 delta=-30 | mu_N=0.12 mu_Z=0.00 mu_P=0.00 | da=-12.24°
10:25:43.952 | DEBUG    | FUZZY | pos=(227,246) | angle=52.6° | G=15 D=1 delta=-14 | mu_N=0.05 mu_Z=0.53 mu_P=0.00 | da=-3.57°
10:25:43.969 | DEBUG    | FUZZY | pos=(229,249) | angle=49.0° | G=15 D=0 delta=-15 | mu_N=0.06 mu_Z=0.50 mu_P=0.00 | da=-1.98°
10:25:43.985 | DEBUG    | FUZZY | pos=(231,251) | angle=47.0° | G=15 D=0 delta=-15 | mu_N=0.06 mu_Z=0.50 mu_P=0.00 | da=-1.66°
10:25:44.003 | DEBUG    | FUZZY | pos=(233,253) | angle=45.4° | G=15 D=0 delta=-15 | mu_N=0.06 mu_Z=0.50 mu_P=0.00 | da=-1.59°
10:25:44.020 | DEBUG    | FUZZY | pos=(235,255) | angle=43.8° | G=14 D=0 delta=-14 | mu_N=0.05 mu_Z=0.53 mu_P=0.00 | da=-1.44°
10:25:44.036 | DEBUG    | FUZZY | pos=(237,257) | angle=42.4° | G=30 D=0 delta=-30 | mu_N=0.12 mu_Z=0.00 mu_P=0.00 | da=-12.29°
10:25:44.053 | DEBUG    | FUZZY | pos=(239,259) | angle=30.1° | G=15 D=0 delta=-15 | mu_N=0.06 mu_Z=0.50 mu_P=0.00 | da=-3.72°
10:25:44.072 | DEBUG    | FUZZY | pos=(242,261) | angle=26.3° | G=7 D=0 delta=-7 | mu_N=0.03 mu_Z=0.77 mu_P=0.00 | da=-1.16°
10:25:44.089 | DEBUG    | FUZZY | pos=(244,262) | angle=25.2° | G=14 D=0 delta=-14 | mu_N=0.05 mu_Z=0.53 mu_P=0.00 | da=-1.35°
10:25:44.105 | DEBUG    | FUZZY | pos=(247,263) | angle=23.8° | G=14 D=0 delta=-14 | mu_N=0.05 mu_Z=0.53 mu_P=0.00 | da=-1.39°
10:25:44.122 | DEBUG    | FUZZY | pos=(250,265) | angle=22.4° | G=14 D=0 delta=-14 | mu_N=0.05 mu_Z=0.53 mu_P=0.00 | da=-1.40°
10:25:44.139 | DEBUG    | FUZZY | pos=(253,266) | angle=21.0° | G=14 D=0 delta=-14 | mu_N=0.05 mu_Z=0.53 mu_P=0.00 | da=-1.40°
10:25:44.156 | DEBUG    | FUZZY | pos=(255,267) | angle=19.6° | G=14 D=0 delta=-14 | mu_N=0.05 mu_Z=0.53 mu_P=0.00 | da=-1.40°
10:25:44.172 | DEBUG    | FUZZY | pos=(258,268) | angle=18.2° | G=14 D=0 delta=-14 | mu_N=0.05 mu_Z=0.53 mu_P=0.00 | da=-1.40°
10:25:44.188 | DEBUG    | FUZZY | pos=(261,269) | angle=16.8° | G=14 D=0 delta=-14 | mu_N=0.05 mu_Z=0.53 mu_P=0.00 | da=-1.40°
10:25:44.204 | DEBUG    | FUZZY | pos=(264,270) | angle=15.4° | G=14 D=0 delta=-14 | mu_N=0.05 mu_Z=0.53 mu_P=0.00 | da=-1.40°
10:25:44.220 | DEBUG    | FUZZY | pos=(267,270) | angle=14.0° | G=14 D=0 delta=-14 | mu_N=0.05 mu_Z=0.53 mu_P=0.00 | da=-1.40°
10:25:44.238 | DEBUG    | FUZZY | pos=(270,271) | angle=12.6° | G=14 D=0 delta=-14 | mu_N=0.05 mu_Z=0.53 mu_P=0.00 | da=-1.40°
10:25:44.254 | DEBUG    | FUZZY | pos=(273,272) | angle=11.2° | G=14 D=0 delta=-14 | mu_N=0.05 mu_Z=0.53 mu_P=0.00 | da=-1.40°
10:25:44.270 | DEBUG    | FUZZY | pos=(276,272) | angle=9.8° | G=14 D=0 delta=-14 | mu_N=0.05 mu_Z=0.53 mu_P=0.00 | da=-1.40°
10:25:44.288 | DEBUG    | FUZZY | pos=(279,273) | angle=8.4° | G=14 D=0 delta=-14 | mu_N=0.05 mu_Z=0.53 mu_P=0.00 | da=-1.40°
10:25:44.304 | DEBUG    | FUZZY | pos=(282,273) | angle=7.0° | G=14 D=0 delta=-14 | mu_N=0.05 mu_Z=0.53 mu_P=0.00 | da=-1.40°
10:25:44.320 | DEBUG    | FUZZY | pos=(284,274) | angle=5.6° | G=14 D=0 delta=-14 | mu_N=0.05 mu_Z=0.53 mu_P=0.00 | da=-1.40°
10:25:44.336 | DEBUG    | FUZZY | pos=(287,274) | angle=4.2° | G=14 D=0 delta=-14 | mu_N=0.05 mu_Z=0.53 mu_P=0.00 | da=-1.40°
10:25:44.352 | DEBUG    | FUZZY | pos=(290,274) | angle=2.8° | G=14 D=0 delta=-14 | mu_N=0.05 mu_Z=0.53 mu_P=0.00 | da=-1.40°
10:25:44.369 | DEBUG    | FUZZY | pos=(293,274) | angle=1.4° | G=14 D=0 delta=-14 | mu_N=0.05 mu_Z=0.53 mu_P=0.00 | da=-1.40°
10:25:44.386 | DEBUG    | FUZZY | pos=(296,274) | angle=0.0° | G=6 D=0 delta=-6 | mu_N=0.02 mu_Z=0.80 mu_P=0.00 | da=-0.62°
10:25:44.402 | DEBUG    | FUZZY | pos=(299,274) | angle=-0.6° | G=6 D=0 delta=-6 | mu_N=0.02 mu_Z=0.80 mu_P=0.00 | da=-0.47°
10:25:44.419 | DEBUG    | FUZZY | pos=(302,274) | angle=-1.0° | G=6 D=0 delta=-6 | mu_N=0.02 mu_Z=0.80 mu_P=0.00 | da=-0.44°
10:25:44.436 | DEBUG    | FUZZY | pos=(305,274) | angle=-1.5° | G=6 D=0 delta=-6 | mu_N=0.02 mu_Z=0.80 mu_P=0.00 | da=-0.43°
10:25:44.452 | DEBUG    | FUZZY | pos=(308,274) | angle=-1.9° | G=6 D=0 delta=-6 | mu_N=0.02 mu_Z=0.80 mu_P=0.00 | da=-0.43°
10:25:44.469 | DEBUG    | FUZZY | pos=(311,274) | angle=-2.3° | G=6 D=0 delta=-6 | mu_N=0.02 mu_Z=0.80 mu_P=0.00 | da=-0.43°
10:25:44.485 | DEBUG    | FUZZY | pos=(314,274) | angle=-2.8° | G=6 D=0 delta=-6 | mu_N=0.02 mu_Z=0.80 mu_P=0.00 | da=-0.43°
10:25:44.501 | DEBUG    | FUZZY | pos=(317,274) | angle=-3.2° | G=7 D=0 delta=-7 | mu_N=0.03 mu_Z=0.77 mu_P=0.00 | da=-0.50°
10:25:44.518 | DEBUG    | FUZZY | pos=(320,274) | angle=-3.7° | G=7 D=0 delta=-7 | mu_N=0.03 mu_Z=0.77 mu_P=0.00 | da=-0.51°
10:25:44.535 | DEBUG    | FUZZY | pos=(323,274) | angle=-4.2° | G=7 D=0 delta=-7 | mu_N=0.03 mu_Z=0.77 mu_P=0.00 | da=-0.52°
10:25:44.552 | DEBUG    | FUZZY | pos=(326,273) | angle=-4.7° | G=7 D=0 delta=-7 | mu_N=0.03 mu_Z=0.77 mu_P=0.00 | da=-0.52°
10:25:44.567 | DEBUG    | FUZZY | pos=(329,273) | angle=-5.3° | G=7 D=0 delta=-7 | mu_N=0.03 mu_Z=0.77 mu_P=0.00 | da=-0.52°
10:25:44.583 | DEBUG    | FUZZY | pos=(332,273) | angle=-5.8° | G=7 D=0 delta=-7 | mu_N=0.03 mu_Z=0.77 mu_P=0.00 | da=-0.52°
10:25:44.598 | DEBUG    | FUZZY | pos=(335,273) | angle=-6.3° | G=7 D=0 delta=-7 | mu_N=0.03 mu_Z=0.77 mu_P=0.00 | da=-0.52°
10:25:44.615 | DEBUG    | FUZZY | pos=(338,272) | angle=-6.8° | G=7 D=0 delta=-7 | mu_N=0.03 mu_Z=0.77 mu_P=0.00 | da=-0.52°
10:25:44.631 | DEBUG    | FUZZY | pos=(341,272) | angle=-7.3° | G=7 D=0 delta=-7 | mu_N=0.03 mu_Z=0.77 mu_P=0.00 | da=-0.52°
10:25:44.647 | DEBUG    | FUZZY | pos=(344,271) | angle=-7.8° | G=7 D=0 delta=-7 | mu_N=0.03 mu_Z=0.77 mu_P=0.00 | da=-0.52°
10:25:44.663 | DEBUG    | FUZZY | pos=(347,271) | angle=-8.4° | G=3 D=0 delta=-3 | mu_N=0.01 mu_Z=0.90 mu_P=0.00 | da=-0.26°
10:25:44.680 | DEBUG    | FUZZY | pos=(350,271) | angle=-8.6° | G=3 D=0 delta=-3 | mu_N=0.01 mu_Z=0.90 mu_P=0.00 | da=-0.21°
10:25:44.698 | DEBUG    | FUZZY | pos=(353,270) | angle=-8.8° | G=3 D=0 delta=-3 | mu_N=0.01 mu_Z=0.90 mu_P=0.00 | da=-0.20°
10:25:44.716 | DEBUG    | FUZZY | pos=(356,270) | angle=-9.0° | G=3 D=1 delta=-2 | mu_N=0.01 mu_Z=0.93 mu_P=0.00 | da=-0.14°
10:25:44.732 | DEBUG    | FUZZY | pos=(359,269) | angle=-9.2° | G=3 D=1 delta=-2 | mu_N=0.01 mu_Z=0.93 mu_P=0.00 | da=-0.13°
10:25:44.750 | DEBUG    | FUZZY | pos=(362,269) | angle=-9.3° | G=3 D=1 delta=-2 | mu_N=0.01 mu_Z=0.93 mu_P=0.00 | da=-0.13°
10:25:44.766 | DEBUG    | FUZZY | pos=(365,268) | angle=-9.4° | G=3 D=1 delta=-2 | mu_N=0.01 mu_Z=0.93 mu_P=0.00 | da=-0.13°
10:25:44.784 | DEBUG    | FUZZY | pos=(368,268) | angle=-9.5° | G=3 D=1 delta=-2 | mu_N=0.01 mu_Z=0.93 mu_P=0.00 | da=-0.13°
10:25:44.799 | DEBUG    | FUZZY | pos=(371,267) | angle=-9.7° | G=3 D=1 delta=-2 | mu_N=0.01 mu_Z=0.93 mu_P=0.00 | da=-0.13°
10:25:44.815 | DEBUG    | FUZZY | pos=(374,267) | angle=-9.8° | G=3 D=1 delta=-2 | mu_N=0.01 mu_Z=0.93 mu_P=0.00 | da=-0.13°
10:25:44.841 | DEBUG    | FUZZY | pos=(377,266) | angle=-9.9° | G=3 D=1 delta=-2 | mu_N=0.01 mu_Z=0.93 mu_P=0.00 | da=-0.13°
10:25:44.852 | DEBUG    | FUZZY | pos=(380,266) | angle=-10.0° | G=3 D=1 delta=-2 | mu_N=0.01 mu_Z=0.93 mu_P=0.00 | da=-0.13°
10:25:44.867 | DEBUG    | FUZZY | pos=(383,265) | angle=-10.2° | G=1 D=1 delta=0 | mu_N=0.00 mu_Z=1.00 mu_P=0.00 | da=-0.03°
10:25:44.882 | DEBUG    | FUZZY | pos=(386,265) | angle=-10.2° | G=1 D=225 delta=224 | mu_N=0.00 mu_Z=0.00 mu_P=0.88 | da=11.99°
10:25:44.900 | DEBUG    | FUZZY | pos=(389,264) | angle=1.8° | G=3 D=1 delta=-2 | mu_N=0.01 mu_Z=0.93 mu_P=0.00 | da=2.30°
10:25:44.916 | DEBUG    | FUZZY | pos=(392,264) | angle=4.1° | G=3 D=1 delta=-2 | mu_N=0.01 mu_Z=0.93 mu_P=0.00 | da=0.36°
10:25:44.932 | DEBUG    | FUZZY | pos=(395,264) | angle=4.5° | G=3 D=63 delta=60 | mu_N=0.00 mu_Z=0.00 mu_P=0.24 | da=12.07°
10:25:44.950 | DEBUG    | FUZZY | pos=(398,265) | angle=16.5° | G=3 D=7 delta=4 | mu_N=0.00 mu_Z=0.87 mu_P=0.02 | da=2.63°
10:25:44.966 | DEBUG    | FUZZY | pos=(401,266) | angle=19.2° | G=3 D=15 delta=12 | mu_N=0.00 mu_Z=0.60 mu_P=0.05 | da=1.40°
10:25:44.983 | DEBUG    | FUZZY | pos=(403,267) | angle=20.6° | G=7 D=15 delta=8 | mu_N=0.00 mu_Z=0.73 mu_P=0.03 | da=0.77°
10:25:45.000 | DEBUG    | FUZZY | pos=(406,268) | angle=21.3° | G=3 D=31 delta=28 | mu_N=0.00 mu_Z=0.07 mu_P=0.11 | da=7.62°
10:25:45.016 | DEBUG    | FUZZY | pos=(409,269) | angle=29.0° | G=1 D=15 delta=14 | mu_N=0.00 mu_Z=0.53 mu_P=0.05 | da=2.64°
10:25:45.033 | DEBUG    | FUZZY | pos=(412,270) | angle=31.6° | G=0 D=31 delta=31 | mu_N=0.00 mu_Z=0.00 mu_P=0.12 | da=12.53°
10:25:45.050 | DEBUG    | FUZZY | pos=(414,272) | angle=44.1° | G=1 D=7 delta=6 | mu_N=0.00 mu_Z=0.80 mu_P=0.02 | da=2.85°
10:25:45.067 | DEBUG    | FUZZY | pos=(416,274) | angle=47.0° | G=0 D=7 delta=7 | mu_N=0.00 mu_Z=0.77 mu_P=0.03 | da=0.98°
10:25:45.084 | DEBUG    | FUZZY | pos=(418,276) | angle=48.0° | G=0 D=15 delta=15 | mu_N=0.00 mu_Z=0.50 mu_P=0.06 | da=1.46°
10:25:45.100 | DEBUG    | FUZZY | pos=(420,278) | angle=49.4° | G=0 D=15 delta=15 | mu_N=0.00 mu_Z=0.50 mu_P=0.06 | da=1.56°
10:25:45.117 | DEBUG    | FUZZY | pos=(422,280) | angle=51.0° | G=0 D=14 delta=14 | mu_N=0.00 mu_Z=0.53 mu_P=0.05 | da=1.43°
10:25:45.133 | DEBUG    | FUZZY | pos=(424,283) | angle=52.4° | G=0 D=14 delta=14 | mu_N=0.00 mu_Z=0.53 mu_P=0.05 | da=1.41°
10:25:45.150 | DEBUG    | FUZZY | pos=(426,285) | angle=53.8° | G=0 D=30 delta=30 | mu_N=0.00 mu_Z=0.00 mu_P=0.12 | da=12.28°
10:25:45.166 | DEBUG    | FUZZY | pos=(428,288) | angle=66.1° | G=0 D=14 delta=14 | mu_N=0.00 mu_Z=0.53 mu_P=0.05 | da=3.58°
10:25:45.182 | DEBUG    | FUZZY | pos=(429,290) | angle=69.7° | G=0 D=6 delta=6 | mu_N=0.00 mu_Z=0.80 mu_P=0.02 | da=1.06°
10:25:45.199 | DEBUG    | FUZZY | pos=(430,293) | angle=70.7° | G=0 D=6 delta=6 | mu_N=0.00 mu_Z=0.80 mu_P=0.02 | da=0.55°
10:25:45.213 | DEBUG    | FUZZY | pos=(431,296) | angle=71.3° | G=0 D=14 delta=14 | mu_N=0.00 mu_Z=0.53 mu_P=0.05 | da=1.23°
10:25:45.230 | DEBUG    | FUZZY | pos=(432,299) | angle=72.5° | G=0 D=14 delta=14 | mu_N=0.00 mu_Z=0.53 mu_P=0.05 | da=1.37°
10:25:45.247 | DEBUG    | FUZZY | pos=(433,302) | angle=73.9° | G=0 D=14 delta=14 | mu_N=0.00 mu_Z=0.53 mu_P=0.05 | da=1.39°
10:25:45.262 | DEBUG    | FUZZY | pos=(434,305) | angle=75.3° | G=0 D=14 delta=14 | mu_N=0.00 mu_Z=0.53 mu_P=0.05 | da=1.40°
10:25:45.279 | DEBUG    | FUZZY | pos=(435,307) | angle=76.7° | G=0 D=14 delta=14 | mu_N=0.00 mu_Z=0.53 mu_P=0.05 | da=1.40°
10:25:45.295 | DEBUG    | FUZZY | pos=(435,310) | angle=78.1° | G=0 D=14 delta=14 | mu_N=0.00 mu_Z=0.53 mu_P=0.05 | da=1.40°
10:25:45.312 | DEBUG    | FUZZY | pos=(436,313) | angle=79.5° | G=0 D=14 delta=14 | mu_N=0.00 mu_Z=0.53 mu_P=0.05 | da=1.40°
10:25:45.328 | DEBUG    | FUZZY | pos=(436,316) | angle=80.9° | G=0 D=14 delta=14 | mu_N=0.00 mu_Z=0.53 mu_P=0.05 | da=1.40°
10:25:45.344 | DEBUG    | FUZZY | pos=(437,319) | angle=82.3° | G=0 D=14 delta=14 | mu_N=0.00 mu_Z=0.53 mu_P=0.05 | da=1.40°
10:25:45.361 | DEBUG    | FUZZY | pos=(437,322) | angle=83.7° | G=0 D=14 delta=14 | mu_N=0.00 mu_Z=0.53 mu_P=0.05 | da=1.40°
10:25:45.378 | DEBUG    | FUZZY | pos=(438,325) | angle=85.1° | G=0 D=14 delta=14 | mu_N=0.00 mu_Z=0.53 mu_P=0.05 | da=1.40°
10:25:45.394 | DEBUG    | FUZZY | pos=(438,328) | angle=86.5° | G=0 D=6 delta=6 | mu_N=0.00 mu_Z=0.80 mu_P=0.02 | da=0.62°
10:25:45.411 | DEBUG    | FUZZY | pos=(438,331) | angle=87.1° | G=0 D=6 delta=6 | mu_N=0.00 mu_Z=0.80 mu_P=0.02 | da=0.47°
10:25:45.428 | DEBUG    | FUZZY | pos=(438,334) | angle=87.6° | G=0 D=6 delta=6 | mu_N=0.00 mu_Z=0.80 mu_P=0.02 | da=0.44°
10:25:45.444 | DEBUG    | FUZZY | pos=(438,337) | angle=88.0° | G=0 D=6 delta=6 | mu_N=0.00 mu_Z=0.80 mu_P=0.02 | da=0.43°
10:25:45.460 | DEBUG    | FUZZY | pos=(438,340) | angle=88.4° | G=0 D=6 delta=6 | mu_N=0.00 mu_Z=0.80 mu_P=0.02 | da=0.43°
10:25:45.476 | DEBUG    | FUZZY | pos=(439,343) | angle=88.9° | G=0 D=6 delta=6 | mu_N=0.00 mu_Z=0.80 mu_P=0.02 | da=0.43°
10:25:45.492 | DEBUG    | FUZZY | pos=(439,346) | angle=89.3° | G=0 D=6 delta=6 | mu_N=0.00 mu_Z=0.80 mu_P=0.02 | da=0.43°
10:25:45.509 | DEBUG    | FUZZY | pos=(439,349) | angle=89.7° | G=0 D=6 delta=6 | mu_N=0.00 mu_Z=0.80 mu_P=0.02 | da=0.43°
10:25:45.525 | DEBUG    | FUZZY | pos=(439,352) | angle=90.1° | G=0 D=6 delta=6 | mu_N=0.00 mu_Z=0.80 mu_P=0.02 | da=0.43°
10:25:45.540 | DEBUG    | FUZZY | pos=(439,355) | angle=90.6° | G=0 D=6 delta=6 | mu_N=0.00 mu_Z=0.80 mu_P=0.02 | da=0.43°
10:25:45.558 | DEBUG    | FUZZY | pos=(439,358) | angle=91.0° | G=0 D=6 delta=6 | mu_N=0.00 mu_Z=0.80 mu_P=0.02 | da=0.43°
10:25:45.575 | DEBUG    | FUZZY | pos=(439,361) | angle=91.4° | G=0 D=6 delta=6 | mu_N=0.00 mu_Z=0.80 mu_P=0.02 | da=0.43°
10:25:45.592 | DEBUG    | FUZZY | pos=(438,364) | angle=91.9° | G=0 D=7 delta=7 | mu_N=0.00 mu_Z=0.77 mu_P=0.03 | da=0.50°
10:25:45.609 | DEBUG    | FUZZY | pos=(438,367) | angle=92.4° | G=0 D=7 delta=7 | mu_N=0.00 mu_Z=0.77 mu_P=0.03 | da=0.51°
10:25:45.625 | DEBUG    | FUZZY | pos=(438,370) | angle=92.9° | G=0 D=7 delta=7 | mu_N=0.00 mu_Z=0.77 mu_P=0.03 | da=0.52°
10:25:45.643 | DEBUG    | FUZZY | pos=(438,373) | angle=93.4° | G=0 D=7 delta=7 | mu_N=0.00 mu_Z=0.77 mu_P=0.03 | da=0.52°
10:25:45.660 | DEBUG    | FUZZY | pos=(438,376) | angle=93.9° | G=0 D=7 delta=7 | mu_N=0.00 mu_Z=0.77 mu_P=0.03 | da=0.52°
10:25:45.677 | DEBUG    | FUZZY | pos=(438,379) | angle=94.4° | G=0 D=31 delta=31 | mu_N=0.00 mu_Z=0.00 mu_P=0.12 | da=12.10°
10:25:45.694 | DEBUG    | FUZZY | pos=(438,382) | angle=106.5° | G=1 D=3 delta=2 | mu_N=0.00 mu_Z=0.93 mu_P=0.01 | da=2.52°
10:25:45.710 | DEBUG    | FUZZY | pos=(437,385) | angle=109.1° | G=1 D=7 delta=6 | mu_N=0.00 mu_Z=0.80 mu_P=0.02 | da=0.85°
10:25:45.727 | DEBUG    | FUZZY | pos=(436,388) | angle=109.9° | G=0 D=15 delta=15 | mu_N=0.00 mu_Z=0.50 mu_P=0.06 | da=1.43°
10:25:45.744 | DEBUG    | FUZZY | pos=(435,391) | angle=111.3° | G=0 D=31 delta=31 | mu_N=0.00 mu_Z=0.00 mu_P=0.12 | da=12.29°
10:25:45.761 | DEBUG    | FUZZY | pos=(434,393) | angle=123.6° | G=1 D=7 delta=6 | mu_N=0.00 mu_Z=0.80 mu_P=0.02 | da=2.80°
10:25:54.099 | DEBUG    | FUZZY | pos=(432,396) | angle=126.4° | G=1 D=15 delta=14 | mu_N=0.00 mu_Z=0.53 mu_P=0.05 | da=1.68°
10:25:54.112 | DEBUG    | FUZZY | pos=(430,398) | angle=128.1° | G=0 D=15 delta=15 | mu_N=0.00 mu_Z=0.50 mu_P=0.06 | da=1.60°
10:25:54.129 | DEBUG    | FUZZY | pos=(428,401) | angle=129.7° | G=0 D=15 delta=15 | mu_N=0.00 mu_Z=0.50 mu_P=0.06 | da=1.58°
10:25:54.146 | DEBUG    | FUZZY | pos=(426,403) | angle=131.3° | G=0 D=30 delta=30 | mu_N=0.00 mu_Z=0.00 mu_P=0.12 | da=12.32°
10:25:54.163 | DEBUG    | FUZZY | pos=(424,405) | angle=143.6° | G=0 D=7 delta=7 | mu_N=0.00 mu_Z=0.77 mu_P=0.03 | da=2.88°
10:25:54.182 | DEBUG    | FUZZY | pos=(422,407) | angle=146.5° | G=0 D=7 delta=7 | mu_N=0.00 mu_Z=0.77 mu_P=0.03 | da=0.99°
10:25:54.199 | DEBUG    | FUZZY | pos=(419,409) | angle=147.5° | G=0 D=15 delta=15 | mu_N=0.00 mu_Z=0.50 mu_P=0.06 | da=1.46°
10:25:54.215 | DEBUG    | FUZZY | pos=(417,410) | angle=148.9° | G=0 D=14 delta=14 | mu_N=0.00 mu_Z=0.53 mu_P=0.05 | da=1.41°
10:25:54.231 | DEBUG    | FUZZY | pos=(414,412) | angle=150.3° | G=0 D=14 delta=14 | mu_N=0.00 mu_Z=0.53 mu_P=0.05 | da=1.40°
10:25:54.248 | DEBUG    | FUZZY | pos=(412,413) | angle=151.7° | G=0 D=14 delta=14 | mu_N=0.00 mu_Z=0.53 mu_P=0.05 | da=1.40°
10:25:54.264 | DEBUG    | FUZZY | pos=(409,415) | angle=153.1° | G=0 D=14 delta=14 | mu_N=0.00 mu_Z=0.53 mu_P=0.05 | da=1.40°
10:25:54.280 | DEBUG    | FUZZY | pos=(406,416) | angle=154.5° | G=0 D=14 delta=14 | mu_N=0.00 mu_Z=0.53 mu_P=0.05 | da=1.40°
10:25:54.298 | DEBUG    | FUZZY | pos=(404,417) | angle=155.9° | G=0 D=14 delta=14 | mu_N=0.00 mu_Z=0.53 mu_P=0.05 | da=1.40°
10:25:54.314 | DEBUG    | FUZZY | pos=(401,419) | angle=157.3° | G=0 D=14 delta=14 | mu_N=0.00 mu_Z=0.53 mu_P=0.05 | da=1.40°
10:25:54.330 | DEBUG    | FUZZY | pos=(398,420) | angle=158.7° | G=0 D=12 delta=12 | mu_N=0.00 mu_Z=0.60 mu_P=0.05 | da=1.15°
10:25:54.347 | DEBUG    | FUZZY | pos=(395,421) | angle=159.9° | G=0 D=12 delta=12 | mu_N=0.00 mu_Z=0.60 mu_P=0.05 | da=1.10°
10:25:54.363 | DEBUG    | FUZZY | pos=(393,422) | angle=161.0° | G=0 D=28 delta=28 | mu_N=0.00 mu_Z=0.07 mu_P=0.11 | da=7.69°
10:25:54.380 | DEBUG    | FUZZY | pos=(390,423) | angle=168.7° | G=0 D=14 delta=14 | mu_N=0.00 mu_Z=0.53 mu_P=0.05 | da=2.66°
10:25:54.396 | DEBUG    | FUZZY | pos=(387,424) | angle=171.3° | G=0 D=14 delta=14 | mu_N=0.00 mu_Z=0.53 mu_P=0.05 | da=1.65°
10:25:54.412 | DEBUG    | FUZZY | pos=(384,424) | angle=173.0° | G=0 D=14 delta=14 | mu_N=0.00 mu_Z=0.53 mu_P=0.05 | da=1.45°
10:25:54.429 | DEBUG    | FUZZY | pos=(381,424) | angle=174.4° | G=0 D=14 delta=14 | mu_N=0.00 mu_Z=0.53 mu_P=0.05 | da=1.41°
10:25:54.446 | DEBUG    | FUZZY | pos=(378,425) | angle=175.9° | G=0 D=14 delta=14 | mu_N=0.00 mu_Z=0.53 mu_P=0.05 | da=1.40°
10:25:54.464 | DEBUG    | FUZZY | pos=(375,425) | angle=177.3° | G=0 D=14 delta=14 | mu_N=0.00 mu_Z=0.53 mu_P=0.05 | da=1.40°
10:25:54.479 | DEBUG    | FUZZY | pos=(372,425) | angle=178.7° | G=0 D=14 delta=14 | mu_N=0.00 mu_Z=0.53 mu_P=0.05 | da=1.40°
10:25:54.496 | DEBUG    | FUZZY | pos=(369,425) | angle=180.1° | G=0 D=14 delta=14 | mu_N=0.00 mu_Z=0.53 mu_P=0.05 | da=1.40°
10:25:54.512 | DEBUG    | FUZZY | pos=(366,425) | angle=181.5° | G=0 D=6 delta=6 | mu_N=0.00 mu_Z=0.80 mu_P=0.02 | da=0.62°
10:25:54.530 | DEBUG    | FUZZY | pos=(363,425) | angle=182.1° | G=0 D=6 delta=6 | mu_N=0.00 mu_Z=0.80 mu_P=0.02 | da=0.47°
10:25:54.548 | DEBUG    | FUZZY | pos=(360,425) | angle=182.5° | G=254 D=6 delta=-248 | mu_N=0.97 mu_Z=0.00 mu_P=0.00 | da=-11.91°
10:25:54.563 | DEBUG    | FUZZY | pos=(357,425) | angle=170.6° | G=3 D=15 delta=12 | mu_N=0.00 mu_Z=0.60 mu_P=0.05 | da=-1.51°
10:25:54.580 | DEBUG    | FUZZY | pos=(354,425) | angle=169.1° | G=15 D=15 delta=0 | mu_N=0.00 mu_Z=1.00 mu_P=0.00 | da=-0.30°
10:25:54.596 | DEBUG    | FUZZY | pos=(351,426) | angle=168.8° | G=63 D=7 delta=-56 | mu_N=0.22 mu_Z=0.00 mu_P=0.00 | da=-12.06°
10:25:54.611 | DEBUG    | FUZZY | pos=(348,426) | angle=156.8° | G=15 D=7 delta=-8 | mu_N=0.03 mu_Z=0.73 mu_P=0.00 | da=-2.90°
10:25:54.629 | DEBUG    | FUZZY | pos=(345,428) | angle=153.9° | G=15 D=3 delta=-12 | mu_N=0.05 mu_Z=0.60 mu_P=0.00 | da=-1.45°
10:25:54.645 | DEBUG    | FUZZY | pos=(343,429) | angle=152.4° | G=31 D=1 delta=-30 | mu_N=0.12 mu_Z=0.00 mu_P=0.00 | da=-12.29°
10:25:54.662 | DEBUG    | FUZZY | pos=(340,430) | angle=140.1° | G=7 D=1 delta=-6 | mu_N=0.02 mu_Z=0.80 mu_P=0.00 | da=-2.80°
10:25:54.680 | DEBUG    | FUZZY | pos=(338,432) | angle=137.3° | G=7 D=1 delta=-6 | mu_N=0.02 mu_Z=0.80 mu_P=0.00 | da=-0.90°
10:25:54.696 | DEBUG    | FUZZY | pos=(335,434) | angle=136.4° | G=15 D=0 delta=-15 | mu_N=0.06 mu_Z=0.50 mu_P=0.00 | da=-1.44°
10:25:54.712 | DEBUG    | FUZZY | pos=(333,436) | angle=135.0° | G=15 D=0 delta=-15 | mu_N=0.06 mu_Z=0.50 mu_P=0.00 | da=-1.55°
10:25:54.728 | DEBUG    | FUZZY | pos=(331,438) | angle=133.4° | G=14 D=0 delta=-14 | mu_N=0.05 mu_Z=0.53 mu_P=0.00 | da=-1.43°
10:25:54.745 | DEBUG    | FUZZY | pos=(329,441) | angle=132.0° | G=14 D=0 delta=-14 | mu_N=0.05 mu_Z=0.53 mu_P=0.00 | da=-1.41°
10:25:54.761 | DEBUG    | FUZZY | pos=(327,443) | angle=130.6° | G=30 D=0 delta=-30 | mu_N=0.12 mu_Z=0.00 mu_P=0.00 | da=-12.28°
10:25:54.776 | DEBUG    | FUZZY | pos=(325,445) | angle=118.3° | G=14 D=0 delta=-14 | mu_N=0.05 mu_Z=0.53 mu_P=0.00 | da=-3.58°
10:25:54.793 | DEBUG    | FUZZY | pos=(324,448) | angle=114.7° | G=14 D=0 delta=-14 | mu_N=0.05 mu_Z=0.53 mu_P=0.00 | da=-1.84°
10:25:54.811 | DEBUG    | FUZZY | pos=(322,450) | angle=112.9° | G=14 D=0 delta=-14 | mu_N=0.05 mu_Z=0.53 mu_P=0.00 | da=-1.49°
10:25:54.828 | DEBUG    | FUZZY | pos=(321,453) | angle=111.4° | G=14 D=0 delta=-14 | mu_N=0.05 mu_Z=0.53 mu_P=0.00 | da=-1.42°
10:25:54.846 | DEBUG    | FUZZY | pos=(320,456) | angle=110.0° | G=14 D=0 delta=-14 | mu_N=0.05 mu_Z=0.53 mu_P=0.00 | da=-1.40°
10:25:54.861 | DEBUG    | FUZZY | pos=(319,459) | angle=108.6° | G=14 D=0 delta=-14 | mu_N=0.05 mu_Z=0.53 mu_P=0.00 | da=-1.40°
10:25:54.879 | DEBUG    | FUZZY | pos=(318,462) | angle=107.2° | G=14 D=0 delta=-14 | mu_N=0.05 mu_Z=0.53 mu_P=0.00 | da=-1.40°
10:25:54.895 | DEBUG    | FUZZY | pos=(317,465) | angle=105.8° | G=14 D=0 delta=-14 | mu_N=0.05 mu_Z=0.53 mu_P=0.00 | da=-1.40°
10:25:54.920 | DEBUG    | FUZZY | pos=(317,467) | angle=104.4° | G=14 D=0 delta=-14 | mu_N=0.05 mu_Z=0.53 mu_P=0.00 | da=-1.40°
10:25:54.931 | DEBUG    | FUZZY | pos=(316,470) | angle=103.0° | G=14 D=0 delta=-14 | mu_N=0.05 mu_Z=0.53 mu_P=0.00 | da=-1.40°
10:25:54.946 | DEBUG    | FUZZY | pos=(315,473) | angle=101.6° | G=14 D=0 delta=-14 | mu_N=0.05 mu_Z=0.53 mu_P=0.00 | da=-1.40°
10:25:54.961 | DEBUG    | FUZZY | pos=(314,476) | angle=100.2° | G=14 D=0 delta=-14 | mu_N=0.05 mu_Z=0.53 mu_P=0.00 | da=-1.40°
10:25:54.978 | DEBUG    | FUZZY | pos=(314,479) | angle=98.8° | G=14 D=0 delta=-14 | mu_N=0.05 mu_Z=0.53 mu_P=0.00 | da=-1.40°
10:25:54.994 | DEBUG    | FUZZY | pos=(314,482) | angle=97.4° | G=14 D=0 delta=-14 | mu_N=0.05 mu_Z=0.53 mu_P=0.00 | da=-1.40°
10:25:55.011 | DEBUG    | FUZZY | pos=(313,485) | angle=96.0° | G=14 D=0 delta=-14 | mu_N=0.05 mu_Z=0.53 mu_P=0.00 | da=-1.40°
10:25:55.026 | DEBUG    | FUZZY | pos=(313,488) | angle=94.6° | G=14 D=0 delta=-14 | mu_N=0.05 mu_Z=0.53 mu_P=0.00 | da=-1.40°
10:25:55.042 | DEBUG    | FUZZY | pos=(313,491) | angle=93.2° | G=14 D=0 delta=-14 | mu_N=0.05 mu_Z=0.53 mu_P=0.00 | da=-1.40°
10:25:55.059 | DEBUG    | FUZZY | pos=(312,494) | angle=91.8° | G=6 D=0 delta=-6 | mu_N=0.02 mu_Z=0.80 mu_P=0.00 | da=-0.62°
10:25:55.075 | DEBUG    | FUZZY | pos=(312,497) | angle=91.2° | G=6 D=0 delta=-6 | mu_N=0.02 mu_Z=0.80 mu_P=0.00 | da=-0.47°
10:25:55.092 | DEBUG    | FUZZY | pos=(312,500) | angle=90.7° | G=6 D=0 delta=-6 | mu_N=0.02 mu_Z=0.80 mu_P=0.00 | da=-0.44°
10:25:55.108 | DEBUG    | FUZZY | pos=(312,503) | angle=90.3° | G=6 D=0 delta=-6 | mu_N=0.02 mu_Z=0.80 mu_P=0.00 | da=-0.43°
10:25:55.124 | DEBUG    | FUZZY | pos=(312,506) | angle=89.8° | G=6 D=0 delta=-6 | mu_N=0.02 mu_Z=0.80 mu_P=0.00 | da=-0.43°
10:25:55.140 | DEBUG    | FUZZY | pos=(312,509) | angle=89.4° | G=6 D=0 delta=-6 | mu_N=0.02 mu_Z=0.80 mu_P=0.00 | da=-0.43°
10:25:55.157 | DEBUG    | FUZZY | pos=(312,512) | angle=89.0° | G=6 D=0 delta=-6 | mu_N=0.02 mu_Z=0.80 mu_P=0.00 | da=-0.43°
10:25:55.173 | DEBUG    | FUZZY | pos=(312,515) | angle=88.5° | G=6 D=0 delta=-6 | mu_N=0.02 mu_Z=0.80 mu_P=0.00 | da=-0.43°
10:25:55.190 | DEBUG    | FUZZY | pos=(312,518) | angle=88.1° | G=7 D=0 delta=-7 | mu_N=0.03 mu_Z=0.77 mu_P=0.00 | da=-0.50°
10:25:55.207 | DEBUG    | FUZZY | pos=(312,521) | angle=87.6° | G=7 D=0 delta=-7 | mu_N=0.03 mu_Z=0.77 mu_P=0.00 | da=-0.51°
10:25:55.223 | DEBUG    | FUZZY | pos=(313,524) | angle=87.1° | G=7 D=0 delta=-7 | mu_N=0.03 mu_Z=0.77 mu_P=0.00 | da=-0.52°
10:25:55.240 | DEBUG    | FUZZY | pos=(313,527) | angle=86.6° | G=7 D=0 delta=-7 | mu_N=0.03 mu_Z=0.77 mu_P=0.00 | da=-0.52°
10:25:55.255 | DEBUG    | FUZZY | pos=(313,530) | angle=86.1° | G=7 D=0 delta=-7 | mu_N=0.03 mu_Z=0.77 mu_P=0.00 | da=-0.52°
10:25:55.272 | DEBUG    | FUZZY | pos=(313,533) | angle=85.5° | G=7 D=0 delta=-7 | mu_N=0.03 mu_Z=0.77 mu_P=0.00 | da=-0.52°
10:25:55.289 | DEBUG    | FUZZY | pos=(313,536) | angle=85.0° | G=7 D=0 delta=-7 | mu_N=0.03 mu_Z=0.77 mu_P=0.00 | da=-0.52°
10:25:55.306 | DEBUG    | FUZZY | pos=(314,539) | angle=84.5° | G=7 D=0 delta=-7 | mu_N=0.03 mu_Z=0.77 mu_P=0.00 | da=-0.52°
10:25:55.321 | DEBUG    | FUZZY | pos=(314,542) | angle=84.0° | G=7 D=0 delta=-7 | mu_N=0.03 mu_Z=0.77 mu_P=0.00 | da=-0.52°
10:25:55.339 | DEBUG    | FUZZY | pos=(314,545) | angle=83.5° | G=7 D=0 delta=-7 | mu_N=0.03 mu_Z=0.77 mu_P=0.00 | da=-0.52°
10:25:55.355 | DEBUG    | FUZZY | pos=(315,548) | angle=82.9° | G=7 D=0 delta=-7 | mu_N=0.03 mu_Z=0.77 mu_P=0.00 | da=-0.52°
10:25:55.372 | DEBUG    | FUZZY | pos=(315,551) | angle=82.4° | G=3 D=0 delta=-3 | mu_N=0.01 mu_Z=0.90 mu_P=0.00 | da=-0.26°
10:25:55.388 | DEBUG    | FUZZY | pos=(315,554) | angle=82.2° | G=3 D=0 delta=-3 | mu_N=0.01 mu_Z=0.90 mu_P=0.00 | da=-0.21°
10:25:55.404 | DEBUG    | FUZZY | pos=(316,557) | angle=82.0° | G=3 D=0 delta=-3 | mu_N=0.01 mu_Z=0.90 mu_P=0.00 | da=-0.20°
10:25:55.420 | DEBUG    | FUZZY | pos=(316,560) | angle=81.8° | G=3 D=0 delta=-3 | mu_N=0.01 mu_Z=0.90 mu_P=0.00 | da=-0.19°
10:25:55.436 | DEBUG    | FUZZY | pos=(317,563) | angle=81.6° | G=3 D=1 delta=-2 | mu_N=0.01 mu_Z=0.93 mu_P=0.00 | da=-0.14°
10:25:55.452 | DEBUG    | FUZZY | pos=(317,566) | angle=81.4° | G=3 D=1 delta=-2 | mu_N=0.01 mu_Z=0.93 mu_P=0.00 | da=-0.13°
10:25:55.468 | DEBUG    | FUZZY | pos=(317,569) | angle=81.3° | G=3 D=1 delta=-2 | mu_N=0.01 mu_Z=0.93 mu_P=0.00 | da=-0.13°
10:25:55.485 | DEBUG    | FUZZY | pos=(318,572) | angle=81.2° | G=3 D=1 delta=-2 | mu_N=0.01 mu_Z=0.93 mu_P=0.00 | da=-0.13°
10:25:55.502 | DEBUG    | FUZZY | pos=(318,575) | angle=81.1° | G=3 D=1 delta=-2 | mu_N=0.01 mu_Z=0.93 mu_P=0.00 | da=-0.13°
10:25:55.519 | DEBUG    | FUZZY | pos=(319,578) | angle=80.9° | G=3 D=1 delta=-2 | mu_N=0.01 mu_Z=0.93 mu_P=0.00 | da=-0.13°
10:25:55.537 | DEBUG    | FUZZY | pos=(319,581) | angle=80.8° | G=15 D=1 delta=-14 | mu_N=0.05 mu_Z=0.53 mu_P=0.00 | da=-1.15°
10:25:55.554 | DEBUG    | FUZZY | pos=(320,584) | angle=79.7° | G=63 D=1 delta=-62 | mu_N=0.24 mu_Z=0.00 mu_P=0.00 | da=-12.23°
10:25:55.570 | DEBUG    | FUZZY | pos=(320,587) | angle=67.4° | G=7 D=1 delta=-6 | mu_N=0.02 mu_Z=0.80 mu_P=0.00 | da=-2.79°
10:25:55.586 | DEBUG    | FUZZY | pos=(321,589) | angle=64.6° | G=15 D=1 delta=-14 | mu_N=0.05 mu_Z=0.53 mu_P=0.00 | da=-1.68°
10:25:55.613 | DEBUG    | FUZZY | pos=(323,592) | angle=63.0° | G=15 D=3 delta=-12 | mu_N=0.05 mu_Z=0.60 mu_P=0.00 | da=-1.21°
10:25:55.624 | DEBUG    | FUZZY | pos=(324,595) | angle=61.8° | G=31 D=1 delta=-30 | mu_N=0.12 mu_Z=0.00 mu_P=0.00 | da=-12.24°
10:25:55.636 | DEBUG    | FUZZY | pos=(326,597) | angle=49.5° | G=7 D=1 delta=-6 | mu_N=0.02 mu_Z=0.80 mu_P=0.00 | da=-2.79°
10:26:04.660 | INFO     | ------------------------------------------------------------
10:26:04.661 | INFO     | RESET | circuit=Parcours 7 segments | start=(25,10) | angle=0°
10:26:06.287 | DEBUG    | FUZZY | pos=(25,10) | angle=0.0° | G=1 D=1 delta=0 | mu_N=0.00 mu_Z=1.00 mu_P=0.00 | da=-0.56°
10:26:06.292 | DEBUG    | FUZZY | pos=(28,10) | angle=-0.6° | G=1 D=1 delta=0 | mu_N=0.00 mu_Z=1.00 mu_P=0.00 | da=-0.11°
10:26:06.309 | DEBUG    | FUZZY | pos=(31,10) | angle=-0.7° | G=1 D=1 delta=0 | mu_N=0.00 mu_Z=1.00 mu_P=0.00 | da=-0.02°
10:26:06.325 | DEBUG    | FUZZY | pos=(34,10) | angle=-0.7° | G=1 D=1 delta=0 | mu_N=0.00 mu_Z=1.00 mu_P=0.00 | da=-0.00°
10:26:06.342 | DEBUG    | FUZZY | pos=(37,10) | angle=-0.7° | G=1 D=1 delta=0 | mu_N=0.00 mu_Z=1.00 mu_P=0.00 | da=-0.00°
10:26:06.359 | DEBUG    | FUZZY | pos=(40,10) | angle=-0.7° | G=1 D=1 delta=0 | mu_N=0.00 mu_Z=1.00 mu_P=0.00 | da=-0.00°
10:26:06.375 | DEBUG    | FUZZY | pos=(43,10) | angle=-0.7° | G=1 D=1 delta=0 | mu_N=0.00 mu_Z=1.00 mu_P=0.00 | da=-0.00°
10:26:06.392 | DEBUG    | FUZZY | pos=(46,10) | angle=-0.7° | G=1 D=3 delta=2 | mu_N=0.00 mu_Z=0.93 mu_P=0.01 | da=0.10°
10:26:06.410 | DEBUG    | FUZZY | pos=(49,10) | angle=-0.6° | G=1 D=3 delta=2 | mu_N=0.00 mu_Z=0.93 mu_P=0.01 | da=0.12°
10:26:06.427 | DEBUG    | FUZZY | pos=(52,10) | angle=-0.5° | G=1 D=1 delta=0 | mu_N=0.00 mu_Z=1.00 mu_P=0.00 | da=0.02°
10:26:06.442 | DEBUG    | FUZZY | pos=(55,10) | angle=-0.5° | G=1 D=3 delta=2 | mu_N=0.00 mu_Z=0.93 mu_P=0.01 | da=0.10°
10:26:06.458 | DEBUG    | FUZZY | pos=(58,10) | angle=-0.3° | G=1 D=1 delta=0 | mu_N=0.00 mu_Z=1.00 mu_P=0.00 | da=0.02°
10:26:06.475 | DEBUG    | FUZZY | pos=(61,10) | angle=-0.3° | G=1 D=1 delta=0 | mu_N=0.00 mu_Z=1.00 mu_P=0.00 | da=0.00°
10:26:06.492 | DEBUG    | FUZZY | pos=(64,10) | angle=-0.3° | G=1 D=3 delta=2 | mu_N=0.00 mu_Z=0.93 mu_P=0.01 | da=0.10°
10:26:06.509 | DEBUG    | FUZZY | pos=(67,10) | angle=-0.2° | G=1 D=1 delta=0 | mu_N=0.00 mu_Z=1.00 mu_P=0.00 | da=0.02°
10:26:06.525 | DEBUG    | FUZZY | pos=(70,10) | angle=-0.2° | G=1 D=1 delta=0 | mu_N=0.00 mu_Z=1.00 mu_P=0.00 | da=0.00°
10:26:06.542 | DEBUG    | FUZZY | pos=(73,10) | angle=-0.2° | G=1 D=1 delta=0 | mu_N=0.00 mu_Z=1.00 mu_P=0.00 | da=0.00°
10:26:06.560 | DEBUG    | FUZZY | pos=(76,10) | angle=-0.2° | G=1 D=1 delta=0 | mu_N=0.00 mu_Z=1.00 mu_P=0.00 | da=0.00°
10:26:06.575 | DEBUG    | FUZZY | pos=(79,10) | angle=-0.2° | G=1 D=3 delta=2 | mu_N=0.00 mu_Z=0.93 mu_P=0.01 | da=0.10°
10:26:06.592 | DEBUG    | FUZZY | pos=(82,10) | angle=-0.1° | G=1 D=1 delta=0 | mu_N=0.00 mu_Z=1.00 mu_P=0.00 | da=0.02°
10:26:06.607 | DEBUG    | FUZZY | pos=(85,10) | angle=-0.1° | G=1 D=1 delta=0 | mu_N=0.00 mu_Z=1.00 mu_P=0.00 | da=0.00°
10:26:06.624 | DEBUG    | FUZZY | pos=(88,10) | angle=-0.1° | G=1 D=1 delta=0 | mu_N=0.00 mu_Z=1.00 mu_P=0.00 | da=0.00°
10:26:06.640 | DEBUG    | FUZZY | pos=(91,10) | angle=-0.1° | G=1 D=1 delta=0 | mu_N=0.00 mu_Z=1.00 mu_P=0.00 | da=0.00°
10:26:06.656 | DEBUG    | FUZZY | pos=(94,10) | angle=-0.1° | G=1 D=1 delta=0 | mu_N=0.00 mu_Z=1.00 mu_P=0.00 | da=0.00°
10:26:06.672 | DEBUG    | FUZZY | pos=(97,10) | angle=-0.1° | G=1 D=1 delta=0 | mu_N=0.00 mu_Z=1.00 mu_P=0.00 | da=0.00°
10:26:06.688 | DEBUG    | FUZZY | pos=(100,10) | angle=-0.1° | G=1 D=1 delta=0 | mu_N=0.00 mu_Z=1.00 mu_P=0.00 | da=0.00°
10:26:06.704 | DEBUG    | FUZZY | pos=(103,10) | angle=-0.1° | G=1 D=1 delta=0 | mu_N=0.00 mu_Z=1.00 mu_P=0.00 | da=0.00°
10:26:06.720 | DEBUG    | FUZZY | pos=(106,10) | angle=-0.1° | G=1 D=1 delta=0 | mu_N=0.00 mu_Z=1.00 mu_P=0.00 | da=0.00°
10:26:06.738 | DEBUG    | FUZZY | pos=(109,10) | angle=-0.1° | G=1 D=3 delta=2 | mu_N=0.00 mu_Z=0.93 mu_P=0.01 | da=0.10°
10:26:06.754 | DEBUG    | FUZZY | pos=(112,10) | angle=0.0° | G=1 D=1 delta=0 | mu_N=0.00 mu_Z=1.00 mu_P=0.00 | da=0.02°
10:26:06.770 | DEBUG    | FUZZY | pos=(115,10) | angle=0.0° | G=1 D=1 delta=0 | mu_N=0.00 mu_Z=1.00 mu_P=0.00 | da=0.00°
10:26:06.785 | DEBUG    | FUZZY | pos=(118,10) | angle=0.1° | G=1 D=1 delta=0 | mu_N=0.00 mu_Z=1.00 mu_P=0.00 | da=0.00°
10:26:06.802 | DEBUG    | FUZZY | pos=(121,10) | angle=0.1° | G=1 D=1 delta=0 | mu_N=0.00 mu_Z=1.00 mu_P=0.00 | da=0.00°
10:26:06.819 | DEBUG    | FUZZY | pos=(124,10) | angle=0.1° | G=1 D=1 delta=0 | mu_N=0.00 mu_Z=1.00 mu_P=0.00 | da=0.00°
10:26:06.835 | DEBUG    | FUZZY | pos=(127,10) | angle=0.1° | G=1 D=1 delta=0 | mu_N=0.00 mu_Z=1.00 mu_P=0.00 | da=0.00°
10:26:06.852 | DEBUG    | FUZZY | pos=(130,10) | angle=0.1° | G=1 D=1 delta=0 | mu_N=0.00 mu_Z=1.00 mu_P=0.00 | da=0.00°
10:26:06.870 | DEBUG    | FUZZY | pos=(133,10) | angle=0.1° | G=1 D=1 delta=0 | mu_N=0.00 mu_Z=1.00 mu_P=0.00 | da=0.00°
10:26:06.888 | DEBUG    | FUZZY | pos=(136,10) | angle=0.1° | G=1 D=1 delta=0 | mu_N=0.00 mu_Z=1.00 mu_P=0.00 | da=0.00°
10:26:06.905 | DEBUG    | FUZZY | pos=(139,10) | angle=0.1° | G=1 D=1 delta=0 | mu_N=0.00 mu_Z=1.00 mu_P=0.00 | da=0.00°
10:26:06.921 | DEBUG    | FUZZY | pos=(142,10) | angle=0.1° | G=1 D=1 delta=0 | mu_N=0.00 mu_Z=1.00 mu_P=0.00 | da=0.00°
10:26:06.937 | DEBUG    | FUZZY | pos=(145,10) | angle=0.1° | G=1 D=1 delta=0 | mu_N=0.00 mu_Z=1.00 mu_P=0.00 | da=0.00°
10:26:06.954 | DEBUG    | FUZZY | pos=(148,10) | angle=0.1° | G=1 D=1 delta=0 | mu_N=0.00 mu_Z=1.00 mu_P=0.00 | da=0.00°
10:26:06.971 | DEBUG    | FUZZY | pos=(151,10) | angle=0.1° | G=1 D=1 delta=0 | mu_N=0.00 mu_Z=1.00 mu_P=0.00 | da=0.00°
10:26:06.987 | DEBUG    | FUZZY | pos=(154,10) | angle=0.1° | G=1 D=1 delta=0 | mu_N=0.00 mu_Z=1.00 mu_P=0.00 | da=0.00°
10:26:07.004 | DEBUG    | FUZZY | pos=(157,10) | angle=0.1° | G=1 D=1 delta=0 | mu_N=0.00 mu_Z=1.00 mu_P=0.00 | da=0.00°
10:26:07.020 | DEBUG    | FUZZY | pos=(160,10) | angle=0.1° | G=1 D=1 delta=0 | mu_N=0.00 mu_Z=1.00 mu_P=0.00 | da=0.00°
10:26:12.258 | DEBUG    | FUZZY | pos=(163,10) | angle=0.1° | G=1 D=1 delta=0 | mu_N=0.00 mu_Z=1.00 mu_P=0.00 | da=0.00°
10:26:12.274 | DEBUG    | FUZZY | pos=(166,10) | angle=0.1° | G=1 D=1 delta=0 | mu_N=0.00 mu_Z=1.00 mu_P=0.00 | da=0.00°
10:26:12.291 | DEBUG    | FUZZY | pos=(169,10) | angle=0.1° | G=1 D=1 delta=0 | mu_N=0.00 mu_Z=1.00 mu_P=0.00 | da=0.00°
10:26:12.307 | DEBUG    | FUZZY | pos=(172,10) | angle=0.1° | G=1 D=1 delta=0 | mu_N=0.00 mu_Z=1.00 mu_P=0.00 | da=0.00°
10:26:12.323 | DEBUG    | FUZZY | pos=(175,10) | angle=0.1° | G=1 D=1 delta=0 | mu_N=0.00 mu_Z=1.00 mu_P=0.00 | da=0.00°
10:26:12.340 | DEBUG    | FUZZY | pos=(178,10) | angle=0.1° | G=1 D=1 delta=0 | mu_N=0.00 mu_Z=1.00 mu_P=0.00 | da=0.00°
10:26:12.357 | DEBUG    | FUZZY | pos=(181,10) | angle=0.1° | G=1 D=1 delta=0 | mu_N=0.00 mu_Z=1.00 mu_P=0.00 | da=0.00°
10:26:12.372 | DEBUG    | FUZZY | pos=(184,10) | angle=0.1° | G=1 D=1 delta=0 | mu_N=0.00 mu_Z=1.00 mu_P=0.00 | da=0.00°
10:26:12.389 | DEBUG    | FUZZY | pos=(187,10) | angle=0.1° | G=1 D=1 delta=0 | mu_N=0.00 mu_Z=1.00 mu_P=0.00 | da=0.00°
10:26:12.407 | DEBUG    | FUZZY | pos=(190,10) | angle=0.1° | G=1 D=1 delta=0 | mu_N=0.00 mu_Z=1.00 mu_P=0.00 | da=0.00°
10:26:12.424 | DEBUG    | FUZZY | pos=(193,10) | angle=0.1° | G=1 D=255 delta=254 | mu_N=0.00 mu_Z=0.00 mu_P=1.00 | da=12.00°
10:26:12.441 | DEBUG    | FUZZY | pos=(196,10) | angle=12.1° | G=3 D=7 delta=4 | mu_N=0.00 mu_Z=0.87 mu_P=0.02 | da=2.61°
10:26:12.458 | DEBUG    | FUZZY | pos=(199,10) | angle=14.7° | G=1 D=15 delta=14 | mu_N=0.00 mu_Z=0.53 mu_P=0.05 | da=1.64°
10:26:12.474 | DEBUG    | FUZZY | pos=(202,11) | angle=16.3° | G=1 D=31 delta=30 | mu_N=0.00 mu_Z=0.00 mu_P=0.12 | da=12.33°
10:26:12.490 | DEBUG    | FUZZY | pos=(205,12) | angle=28.6° | G=3 D=7 delta=4 | mu_N=0.00 mu_Z=0.87 mu_P=0.02 | da=2.68°
10:26:12.507 | DEBUG    | FUZZY | pos=(207,13) | angle=31.3° | G=3 D=15 delta=12 | mu_N=0.00 mu_Z=0.60 mu_P=0.05 | da=1.41°
10:26:12.523 | DEBUG    | FUZZY | pos=(210,15) | angle=32.7° | G=1 D=15 delta=14 | mu_N=0.00 mu_Z=0.53 mu_P=0.05 | da=1.40°
10:26:12.539 | DEBUG    | FUZZY | pos=(212,16) | angle=34.1° | G=0 D=15 delta=15 | mu_N=0.00 mu_Z=0.50 mu_P=0.06 | da=1.54°
10:26:12.556 | DEBUG    | FUZZY | pos=(215,18) | angle=35.7° | G=0 D=31 delta=31 | mu_N=0.00 mu_Z=0.00 mu_P=0.12 | da=12.31°
10:26:12.572 | DEBUG    | FUZZY | pos=(217,20) | angle=48.0° | G=0 D=15 delta=15 | mu_N=0.00 mu_Z=0.50 mu_P=0.06 | da=3.72°
10:26:12.588 | DEBUG    | FUZZY | pos=(219,22) | angle=51.7° | G=0 D=15 delta=15 | mu_N=0.00 mu_Z=0.50 mu_P=0.06 | da=2.01°
10:26:12.604 | DEBUG    | FUZZY | pos=(221,24) | angle=53.7° | G=0 D=15 delta=15 | mu_N=0.00 mu_Z=0.50 mu_P=0.06 | da=1.66°
10:26:12.622 | DEBUG    | FUZZY | pos=(223,27) | angle=55.4° | G=0 D=15 delta=15 | mu_N=0.00 mu_Z=0.50 mu_P=0.06 | da=1.60°
10:26:12.638 | DEBUG    | FUZZY | pos=(225,29) | angle=57.0° | G=0 D=14 delta=14 | mu_N=0.00 mu_Z=0.53 mu_P=0.05 | da=1.44°
10:26:12.654 | DEBUG    | FUZZY | pos=(226,32) | angle=58.4° | G=0 D=14 delta=14 | mu_N=0.00 mu_Z=0.53 mu_P=0.05 | da=1.41°
10:26:12.671 | DEBUG    | FUZZY | pos=(228,34) | angle=59.8° | G=0 D=14 delta=14 | mu_N=0.00 mu_Z=0.53 mu_P=0.05 | da=1.40°
10:26:12.688 | DEBUG    | FUZZY | pos=(229,37) | angle=61.2° | G=0 D=14 delta=14 | mu_N=0.00 mu_Z=0.53 mu_P=0.05 | da=1.40°
10:26:12.703 | DEBUG    | FUZZY | pos=(231,40) | angle=62.6° | G=0 D=14 delta=14 | mu_N=0.00 mu_Z=0.53 mu_P=0.05 | da=1.40°
10:26:12.721 | DEBUG    | FUZZY | pos=(232,42) | angle=64.0° | G=0 D=14 delta=14 | mu_N=0.00 mu_Z=0.53 mu_P=0.05 | da=1.40°
10:26:12.737 | DEBUG    | FUZZY | pos=(234,45) | angle=65.4° | G=0 D=28 delta=28 | mu_N=0.00 mu_Z=0.07 mu_P=0.11 | da=7.75°
10:26:12.753 | DEBUG    | FUZZY | pos=(235,48) | angle=73.2° | G=0 D=14 delta=14 | mu_N=0.00 mu_Z=0.53 mu_P=0.05 | da=2.67°
10:26:45.149 | DEBUG    | FUZZY | pos=(236,51) | angle=75.8° | G=0 D=14 delta=14 | mu_N=0.00 mu_Z=0.53 mu_P=0.05 | da=1.65°
10:26:45.157 | DEBUG    | FUZZY | pos=(236,54) | angle=77.5° | G=0 D=14 delta=14 | mu_N=0.00 mu_Z=0.53 mu_P=0.05 | da=1.45°
10:26:45.173 | DEBUG    | FUZZY | pos=(237,56) | angle=78.9° | G=0 D=14 delta=14 | mu_N=0.00 mu_Z=0.53 mu_P=0.05 | da=1.41°
10:26:45.189 | DEBUG    | FUZZY | pos=(238,59) | angle=80.4° | G=0 D=14 delta=14 | mu_N=0.00 mu_Z=0.53 mu_P=0.05 | da=1.40°
10:26:45.206 | DEBUG    | FUZZY | pos=(238,62) | angle=81.8° | G=0 D=14 delta=14 | mu_N=0.00 mu_Z=0.53 mu_P=0.05 | da=1.40°
10:26:45.222 | DEBUG    | FUZZY | pos=(239,65) | angle=83.2° | G=0 D=14 delta=14 | mu_N=0.00 mu_Z=0.53 mu_P=0.05 | da=1.40°
10:26:45.239 | DEBUG    | FUZZY | pos=(239,68) | angle=84.6° | G=0 D=14 delta=14 | mu_N=0.00 mu_Z=0.53 mu_P=0.05 | da=1.40°
10:26:45.254 | DEBUG    | FUZZY | pos=(239,71) | angle=86.0° | G=0 D=14 delta=14 | mu_N=0.00 mu_Z=0.53 mu_P=0.05 | da=1.40°
10:26:45.272 | DEBUG    | FUZZY | pos=(239,74) | angle=87.4° | G=0 D=14 delta=14 | mu_N=0.00 mu_Z=0.53 mu_P=0.05 | da=1.40°
10:26:45.288 | DEBUG    | FUZZY | pos=(240,77) | angle=88.8° | G=0 D=14 delta=14 | mu_N=0.00 mu_Z=0.53 mu_P=0.05 | da=1.40°
10:26:45.304 | DEBUG    | FUZZY | pos=(240,80) | angle=90.2° | G=0 D=6 delta=6 | mu_N=0.00 mu_Z=0.80 mu_P=0.02 | da=0.62°
10:26:45.320 | DEBUG    | FUZZY | pos=(240,83) | angle=90.8° | G=0 D=6 delta=6 | mu_N=0.00 mu_Z=0.80 mu_P=0.02 | da=0.47°
10:26:45.336 | DEBUG    | FUZZY | pos=(240,86) | angle=91.2° | G=0 D=6 delta=6 | mu_N=0.00 mu_Z=0.80 mu_P=0.02 | da=0.44°
10:26:45.353 | DEBUG    | FUZZY | pos=(240,89) | angle=91.7° | G=0 D=6 delta=6 | mu_N=0.00 mu_Z=0.80 mu_P=0.02 | da=0.43°
10:26:45.369 | DEBUG    | FUZZY | pos=(239,92) | angle=92.1° | G=0 D=6 delta=6 | mu_N=0.00 mu_Z=0.80 mu_P=0.02 | da=0.43°
10:26:45.385 | DEBUG    | FUZZY | pos=(239,95) | angle=92.5° | G=0 D=6 delta=6 | mu_N=0.00 mu_Z=0.80 mu_P=0.02 | da=0.43°
10:26:45.402 | DEBUG    | FUZZY | pos=(239,98) | angle=93.0° | G=0 D=6 delta=6 | mu_N=0.00 mu_Z=0.80 mu_P=0.02 | da=0.43°
10:26:45.419 | DEBUG    | FUZZY | pos=(239,101) | angle=93.4° | G=0 D=7 delta=7 | mu_N=0.00 mu_Z=0.77 mu_P=0.03 | da=0.50°
10:26:45.435 | DEBUG    | FUZZY | pos=(239,104) | angle=93.9° | G=0 D=7 delta=7 | mu_N=0.00 mu_Z=0.77 mu_P=0.03 | da=0.51°
10:26:45.456 | DEBUG    | FUZZY | pos=(239,107) | angle=94.4° | G=0 D=7 delta=7 | mu_N=0.00 mu_Z=0.77 mu_P=0.03 | da=0.52°
10:26:45.470 | DEBUG    | FUZZY | pos=(238,110) | angle=94.9° | G=0 D=7 delta=7 | mu_N=0.00 mu_Z=0.77 mu_P=0.03 | da=0.52°
10:26:45.486 | DEBUG    | FUZZY | pos=(238,113) | angle=95.4° | G=0 D=7 delta=7 | mu_N=0.00 mu_Z=0.77 mu_P=0.03 | da=0.52°
10:26:45.503 | DEBUG    | FUZZY | pos=(238,116) | angle=96.0° | G=0 D=7 delta=7 | mu_N=0.00 mu_Z=0.77 mu_P=0.03 | da=0.52°
10:26:45.521 | DEBUG    | FUZZY | pos=(238,119) | angle=96.5° | G=0 D=7 delta=7 | mu_N=0.00 mu_Z=0.77 mu_P=0.03 | da=0.52°
10:26:45.538 | DEBUG    | FUZZY | pos=(237,122) | angle=97.0° | G=0 D=7 delta=7 | mu_N=0.00 mu_Z=0.77 mu_P=0.03 | da=0.52°
10:26:45.554 | DEBUG    | FUZZY | pos=(237,125) | angle=97.5° | G=0 D=7 delta=7 | mu_N=0.00 mu_Z=0.77 mu_P=0.03 | da=0.52°
10:26:45.571 | DEBUG    | FUZZY | pos=(236,128) | angle=98.0° | G=0 D=3 delta=3 | mu_N=0.00 mu_Z=0.90 mu_P=0.01 | da=0.26°
10:26:45.587 | DEBUG    | FUZZY | pos=(236,131) | angle=98.3° | G=0 D=3 delta=3 | mu_N=0.00 mu_Z=0.90 mu_P=0.01 | da=0.21°
10:26:45.603 | DEBUG    | FUZZY | pos=(236,134) | angle=98.5° | G=0 D=3 delta=3 | mu_N=0.00 mu_Z=0.90 mu_P=0.01 | da=0.20°
10:26:45.620 | DEBUG    | FUZZY | pos=(235,137) | angle=98.7° | G=0 D=3 delta=3 | mu_N=0.00 mu_Z=0.90 mu_P=0.01 | da=0.19°
10:26:45.637 | DEBUG    | FUZZY | pos=(235,140) | angle=98.9° | G=1 D=3 delta=2 | mu_N=0.00 mu_Z=0.93 mu_P=0.01 | da=0.14°
10:26:45.652 | DEBUG    | FUZZY | pos=(234,143) | angle=99.0° | G=1 D=3 delta=2 | mu_N=0.00 mu_Z=0.93 mu_P=0.01 | da=0.13°
10:26:45.670 | DEBUG    | FUZZY | pos=(234,146) | angle=99.2° | G=1 D=3 delta=2 | mu_N=0.00 mu_Z=0.93 mu_P=0.01 | da=0.13°
10:26:45.686 | DEBUG    | FUZZY | pos=(233,149) | angle=99.3° | G=1 D=3 delta=2 | mu_N=0.00 mu_Z=0.93 mu_P=0.01 | da=0.13°
10:26:45.704 | DEBUG    | FUZZY | pos=(233,152) | angle=99.4° | G=1 D=3 delta=2 | mu_N=0.00 mu_Z=0.93 mu_P=0.01 | da=0.13°
10:26:45.721 | DEBUG    | FUZZY | pos=(232,155) | angle=99.5° | G=1 D=3 delta=2 | mu_N=0.00 mu_Z=0.93 mu_P=0.01 | da=0.13°
10:26:45.737 | DEBUG    | FUZZY | pos=(232,158) | angle=99.7° | G=1 D=3 delta=2 | mu_N=0.00 mu_Z=0.93 mu_P=0.01 | da=0.13°
10:26:45.754 | DEBUG    | FUZZY | pos=(231,161) | angle=99.8° | G=1 D=3 delta=2 | mu_N=0.00 mu_Z=0.93 mu_P=0.01 | da=0.13°
10:26:45.769 | DEBUG    | FUZZY | pos=(231,164) | angle=99.9° | G=1 D=3 delta=2 | mu_N=0.00 mu_Z=0.93 mu_P=0.01 | da=0.13°
10:26:45.786 | DEBUG    | FUZZY | pos=(230,167) | angle=100.0° | G=1 D=1 delta=0 | mu_N=0.00 mu_Z=1.00 mu_P=0.00 | da=0.03°
10:26:45.802 | DEBUG    | FUZZY | pos=(230,170) | angle=100.1° | G=1 D=1 delta=0 | mu_N=0.00 mu_Z=1.00 mu_P=0.00 | da=0.01°
10:26:45.818 | DEBUG    | FUZZY | pos=(229,173) | angle=100.1° | G=1 D=1 delta=0 | mu_N=0.00 mu_Z=1.00 mu_P=0.00 | da=0.00°
10:26:45.834 | DEBUG    | FUZZY | pos=(229,175) | angle=100.1° | G=3 D=1 delta=-2 | mu_N=0.01 mu_Z=0.93 mu_P=0.00 | da=-0.10°
10:26:45.850 | DEBUG    | FUZZY | pos=(228,178) | angle=100.0° | G=3 D=1 delta=-2 | mu_N=0.01 mu_Z=0.93 mu_P=0.00 | da=-0.12°
10:26:45.867 | DEBUG    | FUZZY | pos=(228,181) | angle=99.9° | G=3 D=1 delta=-2 | mu_N=0.01 mu_Z=0.93 mu_P=0.00 | da=-0.12°
10:26:45.883 | DEBUG    | FUZZY | pos=(227,184) | angle=99.7° | G=3 D=1 delta=-2 | mu_N=0.01 mu_Z=0.93 mu_P=0.00 | da=-0.12°
10:26:45.900 | DEBUG    | FUZZY | pos=(227,187) | angle=99.6° | G=3 D=1 delta=-2 | mu_N=0.01 mu_Z=0.93 mu_P=0.00 | da=-0.12°
10:26:45.916 | DEBUG    | FUZZY | pos=(226,190) | angle=99.5° | G=3 D=1 delta=-2 | mu_N=0.01 mu_Z=0.93 mu_P=0.00 | da=-0.12°
10:26:45.932 | DEBUG    | FUZZY | pos=(226,193) | angle=99.4° | G=3 D=1 delta=-2 | mu_N=0.01 mu_Z=0.93 mu_P=0.00 | da=-0.12°
10:26:45.947 | DEBUG    | FUZZY | pos=(225,196) | angle=99.2° | G=3 D=1 delta=-2 | mu_N=0.01 mu_Z=0.93 mu_P=0.00 | da=-0.12°
10:26:45.964 | DEBUG    | FUZZY | pos=(225,199) | angle=99.1° | G=3 D=1 delta=-2 | mu_N=0.01 mu_Z=0.93 mu_P=0.00 | da=-0.12°
10:26:45.981 | DEBUG    | FUZZY | pos=(224,202) | angle=99.0° | G=3 D=1 delta=-2 | mu_N=0.01 mu_Z=0.93 mu_P=0.00 | da=-0.12°
10:26:45.998 | DEBUG    | FUZZY | pos=(224,205) | angle=98.9° | G=3 D=1 delta=-2 | mu_N=0.01 mu_Z=0.93 mu_P=0.00 | da=-0.12°
10:26:46.014 | DEBUG    | FUZZY | pos=(223,208) | angle=98.7° | G=3 D=0 delta=-3 | mu_N=0.01 mu_Z=0.90 mu_P=0.00 | da=-0.18°
10:26:46.029 | DEBUG    | FUZZY | pos=(223,211) | angle=98.5° | G=3 D=0 delta=-3 | mu_N=0.01 mu_Z=0.90 mu_P=0.00 | da=-0.19°
10:26:46.047 | DEBUG    | FUZZY | pos=(222,214) | angle=98.4° | G=3 D=0 delta=-3 | mu_N=0.01 mu_Z=0.90 mu_P=0.00 | da=-0.19°
10:26:46.062 | DEBUG    | FUZZY | pos=(222,217) | angle=98.2° | G=3 D=0 delta=-3 | mu_N=0.01 mu_Z=0.90 mu_P=0.00 | da=-0.19°
10:26:46.078 | DEBUG    | FUZZY | pos=(222,220) | angle=98.0° | G=131 D=0 delta=-131 | mu_N=0.51 mu_Z=0.00 mu_P=0.00 | da=-12.04°
10:26:46.093 | DEBUG    | FUZZY | pos=(221,223) | angle=85.9° | G=3 D=1 delta=-2 | mu_N=0.01 mu_Z=0.93 mu_P=0.00 | da=-2.51°
10:26:46.111 | DEBUG    | FUZZY | pos=(221,226) | angle=83.4° | G=3 D=1 delta=-2 | mu_N=0.01 mu_Z=0.93 mu_P=0.00 | da=-0.60°
10:26:46.127 | DEBUG    | FUZZY | pos=(222,229) | angle=82.8° | G=7 D=1 delta=-6 | mu_N=0.02 mu_Z=0.80 mu_P=0.00 | da=-0.46°
10:26:46.144 | DEBUG    | FUZZY | pos=(222,232) | angle=82.4° | G=63 D=1 delta=-62 | mu_N=0.24 mu_Z=0.00 mu_P=0.00 | da=-12.09°
10:26:46.162 | DEBUG    | FUZZY | pos=(222,235) | angle=70.3° | G=7 D=1 delta=-6 | mu_N=0.02 mu_Z=0.80 mu_P=0.00 | da=-2.76°
10:26:46.178 | DEBUG    | FUZZY | pos=(223,238) | angle=67.5° | G=15 D=1 delta=-14 | mu_N=0.05 mu_Z=0.53 mu_P=0.00 | da=-1.67°
10:26:46.194 | DEBUG    | FUZZY | pos=(225,240) | angle=65.8° | G=15 D=3 delta=-12 | mu_N=0.05 mu_Z=0.60 mu_P=0.00 | da=-1.21°
10:26:46.211 | DEBUG    | FUZZY | pos=(226,243) | angle=64.6° | G=31 D=1 delta=-30 | mu_N=0.12 mu_Z=0.00 mu_P=0.00 | da=-12.24°
10:26:46.227 | DEBUG    | FUZZY | pos=(227,246) | angle=52.4° | G=7 D=1 delta=-6 | mu_N=0.02 mu_Z=0.80 mu_P=0.00 | da=-2.79°
10:26:50.342 | DEBUG    | FUZZY | pos=(229,248) | angle=49.6° | G=15 D=1 delta=-14 | mu_N=0.05 mu_Z=0.53 mu_P=0.00 | da=-1.68°
10:26:50.357 | DEBUG    | FUZZY | pos=(231,251) | angle=47.9° | G=15 D=0 delta=-15 | mu_N=0.06 mu_Z=0.50 mu_P=0.00 | da=-1.60°
10:26:50.374 | DEBUG    | FUZZY | pos=(233,253) | angle=46.3° | G=15 D=0 delta=-15 | mu_N=0.06 mu_Z=0.50 mu_P=0.00 | da=-1.58°
10:26:50.389 | DEBUG    | FUZZY | pos=(235,255) | angle=44.7° | G=14 D=0 delta=-14 | mu_N=0.05 mu_Z=0.53 mu_P=0.00 | da=-1.44°
10:26:50.406 | DEBUG    | FUZZY | pos=(237,257) | angle=43.3° | G=30 D=0 delta=-30 | mu_N=0.12 mu_Z=0.00 mu_P=0.00 | da=-12.29°
10:26:50.422 | DEBUG    | FUZZY | pos=(239,259) | angle=31.0° | G=15 D=0 delta=-15 | mu_N=0.06 mu_Z=0.50 mu_P=0.00 | da=-3.72°
10:26:50.439 | DEBUG    | FUZZY | pos=(242,261) | angle=27.3° | G=7 D=0 delta=-7 | mu_N=0.03 mu_Z=0.77 mu_P=0.00 | da=-1.16°
10:26:50.455 | DEBUG    | FUZZY | pos=(245,262) | angle=26.1° | G=14 D=0 delta=-14 | mu_N=0.05 mu_Z=0.53 mu_P=0.00 | da=-1.35°
10:26:50.471 | DEBUG    | FUZZY | pos=(247,263) | angle=24.8° | G=14 D=0 delta=-14 | mu_N=0.05 mu_Z=0.53 mu_P=0.00 | da=-1.39°
10:26:50.487 | DEBUG    | FUZZY | pos=(250,265) | angle=23.4° | G=14 D=0 delta=-14 | mu_N=0.05 mu_Z=0.53 mu_P=0.00 | da=-1.40°
10:26:50.504 | DEBUG    | FUZZY | pos=(253,266) | angle=22.0° | G=14 D=0 delta=-14 | mu_N=0.05 mu_Z=0.53 mu_P=0.00 | da=-1.40°
10:26:50.521 | DEBUG    | FUZZY | pos=(255,267) | angle=20.6° | G=14 D=0 delta=-14 | mu_N=0.05 mu_Z=0.53 mu_P=0.00 | da=-1.40°
10:26:50.539 | DEBUG    | FUZZY | pos=(258,268) | angle=19.2° | G=14 D=0 delta=-14 | mu_N=0.05 mu_Z=0.53 mu_P=0.00 | da=-1.40°
10:26:50.556 | DEBUG    | FUZZY | pos=(261,269) | angle=17.8° | G=14 D=0 delta=-14 | mu_N=0.05 mu_Z=0.53 mu_P=0.00 | da=-1.40°
10:26:50.572 | DEBUG    | FUZZY | pos=(264,270) | angle=16.4° | G=14 D=0 delta=-14 | mu_N=0.05 mu_Z=0.53 mu_P=0.00 | da=-1.40°
10:26:50.589 | DEBUG    | FUZZY | pos=(267,271) | angle=15.0° | G=14 D=0 delta=-14 | mu_N=0.05 mu_Z=0.53 mu_P=0.00 | da=-1.40°
10:26:50.606 | DEBUG    | FUZZY | pos=(270,271) | angle=13.6° | G=14 D=0 delta=-14 | mu_N=0.05 mu_Z=0.53 mu_P=0.00 | da=-1.40°
10:26:50.622 | DEBUG    | FUZZY | pos=(273,272) | angle=12.2° | G=14 D=0 delta=-14 | mu_N=0.05 mu_Z=0.53 mu_P=0.00 | da=-1.40°
10:26:50.639 | DEBUG    | FUZZY | pos=(276,273) | angle=10.8° | G=14 D=0 delta=-14 | mu_N=0.05 mu_Z=0.53 mu_P=0.00 | da=-1.40°
10:26:50.655 | DEBUG    | FUZZY | pos=(279,273) | angle=9.4° | G=14 D=0 delta=-14 | mu_N=0.05 mu_Z=0.53 mu_P=0.00 | da=-1.40°
10:26:50.671 | DEBUG    | FUZZY | pos=(282,274) | angle=8.0° | G=14 D=0 delta=-14 | mu_N=0.05 mu_Z=0.53 mu_P=0.00 | da=-1.40°
10:26:50.686 | DEBUG    | FUZZY | pos=(284,274) | angle=6.6° | G=14 D=0 delta=-14 | mu_N=0.05 mu_Z=0.53 mu_P=0.00 | da=-1.40°
10:26:50.703 | DEBUG    | FUZZY | pos=(287,275) | angle=5.2° | G=14 D=0 delta=-14 | mu_N=0.05 mu_Z=0.53 mu_P=0.00 | da=-1.40°
10:26:50.720 | DEBUG    | FUZZY | pos=(290,275) | angle=3.8° | G=14 D=0 delta=-14 | mu_N=0.05 mu_Z=0.53 mu_P=0.00 | da=-1.40°
10:26:50.737 | DEBUG    | FUZZY | pos=(293,275) | angle=2.4° | G=14 D=0 delta=-14 | mu_N=0.05 mu_Z=0.53 mu_P=0.00 | da=-1.40°
10:26:50.755 | DEBUG    | FUZZY | pos=(296,275) | angle=1.0° | G=14 D=0 delta=-14 | mu_N=0.05 mu_Z=0.53 mu_P=0.00 | da=-1.40°
10:26:50.771 | DEBUG    | FUZZY | pos=(299,275) | angle=-0.4° | G=14 D=0 delta=-14 | mu_N=0.05 mu_Z=0.53 mu_P=0.00 | da=-1.40°
10:26:50.787 | DEBUG    | FUZZY | pos=(302,275) | angle=-1.8° | G=6 D=0 delta=-6 | mu_N=0.02 mu_Z=0.80 mu_P=0.00 | da=-0.62°
10:26:50.803 | DEBUG    | FUZZY | pos=(305,275) | angle=-2.4° | G=6 D=0 delta=-6 | mu_N=0.02 mu_Z=0.80 mu_P=0.00 | da=-0.47°
10:26:50.820 | DEBUG    | FUZZY | pos=(308,275) | angle=-2.9° | G=6 D=0 delta=-6 | mu_N=0.02 mu_Z=0.80 mu_P=0.00 | da=-0.44°
10:26:50.836 | DEBUG    | FUZZY | pos=(311,275) | angle=-3.3° | G=6 D=0 delta=-6 | mu_N=0.02 mu_Z=0.80 mu_P=0.00 | da=-0.43°
10:26:50.853 | DEBUG    | FUZZY | pos=(314,275) | angle=-3.8° | G=6 D=0 delta=-6 | mu_N=0.02 mu_Z=0.80 mu_P=0.00 | da=-0.43°
10:26:50.870 | DEBUG    | FUZZY | pos=(317,275) | angle=-4.2° | G=7 D=0 delta=-7 | mu_N=0.03 mu_Z=0.77 mu_P=0.00 | da=-0.50°
10:26:50.887 | DEBUG    | FUZZY | pos=(320,274) | angle=-4.7° | G=7 D=0 delta=-7 | mu_N=0.03 mu_Z=0.77 mu_P=0.00 | da=-0.51°
10:26:50.902 | DEBUG    | FUZZY | pos=(323,274) | angle=-5.2° | G=7 D=0 delta=-7 | mu_N=0.03 mu_Z=0.77 mu_P=0.00 | da=-0.52°
10:26:50.918 | DEBUG    | FUZZY | pos=(326,274) | angle=-5.7° | G=7 D=0 delta=-7 | mu_N=0.03 mu_Z=0.77 mu_P=0.00 | da=-0.52°
10:26:50.935 | DEBUG    | FUZZY | pos=(329,273) | angle=-6.2° | G=7 D=0 delta=-7 | mu_N=0.03 mu_Z=0.77 mu_P=0.00 | da=-0.52°
10:26:50.952 | DEBUG    | FUZZY | pos=(332,273) | angle=-6.8° | G=7 D=0 delta=-7 | mu_N=0.03 mu_Z=0.77 mu_P=0.00 | da=-0.52°
10:26:50.968 | DEBUG    | FUZZY | pos=(335,273) | angle=-7.3° | G=7 D=0 delta=-7 | mu_N=0.03 mu_Z=0.77 mu_P=0.00 | da=-0.52°
10:26:50.984 | DEBUG    | FUZZY | pos=(338,272) | angle=-7.8° | G=7 D=0 delta=-7 | mu_N=0.03 mu_Z=0.77 mu_P=0.00 | da=-0.52°
10:26:51.000 | DEBUG    | FUZZY | pos=(341,272) | angle=-8.3° | G=7 D=0 delta=-7 | mu_N=0.03 mu_Z=0.77 mu_P=0.00 | da=-0.52°
10:26:51.016 | DEBUG    | FUZZY | pos=(344,272) | angle=-8.8° | G=3 D=0 delta=-3 | mu_N=0.01 mu_Z=0.90 mu_P=0.00 | da=-0.26°
10:26:51.033 | DEBUG    | FUZZY | pos=(347,271) | angle=-9.1° | G=3 D=0 delta=-3 | mu_N=0.01 mu_Z=0.90 mu_P=0.00 | da=-0.21°
10:26:51.049 | DEBUG    | FUZZY | pos=(350,271) | angle=-9.3° | G=3 D=0 delta=-3 | mu_N=0.01 mu_Z=0.90 mu_P=0.00 | da=-0.20°
10:26:51.065 | DEBUG    | FUZZY | pos=(353,270) | angle=-9.5° | G=3 D=1 delta=-2 | mu_N=0.01 mu_Z=0.93 mu_P=0.00 | da=-0.14°
10:26:51.082 | DEBUG    | FUZZY | pos=(356,270) | angle=-9.6° | G=3 D=1 delta=-2 | mu_N=0.01 mu_Z=0.93 mu_P=0.00 | da=-0.13°
10:26:51.098 | DEBUG    | FUZZY | pos=(359,269) | angle=-9.8° | G=3 D=1 delta=-2 | mu_N=0.01 mu_Z=0.93 mu_P=0.00 | da=-0.13°
10:26:51.114 | DEBUG    | FUZZY | pos=(362,269) | angle=-9.9° | G=3 D=1 delta=-2 | mu_N=0.01 mu_Z=0.93 mu_P=0.00 | da=-0.13°
10:26:51.131 | DEBUG    | FUZZY | pos=(365,268) | angle=-10.0° | G=3 D=1 delta=-2 | mu_N=0.01 mu_Z=0.93 mu_P=0.00 | da=-0.13°
10:26:51.147 | DEBUG    | FUZZY | pos=(368,268) | angle=-10.1° | G=3 D=1 delta=-2 | mu_N=0.01 mu_Z=0.93 mu_P=0.00 | da=-0.13°
10:26:51.163 | DEBUG    | FUZZY | pos=(371,267) | angle=-10.3° | G=3 D=1 delta=-2 | mu_N=0.01 mu_Z=0.93 mu_P=0.00 | da=-0.13°
10:26:51.179 | DEBUG    | FUZZY | pos=(374,267) | angle=-10.4° | G=3 D=1 delta=-2 | mu_N=0.01 mu_Z=0.93 mu_P=0.00 | da=-0.13°
10:26:51.197 | DEBUG    | FUZZY | pos=(377,266) | angle=-10.5° | G=3 D=1 delta=-2 | mu_N=0.01 mu_Z=0.93 mu_P=0.00 | da=-0.13°
10:26:51.213 | DEBUG    | FUZZY | pos=(380,265) | angle=-10.6° | G=1 D=1 delta=0 | mu_N=0.00 mu_Z=1.00 mu_P=0.00 | da=-0.03°
10:26:51.230 | DEBUG    | FUZZY | pos=(383,265) | angle=-10.7° | G=1 D=1 delta=0 | mu_N=0.00 mu_Z=1.00 mu_P=0.00 | da=-0.01°
10:26:51.246 | DEBUG    | FUZZY | pos=(386,264) | angle=-10.7° | G=1 D=225 delta=224 | mu_N=0.00 mu_Z=0.00 mu_P=0.88 | da=12.00°
10:26:51.262 | DEBUG    | FUZZY | pos=(389,264) | angle=1.3° | G=3 D=1 delta=-2 | mu_N=0.01 mu_Z=0.93 mu_P=0.00 | da=2.30°
10:26:51.280 | DEBUG    | FUZZY | pos=(392,264) | angle=3.6° | G=3 D=1 delta=-2 | mu_N=0.01 mu_Z=0.93 mu_P=0.00 | da=0.36°
10:26:51.295 | DEBUG    | FUZZY | pos=(395,264) | angle=4.0° | G=3 D=63 delta=60 | mu_N=0.00 mu_Z=0.00 mu_P=0.24 | da=12.07°
10:26:51.313 | DEBUG    | FUZZY | pos=(398,264) | angle=16.1° | G=3 D=7 delta=4 | mu_N=0.00 mu_Z=0.87 mu_P=0.02 | da=2.63°
10:26:51.328 | DEBUG    | FUZZY | pos=(400,265) | angle=18.7° | G=3 D=15 delta=12 | mu_N=0.00 mu_Z=0.60 mu_P=0.05 | da=1.40°
10:26:51.347 | DEBUG    | FUZZY | pos=(403,266) | angle=20.1° | G=3 D=15 delta=12 | mu_N=0.00 mu_Z=0.60 mu_P=0.05 | da=1.15°
10:26:51.363 | DEBUG    | FUZZY | pos=(406,267) | angle=21.2° | G=3 D=31 delta=28 | mu_N=0.00 mu_Z=0.07 mu_P=0.11 | da=7.70°
10:26:51.379 | DEBUG    | FUZZY | pos=(409,268) | angle=28.9° | G=1 D=15 delta=14 | mu_N=0.00 mu_Z=0.53 mu_P=0.05 | da=2.66°
10:26:51.396 | DEBUG    | FUZZY | pos=(412,270) | angle=31.6° | G=0 D=31 delta=31 | mu_N=0.00 mu_Z=0.00 mu_P=0.12 | da=12.53°
10:26:51.412 | DEBUG    | FUZZY | pos=(414,271) | angle=44.1° | G=1 D=7 delta=6 | mu_N=0.00 mu_Z=0.80 mu_P=0.02 | da=2.85°
10:26:51.428 | DEBUG    | FUZZY | pos=(416,273) | angle=47.0° | G=0 D=7 delta=7 | mu_N=0.00 mu_Z=0.77 mu_P=0.03 | da=0.98°
10:26:51.445 | DEBUG    | FUZZY | pos=(418,275) | angle=48.0° | G=0 D=15 delta=15 | mu_N=0.00 mu_Z=0.50 mu_P=0.06 | da=1.46°
10:26:51.464 | DEBUG    | FUZZY | pos=(420,278) | angle=49.4° | G=0 D=15 delta=15 | mu_N=0.00 mu_Z=0.50 mu_P=0.06 | da=1.56°
10:26:51.478 | DEBUG    | FUZZY | pos=(422,280) | angle=51.0° | G=0 D=14 delta=14 | mu_N=0.00 mu_Z=0.53 mu_P=0.05 | da=1.43°
10:26:51.493 | DEBUG    | FUZZY | pos=(424,282) | angle=52.4° | G=0 D=14 delta=14 | mu_N=0.00 mu_Z=0.53 mu_P=0.05 | da=1.41°
10:26:51.521 | DEBUG    | FUZZY | pos=(426,285) | angle=53.8° | G=0 D=30 delta=30 | mu_N=0.00 mu_Z=0.00 mu_P=0.12 | da=12.28°
10:26:51.531 | DEBUG    | FUZZY | pos=(428,287) | angle=66.1° | G=0 D=14 delta=14 | mu_N=0.00 mu_Z=0.53 mu_P=0.05 | da=3.58°
10:26:51.546 | DEBUG    | FUZZY | pos=(429,290) | angle=69.7° | G=0 D=6 delta=6 | mu_N=0.00 mu_Z=0.80 mu_P=0.02 | da=1.06°
10:26:51.560 | DEBUG    | FUZZY | pos=(430,293) | angle=70.7° | G=0 D=6 delta=6 | mu_N=0.00 mu_Z=0.80 mu_P=0.02 | da=0.55°
10:26:51.576 | DEBUG    | FUZZY | pos=(431,295) | angle=71.3° | G=0 D=14 delta=14 | mu_N=0.00 mu_Z=0.53 mu_P=0.05 | da=1.23°
10:26:51.592 | DEBUG    | FUZZY | pos=(432,298) | angle=72.5° | G=0 D=14 delta=14 | mu_N=0.00 mu_Z=0.53 mu_P=0.05 | da=1.37°
10:26:51.610 | DEBUG    | FUZZY | pos=(433,301) | angle=73.9° | G=0 D=14 delta=14 | mu_N=0.00 mu_Z=0.53 mu_P=0.05 | da=1.39°
10:26:51.627 | DEBUG    | FUZZY | pos=(434,304) | angle=75.3° | G=0 D=14 delta=14 | mu_N=0.00 mu_Z=0.53 mu_P=0.05 | da=1.40°
10:26:51.642 | DEBUG    | FUZZY | pos=(434,307) | angle=76.7° | G=0 D=14 delta=14 | mu_N=0.00 mu_Z=0.53 mu_P=0.05 | da=1.40°
10:26:51.660 | DEBUG    | FUZZY | pos=(435,310) | angle=78.1° | G=0 D=14 delta=14 | mu_N=0.00 mu_Z=0.53 mu_P=0.05 | da=1.40°
10:26:51.677 | DEBUG    | FUZZY | pos=(436,313) | angle=79.5° | G=0 D=14 delta=14 | mu_N=0.00 mu_Z=0.53 mu_P=0.05 | da=1.40°
10:26:51.693 | DEBUG    | FUZZY | pos=(436,316) | angle=80.9° | G=0 D=14 delta=14 | mu_N=0.00 mu_Z=0.53 mu_P=0.05 | da=1.40°
10:26:51.709 | DEBUG    | FUZZY | pos=(437,319) | angle=82.3° | G=0 D=14 delta=14 | mu_N=0.00 mu_Z=0.53 mu_P=0.05 | da=1.40°
10:26:51.727 | DEBUG    | FUZZY | pos=(437,322) | angle=83.7° | G=0 D=14 delta=14 | mu_N=0.00 mu_Z=0.53 mu_P=0.05 | da=1.40°
10:26:51.743 | DEBUG    | FUZZY | pos=(438,325) | angle=85.1° | G=0 D=6 delta=6 | mu_N=0.00 mu_Z=0.80 mu_P=0.02 | da=0.62°
10:26:51.760 | DEBUG    | FUZZY | pos=(438,328) | angle=85.7° | G=0 D=6 delta=6 | mu_N=0.00 mu_Z=0.80 mu_P=0.02 | da=0.47°
10:26:51.777 | DEBUG    | FUZZY | pos=(438,331) | angle=86.2° | G=0 D=6 delta=6 | mu_N=0.00 mu_Z=0.80 mu_P=0.02 | da=0.44°
10:26:51.792 | DEBUG    | FUZZY | pos=(438,334) | angle=86.6° | G=0 D=6 delta=6 | mu_N=0.00 mu_Z=0.80 mu_P=0.02 | da=0.43°
10:26:51.809 | DEBUG    | FUZZY | pos=(438,337) | angle=87.0° | G=0 D=6 delta=6 | mu_N=0.00 mu_Z=0.80 mu_P=0.02 | da=0.43°
10:26:51.825 | DEBUG    | FUZZY | pos=(439,340) | angle=87.5° | G=0 D=6 delta=6 | mu_N=0.00 mu_Z=0.80 mu_P=0.02 | da=0.43°
10:26:51.841 | DEBUG    | FUZZY | pos=(439,343) | angle=87.9° | G=0 D=6 delta=6 | mu_N=0.00 mu_Z=0.80 mu_P=0.02 | da=0.43°
10:26:51.858 | DEBUG    | FUZZY | pos=(439,346) | angle=88.3° | G=0 D=6 delta=6 | mu_N=0.00 mu_Z=0.80 mu_P=0.02 | da=0.43°
10:26:51.875 | DEBUG    | FUZZY | pos=(439,349) | angle=88.7° | G=0 D=6 delta=6 | mu_N=0.00 mu_Z=0.80 mu_P=0.02 | da=0.43°
10:26:51.893 | DEBUG    | FUZZY | pos=(439,352) | angle=89.2° | G=0 D=6 delta=6 | mu_N=0.00 mu_Z=0.80 mu_P=0.02 | da=0.43°
10:26:51.909 | DEBUG    | FUZZY | pos=(439,355) | angle=89.6° | G=0 D=6 delta=6 | mu_N=0.00 mu_Z=0.80 mu_P=0.02 | da=0.43°
10:26:51.925 | DEBUG    | FUZZY | pos=(439,358) | angle=90.0° | G=0 D=6 delta=6 | mu_N=0.00 mu_Z=0.80 mu_P=0.02 | da=0.43°
10:26:51.941 | DEBUG    | FUZZY | pos=(439,361) | angle=90.5° | G=0 D=6 delta=6 | mu_N=0.00 mu_Z=0.80 mu_P=0.02 | da=0.43°
10:26:51.957 | DEBUG    | FUZZY | pos=(439,364) | angle=90.9° | G=0 D=6 delta=6 | mu_N=0.00 mu_Z=0.80 mu_P=0.02 | da=0.43°
10:26:51.973 | DEBUG    | FUZZY | pos=(439,367) | angle=91.3° | G=0 D=6 delta=6 | mu_N=0.00 mu_Z=0.80 mu_P=0.02 | da=0.43°
10:26:51.990 | DEBUG    | FUZZY | pos=(439,370) | angle=91.7° | G=0 D=6 delta=6 | mu_N=0.00 mu_Z=0.80 mu_P=0.02 | da=0.43°
10:26:52.006 | DEBUG    | FUZZY | pos=(439,373) | angle=92.2° | G=0 D=7 delta=7 | mu_N=0.00 mu_Z=0.77 mu_P=0.03 | da=0.50°
10:26:52.021 | DEBUG    | FUZZY | pos=(439,376) | angle=92.7° | G=0 D=7 delta=7 | mu_N=0.00 mu_Z=0.77 mu_P=0.03 | da=0.51°
10:26:52.037 | DEBUG    | FUZZY | pos=(439,379) | angle=93.2° | G=0 D=63 delta=63 | mu_N=0.00 mu_Z=0.00 mu_P=0.25 | da=12.10°
10:26:52.053 | DEBUG    | FUZZY | pos=(438,382) | angle=105.3° | G=0 D=3 delta=3 | mu_N=0.00 mu_Z=0.90 mu_P=0.01 | da=2.58°
10:26:52.070 | DEBUG    | FUZZY | pos=(438,385) | angle=107.9° | G=1 D=7 delta=6 | mu_N=0.00 mu_Z=0.80 mu_P=0.02 | da=0.86°
10:26:52.088 | DEBUG    | FUZZY | pos=(437,387) | angle=108.7° | G=0 D=15 delta=15 | mu_N=0.00 mu_Z=0.50 mu_P=0.06 | da=1.43°
10:26:52.104 | DEBUG    | FUZZY | pos=(436,390) | angle=110.2° | G=0 D=31 delta=31 | mu_N=0.00 mu_Z=0.00 mu_P=0.12 | da=12.29°
10:26:52.122 | DEBUG    | FUZZY | pos=(435,393) | angle=122.4° | G=1 D=15 delta=14 | mu_N=0.00 mu_Z=0.53 mu_P=0.05 | da=3.58°
10:26:52.138 | DEBUG    | FUZZY | pos=(433,396) | angle=126.0° | G=1 D=15 delta=14 | mu_N=0.00 mu_Z=0.53 mu_P=0.05 | da=1.84°
10:26:52.155 | DEBUG    | FUZZY | pos=(431,398) | angle=127.9° | G=0 D=15 delta=15 | mu_N=0.00 mu_Z=0.50 mu_P=0.06 | da=1.63°
10:26:52.172 | DEBUG    | FUZZY | pos=(429,400) | angle=129.5° | G=0 D=15 delta=15 | mu_N=0.00 mu_Z=0.50 mu_P=0.06 | da=1.59°
10:26:52.188 | DEBUG    | FUZZY | pos=(428,403) | angle=131.1° | G=0 D=31 delta=31 | mu_N=0.00 mu_Z=0.00 mu_P=0.12 | da=12.32°
10:26:52.204 | DEBUG    | FUZZY | pos=(426,405) | angle=143.4° | G=0 D=7 delta=7 | mu_N=0.00 mu_Z=0.77 mu_P=0.03 | da=2.88°
10:26:52.220 | DEBUG    | FUZZY | pos=(423,407) | angle=146.3° | G=0 D=7 delta=7 | mu_N=0.00 mu_Z=0.77 mu_P=0.03 | da=0.99°
10:26:52.238 | DEBUG    | FUZZY | pos=(421,408) | angle=147.3° | G=0 D=15 delta=15 | mu_N=0.00 mu_Z=0.50 mu_P=0.06 | da=1.46°
10:26:52.256 | DEBUG    | FUZZY | pos=(418,410) | angle=148.7° | G=0 D=14 delta=14 | mu_N=0.00 mu_Z=0.53 mu_P=0.05 | da=1.41°
10:26:52.272 | DEBUG    | FUZZY | pos=(416,412) | angle=150.1° | G=0 D=14 delta=14 | mu_N=0.00 mu_Z=0.53 mu_P=0.05 | da=1.40°
10:26:52.290 | DEBUG    | FUZZY | pos=(413,413) | angle=151.5° | G=0 D=14 delta=14 | mu_N=0.00 mu_Z=0.53 mu_P=0.05 | da=1.40°
10:26:52.307 | DEBUG    | FUZZY | pos=(410,415) | angle=152.9° | G=0 D=14 delta=14 | mu_N=0.00 mu_Z=0.53 mu_P=0.05 | da=1.40°
10:26:52.324 | DEBUG    | FUZZY | pos=(408,416) | angle=154.3° | G=0 D=14 delta=14 | mu_N=0.00 mu_Z=0.53 mu_P=0.05 | da=1.40°
10:26:52.341 | DEBUG    | FUZZY | pos=(405,417) | angle=155.7° | G=0 D=14 delta=14 | mu_N=0.00 mu_Z=0.53 mu_P=0.05 | da=1.40°
10:26:52.358 | DEBUG    | FUZZY | pos=(402,418) | angle=157.1° | G=0 D=14 delta=14 | mu_N=0.00 mu_Z=0.53 mu_P=0.05 | da=1.40°
10:26:52.374 | DEBUG    | FUZZY | pos=(399,420) | angle=158.5° | G=0 D=14 delta=14 | mu_N=0.00 mu_Z=0.53 mu_P=0.05 | da=1.40°
10:26:52.390 | DEBUG    | FUZZY | pos=(397,421) | angle=159.9° | G=0 D=12 delta=12 | mu_N=0.00 mu_Z=0.60 mu_P=0.05 | da=1.15°
10:26:52.406 | DEBUG    | FUZZY | pos=(394,422) | angle=161.1° | G=0 D=12 delta=12 | mu_N=0.00 mu_Z=0.60 mu_P=0.05 | da=1.10°
10:26:52.424 | DEBUG    | FUZZY | pos=(391,423) | angle=162.2° | G=0 D=28 delta=28 | mu_N=0.00 mu_Z=0.07 mu_P=0.11 | da=7.69°
10:26:52.440 | DEBUG    | FUZZY | pos=(388,424) | angle=169.9° | G=0 D=14 delta=14 | mu_N=0.00 mu_Z=0.53 mu_P=0.05 | da=2.66°
10:26:52.457 | DEBUG    | FUZZY | pos=(385,424) | angle=172.5° | G=0 D=14 delta=14 | mu_N=0.00 mu_Z=0.53 mu_P=0.05 | da=1.65°
10:26:52.473 | DEBUG    | FUZZY | pos=(382,424) | angle=174.2° | G=0 D=14 delta=14 | mu_N=0.00 mu_Z=0.53 mu_P=0.05 | da=1.45°
10:26:52.489 | DEBUG    | FUZZY | pos=(379,425) | angle=175.6° | G=0 D=14 delta=14 | mu_N=0.00 mu_Z=0.53 mu_P=0.05 | da=1.41°
10:26:56.479 | DEBUG    | FUZZY | pos=(376,425) | angle=177.0° | G=0 D=14 delta=14 | mu_N=0.00 mu_Z=0.53 mu_P=0.05 | da=1.40°
10:26:56.488 | DEBUG    | FUZZY | pos=(373,425) | angle=178.5° | G=0 D=14 delta=14 | mu_N=0.00 mu_Z=0.53 mu_P=0.05 | da=1.40°
10:26:56.505 | DEBUG    | FUZZY | pos=(370,425) | angle=179.9° | G=0 D=14 delta=14 | mu_N=0.00 mu_Z=0.53 mu_P=0.05 | da=1.40°
10:26:56.521 | DEBUG    | FUZZY | pos=(367,425) | angle=181.3° | G=0 D=6 delta=6 | mu_N=0.00 mu_Z=0.80 mu_P=0.02 | da=0.62°
10:26:56.538 | DEBUG    | FUZZY | pos=(364,425) | angle=181.9° | G=0 D=6 delta=6 | mu_N=0.00 mu_Z=0.80 mu_P=0.02 | da=0.47°
10:26:56.555 | DEBUG    | FUZZY | pos=(361,425) | angle=182.3° | G=192 D=6 delta=-186 | mu_N=0.73 mu_Z=0.00 mu_P=0.00 | da=-11.91°
10:26:56.571 | DEBUG    | FUZZY | pos=(358,425) | angle=170.4° | G=1 D=15 delta=14 | mu_N=0.00 mu_Z=0.53 mu_P=0.05 | da=-1.26°
10:26:56.587 | DEBUG    | FUZZY | pos=(355,425) | angle=169.2° | G=7 D=15 delta=8 | mu_N=0.00 mu_Z=0.73 mu_P=0.03 | da=0.24°
10:26:56.604 | DEBUG    | FUZZY | pos=(352,426) | angle=169.4° | G=63 D=7 delta=-56 | mu_N=0.22 mu_Z=0.00 mu_P=0.00 | da=-11.95°
10:26:56.621 | DEBUG    | FUZZY | pos=(349,427) | angle=157.5° | G=7 D=15 delta=8 | mu_N=0.00 mu_Z=0.73 mu_P=0.03 | da=-1.90°
10:26:56.637 | DEBUG    | FUZZY | pos=(347,428) | angle=155.6° | G=15 D=7 delta=-8 | mu_N=0.03 mu_Z=0.73 mu_P=0.00 | da=-0.87°
10:26:56.653 | DEBUG    | FUZZY | pos=(344,429) | angle=154.7° | G=31 D=3 delta=-28 | mu_N=0.11 mu_Z=0.07 mu_P=0.00 | da=-7.64°
10:26:56.669 | DEBUG    | FUZZY | pos=(341,430) | angle=147.1° | G=15 D=1 delta=-14 | mu_N=0.05 mu_Z=0.53 mu_P=0.00 | da=-2.65°
10:26:56.686 | DEBUG    | FUZZY | pos=(339,432) | angle=144.4° | G=15 D=0 delta=-15 | mu_N=0.06 mu_Z=0.50 mu_P=0.00 | da=-1.79°
10:26:56.703 | DEBUG    | FUZZY | pos=(336,434) | angle=142.6° | G=15 D=0 delta=-15 | mu_N=0.06 mu_Z=0.50 mu_P=0.00 | da=-1.62°
10:26:56.720 | DEBUG    | FUZZY | pos=(334,435) | angle=141.0° | G=30 D=0 delta=-30 | mu_N=0.12 mu_Z=0.00 mu_P=0.00 | da=-12.32°
10:26:56.735 | DEBUG    | FUZZY | pos=(331,437) | angle=128.7° | G=15 D=0 delta=-15 | mu_N=0.06 mu_Z=0.50 mu_P=0.00 | da=-3.73°
10:26:56.753 | DEBUG    | FUZZY | pos=(330,440) | angle=124.9° | G=15 D=0 delta=-15 | mu_N=0.06 mu_Z=0.50 mu_P=0.00 | da=-2.01°
10:26:56.769 | DEBUG    | FUZZY | pos=(328,442) | angle=122.9° | G=15 D=0 delta=-15 | mu_N=0.06 mu_Z=0.50 mu_P=0.00 | da=-1.66°
10:26:56.786 | DEBUG    | FUZZY | pos=(326,445) | angle=121.3° | G=14 D=0 delta=-14 | mu_N=0.05 mu_Z=0.53 mu_P=0.00 | da=-1.45°
10:26:56.803 | DEBUG    | FUZZY | pos=(325,447) | angle=119.8° | G=14 D=0 delta=-14 | mu_N=0.05 mu_Z=0.53 mu_P=0.00 | da=-1.41°
10:26:56.820 | DEBUG    | FUZZY | pos=(323,450) | angle=118.4° | G=14 D=0 delta=-14 | mu_N=0.05 mu_Z=0.53 mu_P=0.00 | da=-1.40°
10:26:56.837 | DEBUG    | FUZZY | pos=(322,452) | angle=117.0° | G=14 D=0 delta=-14 | mu_N=0.05 mu_Z=0.53 mu_P=0.00 | da=-1.40°
10:26:56.853 | DEBUG    | FUZZY | pos=(320,455) | angle=115.6° | G=14 D=0 delta=-14 | mu_N=0.05 mu_Z=0.53 mu_P=0.00 | da=-1.40°
10:26:56.870 | DEBUG    | FUZZY | pos=(319,458) | angle=114.2° | G=14 D=0 delta=-14 | mu_N=0.05 mu_Z=0.53 mu_P=0.00 | da=-1.40°
10:26:56.887 | DEBUG    | FUZZY | pos=(318,461) | angle=112.8° | G=14 D=0 delta=-14 | mu_N=0.05 mu_Z=0.53 mu_P=0.00 | da=-1.40°
10:26:56.903 | DEBUG    | FUZZY | pos=(317,463) | angle=111.4° | G=14 D=0 delta=-14 | mu_N=0.05 mu_Z=0.53 mu_P=0.00 | da=-1.40°
10:26:56.920 | DEBUG    | FUZZY | pos=(316,466) | angle=110.0° | G=12 D=0 delta=-12 | mu_N=0.05 mu_Z=0.60 mu_P=0.00 | da=-1.15°
10:26:56.936 | DEBUG    | FUZZY | pos=(315,469) | angle=108.8° | G=12 D=0 delta=-12 | mu_N=0.05 mu_Z=0.60 mu_P=0.00 | da=-1.10°
10:26:56.952 | DEBUG    | FUZZY | pos=(314,472) | angle=107.7° | G=12 D=0 delta=-12 | mu_N=0.05 mu_Z=0.60 mu_P=0.00 | da=-1.09°
10:26:56.969 | DEBUG    | FUZZY | pos=(313,475) | angle=106.6° | G=28 D=0 delta=-28 | mu_N=0.11 mu_Z=0.07 mu_P=0.00 | da=-7.69°
10:26:56.986 | DEBUG    | FUZZY | pos=(312,478) | angle=99.0° | G=14 D=0 delta=-14 | mu_N=0.05 mu_Z=0.53 mu_P=0.00 | da=-2.66°
10:26:57.004 | DEBUG    | FUZZY | pos=(311,481) | angle=96.3° | G=14 D=0 delta=-14 | mu_N=0.05 mu_Z=0.53 mu_P=0.00 | da=-1.65°
10:26:57.021 | DEBUG    | FUZZY | pos=(311,483) | angle=94.7° | G=14 D=0 delta=-14 | mu_N=0.05 mu_Z=0.53 mu_P=0.00 | da=-1.45°
10:26:57.038 | DEBUG    | FUZZY | pos=(311,486) | angle=93.2° | G=14 D=0 delta=-14 | mu_N=0.05 mu_Z=0.53 mu_P=0.00 | da=-1.41°
10:26:57.053 | DEBUG    | FUZZY | pos=(311,489) | angle=91.8° | G=14 D=0 delta=-14 | mu_N=0.05 mu_Z=0.53 mu_P=0.00 | da=-1.40°
10:26:57.070 | DEBUG    | FUZZY | pos=(311,492) | angle=90.4° | G=14 D=0 delta=-14 | mu_N=0.05 mu_Z=0.53 mu_P=0.00 | da=-1.40°
10:26:57.088 | DEBUG    | FUZZY | pos=(311,495) | angle=89.0° | G=14 D=0 delta=-14 | mu_N=0.05 mu_Z=0.53 mu_P=0.00 | da=-1.40°
10:26:57.104 | DEBUG    | FUZZY | pos=(311,498) | angle=87.6° | G=6 D=0 delta=-6 | mu_N=0.02 mu_Z=0.80 mu_P=0.00 | da=-0.62°
10:26:57.120 | DEBUG    | FUZZY | pos=(311,501) | angle=87.0° | G=6 D=0 delta=-6 | mu_N=0.02 mu_Z=0.80 mu_P=0.00 | da=-0.47°
10:26:57.136 | DEBUG    | FUZZY | pos=(311,504) | angle=86.5° | G=6 D=0 delta=-6 | mu_N=0.02 mu_Z=0.80 mu_P=0.00 | da=-0.44°
10:26:57.152 | DEBUG    | FUZZY | pos=(311,507) | angle=86.1° | G=6 D=0 delta=-6 | mu_N=0.02 mu_Z=0.80 mu_P=0.00 | da=-0.43°
10:26:57.168 | DEBUG    | FUZZY | pos=(311,510) | angle=85.6° | G=7 D=0 delta=-7 | mu_N=0.03 mu_Z=0.77 mu_P=0.00 | da=-0.50°
10:26:57.184 | DEBUG    | FUZZY | pos=(312,513) | angle=85.1° | G=7 D=0 delta=-7 | mu_N=0.03 mu_Z=0.77 mu_P=0.00 | da=-0.51°
10:26:57.202 | DEBUG    | FUZZY | pos=(312,516) | angle=84.6° | G=7 D=0 delta=-7 | mu_N=0.03 mu_Z=0.77 mu_P=0.00 | da=-0.52°
10:26:57.218 | DEBUG    | FUZZY | pos=(312,519) | angle=84.1° | G=7 D=0 delta=-7 | mu_N=0.03 mu_Z=0.77 mu_P=0.00 | da=-0.52°
10:26:57.235 | DEBUG    | FUZZY | pos=(312,522) | angle=83.6° | G=7 D=0 delta=-7 | mu_N=0.03 mu_Z=0.77 mu_P=0.00 | da=-0.52°
10:26:57.251 | DEBUG    | FUZZY | pos=(313,525) | angle=83.1° | G=7 D=0 delta=-7 | mu_N=0.03 mu_Z=0.77 mu_P=0.00 | da=-0.52°
10:26:57.267 | DEBUG    | FUZZY | pos=(313,528) | angle=82.5° | G=7 D=0 delta=-7 | mu_N=0.03 mu_Z=0.77 mu_P=0.00 | da=-0.52°
10:26:57.283 | DEBUG    | FUZZY | pos=(313,531) | angle=82.0° | G=7 D=0 delta=-7 | mu_N=0.03 mu_Z=0.77 mu_P=0.00 | da=-0.52°
10:26:57.301 | DEBUG    | FUZZY | pos=(314,534) | angle=81.5° | G=7 D=0 delta=-7 | mu_N=0.03 mu_Z=0.77 mu_P=0.00 | da=-0.52°
10:26:57.318 | DEBUG    | FUZZY | pos=(314,537) | angle=81.0° | G=3 D=0 delta=-3 | mu_N=0.01 mu_Z=0.90 mu_P=0.00 | da=-0.26°
10:26:57.334 | DEBUG    | FUZZY | pos=(315,540) | angle=80.7° | G=3 D=0 delta=-3 | mu_N=0.01 mu_Z=0.90 mu_P=0.00 | da=-0.21°
10:26:57.351 | DEBUG    | FUZZY | pos=(315,543) | angle=80.5° | G=3 D=0 delta=-3 | mu_N=0.01 mu_Z=0.90 mu_P=0.00 | da=-0.20°
10:26:57.366 | DEBUG    | FUZZY | pos=(316,546) | angle=80.3° | G=3 D=1 delta=-2 | mu_N=0.01 mu_Z=0.93 mu_P=0.00 | da=-0.14°
10:26:57.382 | DEBUG    | FUZZY | pos=(316,549) | angle=80.2° | G=3 D=1 delta=-2 | mu_N=0.01 mu_Z=0.93 mu_P=0.00 | da=-0.13°
10:26:57.400 | DEBUG    | FUZZY | pos=(317,552) | angle=80.1° | G=3 D=1 delta=-2 | mu_N=0.01 mu_Z=0.93 mu_P=0.00 | da=-0.13°
10:26:57.415 | DEBUG    | FUZZY | pos=(317,555) | angle=79.9° | G=3 D=1 delta=-2 | mu_N=0.01 mu_Z=0.93 mu_P=0.00 | da=-0.13°
10:26:57.432 | DEBUG    | FUZZY | pos=(318,558) | angle=79.8° | G=3 D=1 delta=-2 | mu_N=0.01 mu_Z=0.93 mu_P=0.00 | da=-0.13°
10:26:57.449 | DEBUG    | FUZZY | pos=(318,561) | angle=79.7° | G=3 D=1 delta=-2 | mu_N=0.01 mu_Z=0.93 mu_P=0.00 | da=-0.13°
10:26:57.465 | DEBUG    | FUZZY | pos=(319,564) | angle=79.6° | G=3 D=1 delta=-2 | mu_N=0.01 mu_Z=0.93 mu_P=0.00 | da=-0.13°
10:26:57.482 | DEBUG    | FUZZY | pos=(319,567) | angle=79.4° | G=3 D=1 delta=-2 | mu_N=0.01 mu_Z=0.93 mu_P=0.00 | da=-0.13°
10:26:57.498 | DEBUG    | FUZZY | pos=(320,570) | angle=79.3° | G=3 D=1 delta=-2 | mu_N=0.01 mu_Z=0.93 mu_P=0.00 | da=-0.13°
10:26:57.514 | DEBUG    | FUZZY | pos=(321,573) | angle=79.2° | G=1 D=1 delta=0 | mu_N=0.00 mu_Z=1.00 mu_P=0.00 | da=-0.03°
10:26:57.530 | DEBUG    | FUZZY | pos=(321,576) | angle=79.2° | G=1 D=1 delta=0 | mu_N=0.00 mu_Z=1.00 mu_P=0.00 | da=-0.01°
10:26:57.546 | DEBUG    | FUZZY | pos=(322,579) | angle=79.2° | G=1 D=3 delta=2 | mu_N=0.00 mu_Z=0.93 mu_P=0.01 | da=0.10°
10:26:57.562 | DEBUG    | FUZZY | pos=(322,582) | angle=79.3° | G=15 D=3 delta=-12 | mu_N=0.05 mu_Z=0.60 mu_P=0.00 | da=-0.85°
10:26:57.579 | DEBUG    | FUZZY | pos=(323,585) | angle=78.4° | G=63 D=1 delta=-62 | mu_N=0.24 mu_Z=0.00 mu_P=0.00 | da=-12.17°
10:26:57.597 | DEBUG    | FUZZY | pos=(323,587) | angle=66.2° | G=7 D=1 delta=-6 | mu_N=0.02 mu_Z=0.80 mu_P=0.00 | da=-2.78°
10:26:57.614 | DEBUG    | FUZZY | pos=(325,590) | angle=63.5° | G=15 D=3 delta=-12 | mu_N=0.05 mu_Z=0.60 mu_P=0.00 | da=-1.43°
10:26:57.632 | DEBUG    | FUZZY | pos=(326,593) | angle=62.0° | G=15 D=1 delta=-14 | mu_N=0.05 mu_Z=0.53 mu_P=0.00 | da=-1.41°
10:26:57.648 | DEBUG    | FUZZY | pos=(327,596) | angle=60.6° | G=31 D=1 delta=-30 | mu_N=0.12 mu_Z=0.00 mu_P=0.00 | da=-12.28°
10:26:57.663 | DEBUG    | FUZZY | pos=(329,598) | angle=48.3° | G=7 D=1 delta=-6 | mu_N=0.02 mu_Z=0.80 mu_P=0.00 | da=-2.80°
10:26:57.680 | DEBUG    | FUZZY | pos=(331,600) | angle=45.5° | G=15 D=0 delta=-15 | mu_N=0.06 mu_Z=0.50 mu_P=0.00 | da=-1.82°
10:26:57.695 | DEBUG    | FUZZY | pos=(333,603) | angle=43.7° | G=15 D=0 delta=-15 | mu_N=0.06 mu_Z=0.50 mu_P=0.00 | da=-1.63°
10:26:57.712 | DEBUG    | FUZZY | pos=(335,605) | angle=42.1° | G=15 D=0 delta=-15 | mu_N=0.06 mu_Z=0.50 mu_P=0.00 | da=-1.59°
10:26:57.730 | DEBUG    | FUZZY | pos=(337,607) | angle=40.5° | G=14 D=0 delta=-14 | mu_N=0.05 mu_Z=0.53 mu_P=0.00 | da=-1.44°
10:26:57.746 | DEBUG    | FUZZY | pos=(340,609) | angle=39.1° | G=14 D=0 delta=-14 | mu_N=0.05 mu_Z=0.53 mu_P=0.00 | da=-1.41°
10:26:57.763 | DEBUG    | FUZZY | pos=(342,610) | angle=37.7° | G=30 D=0 delta=-30 | mu_N=0.12 mu_Z=0.00 mu_P=0.00 | da=-12.28°
10:26:57.780 | DEBUG    | FUZZY | pos=(344,612) | angle=25.4° | G=14 D=0 delta=-14 | mu_N=0.05 mu_Z=0.53 mu_P=0.00 | da=-3.58°
10:26:57.797 | DEBUG    | FUZZY | pos=(347,614) | angle=21.8° | G=6 D=0 delta=-6 | mu_N=0.02 mu_Z=0.80 mu_P=0.00 | da=-1.06°
10:26:57.815 | DEBUG    | FUZZY | pos=(350,615) | angle=20.7° | G=14 D=0 delta=-14 | mu_N=0.05 mu_Z=0.53 mu_P=0.00 | da=-1.33°
10:26:57.831 | DEBUG    | FUZZY | pos=(353,616) | angle=19.4° | G=14 D=0 delta=-14 | mu_N=0.05 mu_Z=0.53 mu_P=0.00 | da=-1.39°
10:26:57.848 | DEBUG    | FUZZY | pos=(355,617) | angle=18.0° | G=14 D=0 delta=-14 | mu_N=0.05 mu_Z=0.53 mu_P=0.00 | da=-1.40°
10:26:57.864 | DEBUG    | FUZZY | pos=(358,618) | angle=16.6° | G=14 D=0 delta=-14 | mu_N=0.05 mu_Z=0.53 mu_P=0.00 | da=-1.40°
10:26:57.881 | DEBUG    | FUZZY | pos=(361,619) | angle=15.2° | G=14 D=0 delta=-14 | mu_N=0.05 mu_Z=0.53 mu_P=0.00 | da=-1.40°
10:26:57.898 | DEBUG    | FUZZY | pos=(364,619) | angle=13.8° | G=14 D=0 delta=-14 | mu_N=0.05 mu_Z=0.53 mu_P=0.00 | da=-1.40°
10:26:57.913 | DEBUG    | FUZZY | pos=(367,619) | angle=12.4° | G=14 D=0 delta=-14 | mu_N=0.05 mu_Z=0.53 mu_P=0.00 | da=-1.40°
10:26:57.931 | DEBUG    | FUZZY | pos=(370,619) | angle=11.0° | G=6 D=0 delta=-6 | mu_N=0.02 mu_Z=0.80 mu_P=0.00 | da=-0.62°
10:26:57.948 | DEBUG    | FUZZY | pos=(373,619) | angle=10.4° | G=6 D=0 delta=-6 | mu_N=0.02 mu_Z=0.80 mu_P=0.00 | da=-0.47°
10:26:57.964 | DEBUG    | FUZZY | pos=(376,619) | angle=9.9° | G=6 D=0 delta=-6 | mu_N=0.02 mu_Z=0.80 mu_P=0.00 | da=-0.44°
10:26:57.981 | DEBUG    | FUZZY | pos=(379,619) | angle=9.5° | G=6 D=0 delta=-6 | mu_N=0.02 mu_Z=0.80 mu_P=0.00 | da=-0.43°
10:26:57.997 | DEBUG    | FUZZY | pos=(382,619) | angle=9.1° | G=6 D=0 delta=-6 | mu_N=0.02 mu_Z=0.80 mu_P=0.00 | da=-0.43°
10:26:58.014 | DEBUG    | FUZZY | pos=(385,619) | angle=8.6° | G=7 D=0 delta=-7 | mu_N=0.03 mu_Z=0.77 mu_P=0.00 | da=-0.50°
10:26:58.031 | DEBUG    | FUZZY | pos=(388,619) | angle=8.1° | G=7 D=0 delta=-7 | mu_N=0.03 mu_Z=0.77 mu_P=0.00 | da=-0.51°
10:26:58.049 | DEBUG    | FUZZY | pos=(391,619) | angle=7.6° | G=7 D=0 delta=-7 | mu_N=0.03 mu_Z=0.77 mu_P=0.00 | da=-0.52°
10:26:58.067 | DEBUG    | FUZZY | pos=(394,619) | angle=7.1° | G=7 D=0 delta=-7 | mu_N=0.03 mu_Z=0.77 mu_P=0.00 | da=-0.52°
