10:11:29.004 | INFO     | ============================================================
10:11:29.004 | INFO     | INIT | circuit=Parcours 7 segments | start=(25,10) | angle=0°
10:11:30.936 | DEBUG    | FUZZY | pos=(25,10) | angle=0.0° | G=1 D=1 delta=0 | mu_N=0.00 mu_Z=1.00 mu_P=0.00 | da=0.00°
10:11:30.952 | DEBUG    | FUZZY | pos=(28,10) | angle=0.0° | G=1 D=1 delta=0 | mu_N=0.00 mu_Z=1.00 mu_P=0.00 | da=0.00°
10:11:30.968 | DEBUG    | FUZZY | pos=(31,10) | angle=0.0° | G=1 D=1 delta=0 | mu_N=0.00 mu_Z=1.00 mu_P=0.00 | da=0.00°
10:11:30.985 | DEBUG    | FUZZY | pos=(34,10) | angle=0.0° | G=1 D=1 delta=0 | mu_N=0.00 mu_Z=1.00 mu_P=0.00 | da=0.00°
10:11:31.002 | DEBUG    | FUZZY | pos=(37,10) | angle=0.0° | G=1 D=1 delta=0 | mu_N=0.00 mu_Z=1.00 mu_P=0.00 | da=0.00°
10:11:31.018 | DEBUG    | FUZZY | pos=(40,10) | angle=0.0° | G=1 D=1 delta=0 | mu_N=0.00 mu_Z=1.00 mu_P=0.00 | da=0.00°
10:11:31.035 | DEBUG    | FUZZY | pos=(43,10) | angle=0.0° | G=1 D=1 delta=0 | mu_N=0.00 mu_Z=1.00 mu_P=0.00 | da=0.00°
10:11:31.051 | DEBUG    | FUZZY | pos=(46,10) | angle=0.0° | G=1 D=1 delta=0 | mu_N=0.00 mu_Z=1.00 mu_P=0.00 | da=0.00°
10:11:31.067 | DEBUG    | FUZZY | pos=(49,10) | angle=0.0° | G=1 D=1 delta=0 | mu_N=0.00 mu_Z=1.00 mu_P=0.00 | da=0.00°
10:11:31.085 | DEBUG    | FUZZY | pos=(52,10) | angle=0.0° | G=1 D=1 delta=0 | mu_N=0.00 mu_Z=1.00 mu_P=0.00 | da=0.00°
10:11:31.102 | DEBUG    | FUZZY | pos=(55,10) | angle=0.0° | G=1 D=1 delta=0 | mu_N=0.00 mu_Z=1.00 mu_P=0.00 | da=0.00°
10:11:31.119 | DEBUG    | FUZZY | pos=(58,10) | angle=0.0° | G=1 D=1 delta=0 | mu_N=0.00 mu_Z=1.00 mu_P=0.00 | da=0.00°
10:11:31.135 | DEBUG    | FUZZY | pos=(61,10) | angle=0.0° | G=1 D=1 delta=0 | mu_N=0.00 mu_Z=1.00 mu_P=0.00 | da=0.00°
10:11:31.152 | DEBUG    | FUZZY | pos=(64,10) | angle=0.0° | G=1 D=1 delta=0 | mu_N=0.00 mu_Z=1.00 mu_P=0.00 | da=0.00°
10:11:31.168 | DEBUG    | FUZZY | pos=(67,10) | angle=0.0° | G=1 D=1 delta=0 | mu_N=0.00 mu_Z=1.00 mu_P=0.00 | da=0.00°
10:11:31.185 | DEBUG    | FUZZY | pos=(70,10) | angle=0.0° | G=1 D=1 delta=0 | mu_N=0.00 mu_Z=1.00 mu_P=0.00 | da=0.00°
10:11:31.201 | DEBUG    | FUZZY | pos=(73,10) | angle=0.0° | G=1 D=1 delta=0 | mu_N=0.00 mu_Z=1.00 mu_P=0.00 | da=0.00°
10:11:31.218 | DEBUG    | FUZZY | pos=(76,10) | angle=0.0° | G=1 D=1 delta=0 | mu_N=0.00 mu_Z=1.00 mu_P=0.00 | da=0.00°
10:11:31.235 | DEBUG    | FUZZY | pos=(79,10) | angle=0.0° | G=1 D=1 delta=0 | mu_N=0.00 mu_Z=1.00 mu_P=0.00 | da=0.00°
10:11:31.252 | DEBUG    | FUZZY | pos=(82,10) | angle=0.0° | G=1 D=1 delta=0 | mu_N=0.00 mu_Z=1.00 mu_P=0.00 | da=0.00°
10:11:31.268 | DEBUG    | FUZZY | pos=(85,10) | angle=0.0° | G=1 D=1 delta=0 | mu_N=0.00 mu_Z=1.00 mu_P=0.00 | da=0.00°
10:11:31.284 | DEBUG    | FUZZY | pos=(88,10) | angle=0.0° | G=1 D=1 delta=0 | mu_N=0.00 mu_Z=1.00 mu_P=0.00 | da=0.00°
10:11:31.300 | DEBUG    | FUZZY | pos=(91,10) | angle=0.0° | G=1 D=1 delta=0 | mu_N=0.00 mu_Z=1.00 mu_P=0.00 | da=0.00°
10:11:31.316 | DEBUG    | FUZZY | pos=(94,10) | angle=0.0° | G=1 D=1 delta=0 | mu_N=0.00 mu_Z=1.00 mu_P=0.00 | da=0.00°
10:11:31.333 | DEBUG    | FUZZY | pos=(97,10) | angle=0.0° | G=1 D=1 delta=0 | mu_N=0.00 mu_Z=1.00 mu_P=0.00 | da=0.00°
10:11:31.349 | DEBUG    | FUZZY | pos=(100,10) | angle=0.0° | G=1 D=1 delta=0 | mu_N=0.00 mu_Z=1.00 mu_P=0.00 | da=0.00°
10:11:31.366 | DEBUG    | FUZZY | pos=(103,10) | angle=0.0° | G=1 D=1 delta=0 | mu_N=0.00 mu_Z=1.00 mu_P=0.00 | da=0.00°
10:11:31.384 | DEBUG    | FUZZY | pos=(106,10) | angle=0.0° | G=1 D=1 delta=0 | mu_N=0.00 mu_Z=1.00 mu_P=0.00 | da=0.00°
10:11:31.400 | DEBUG    | FUZZY | pos=(109,10) | angle=0.0° | G=1 D=1 delta=0 | mu_N=0.00 mu_Z=1.00 mu_P=0.00 | da=0.00°
10:11:31.418 | DEBUG    | FUZZY | pos=(112,10) | angle=0.0° | G=1 D=1 delta=0 | mu_N=0.00 mu_Z=1.00 mu_P=0.00 | da=0.00°
10:11:31.434 | DEBUG    | FUZZY | pos=(115,10) | angle=0.0° | G=1 D=1 delta=0 | mu_N=0.00 mu_Z=1.00 mu_P=0.00 | da=0.00°
10:11:31.451 | DEBUG    | FUZZY | pos=(118,10) | angle=0.0° | G=1 D=1 delta=0 | mu_N=0.00 mu_Z=1.00 mu_P=0.00 | da=0.00°
10:11:31.466 | DEBUG    | FUZZY | pos=(121,10) | angle=0.0° | G=1 D=1 delta=0 | mu_N=0.00 mu_Z=1.00 mu_P=0.00 | da=0.00°
10:11:31.482 | DEBUG    | FUZZY | pos=(124,10) | angle=0.0° | G=1 D=1 delta=0 | mu_N=0.00 mu_Z=1.00 mu_P=0.00 | da=0.00°
10:11:31.500 | DEBUG    | FUZZY | pos=(127,10) | angle=0.0° | G=1 D=1 delta=0 | mu_N=0.00 mu_Z=1.00 mu_P=0.00 | da=0.00°
10:11:31.516 | DEBUG    | FUZZY | pos=(130,10) | angle=0.0° | G=1 D=1 delta=0 | mu_N=0.00 mu_Z=1.00 mu_P=0.00 | da=0.00°
10:11:31.532 | DEBUG    | FUZZY | pos=(133,10) | angle=0.0° | G=1 D=1 delta=0 | mu_N=0.00 mu_Z=1.00 mu_P=0.00 | da=0.00°
10:11:31.549 | DEBUG    | FUZZY | pos=(136,10) | angle=0.0° | G=1 D=1 delta=0 | mu_N=0.00 mu_Z=1.00 mu_P=0.00 | da=0.00°
10:11:31.566 | DEBUG    | FUZZY | pos=(139,10) | angle=0.0° | G=1 D=1 delta=0 | mu_N=0.00 mu_Z=1.00 mu_P=0.00 | da=0.00°
10:11:31.583 | DEBUG    | FUZZY | pos=(142,10) | angle=0.0° | G=1 D=1 delta=0 | mu_N=0.00 mu_Z=1.00 mu_P=0.00 | da=0.00°
10:11:31.599 | DEBUG    | FUZZY | pos=(145,10) | angle=0.0° | G=1 D=1 delta=0 | mu_N=0.00 mu_Z=1.00 mu_P=0.00 | da=0.00°
10:11:31.618 | DEBUG    | FUZZY | pos=(148,10) | angle=0.0° | G=1 D=1 delta=0 | mu_N=0.00 mu_Z=1.00 mu_P=0.00 | da=0.00°
10:11:31.633 | DEBUG    | FUZZY | pos=(151,10) | angle=0.0° | G=1 D=1 delta=0 | mu_N=0.00 mu_Z=1.00 mu_P=0.00 | da=0.00°
10:11:31.651 | DEBUG    | FUZZY | pos=(154,10) | angle=0.0° | G=1 D=1 delta=0 | mu_N=0.00 mu_Z=1.00 mu_P=0.00 | da=0.00°
10:11:31.666 | DEBUG    | FUZZY | pos=(157,10) | angle=0.0° | G=1 D=1 delta=0 | mu_N=0.00 mu_Z=1.00 mu_P=0.00 | da=0.00°
10:11:31.682 | DEBUG    | FUZZY | pos=(160,10) | angle=0.0° | G=1 D=1 delta=0 | mu_N=0.00 mu_Z=1.00 mu_P=0.00 | da=0.00°
10:11:31.699 | DEBUG    | FUZZY | pos=(163,10) | angle=0.0° | G=1 D=1 delta=0 | mu_N=0.00 mu_Z=1.00 mu_P=0.00 | da=0.00°
10:11:31.714 | DEBUG    | FUZZY | pos=(166,10) | angle=0.0° | G=1 D=1 delta=0 | mu_N=0.00 mu_Z=1.00 mu_P=0.00 | da=0.00°
10:11:31.731 | DEBUG    | FUZZY | pos=(169,10) | angle=0.0° | G=1 D=1 delta=0 | mu_N=0.00 mu_Z=1.00 mu_P=0.00 | da=0.00°
10:11:31.748 | DEBUG    | FUZZY | pos=(172,10) | angle=0.0° | G=1 D=1 delta=0 | mu_N=0.00 mu_Z=1.00 mu_P=0.00 | da=0.00°
10:11:31.766 | DEBUG    | FUZZY | pos=(175,10) | angle=0.0° | G=1 D=1 delta=0 | mu_N=0.00 mu_Z=1.00 mu_P=0.00 | da=0.00°
10:11:31.783 | DEBUG    | FUZZY | pos=(178,10) | angle=0.0° | G=1 D=1 delta=0 | mu_N=0.00 mu_Z=1.00 mu_P=0.00 | da=0.00°
10:11:31.799 | DEBUG    | FUZZY | pos=(181,10) | angle=0.0° | G=1 D=1 delta=0 | mu_N=0.00 mu_Z=1.00 mu_P=0.00 | da=0.00°
10:11:31.816 | DEBUG    | FUZZY | pos=(184,10) | angle=0.0° | G=1 D=1 delta=0 | mu_N=0.00 mu_Z=1.00 mu_P=0.00 | da=0.00°
10:11:31.833 | DEBUG    | FUZZY | pos=(187,10) | angle=0.0° | G=1 D=1 delta=0 | mu_N=0.00 mu_Z=1.00 mu_P=0.00 | da=0.00°
10:11:31.850 | DEBUG    | FUZZY | pos=(190,10) | angle=0.0° | G=1 D=1 delta=0 | mu_N=0.00 mu_Z=1.00 mu_P=0.00 | da=0.00°
10:11:31.866 | DEBUG    | FUZZY | pos=(193,10) | angle=0.0° | G=1 D=255 delta=254 | mu_N=0.00 mu_Z=0.00 mu_P=1.00 | da=28.00°
10:11:31.882 | DEBUG    | FUZZY | pos=(196,11) | angle=28.0° | G=3 D=0 delta=-3 | mu_N=0.03 mu_Z=0.95 mu_P=0.00 | da=4.88°
10:11:31.898 | DEBUG    | FUZZY | pos=(198,13) | angle=32.9° | G=7 D=1 delta=-6 | mu_N=0.05 mu_Z=0.90 mu_P=0.00 | da=-0.50°
10:11:31.916 | DEBUG    | FUZZY | pos=(201,15) | angle=32.4° | G=7 D=1 delta=-6 | mu_N=0.05 mu_Z=0.90 mu_P=0.00 | da=-1.57°
10:11:31.933 | DEBUG    | FUZZY | pos=(203,16) | angle=30.8° | G=7 D=3 delta=-4 | mu_N=0.03 mu_Z=0.93 mu_P=0.00 | da=-1.28°
10:11:31.950 | DEBUG    | FUZZY | pos=(206,18) | angle=29.5° | G=3 D=7 delta=4 | mu_N=0.00 mu_Z=0.93 mu_P=0.03 | da=0.71°
10:11:31.968 | DEBUG    | FUZZY | pos=(208,19) | angle=30.2° | G=1 D=15 delta=14 | mu_N=0.00 mu_Z=0.77 mu_P=0.12 | da=3.84°
10:11:31.986 | DEBUG    | FUZZY | pos=(211,21) | angle=34.1° | G=1 D=15 delta=14 | mu_N=0.00 mu_Z=0.77 mu_P=0.12 | da=4.47°
10:11:32.002 | DEBUG    | FUZZY | pos=(213,23) | angle=38.5° | G=0 D=15 delta=15 | mu_N=0.00 mu_Z=0.75 mu_P=0.12 | da=4.89°
10:11:32.020 | DEBUG    | FUZZY | pos=(215,25) | angle=43.4° | G=0 D=15 delta=15 | mu_N=0.00 mu_Z=0.75 mu_P=0.12 | da=4.98°
10:11:32.036 | DEBUG    | FUZZY | pos=(217,27) | angle=48.4° | G=0 D=15 delta=15 | mu_N=0.00 mu_Z=0.75 mu_P=0.12 | da=5.00°
10:11:32.052 | DEBUG    | FUZZY | pos=(219,29) | angle=53.4° | G=0 D=7 delta=7 | mu_N=0.00 mu_Z=0.88 mu_P=0.06 | da=2.73°
10:11:32.068 | DEBUG    | FUZZY | pos=(221,32) | angle=56.1° | G=0 D=7 delta=7 | mu_N=0.00 mu_Z=0.88 mu_P=0.06 | da=2.28°
10:11:32.085 | DEBUG    | FUZZY | pos=(223,34) | angle=58.4° | G=0 D=7 delta=7 | mu_N=0.00 mu_Z=0.88 mu_P=0.06 | da=2.19°
10:11:32.113 | DEBUG    | FUZZY | pos=(224,37) | angle=60.6° | G=0 D=7 delta=7 | mu_N=0.00 mu_Z=0.88 mu_P=0.06 | da=2.17°
10:11:32.124 | DEBUG    | FUZZY | pos=(225,40) | angle=62.8° | G=0 D=7 delta=7 | mu_N=0.00 mu_Z=0.88 mu_P=0.06 | da=2.17°
10:11:32.137 | DEBUG    | FUZZY | pos=(227,42) | angle=65.0° | G=0 D=7 delta=7 | mu_N=0.00 mu_Z=0.88 mu_P=0.06 | da=2.17°
10:11:32.153 | DEBUG    | FUZZY | pos=(228,45) | angle=67.1° | G=0 D=7 delta=7 | mu_N=0.00 mu_Z=0.88 mu_P=0.06 | da=2.17°
10:11:32.170 | DEBUG    | FUZZY | pos=(229,48) | angle=69.3° | G=0 D=6 delta=6 | mu_N=0.00 mu_Z=0.90 mu_P=0.05 | da=1.91°
10:11:32.186 | DEBUG    | FUZZY | pos=(230,51) | angle=71.2° | G=0 D=6 delta=6 | mu_N=0.00 mu_Z=0.90 mu_P=0.05 | da=1.86°
10:11:32.203 | DEBUG    | FUZZY | pos=(231,54) | angle=73.1° | G=0 D=6 delta=6 | mu_N=0.00 mu_Z=0.90 mu_P=0.05 | da=1.84°
10:11:32.219 | DEBUG    | FUZZY | pos=(231,57) | angle=74.9° | G=0 D=6 delta=6 | mu_N=0.00 mu_Z=0.90 mu_P=0.05 | da=1.84°
10:11:32.237 | DEBUG    | FUZZY | pos=(232,60) | angle=76.7° | G=0 D=6 delta=6 | mu_N=0.00 mu_Z=0.90 mu_P=0.05 | da=1.84°
10:11:32.253 | DEBUG    | FUZZY | pos=(233,63) | angle=78.6° | G=0 D=7 delta=7 | mu_N=0.00 mu_Z=0.88 mu_P=0.06 | da=2.10°
10:11:32.270 | DEBUG    | FUZZY | pos=(233,65) | angle=80.7° | G=0 D=7 delta=7 | mu_N=0.00 mu_Z=0.88 mu_P=0.06 | da=2.16°
10:11:32.287 | DEBUG    | FUZZY | pos=(234,68) | angle=82.8° | G=0 D=7 delta=7 | mu_N=0.00 mu_Z=0.88 mu_P=0.06 | da=2.17°
10:11:32.302 | DEBUG    | FUZZY | pos=(234,71) | angle=85.0° | G=0 D=7 delta=7 | mu_N=0.00 mu_Z=0.88 mu_P=0.06 | da=2.17°
10:11:32.318 | DEBUG    | FUZZY | pos=(234,74) | angle=87.2° | G=0 D=7 delta=7 | mu_N=0.00 mu_Z=0.88 mu_P=0.06 | da=2.17°
10:11:32.335 | DEBUG    | FUZZY | pos=(234,77) | angle=89.3° | G=0 D=7 delta=7 | mu_N=0.00 mu_Z=0.88 mu_P=0.06 | da=2.17°
10:11:32.353 | DEBUG    | FUZZY | pos=(234,80) | angle=91.5° | G=0 D=7 delta=7 | mu_N=0.00 mu_Z=0.88 mu_P=0.06 | da=2.17°
10:11:32.368 | DEBUG    | FUZZY | pos=(234,83) | angle=93.7° | G=0 D=3 delta=3 | mu_N=0.00 mu_Z=0.95 mu_P=0.03 | da=1.15°
10:11:32.385 | DEBUG    | FUZZY | pos=(234,86) | angle=94.8° | G=0 D=3 delta=3 | mu_N=0.00 mu_Z=0.95 mu_P=0.03 | da=0.95°
10:11:32.402 | DEBUG    | FUZZY | pos=(233,89) | angle=95.8° | G=1 D=3 delta=2 | mu_N=0.00 mu_Z=0.97 mu_P=0.02 | da=0.66°
10:11:32.418 | DEBUG    | FUZZY | pos=(233,92) | angle=96.5° | G=1 D=3 delta=2 | mu_N=0.00 mu_Z=0.97 mu_P=0.02 | da=0.61°
10:11:32.435 | DEBUG    | FUZZY | pos=(233,95) | angle=97.1° | G=1 D=3 delta=2 | mu_N=0.00 mu_Z=0.97 mu_P=0.02 | da=0.60°
10:11:32.453 | DEBUG    | FUZZY | pos=(232,98) | angle=97.7° | G=1 D=3 delta=2 | mu_N=0.00 mu_Z=0.97 mu_P=0.02 | da=0.59°
10:11:32.469 | DEBUG    | FUZZY | pos=(232,101) | angle=98.2° | G=1 D=3 delta=2 | mu_N=0.00 mu_Z=0.97 mu_P=0.02 | da=0.59°
10:11:32.485 | DEBUG    | FUZZY | pos=(231,104) | angle=98.8° | G=1 D=3 delta=2 | mu_N=0.00 mu_Z=0.97 mu_P=0.02 | da=0.59°
10:11:32.501 | DEBUG    | FUZZY | pos=(231,107) | angle=99.4° | G=1 D=3 delta=2 | mu_N=0.00 mu_Z=0.97 mu_P=0.02 | da=0.59°
10:11:32.518 | DEBUG    | FUZZY | pos=(230,110) | angle=100.0° | G=1 D=1 delta=0 | mu_N=0.00 mu_Z=1.00 mu_P=0.00 | da=0.12°
10:11:32.534 | DEBUG    | FUZZY | pos=(230,113) | angle=100.1° | G=1 D=1 delta=0 | mu_N=0.00 mu_Z=1.00 mu_P=0.00 | da=0.02°
10:11:32.553 | DEBUG    | FUZZY | pos=(229,116) | angle=100.2° | G=1 D=1 delta=0 | mu_N=0.00 mu_Z=1.00 mu_P=0.00 | da=0.00°
10:11:32.568 | DEBUG    | FUZZY | pos=(229,119) | angle=100.2° | G=3 D=1 delta=-2 | mu_N=0.02 mu_Z=0.97 mu_P=0.00 | da=-0.47°
10:11:32.584 | DEBUG    | FUZZY | pos=(228,122) | angle=99.7° | G=3 D=1 delta=-2 | mu_N=0.02 mu_Z=0.97 mu_P=0.00 | da=-0.57°
10:11:32.600 | DEBUG    | FUZZY | pos=(228,125) | angle=99.1° | G=3 D=1 delta=-2 | mu_N=0.02 mu_Z=0.97 mu_P=0.00 | da=-0.59°
10:11:32.616 | DEBUG    | FUZZY | pos=(227,128) | angle=98.5° | G=3 D=1 delta=-2 | mu_N=0.02 mu_Z=0.97 mu_P=0.00 | da=-0.59°
10:11:32.633 | DEBUG    | FUZZY | pos=(227,131) | angle=98.0° | G=3 D=1 delta=-2 | mu_N=0.02 mu_Z=0.97 mu_P=0.00 | da=-0.59°
10:11:32.649 | DEBUG    | FUZZY | pos=(226,134) | angle=97.4° | G=3 D=1 delta=-2 | mu_N=0.02 mu_Z=0.97 mu_P=0.00 | da=-0.59°
10:11:32.668 | DEBUG    | FUZZY | pos=(226,137) | angle=96.8° | G=3 D=1 delta=-2 | mu_N=0.02 mu_Z=0.97 mu_P=0.00 | da=-0.59°
10:11:32.684 | DEBUG    | FUZZY | pos=(226,140) | angle=96.2° | G=3 D=1 delta=-2 | mu_N=0.02 mu_Z=0.97 mu_P=0.00 | da=-0.59°
10:11:32.700 | DEBUG    | FUZZY | pos=(225,143) | angle=95.6° | G=3 D=1 delta=-2 | mu_N=0.02 mu_Z=0.97 mu_P=0.00 | da=-0.59°
10:11:32.717 | DEBUG    | FUZZY | pos=(225,146) | angle=95.0° | G=3 D=1 delta=-2 | mu_N=0.02 mu_Z=0.97 mu_P=0.00 | da=-0.59°
10:11:32.733 | DEBUG    | FUZZY | pos=(225,149) | angle=94.4° | G=3 D=1 delta=-2 | mu_N=0.02 mu_Z=0.97 mu_P=0.00 | da=-0.59°
10:11:32.752 | DEBUG    | FUZZY | pos=(225,152) | angle=93.8° | G=3 D=1 delta=-2 | mu_N=0.02 mu_Z=0.97 mu_P=0.00 | da=-0.59°
10:11:32.768 | DEBUG    | FUZZY | pos=(225,155) | angle=93.2° | G=3 D=1 delta=-2 | mu_N=0.02 mu_Z=0.97 mu_P=0.00 | da=-0.59°
10:11:32.784 | DEBUG    | FUZZY | pos=(224,158) | angle=92.6° | G=3 D=1 delta=-2 | mu_N=0.02 mu_Z=0.97 mu_P=0.00 | da=-0.59°
10:11:32.799 | DEBUG    | FUZZY | pos=(224,161) | angle=92.0° | G=3 D=1 delta=-2 | mu_N=0.02 mu_Z=0.97 mu_P=0.00 | da=-0.59°
10:11:32.818 | DEBUG    | FUZZY | pos=(224,164) | angle=91.4° | G=3 D=1 delta=-2 | mu_N=0.02 mu_Z=0.97 mu_P=0.00 | da=-0.59°
10:11:32.834 | DEBUG    | FUZZY | pos=(224,167) | angle=90.8° | G=3 D=1 delta=-2 | mu_N=0.02 mu_Z=0.97 mu_P=0.00 | da=-0.59°
10:11:32.852 | DEBUG    | FUZZY | pos=(224,170) | angle=90.2° | G=3 D=1 delta=-2 | mu_N=0.02 mu_Z=0.97 mu_P=0.00 | da=-0.59°
10:11:32.869 | DEBUG    | FUZZY | pos=(224,173) | angle=89.6° | G=3 D=1 delta=-2 | mu_N=0.02 mu_Z=0.97 mu_P=0.00 | da=-0.59°
10:11:32.886 | DEBUG    | FUZZY | pos=(224,176) | angle=89.1° | G=1 D=1 delta=0 | mu_N=0.00 mu_Z=1.00 mu_P=0.00 | da=-0.12°
10:11:32.903 | DEBUG    | FUZZY | pos=(224,179) | angle=88.9° | G=1 D=1 delta=0 | mu_N=0.00 mu_Z=1.00 mu_P=0.00 | da=-0.02°
10:11:32.920 | DEBUG    | FUZZY | pos=(224,182) | angle=88.9° | G=1 D=1 delta=0 | mu_N=0.00 mu_Z=1.00 mu_P=0.00 | da=-0.00°
10:11:32.936 | DEBUG    | FUZZY | pos=(224,185) | angle=88.9° | G=1 D=1 delta=0 | mu_N=0.00 mu_Z=1.00 mu_P=0.00 | da=-0.00°
10:11:32.952 | DEBUG    | FUZZY | pos=(224,188) | angle=88.9° | G=1 D=1 delta=0 | mu_N=0.00 mu_Z=1.00 mu_P=0.00 | da=-0.00°
10:11:32.968 | DEBUG    | FUZZY | pos=(225,191) | angle=88.9° | G=1 D=1 delta=0 | mu_N=0.00 mu_Z=1.00 mu_P=0.00 | da=-0.00°
10:11:32.985 | DEBUG    | FUZZY | pos=(225,194) | angle=88.9° | G=1 D=1 delta=0 | mu_N=0.00 mu_Z=1.00 mu_P=0.00 | da=-0.00°
10:11:33.003 | DEBUG    | FUZZY | pos=(225,197) | angle=88.9° | G=1 D=1 delta=0 | mu_N=0.00 mu_Z=1.00 mu_P=0.00 | da=-0.00°
10:11:33.019 | DEBUG    | FUZZY | pos=(225,200) | angle=88.9° | G=1 D=1 delta=0 | mu_N=0.00 mu_Z=1.00 mu_P=0.00 | da=-0.00°
10:11:33.034 | DEBUG    | FUZZY | pos=(225,203) | angle=88.9° | G=1 D=1 delta=0 | mu_N=0.00 mu_Z=1.00 mu_P=0.00 | da=-0.00°
10:11:33.050 | DEBUG    | FUZZY | pos=(225,206) | angle=88.9° | G=1 D=1 delta=0 | mu_N=0.00 mu_Z=1.00 mu_P=0.00 | da=-0.00°
10:11:33.067 | DEBUG    | FUZZY | pos=(225,209) | angle=88.9° | G=1 D=1 delta=0 | mu_N=0.00 mu_Z=1.00 mu_P=0.00 | da=-0.00°
10:11:33.083 | DEBUG    | FUZZY | pos=(225,212) | angle=88.9° | G=1 D=1 delta=0 | mu_N=0.00 mu_Z=1.00 mu_P=0.00 | da=-0.00°
10:11:33.100 | DEBUG    | FUZZY | pos=(225,215) | angle=88.9° | G=1 D=1 delta=0 | mu_N=0.00 mu_Z=1.00 mu_P=0.00 | da=-0.00°
10:11:33.117 | DEBUG    | FUZZY | pos=(225,218) | angle=88.9° | G=1 D=1 delta=0 | mu_N=0.00 mu_Z=1.00 mu_P=0.00 | da=-0.00°
10:11:33.133 | DEBUG    | FUZZY | pos=(225,221) | angle=88.9° | G=1 D=1 delta=0 | mu_N=0.00 mu_Z=1.00 mu_P=0.00 | da=-0.00°
10:11:33.150 | DEBUG    | FUZZY | pos=(225,224) | angle=88.9° | G=1 D=1 delta=0 | mu_N=0.00 mu_Z=1.00 mu_P=0.00 | da=-0.00°
10:11:33.167 | DEBUG    | FUZZY | pos=(225,227) | angle=88.9° | G=3 D=1 delta=-2 | mu_N=0.02 mu_Z=0.97 mu_P=0.00 | da=-0.47°
10:11:33.183 | DEBUG    | FUZZY | pos=(225,230) | angle=88.4° | G=255 D=1 delta=-254 | mu_N=1.00 mu_Z=0.00 mu_P=0.00 | da=-28.09°
10:11:33.199 | DEBUG    | FUZZY | pos=(227,232) | angle=60.3° | G=1 D=7 delta=6 | mu_N=0.00 mu_Z=0.90 mu_P=0.05 | da=-4.15°
10:11:33.215 | DEBUG    | FUZZY | pos=(228,235) | angle=56.2° | G=1 D=7 delta=6 | mu_N=0.00 mu_Z=0.90 mu_P=0.05 | da=0.64°
10:11:33.231 | DEBUG    | FUZZY | pos=(230,237) | angle=56.8° | G=3 D=7 delta=4 | mu_N=0.00 mu_Z=0.93 mu_P=0.03 | da=1.09°
10:11:33.248 | DEBUG    | FUZZY | pos=(232,240) | angle=57.9° | G=7 D=3 delta=-4 | mu_N=0.03 mu_Z=0.93 mu_P=0.00 | da=-0.75°
10:11:33.273 | DEBUG    | FUZZY | pos=(233,242) | angle=57.2° | G=7 D=3 delta=-4 | mu_N=0.03 mu_Z=0.93 mu_P=0.00 | da=-1.11°
10:11:33.283 | DEBUG    | FUZZY | pos=(235,245) | angle=56.1° | G=15 D=1 delta=-14 | mu_N=0.12 mu_Z=0.77 mu_P=0.00 | da=-3.92°
10:11:33.297 | DEBUG    | FUZZY | pos=(237,247) | angle=52.1° | G=15 D=1 delta=-14 | mu_N=0.12 mu_Z=0.77 mu_P=0.00 | da=-4.48°
10:11:33.312 | DEBUG    | FUZZY | pos=(239,250) | angle=47.7° | G=15 D=0 delta=-15 | mu_N=0.12 mu_Z=0.75 mu_P=0.00 | da=-4.90°
10:11:33.330 | DEBUG    | FUZZY | pos=(241,252) | angle=42.8° | G=7 D=0 delta=-7 | mu_N=0.06 mu_Z=0.88 mu_P=0.00 | da=-2.71°
10:11:33.345 | DEBUG    | FUZZY | pos=(243,253) | angle=40.1° | G=15 D=0 delta=-15 | mu_N=0.12 mu_Z=0.75 mu_P=0.00 | da=-4.54°
10:11:33.362 | DEBUG    | FUZZY | pos=(246,255) | angle=35.5° | G=7 D=0 delta=-7 | mu_N=0.06 mu_Z=0.88 mu_P=0.00 | da=-2.64°
10:11:33.378 | DEBUG    | FUZZY | pos=(248,257) | angle=32.9° | G=7 D=0 delta=-7 | mu_N=0.06 mu_Z=0.88 mu_P=0.00 | da=-2.26°
10:11:33.395 | DEBUG    | FUZZY | pos=(251,258) | angle=30.6° | G=7 D=0 delta=-7 | mu_N=0.06 mu_Z=0.88 mu_P=0.00 | da=-2.19°
10:11:33.411 | DEBUG    | FUZZY | pos=(254,260) | angle=28.4° | G=7 D=0 delta=-7 | mu_N=0.06 mu_Z=0.88 mu_P=0.00 | da=-2.17°
10:11:33.429 | DEBUG    | FUZZY | pos=(256,261) | angle=26.2° | G=7 D=0 delta=-7 | mu_N=0.06 mu_Z=0.88 mu_P=0.00 | da=-2.17°
10:11:33.446 | DEBUG    | FUZZY | pos=(259,262) | angle=24.1° | G=6 D=0 delta=-6 | mu_N=0.05 mu_Z=0.90 mu_P=0.00 | da=-1.91°
10:11:33.462 | DEBUG    | FUZZY | pos=(262,264) | angle=22.2° | G=6 D=0 delta=-6 | mu_N=0.05 mu_Z=0.90 mu_P=0.00 | da=-1.86°
10:11:33.480 | DEBUG    | FUZZY | pos=(265,265) | angle=20.3° | G=6 D=0 delta=-6 | mu_N=0.05 mu_Z=0.90 mu_P=0.00 | da=-1.84°
10:11:33.497 | DEBUG    | FUZZY | pos=(267,265) | angle=18.5° | G=6 D=0 delta=-6 | mu_N=0.05 mu_Z=0.90 mu_P=0.00 | da=-1.84°
10:11:33.515 | DEBUG    | FUZZY | pos=(270,266) | angle=16.6° | G=6 D=0 delta=-6 | mu_N=0.05 mu_Z=0.90 mu_P=0.00 | da=-1.84°
10:11:33.530 | DEBUG    | FUZZY | pos=(273,267) | angle=14.8° | G=6 D=0 delta=-6 | mu_N=0.05 mu_Z=0.90 mu_P=0.00 | da=-1.84°
10:11:33.545 | DEBUG    | FUZZY | pos=(276,268) | angle=12.9° | G=6 D=0 delta=-6 | mu_N=0.05 mu_Z=0.90 mu_P=0.00 | da=-1.84°
10:11:33.562 | DEBUG    | FUZZY | pos=(279,268) | angle=11.1° | G=6 D=0 delta=-6 | mu_N=0.05 mu_Z=0.90 mu_P=0.00 | da=-1.84°
10:11:33.578 | DEBUG    | FUZZY | pos=(282,269) | angle=9.3° | G=6 D=0 delta=-6 | mu_N=0.05 mu_Z=0.90 mu_P=0.00 | da=-1.84°
10:11:33.595 | DEBUG    | FUZZY | pos=(285,269) | angle=7.4° | G=7 D=0 delta=-7 | mu_N=0.06 mu_Z=0.88 mu_P=0.00 | da=-2.10°
10:11:33.612 | DEBUG    | FUZZY | pos=(288,270) | angle=5.3° | G=7 D=0 delta=-7 | mu_N=0.06 mu_Z=0.88 mu_P=0.00 | da=-2.16°
10:11:33.629 | DEBUG    | FUZZY | pos=(291,270) | angle=3.2° | G=7 D=0 delta=-7 | mu_N=0.06 mu_Z=0.88 mu_P=0.00 | da=-2.17°
10:11:33.645 | DEBUG    | FUZZY | pos=(294,270) | angle=1.0° | G=7 D=0 delta=-7 | mu_N=0.06 mu_Z=0.88 mu_P=0.00 | da=-2.17°
10:11:33.661 | DEBUG    | FUZZY | pos=(297,270) | angle=-1.2° | G=7 D=0 delta=-7 | mu_N=0.06 mu_Z=0.88 mu_P=0.00 | da=-2.17°
10:11:33.678 | DEBUG    | FUZZY | pos=(300,269) | angle=-3.3° | G=3 D=0 delta=-3 | mu_N=0.03 mu_Z=0.95 mu_P=0.00 | da=-1.15°
10:11:33.694 | DEBUG    | FUZZY | pos=(303,269) | angle=-4.5° | G=3 D=0 delta=-3 | mu_N=0.03 mu_Z=0.95 mu_P=0.00 | da=-0.95°
10:11:33.710 | DEBUG    | FUZZY | pos=(306,269) | angle=-5.4° | G=3 D=0 delta=-3 | mu_N=0.03 mu_Z=0.95 mu_P=0.00 | da=-0.91°
10:11:33.726 | DEBUG    | FUZZY | pos=(309,269) | angle=-6.4° | G=3 D=1 delta=-2 | mu_N=0.02 mu_Z=0.97 mu_P=0.00 | da=-0.66°
10:11:33.742 | DEBUG    | FUZZY | pos=(312,268) | angle=-7.0° | G=3 D=1 delta=-2 | mu_N=0.02 mu_Z=0.97 mu_P=0.00 | da=-0.61°
10:11:33.759 | DEBUG    | FUZZY | pos=(315,268) | angle=-7.6° | G=3 D=1 delta=-2 | mu_N=0.02 mu_Z=0.97 mu_P=0.00 | da=-0.60°
10:11:33.776 | DEBUG    | FUZZY | pos=(318,267) | angle=-8.2° | G=3 D=1 delta=-2 | mu_N=0.02 mu_Z=0.97 mu_P=0.00 | da=-0.59°
10:11:33.791 | DEBUG    | FUZZY | pos=(321,267) | angle=-8.8° | G=3 D=1 delta=-2 | mu_N=0.02 mu_Z=0.97 mu_P=0.00 | da=-0.59°
10:11:33.807 | DEBUG    | FUZZY | pos=(324,267) | angle=-9.4° | G=3 D=1 delta=-2 | mu_N=0.02 mu_Z=0.97 mu_P=0.00 | da=-0.59°
10:11:33.825 | DEBUG    | FUZZY | pos=(327,266) | angle=-10.0° | G=3 D=1 delta=-2 | mu_N=0.02 mu_Z=0.97 mu_P=0.00 | da=-0.59°
10:11:33.842 | DEBUG    | FUZZY | pos=(330,265) | angle=-10.6° | G=1 D=1 delta=0 | mu_N=0.00 mu_Z=1.00 mu_P=0.00 | da=-0.12°
10:11:33.859 | DEBUG    | FUZZY | pos=(333,265) | angle=-10.7° | G=1 D=1 delta=0 | mu_N=0.00 mu_Z=1.00 mu_P=0.00 | da=-0.02°
10:11:33.876 | DEBUG    | FUZZY | pos=(336,264) | angle=-10.7° | G=1 D=3 delta=2 | mu_N=0.00 mu_Z=0.97 mu_P=0.02 | da=0.47°
10:11:33.891 | DEBUG    | FUZZY | pos=(339,264) | angle=-10.3° | G=1 D=3 delta=2 | mu_N=0.00 mu_Z=0.97 mu_P=0.02 | da=0.57°
10:11:33.908 | DEBUG    | FUZZY | pos=(341,263) | angle=-9.7° | G=1 D=3 delta=2 | mu_N=0.00 mu_Z=0.97 mu_P=0.02 | da=0.59°
10:11:33.924 | DEBUG    | FUZZY | pos=(344,263) | angle=-9.1° | G=1 D=3 delta=2 | mu_N=0.00 mu_Z=0.97 mu_P=0.02 | da=0.59°
10:11:33.940 | DEBUG    | FUZZY | pos=(347,262) | angle=-8.5° | G=1 D=3 delta=2 | mu_N=0.00 mu_Z=0.97 mu_P=0.02 | da=0.59°
10:11:33.958 | DEBUG    | FUZZY | pos=(350,262) | angle=-7.9° | G=1 D=3 delta=2 | mu_N=0.00 mu_Z=0.97 mu_P=0.02 | da=0.59°
10:11:33.974 | DEBUG    | FUZZY | pos=(353,262) | angle=-7.3° | G=1 D=3 delta=2 | mu_N=0.00 mu_Z=0.97 mu_P=0.02 | da=0.59°
10:11:33.990 | DEBUG    | FUZZY | pos=(356,261) | angle=-6.7° | G=1 D=3 delta=2 | mu_N=0.00 mu_Z=0.97 mu_P=0.02 | da=0.59°
10:11:34.007 | DEBUG    | FUZZY | pos=(359,261) | angle=-6.1° | G=1 D=3 delta=2 | mu_N=0.00 mu_Z=0.97 mu_P=0.02 | da=0.59°
10:11:34.023 | DEBUG    | FUZZY | pos=(362,261) | angle=-5.5° | G=1 D=3 delta=2 | mu_N=0.00 mu_Z=0.97 mu_P=0.02 | da=0.59°
10:11:34.040 | DEBUG    | FUZZY | pos=(365,260) | angle=-4.9° | G=1 D=3 delta=2 | mu_N=0.00 mu_Z=0.97 mu_P=0.02 | da=0.59°
10:11:34.056 | DEBUG    | FUZZY | pos=(368,260) | angle=-4.4° | G=1 D=3 delta=2 | mu_N=0.00 mu_Z=0.97 mu_P=0.02 | da=0.59°
10:11:34.071 | DEBUG    | FUZZY | pos=(371,260) | angle=-3.8° | G=1 D=3 delta=2 | mu_N=0.00 mu_Z=0.97 mu_P=0.02 | da=0.59°
10:11:34.090 | DEBUG    | FUZZY | pos=(374,260) | angle=-3.2° | G=1 D=3 delta=2 | mu_N=0.00 mu_Z=0.97 mu_P=0.02 | da=0.59°
10:11:34.106 | DEBUG    | FUZZY | pos=(377,260) | angle=-2.6° | G=1 D=3 delta=2 | mu_N=0.00 mu_Z=0.97 mu_P=0.02 | da=0.59°
10:11:34.122 | DEBUG    | FUZZY | pos=(380,260) | angle=-2.0° | G=1 D=3 delta=2 | mu_N=0.00 mu_Z=0.97 mu_P=0.02 | da=0.59°
10:11:34.141 | DEBUG    | FUZZY | pos=(383,259) | angle=-1.4° | G=1 D=3 delta=2 | mu_N=0.00 mu_Z=0.97 mu_P=0.02 | da=0.59°
10:11:34.156 | DEBUG    | FUZZY | pos=(386,259) | angle=-0.8° | G=1 D=3 delta=2 | mu_N=0.00 mu_Z=0.97 mu_P=0.02 | da=0.59°
10:11:34.173 | DEBUG    | FUZZY | pos=(389,259) | angle=-0.2° | G=1 D=3 delta=2 | mu_N=0.00 mu_Z=0.97 mu_P=0.02 | da=0.59°
10:11:34.189 | DEBUG    | FUZZY | pos=(392,259) | angle=0.4° | G=1 D=255 delta=254 | mu_N=0.00 mu_Z=0.00 mu_P=1.00 | da=28.12°
10:11:34.205 | DEBUG    | FUZZY | pos=(395,261) | angle=28.5° | G=7 D=0 delta=-7 | mu_N=0.06 mu_Z=0.88 mu_P=0.00 | da=3.89°
10:11:34.222 | DEBUG    | FUZZY | pos=(397,262) | angle=32.4° | G=7 D=1 delta=-6 | mu_N=0.05 mu_Z=0.90 mu_P=0.00 | da=-0.70°
10:11:34.238 | DEBUG    | FUZZY | pos=(400,264) | angle=31.7° | G=7 D=1 delta=-6 | mu_N=0.05 mu_Z=0.90 mu_P=0.00 | da=-1.61°
10:11:34.254 | DEBUG    | FUZZY | pos=(403,266) | angle=30.1° | G=7 D=3 delta=-4 | mu_N=0.03 mu_Z=0.93 mu_P=0.00 | da=-1.29°
10:11:34.271 | DEBUG    | FUZZY | pos=(405,267) | angle=28.8° | G=3 D=7 delta=4 | mu_N=0.00 mu_Z=0.93 mu_P=0.03 | da=0.71°
10:11:34.288 | DEBUG    | FUZZY | pos=(408,268) | angle=29.5° | G=1 D=15 delta=14 | mu_N=0.00 mu_Z=0.77 mu_P=0.12 | da=3.84°
10:11:34.303 | DEBUG    | FUZZY | pos=(410,270) | angle=33.4° | G=1 D=15 delta=14 | mu_N=0.00 mu_Z=0.77 mu_P=0.12 | da=4.47°
10:11:34.319 | DEBUG    | FUZZY | pos=(413,272) | angle=37.8° | G=0 D=15 delta=15 | mu_N=0.00 mu_Z=0.75 mu_P=0.12 | da=4.89°
10:11:34.337 | DEBUG    | FUZZY | pos=(415,274) | angle=42.7° | G=0 D=15 delta=15 | mu_N=0.00 mu_Z=0.75 mu_P=0.12 | da=4.98°
10:11:34.353 | DEBUG    | FUZZY | pos=(417,276) | angle=47.7° | G=0 D=15 delta=15 | mu_N=0.00 mu_Z=0.75 mu_P=0.12 | da=5.00°
10:11:34.369 | DEBUG    | FUZZY | pos=(419,279) | angle=52.7° | G=0 D=7 delta=7 | mu_N=0.00 mu_Z=0.88 mu_P=0.06 | da=2.73°
10:11:34.385 | DEBUG    | FUZZY | pos=(420,281) | angle=55.4° | G=0 D=7 delta=7 | mu_N=0.00 mu_Z=0.88 mu_P=0.06 | da=2.28°
10:11:34.401 | DEBUG    | FUZZY | pos=(422,284) | angle=57.7° | G=0 D=7 delta=7 | mu_N=0.00 mu_Z=0.88 mu_P=0.06 | da=2.19°
10:11:34.417 | DEBUG    | FUZZY | pos=(424,286) | angle=59.9° | G=0 D=7 delta=7 | mu_N=0.00 mu_Z=0.88 mu_P=0.06 | da=2.17°
10:11:34.434 | DEBUG    | FUZZY | pos=(425,289) | angle=62.1° | G=0 D=7 delta=7 | mu_N=0.00 mu_Z=0.88 mu_P=0.06 | da=2.17°
10:11:34.451 | DEBUG    | FUZZY | pos=(426,292) | angle=64.2° | G=0 D=7 delta=7 | mu_N=0.00 mu_Z=0.88 mu_P=0.06 | da=2.17°
10:11:34.467 | DEBUG    | FUZZY | pos=(427,294) | angle=66.4° | G=0 D=7 delta=7 | mu_N=0.00 mu_Z=0.88 mu_P=0.06 | da=2.17°
10:11:34.483 | DEBUG    | FUZZY | pos=(429,297) | angle=68.6° | G=0 D=6 delta=6 | mu_N=0.00 mu_Z=0.90 mu_P=0.05 | da=1.91°
10:11:34.500 | DEBUG    | FUZZY | pos=(430,300) | angle=70.5° | G=0 D=6 delta=6 | mu_N=0.00 mu_Z=0.90 mu_P=0.05 | da=1.86°
10:11:34.518 | DEBUG    | FUZZY | pos=(430,303) | angle=72.3° | G=0 D=6 delta=6 | mu_N=0.00 mu_Z=0.90 mu_P=0.05 | da=1.84°
10:11:34.535 | DEBUG    | FUZZY | pos=(431,306) | angle=74.2° | G=0 D=6 delta=6 | mu_N=0.00 mu_Z=0.90 mu_P=0.05 | da=1.84°
10:11:34.552 | DEBUG    | FUZZY | pos=(432,309) | angle=76.0° | G=0 D=6 delta=6 | mu_N=0.00 mu_Z=0.90 mu_P=0.05 | da=1.84°
10:11:34.567 | DEBUG    | FUZZY | pos=(433,311) | angle=77.9° | G=0 D=6 delta=6 | mu_N=0.00 mu_Z=0.90 mu_P=0.05 | da=1.84°
10:11:34.583 | DEBUG    | FUZZY | pos=(433,314) | angle=79.7° | G=0 D=7 delta=7 | mu_N=0.00 mu_Z=0.88 mu_P=0.06 | da=2.10°
10:11:34.600 | DEBUG    | FUZZY | pos=(434,317) | angle=81.8° | G=0 D=7 delta=7 | mu_N=0.00 mu_Z=0.88 mu_P=0.06 | da=2.16°
10:11:34.617 | DEBUG    | FUZZY | pos=(434,320) | angle=84.0° | G=0 D=7 delta=7 | mu_N=0.00 mu_Z=0.88 mu_P=0.06 | da=2.17°
10:11:34.634 | DEBUG    | FUZZY | pos=(434,323) | angle=86.1° | G=0 D=7 delta=7 | mu_N=0.00 mu_Z=0.88 mu_P=0.06 | da=2.17°
10:11:34.651 | DEBUG    | FUZZY | pos=(434,326) | angle=88.3° | G=0 D=7 delta=7 | mu_N=0.00 mu_Z=0.88 mu_P=0.06 | da=2.17°
10:11:34.666 | DEBUG    | FUZZY | pos=(434,329) | angle=90.5° | G=0 D=7 delta=7 | mu_N=0.00 mu_Z=0.88 mu_P=0.06 | da=2.17°
10:11:34.683 | DEBUG    | FUZZY | pos=(434,332) | angle=92.6° | G=0 D=3 delta=3 | mu_N=0.00 mu_Z=0.95 mu_P=0.03 | da=1.15°
10:11:34.700 | DEBUG    | FUZZY | pos=(434,335) | angle=93.8° | G=0 D=3 delta=3 | mu_N=0.00 mu_Z=0.95 mu_P=0.03 | da=0.95°
10:11:34.716 | DEBUG    | FUZZY | pos=(434,338) | angle=94.7° | G=0 D=3 delta=3 | mu_N=0.00 mu_Z=0.95 mu_P=0.03 | da=0.91°
10:11:34.733 | DEBUG    | FUZZY | pos=(433,341) | angle=95.6° | G=1 D=3 delta=2 | mu_N=0.00 mu_Z=0.97 mu_P=0.02 | da=0.66°
10:11:34.750 | DEBUG    | FUZZY | pos=(433,344) | angle=96.3° | G=1 D=3 delta=2 | mu_N=0.00 mu_Z=0.97 mu_P=0.02 | da=0.61°
10:11:34.766 | DEBUG    | FUZZY | pos=(433,347) | angle=96.9° | G=1 D=3 delta=2 | mu_N=0.00 mu_Z=0.97 mu_P=0.02 | da=0.60°
10:11:34.782 | DEBUG    | FUZZY | pos=(432,350) | angle=97.5° | G=1 D=3 delta=2 | mu_N=0.00 mu_Z=0.97 mu_P=0.02 | da=0.59°
10:11:34.799 | DEBUG    | FUZZY | pos=(432,353) | angle=98.1° | G=1 D=3 delta=2 | mu_N=0.00 mu_Z=0.97 mu_P=0.02 | da=0.59°
10:11:34.814 | DEBUG    | FUZZY | pos=(431,356) | angle=98.7° | G=1 D=3 delta=2 | mu_N=0.00 mu_Z=0.97 mu_P=0.02 | da=0.59°
10:11:34.833 | DEBUG    | FUZZY | pos=(431,359) | angle=99.3° | G=1 D=3 delta=2 | mu_N=0.00 mu_Z=0.97 mu_P=0.02 | da=0.59°
10:11:34.849 | DEBUG    | FUZZY | pos=(430,362) | angle=99.9° | G=1 D=1 delta=0 | mu_N=0.00 mu_Z=1.00 mu_P=0.00 | da=0.12°
10:11:34.868 | DEBUG    | FUZZY | pos=(430,365) | angle=100.0° | G=1 D=1 delta=0 | mu_N=0.00 mu_Z=1.00 mu_P=0.00 | da=0.02°
10:11:34.883 | DEBUG    | FUZZY | pos=(429,368) | angle=100.0° | G=1 D=1 delta=0 | mu_N=0.00 mu_Z=1.00 mu_P=0.00 | da=0.00°
10:11:34.899 | DEBUG    | FUZZY | pos=(429,371) | angle=100.0° | G=3 D=1 delta=-2 | mu_N=0.02 mu_Z=0.97 mu_P=0.00 | da=-0.47°
10:11:34.917 | DEBUG    | FUZZY | pos=(428,374) | angle=99.5° | G=3 D=1 delta=-2 | mu_N=0.02 mu_Z=0.97 mu_P=0.00 | da=-0.57°
10:11:34.933 | DEBUG    | FUZZY | pos=(428,377) | angle=99.0° | G=3 D=1 delta=-2 | mu_N=0.02 mu_Z=0.97 mu_P=0.00 | da=-0.59°
10:11:34.951 | DEBUG    | FUZZY | pos=(427,380) | angle=98.4° | G=3 D=7 delta=4 | mu_N=0.00 mu_Z=0.93 mu_P=0.03 | da=0.85°
10:11:34.968 | DEBUG    | FUZZY | pos=(427,383) | angle=99.2° | G=3 D=63 delta=60 | mu_N=0.00 mu_Z=0.00 mu_P=0.50 | da=28.17°
10:11:34.984 | DEBUG    | FUZZY | pos=(425,385) | angle=127.4° | G=7 D=1 delta=-6 | mu_N=0.05 mu_Z=0.90 mu_P=0.00 | da=4.16°
10:11:35.000 | DEBUG    | FUZZY | pos=(423,387) | angle=131.6° | G=7 D=1 delta=-6 | mu_N=0.05 mu_Z=0.90 mu_P=0.00 | da=-0.64°
10:11:35.015 | DEBUG    | FUZZY | pos=(421,390) | angle=130.9° | G=3 D=3 delta=0 | mu_N=0.00 mu_Z=1.00 mu_P=0.00 | da=-0.13°
10:11:35.032 | DEBUG    | FUZZY | pos=(419,392) | angle=130.8° | G=3 D=3 delta=0 | mu_N=0.00 mu_Z=1.00 mu_P=0.00 | da=-0.03°
10:11:35.049 | DEBUG    | FUZZY | pos=(417,394) | angle=130.8° | G=1 D=7 delta=6 | mu_N=0.00 mu_Z=0.90 mu_P=0.05 | da=1.47°
10:11:35.066 | DEBUG    | FUZZY | pos=(415,397) | angle=132.2° | G=1 D=7 delta=6 | mu_N=0.00 mu_Z=0.90 mu_P=0.05 | da=1.77°
10:11:35.084 | DEBUG    | FUZZY | pos=(413,399) | angle=134.0° | G=1 D=7 delta=6 | mu_N=0.00 mu_Z=0.90 mu_P=0.05 | da=1.83°
10:11:35.100 | DEBUG    | FUZZY | pos=(411,401) | angle=135.8° | G=0 D=7 delta=7 | mu_N=0.00 mu_Z=0.88 mu_P=0.06 | da=2.10°
10:11:35.118 | DEBUG    | FUZZY | pos=(409,403) | angle=137.9° | G=0 D=15 delta=15 | mu_N=0.00 mu_Z=0.75 mu_P=0.12 | da=4.42°
10:11:35.134 | DEBUG    | FUZZY | pos=(406,405) | angle=142.3° | G=0 D=7 delta=7 | mu_N=0.00 mu_Z=0.88 mu_P=0.06 | da=2.62°
10:11:35.151 | DEBUG    | FUZZY | pos=(404,406) | angle=145.0° | G=0 D=15 delta=15 | mu_N=0.00 mu_Z=0.75 mu_P=0.12 | da=4.52°
10:11:35.169 | DEBUG    | FUZZY | pos=(401,408) | angle=149.5° | G=0 D=7 delta=7 | mu_N=0.00 mu_Z=0.88 mu_P=0.06 | da=2.64°
10:11:35.185 | DEBUG    | FUZZY | pos=(399,409) | angle=152.1° | G=0 D=7 delta=7 | mu_N=0.00 mu_Z=0.88 mu_P=0.06 | da=2.26°
10:11:35.202 | DEBUG    | FUZZY | pos=(396,411) | angle=154.4° | G=0 D=7 delta=7 | mu_N=0.00 mu_Z=0.88 mu_P=0.06 | da=2.19°
10:11:35.219 | DEBUG    | FUZZY | pos=(393,412) | angle=156.6° | G=0 D=7 delta=7 | mu_N=0.00 mu_Z=0.88 mu_P=0.06 | da=2.17°
10:11:35.235 | DEBUG    | FUZZY | pos=(390,413) | angle=158.8° | G=0 D=7 delta=7 | mu_N=0.00 mu_Z=0.88 mu_P=0.06 | da=2.17°
10:11:35.252 | DEBUG    | FUZZY | pos=(388,414) | angle=160.9° | G=0 D=7 delta=7 | mu_N=0.00 mu_Z=0.88 mu_P=0.06 | da=2.17°
10:11:35.269 | DEBUG    | FUZZY | pos=(385,415) | angle=163.1° | G=0 D=7 delta=7 | mu_N=0.00 mu_Z=0.88 mu_P=0.06 | da=2.17°
10:11:35.285 | DEBUG    | FUZZY | pos=(382,415) | angle=165.3° | G=0 D=7 delta=7 | mu_N=0.00 mu_Z=0.88 mu_P=0.06 | da=2.17°
10:11:35.301 | DEBUG    | FUZZY | pos=(379,416) | angle=167.4° | G=0 D=7 delta=7 | mu_N=0.00 mu_Z=0.88 mu_P=0.06 | da=2.17°
10:11:35.319 | DEBUG    | FUZZY | pos=(376,417) | angle=169.6° | G=0 D=7 delta=7 | mu_N=0.00 mu_Z=0.88 mu_P=0.06 | da=2.17°
10:11:35.335 | DEBUG    | FUZZY | pos=(373,417) | angle=171.8° | G=0 D=7 delta=7 | mu_N=0.00 mu_Z=0.88 mu_P=0.06 | da=2.17°
10:11:35.352 | DEBUG    | FUZZY | pos=(370,417) | angle=173.9° | G=0 D=7 delta=7 | mu_N=0.00 mu_Z=0.88 mu_P=0.06 | da=2.17°
10:11:35.370 | DEBUG    | FUZZY | pos=(367,418) | angle=176.1° | G=0 D=7 delta=7 | mu_N=0.00 mu_Z=0.88 mu_P=0.06 | da=2.17°
10:11:35.387 | DEBUG    | FUZZY | pos=(364,418) | angle=178.3° | G=0 D=7 delta=7 | mu_N=0.00 mu_Z=0.88 mu_P=0.06 | da=2.17°
10:11:35.404 | DEBUG    | FUZZY | pos=(361,418) | angle=180.4° | G=0 D=3 delta=3 | mu_N=0.00 mu_Z=0.95 mu_P=0.03 | da=1.15°
10:11:35.421 | DEBUG    | FUZZY | pos=(358,418) | angle=181.6° | G=255 D=3 delta=-252 | mu_N=1.00 mu_Z=0.00 mu_P=0.00 | da=-27.77°
10:11:35.438 | DEBUG    | FUZZY | pos=(355,419) | angle=153.8° | G=1 D=7 delta=6 | mu_N=0.00 mu_Z=0.90 mu_P=0.05 | da=-4.08°
10:11:35.456 | DEBUG    | FUZZY | pos=(353,420) | angle=149.7° | G=1 D=15 delta=14 | mu_N=0.00 mu_Z=0.77 mu_P=0.12 | da=2.88°
10:11:35.472 | DEBUG    | FUZZY | pos=(350,422) | angle=152.6° | G=3 D=15 delta=12 | mu_N=0.00 mu_Z=0.80 mu_P=0.10 | da=3.69°
10:11:35.488 | DEBUG    | FUZZY | pos=(347,423) | angle=156.3° | G=15 D=7 delta=-8 | mu_N=0.07 mu_Z=0.87 mu_P=0.00 | da=-1.26°
10:11:35.505 | DEBUG    | FUZZY | pos=(345,424) | angle=155.0° | G=15 D=3 delta=-12 | mu_N=0.10 mu_Z=0.80 mu_P=0.00 | da=-3.36°
10:11:35.521 | DEBUG    | FUZZY | pos=(342,426) | angle=151.7° | G=31 D=1 delta=-30 | mu_N=0.25 mu_Z=0.50 mu_P=0.00 | da=-10.01°
10:11:35.537 | DEBUG    | FUZZY | pos=(340,428) | angle=141.7° | G=15 D=1 delta=-14 | mu_N=0.12 mu_Z=0.77 mu_P=0.00 | da=-5.70°
10:11:35.554 | DEBUG    | FUZZY | pos=(337,430) | angle=136.0° | G=7 D=1 delta=-6 | mu_N=0.05 mu_Z=0.90 mu_P=0.00 | da=-2.61°
10:11:35.571 | DEBUG    | FUZZY | pos=(335,432) | angle=133.4° | G=7 D=0 delta=-7 | mu_N=0.06 mu_Z=0.88 mu_P=0.00 | da=-2.26°
10:11:35.587 | DEBUG    | FUZZY | pos=(333,434) | angle=131.1° | G=7 D=0 delta=-7 | mu_N=0.06 mu_Z=0.88 mu_P=0.00 | da=-2.19°
10:11:35.604 | DEBUG    | FUZZY | pos=(332,436) | angle=128.9° | G=15 D=0 delta=-15 | mu_N=0.12 mu_Z=0.75 mu_P=0.00 | da=-4.44°
10:11:35.621 | DEBUG    | FUZZY | pos=(330,439) | angle=124.5° | G=7 D=0 delta=-7 | mu_N=0.06 mu_Z=0.88 mu_P=0.00 | da=-2.62°
10:11:35.639 | DEBUG    | FUZZY | pos=(328,441) | angle=121.9° | G=7 D=0 delta=-7 | mu_N=0.06 mu_Z=0.88 mu_P=0.00 | da=-2.26°
10:11:35.654 | DEBUG    | FUZZY | pos=(327,444) | angle=119.6° | G=7 D=0 delta=-7 | mu_N=0.06 mu_Z=0.88 mu_P=0.00 | da=-2.19°
10:11:35.671 | DEBUG    | FUZZY | pos=(325,447) | angle=117.4° | G=7 D=0 delta=-7 | mu_N=0.06 mu_Z=0.88 mu_P=0.00 | da=-2.17°
10:11:35.687 | DEBUG    | FUZZY | pos=(324,449) | angle=115.2° | G=6 D=0 delta=-6 | mu_N=0.05 mu_Z=0.90 mu_P=0.00 | da=-1.91°
10:11:35.703 | DEBUG    | FUZZY | pos=(323,452) | angle=113.3° | G=14 D=0 delta=-14 | mu_N=0.12 mu_Z=0.77 mu_P=0.00 | da=-4.08°
10:11:35.720 | DEBUG    | FUZZY | pos=(322,455) | angle=109.3° | G=7 D=0 delta=-7 | mu_N=0.06 mu_Z=0.88 mu_P=0.00 | da=-2.55°
10:11:35.736 | DEBUG    | FUZZY | pos=(321,458) | angle=106.7° | G=7 D=0 delta=-7 | mu_N=0.06 mu_Z=0.88 mu_P=0.00 | da=-2.24°
10:11:35.753 | DEBUG    | FUZZY | pos=(320,461) | angle=104.5° | G=7 D=0 delta=-7 | mu_N=0.06 mu_Z=0.88 mu_P=0.00 | da=-2.18°
10:11:35.769 | DEBUG    | FUZZY | pos=(320,464) | angle=102.3° | G=7 D=0 delta=-7 | mu_N=0.06 mu_Z=0.88 mu_P=0.00 | da=-2.17°
10:11:35.786 | DEBUG    | FUZZY | pos=(319,467) | angle=100.1° | G=7 D=0 delta=-7 | mu_N=0.06 mu_Z=0.88 mu_P=0.00 | da=-2.17°
10:11:35.802 | DEBUG    | FUZZY | pos=(319,470) | angle=97.9° | G=7 D=0 delta=-7 | mu_N=0.06 mu_Z=0.88 mu_P=0.00 | da=-2.17°
10:11:35.819 | DEBUG    | FUZZY | pos=(318,473) | angle=95.8° | G=7 D=0 delta=-7 | mu_N=0.06 mu_Z=0.88 mu_P=0.00 | da=-2.17°
10:11:35.835 | DEBUG    | FUZZY | pos=(318,476) | angle=93.6° | G=7 D=0 delta=-7 | mu_N=0.06 mu_Z=0.88 mu_P=0.00 | da=-2.17°
10:11:35.852 | DEBUG    | FUZZY | pos=(318,479) | angle=91.4° | G=7 D=0 delta=-7 | mu_N=0.06 mu_Z=0.88 mu_P=0.00 | da=-2.17°
10:11:35.868 | DEBUG    | FUZZY | pos=(318,482) | angle=89.3° | G=3 D=0 delta=-3 | mu_N=0.03 mu_Z=0.95 mu_P=0.00 | da=-1.15°
10:11:35.885 | DEBUG    | FUZZY | pos=(318,485) | angle=88.1° | G=3 D=0 delta=-3 | mu_N=0.03 mu_Z=0.95 mu_P=0.00 | da=-0.95°
10:11:35.902 | DEBUG    | FUZZY | pos=(318,488) | angle=87.2° | G=3 D=0 delta=-3 | mu_N=0.03 mu_Z=0.95 mu_P=0.00 | da=-0.91°
10:11:35.918 | DEBUG    | FUZZY | pos=(319,491) | angle=86.3° | G=3 D=1 delta=-2 | mu_N=0.02 mu_Z=0.97 mu_P=0.00 | da=-0.66°
10:11:35.935 | DEBUG    | FUZZY | pos=(319,494) | angle=85.6° | G=3 D=1 delta=-2 | mu_N=0.02 mu_Z=0.97 mu_P=0.00 | da=-0.61°
10:11:35.952 | DEBUG    | FUZZY | pos=(319,497) | angle=85.0° | G=3 D=1 delta=-2 | mu_N=0.02 mu_Z=0.97 mu_P=0.00 | da=-0.60°
10:11:35.969 | DEBUG    | FUZZY | pos=(319,500) | angle=84.4° | G=3 D=1 delta=-2 | mu_N=0.02 mu_Z=0.97 mu_P=0.00 | da=-0.59°
10:11:35.985 | DEBUG    | FUZZY | pos=(320,503) | angle=83.8° | G=3 D=1 delta=-2 | mu_N=0.02 mu_Z=0.97 mu_P=0.00 | da=-0.59°
10:11:36.002 | DEBUG    | FUZZY | pos=(320,506) | angle=83.2° | G=3 D=1 delta=-2 | mu_N=0.02 mu_Z=0.97 mu_P=0.00 | da=-0.59°
10:11:36.019 | DEBUG    | FUZZY | pos=(320,509) | angle=82.6° | G=3 D=1 delta=-2 | mu_N=0.02 mu_Z=0.97 mu_P=0.00 | da=-0.59°
10:11:36.035 | DEBUG    | FUZZY | pos=(321,511) | angle=82.0° | G=3 D=1 delta=-2 | mu_N=0.02 mu_Z=0.97 mu_P=0.00 | da=-0.59°
10:11:36.052 | DEBUG    | FUZZY | pos=(321,514) | angle=81.4° | G=1 D=1 delta=0 | mu_N=0.00 mu_Z=1.00 mu_P=0.00 | da=-0.12°
10:11:36.068 | DEBUG    | FUZZY | pos=(322,517) | angle=81.3° | G=1 D=1 delta=0 | mu_N=0.00 mu_Z=1.00 mu_P=0.00 | da=-0.02°
10:11:36.085 | DEBUG    | FUZZY | pos=(322,520) | angle=81.3° | G=1 D=1 delta=0 | mu_N=0.00 mu_Z=1.00 mu_P=0.00 | da=-0.00°
10:11:36.102 | DEBUG    | FUZZY | pos=(323,523) | angle=81.3° | G=1 D=3 delta=2 | mu_N=0.00 mu_Z=0.97 mu_P=0.02 | da=0.47°
10:11:36.119 | DEBUG    | FUZZY | pos=(323,526) | angle=81.8° | G=1 D=3 delta=2 | mu_N=0.00 mu_Z=0.97 mu_P=0.02 | da=0.57°
10:11:36.136 | DEBUG    | FUZZY | pos=(324,529) | angle=82.3° | G=1 D=3 delta=2 | mu_N=0.00 mu_Z=0.97 mu_P=0.02 | da=0.59°
10:11:36.153 | DEBUG    | FUZZY | pos=(324,532) | angle=82.9° | G=1 D=3 delta=2 | mu_N=0.00 mu_Z=0.97 mu_P=0.02 | da=0.59°
10:11:36.171 | DEBUG    | FUZZY | pos=(324,535) | angle=83.5° | G=1 D=3 delta=2 | mu_N=0.00 mu_Z=0.97 mu_P=0.02 | da=0.59°
10:11:36.187 | DEBUG    | FUZZY | pos=(325,538) | angle=84.1° | G=1 D=3 delta=2 | mu_N=0.00 mu_Z=0.97 mu_P=0.02 | da=0.59°
10:11:36.204 | DEBUG    | FUZZY | pos=(325,541) | angle=84.7° | G=1 D=3 delta=2 | mu_N=0.00 mu_Z=0.97 mu_P=0.02 | da=0.59°
10:11:36.220 | DEBUG    | FUZZY | pos=(325,544) | angle=85.3° | G=1 D=3 delta=2 | mu_N=0.00 mu_Z=0.97 mu_P=0.02 | da=0.59°
10:11:36.237 | DEBUG    | FUZZY | pos=(325,547) | angle=85.9° | G=1 D=3 delta=2 | mu_N=0.00 mu_Z=0.97 mu_P=0.02 | da=0.59°
10:11:36.253 | DEBUG    | FUZZY | pos=(325,550) | angle=86.5° | G=1 D=3 delta=2 | mu_N=0.00 mu_Z=0.97 mu_P=0.02 | da=0.59°
10:11:36.270 | DEBUG    | FUZZY | pos=(326,553) | angle=87.1° | G=1 D=3 delta=2 | mu_N=0.00 mu_Z=0.97 mu_P=0.02 | da=0.59°
10:11:36.287 | DEBUG    | FUZZY | pos=(326,556) | angle=87.7° | G=1 D=3 delta=2 | mu_N=0.00 mu_Z=0.97 mu_P=0.02 | da=0.59°
10:11:36.302 | DEBUG    | FUZZY | pos=(326,559) | angle=88.3° | G=1 D=3 delta=2 | mu_N=0.00 mu_Z=0.97 mu_P=0.02 | da=0.59°
10:11:36.319 | DEBUG    | FUZZY | pos=(326,562) | angle=88.8° | G=1 D=1 delta=0 | mu_N=0.00 mu_Z=1.00 mu_P=0.00 | da=0.12°
10:11:36.336 | DEBUG    | FUZZY | pos=(326,565) | angle=89.0° | G=1 D=1 delta=0 | mu_N=0.00 mu_Z=1.00 mu_P=0.00 | da=0.02°
10:11:36.352 | DEBUG    | FUZZY | pos=(326,568) | angle=89.0° | G=1 D=1 delta=0 | mu_N=0.00 mu_Z=1.00 mu_P=0.00 | da=0.00°
10:11:36.370 | DEBUG    | FUZZY | pos=(326,571) | angle=89.0° | G=1 D=3 delta=2 | mu_N=0.00 mu_Z=0.97 mu_P=0.02 | da=0.48°
10:11:36.387 | DEBUG    | FUZZY | pos=(326,574) | angle=89.5° | G=1 D=1 delta=0 | mu_N=0.00 mu_Z=1.00 mu_P=0.00 | da=0.10°
10:11:36.404 | DEBUG    | FUZZY | pos=(326,577) | angle=89.6° | G=255 D=1 delta=-254 | mu_N=1.00 mu_Z=0.00 mu_P=0.00 | da=-27.98°
10:11:36.421 | DEBUG    | FUZZY | pos=(328,580) | angle=61.6° | G=0 D=7 delta=7 | mu_N=0.00 mu_Z=0.88 mu_P=0.06 | da=-3.86°
10:11:36.437 | DEBUG    | FUZZY | pos=(329,582) | angle=57.7° | G=1 D=7 delta=6 | mu_N=0.00 mu_Z=0.90 mu_P=0.05 | da=0.70°
10:11:36.453 | DEBUG    | FUZZY | pos=(331,585) | angle=58.4° | G=1 D=7 delta=6 | mu_N=0.00 mu_Z=0.90 mu_P=0.05 | da=1.61°
10:11:36.470 | DEBUG    | FUZZY | pos=(332,588) | angle=60.0° | G=3 D=7 delta=4 | mu_N=0.00 mu_Z=0.93 mu_P=0.03 | da=1.29°
10:11:36.486 | DEBUG    | FUZZY | pos=(334,590) | angle=61.3° | G=7 D=3 delta=-4 | mu_N=0.03 mu_Z=0.93 mu_P=0.00 | da=-0.71°
10:11:36.501 | DEBUG    | FUZZY | pos=(335,593) | angle=60.6° | G=15 D=3 delta=-12 | mu_N=0.10 mu_Z=0.80 mu_P=0.00 | da=-3.25°
10:11:36.517 | DEBUG    | FUZZY | pos=(337,595) | angle=57.4° | G=15 D=1 delta=-14 | mu_N=0.12 mu_Z=0.77 mu_P=0.00 | da=-4.35°
10:11:36.534 | DEBUG    | FUZZY | pos=(339,598) | angle=53.0° | G=15 D=0 delta=-15 | mu_N=0.12 mu_Z=0.75 mu_P=0.00 | da=-4.87°
10:11:36.551 | DEBUG    | FUZZY | pos=(341,600) | angle=48.1° | G=15 D=0 delta=-15 | mu_N=0.12 mu_Z=0.75 mu_P=0.00 | da=-4.97°
10:11:36.568 | DEBUG    | FUZZY | pos=(343,602) | angle=43.2° | G=15 D=0 delta=-15 | mu_N=0.12 mu_Z=0.75 mu_P=0.00 | da=-4.99°
10:11:36.584 | DEBUG    | FUZZY | pos=(345,604) | angle=38.2° | G=7 D=0 delta=-7 | mu_N=0.06 mu_Z=0.88 mu_P=0.00 | da=-2.73°
10:11:36.601 | DEBUG    | FUZZY | pos=(348,606) | angle=35.4° | G=7 D=0 delta=-7 | mu_N=0.06 mu_Z=0.88 mu_P=0.00 | da=-2.28°
10:11:36.618 | DEBUG    | FUZZY | pos=(350,607) | angle=33.2° | G=7 D=0 delta=-7 | mu_N=0.06 mu_Z=0.88 mu_P=0.00 | da=-2.19°
10:11:36.635 | DEBUG    | FUZZY | pos=(353,609) | angle=31.0° | G=15 D=0 delta=-15 | mu_N=0.12 mu_Z=0.75 mu_P=0.00 | da=-4.44°
10:11:36.652 | DEBUG    | FUZZY | pos=(355,610) | angle=26.5° | G=7 D=0 delta=-7 | mu_N=0.06 mu_Z=0.88 mu_P=0.00 | da=-2.62°
10:11:36.669 | DEBUG    | FUZZY | pos=(358,611) | angle=23.9° | G=7 D=0 delta=-7 | mu_N=0.06 mu_Z=0.88 mu_P=0.00 | da=-2.26°
10:11:36.686 | DEBUG    | FUZZY | pos=(361,612) | angle=21.7° | G=7 D=0 delta=-7 | mu_N=0.06 mu_Z=0.88 mu_P=0.00 | da=-2.19°
10:11:36.703 | DEBUG    | FUZZY | pos=(364,613) | angle=19.5° | G=7 D=0 delta=-7 | mu_N=0.06 mu_Z=0.88 mu_P=0.00 | da=-2.17°
10:11:36.719 | DEBUG    | FUZZY | pos=(367,614) | angle=17.3° | G=7 D=0 delta=-7 | mu_N=0.06 mu_Z=0.88 mu_P=0.00 | da=-2.17°
10:11:36.736 | DEBUG    | FUZZY | pos=(369,615) | angle=15.1° | G=7 D=0 delta=-7 | mu_N=0.06 mu_Z=0.88 mu_P=0.00 | da=-2.17°
10:11:36.752 | DEBUG    | FUZZY | pos=(372,616) | angle=13.0° | G=7 D=0 delta=-7 | mu_N=0.06 mu_Z=0.88 mu_P=0.00 | da=-2.17°
10:11:36.769 | DEBUG    | FUZZY | pos=(375,616) | angle=10.8° | G=7 D=0 delta=-7 | mu_N=0.06 mu_Z=0.88 mu_P=0.00 | da=-2.17°
10:11:36.785 | DEBUG    | FUZZY | pos=(378,617) | angle=8.6° | G=7 D=0 delta=-7 | mu_N=0.06 mu_Z=0.88 mu_P=0.00 | da=-2.17°
10:11:36.802 | DEBUG    | FUZZY | pos=(381,617) | angle=6.5° | G=7 D=0 delta=-7 | mu_N=0.06 mu_Z=0.88 mu_P=0.00 | da=-2.17°
10:11:36.820 | DEBUG    | FUZZY | pos=(384,617) | angle=4.3° | G=7 D=0 delta=-7 | mu_N=0.06 mu_Z=0.88 mu_P=0.00 | da=-2.17°
10:11:36.836 | DEBUG    | FUZZY | pos=(387,617) | angle=2.1° | G=7 D=0 delta=-7 | mu_N=0.06 mu_Z=0.88 mu_P=0.00 | da=-2.17°
10:11:36.853 | DEBUG    | FUZZY | pos=(390,617) | angle=-0.1° | G=3 D=0 delta=-3 | mu_N=0.03 mu_Z=0.95 mu_P=0.00 | da=-1.15°
10:11:36.869 | DEBUG    | FUZZY | pos=(393,617) | angle=-1.2° | G=3 D=0 delta=-3 | mu_N=0.03 mu_Z=0.95 mu_P=0.00 | da=-0.95°
10:11:36.886 | DEBUG    | FUZZY | pos=(396,617) | angle=-2.2° | G=3 D=0 delta=-3 | mu_N=0.03 mu_Z=0.95 mu_P=0.00 | da=-0.91°
10:11:36.903 | DEBUG    | FUZZY | pos=(399,617) | angle=-3.1° | G=3 D=1 delta=-2 | mu_N=0.02 mu_Z=0.97 mu_P=0.00 | da=-0.66°
10:11:36.920 | DEBUG    | FUZZY | pos=(402,617) | angle=-3.7° | G=3 D=1 delta=-2 | mu_N=0.02 mu_Z=0.97 mu_P=0.00 | da=-0.61°
10:11:36.938 | DEBUG    | FUZZY | pos=(405,617) | angle=-4.3° | G=3 D=1 delta=-2 | mu_N=0.02 mu_Z=0.97 mu_P=0.00 | da=-0.60°
10:11:36.954 | DEBUG    | FUZZY | pos=(408,616) | angle=-4.9° | G=3 D=1 delta=-2 | mu_N=0.02 mu_Z=0.97 mu_P=0.00 | da=-0.59°
10:11:36.970 | DEBUG    | FUZZY | pos=(411,616) | angle=-5.5° | G=3 D=1 delta=-2 | mu_N=0.02 mu_Z=0.97 mu_P=0.00 | da=-0.59°
10:11:36.986 | DEBUG    | FUZZY | pos=(414,616) | angle=-6.1° | G=3 D=1 delta=-2 | mu_N=0.02 mu_Z=0.97 mu_P=0.00 | da=-0.59°
10:11:37.003 | DEBUG    | FUZZY | pos=(417,615) | angle=-6.7° | G=3 D=1 delta=-2 | mu_N=0.02 mu_Z=0.97 mu_P=0.00 | da=-0.59°
10:11:37.020 | DEBUG    | FUZZY | pos=(420,615) | angle=-7.3° | G=3 D=1 delta=-2 | mu_N=0.02 mu_Z=0.97 mu_P=0.00 | da=-0.59°
10:11:37.038 | DEBUG    | FUZZY | pos=(423,615) | angle=-7.9° | G=1 D=1 delta=0 | mu_N=0.00 mu_Z=1.00 mu_P=0.00 | da=-0.12°
10:11:37.055 | DEBUG    | FUZZY | pos=(426,614) | angle=-8.0° | G=1 D=1 delta=0 | mu_N=0.00 mu_Z=1.00 mu_P=0.00 | da=-0.02°
10:11:37.071 | DEBUG    | FUZZY | pos=(429,614) | angle=-8.0° | G=1 D=1 delta=0 | mu_N=0.00 mu_Z=1.00 mu_P=0.00 | da=-0.00°
10:11:37.088 | DEBUG    | FUZZY | pos=(432,613) | angle=-8.0° | G=1 D=1 delta=0 | mu_N=0.00 mu_Z=1.00 mu_P=0.00 | da=-0.00°
10:11:37.105 | DEBUG    | FUZZY | pos=(435,613) | angle=-8.0° | G=1 D=3 delta=2 | mu_N=0.00 mu_Z=0.97 mu_P=0.02 | da=0.47°
10:11:37.122 | DEBUG    | FUZZY | pos=(438,613) | angle=-7.6° | G=1 D=3 delta=2 | mu_N=0.00 mu_Z=0.97 mu_P=0.02 | da=0.57°
10:11:37.139 | DEBUG    | FUZZY | pos=(441,612) | angle=-7.0° | G=1 D=3 delta=2 | mu_N=0.00 mu_Z=0.97 mu_P=0.02 | da=0.59°
10:11:37.155 | DEBUG    | FUZZY | pos=(444,612) | angle=-6.4° | G=1 D=3 delta=2 | mu_N=0.00 mu_Z=0.97 mu_P=0.02 | da=0.59°
10:11:37.172 | DEBUG    | FUZZY | pos=(447,612) | angle=-5.8° | G=1 D=3 delta=2 | mu_N=0.00 mu_Z=0.97 mu_P=0.02 | da=0.59°
10:11:37.187 | DEBUG    | FUZZY | pos=(450,611) | angle=-5.2° | G=1 D=3 delta=2 | mu_N=0.00 mu_Z=0.97 mu_P=0.02 | da=0.59°
10:11:37.203 | DEBUG    | FUZZY | pos=(453,611) | angle=-4.6° | G=1 D=3 delta=2 | mu_N=0.00 mu_Z=0.97 mu_P=0.02 | da=0.59°
10:11:37.220 | DEBUG    | FUZZY | pos=(456,611) | angle=-4.0° | G=1 D=3 delta=2 | mu_N=0.00 mu_Z=0.97 mu_P=0.02 | da=0.59°
10:11:37.237 | DEBUG    | FUZZY | pos=(459,611) | angle=-3.4° | G=1 D=3 delta=2 | mu_N=0.00 mu_Z=0.97 mu_P=0.02 | da=0.59°
10:11:37.253 | DEBUG    | FUZZY | pos=(462,611) | angle=-2.8° | G=1 D=3 delta=2 | mu_N=0.00 mu_Z=0.97 mu_P=0.02 | da=0.59°
10:11:37.271 | DEBUG    | FUZZY | pos=(465,610) | angle=-2.2° | G=1 D=3 delta=2 | mu_N=0.00 mu_Z=0.97 mu_P=0.02 | da=0.59°
10:11:37.286 | DEBUG    | FUZZY | pos=(468,610) | angle=-1.7° | G=1 D=1 delta=0 | mu_N=0.00 mu_Z=1.00 mu_P=0.00 | da=0.12°
10:11:37.302 | DEBUG    | FUZZY | pos=(471,610) | angle=-1.5° | G=1 D=1 delta=0 | mu_N=0.00 mu_Z=1.00 mu_P=0.00 | da=0.02°
10:11:37.320 | DEBUG    | FUZZY | pos=(474,610) | angle=-1.5° | G=1 D=1 delta=0 | mu_N=0.00 mu_Z=1.00 mu_P=0.00 | da=0.00°
10:11:37.338 | DEBUG    | FUZZY | pos=(477,610) | angle=-1.5° | G=1 D=3 delta=2 | mu_N=0.00 mu_Z=0.97 mu_P=0.02 | da=0.48°
10:11:37.355 | DEBUG    | FUZZY | pos=(480,610) | angle=-1.0° | G=1 D=1 delta=0 | mu_N=0.00 mu_Z=1.00 mu_P=0.00 | da=0.10°
10:11:37.371 | DEBUG    | FUZZY | pos=(483,610) | angle=-0.9° | G=1 D=1 delta=0 | mu_N=0.00 mu_Z=1.00 mu_P=0.00 | da=0.02°
10:11:37.387 | DEBUG    | FUZZY | pos=(486,610) | angle=-0.9° | G=1 D=1 delta=0 | mu_N=0.00 mu_Z=1.00 mu_P=0.00 | da=0.00°
10:11:37.404 | DEBUG    | FUZZY | pos=(489,610) | angle=-0.9° | G=1 D=1 delta=0 | mu_N=0.00 mu_Z=1.00 mu_P=0.00 | da=0.00°
10:11:37.422 | DEBUG    | FUZZY | pos=(492,610) | angle=-0.9° | G=1 D=3 delta=2 | mu_N=0.00 mu_Z=0.97 mu_P=0.02 | da=0.47°
10:11:37.438 | DEBUG    | FUZZY | pos=(495,610) | angle=-0.4° | G=1 D=1 delta=0 | mu_N=0.00 mu_Z=1.00 mu_P=0.00 | da=0.09°
10:11:37.454 | DEBUG    | FUZZY | pos=(498,610) | angle=-0.3° | G=1 D=1 delta=0 | mu_N=0.00 mu_Z=1.00 mu_P=0.00 | da=0.02°
10:11:37.471 | DEBUG    | FUZZY | pos=(501,610) | angle=-0.3° | G=1 D=1 delta=0 | mu_N=0.00 mu_Z=1.00 mu_P=0.00 | da=0.00°
10:11:37.488 | DEBUG    | FUZZY | pos=(504,610) | angle=-0.3° | G=1 D=1 delta=0 | mu_N=0.00 mu_Z=1.00 mu_P=0.00 | da=0.00°
10:11:37.505 | DEBUG    | FUZZY | pos=(507,610) | angle=-0.3° | G=1 D=1 delta=0 | mu_N=0.00 mu_Z=1.00 mu_P=0.00 | da=0.00°
10:11:37.522 | DEBUG    | FUZZY | pos=(510,610) | angle=-0.3° | G=1 D=1 delta=0 | mu_N=0.00 mu_Z=1.00 mu_P=0.00 | da=0.00°
10:11:37.540 | DEBUG    | FUZZY | pos=(513,610) | angle=-0.3° | G=1 D=1 delta=0 | mu_N=0.00 mu_Z=1.00 mu_P=0.00 | da=0.00°
10:11:37.558 | DEBUG    | FUZZY | pos=(516,610) | angle=-0.3° | G=1 D=1 delta=0 | mu_N=0.00 mu_Z=1.00 mu_P=0.00 | da=0.00°
10:11:37.574 | DEBUG    | FUZZY | pos=(519,610) | angle=-0.3° | G=1 D=1 delta=0 | mu_N=0.00 mu_Z=1.00 mu_P=0.00 | da=0.00°
10:11:37.590 | DEBUG    | FUZZY | pos=(522,610) | angle=-0.3° | G=1 D=1 delta=0 | mu_N=0.00 mu_Z=1.00 mu_P=0.00 | da=0.00°
10:11:37.608 | DEBUG    | FUZZY | pos=(525,610) | angle=-0.3° | G=1 D=1 delta=0 | mu_N=0.00 mu_Z=1.00 mu_P=0.00 | da=0.00°
10:11:37.625 | DEBUG    | FUZZY | pos=(528,610) | angle=-0.3° | G=1 D=1 delta=0 | mu_N=0.00 mu_Z=1.00 mu_P=0.00 | da=0.00°
10:11:37.642 | DEBUG    | FUZZY | pos=(531,610) | angle=-0.3° | G=1 D=3 delta=2 | mu_N=0.00 mu_Z=0.97 mu_P=0.02 | da=0.47°
10:11:37.659 | DEBUG    | FUZZY | pos=(534,610) | angle=0.2° | G=1 D=1 delta=0 | mu_N=0.00 mu_Z=1.00 mu_P=0.00 | da=0.09°
10:11:37.675 | DEBUG    | FUZZY | pos=(537,610) | angle=0.2° | G=1 D=1 delta=0 | mu_N=0.00 mu_Z=1.00 mu_P=0.00 | da=0.02°
10:11:37.692 | DEBUG    | FUZZY | pos=(540,610) | angle=0.3° | G=1 D=1 delta=0 | mu_N=0.00 mu_Z=1.00 mu_P=0.00 | da=0.00°
10:11:37.709 | DEBUG    | FUZZY | pos=(543,610) | angle=0.3° | G=1 D=1 delta=0 | mu_N=0.00 mu_Z=1.00 mu_P=0.00 | da=0.00°
10:11:37.725 | DEBUG    | FUZZY | pos=(546,610) | angle=0.3° | G=1 D=1 delta=0 | mu_N=0.00 mu_Z=1.00 mu_P=0.00 | da=0.00°
10:11:37.742 | DEBUG    | FUZZY | pos=(549,610) | angle=0.3° | G=1 D=1 delta=0 | mu_N=0.00 mu_Z=1.00 mu_P=0.00 | da=0.00°
10:11:37.759 | DEBUG    | FUZZY | pos=(552,610) | angle=0.3° | G=1 D=1 delta=0 | mu_N=0.00 mu_Z=1.00 mu_P=0.00 | da=0.00°
10:11:37.776 | DEBUG    | FUZZY | pos=(555,610) | angle=0.3° | G=1 D=1 delta=0 | mu_N=0.00 mu_Z=1.00 mu_P=0.00 | da=0.00°
10:11:37.792 | DEBUG    | FUZZY | pos=(558,610) | angle=0.3° | G=1 D=1 delta=0 | mu_N=0.00 mu_Z=1.00 mu_P=0.00 | da=0.00°
10:11:37.808 | DEBUG    | FUZZY | pos=(561,610) | angle=0.3° | G=1 D=1 delta=0 | mu_N=0.00 mu_Z=1.00 mu_P=0.00 | da=0.00°
10:11:37.824 | DEBUG    | FUZZY | pos=(564,610) | angle=0.3° | G=1 D=1 delta=0 | mu_N=0.00 mu_Z=1.00 mu_P=0.00 | da=0.00°
10:11:37.841 | DEBUG    | FUZZY | pos=(567,610) | angle=0.3° | G=1 D=1 delta=0 | mu_N=0.00 mu_Z=1.00 mu_P=0.00 | da=0.00°
10:11:37.857 | DEBUG    | FUZZY | pos=(570,610) | angle=0.3° | G=1 D=1 delta=0 | mu_N=0.00 mu_Z=1.00 mu_P=0.00 | da=0.00°
10:11:37.873 | DEBUG    | FUZZY | pos=(573,610) | angle=0.3° | G=1 D=1 delta=0 | mu_N=0.00 mu_Z=1.00 mu_P=0.00 | da=0.00°
10:11:37.891 | DEBUG    | FUZZY | pos=(576,610) | angle=0.3° | G=1 D=1 delta=0 | mu_N=0.00 mu_Z=1.00 mu_P=0.00 | da=0.00°
10:11:37.906 | DEBUG    | FUZZY | pos=(579,610) | angle=0.3° | G=1 D=1 delta=0 | mu_N=0.00 mu_Z=1.00 mu_P=0.00 | da=0.00°
10:11:37.923 | DEBUG    | FUZZY | pos=(582,610) | angle=0.3° | G=1 D=1 delta=0 | mu_N=0.00 mu_Z=1.00 mu_P=0.00 | da=0.00°
10:11:37.938 | DEBUG    | FUZZY | pos=(585,610) | angle=0.3° | G=1 D=1 delta=0 | mu_N=0.00 mu_Z=1.00 mu_P=0.00 | da=0.00°
10:11:37.954 | DEBUG    | FUZZY | pos=(588,610) | angle=0.3° | G=1 D=1 delta=0 | mu_N=0.00 mu_Z=1.00 mu_P=0.00 | da=0.00°
10:11:37.971 | DEBUG    | FUZZY | pos=(591,610) | angle=0.3° | G=1 D=1 delta=0 | mu_N=0.00 mu_Z=1.00 mu_P=0.00 | da=0.00°
10:11:37.988 | DEBUG    | FUZZY | pos=(594,610) | angle=0.3° | G=1 D=1 delta=0 | mu_N=0.00 mu_Z=1.00 mu_P=0.00 | da=0.00°
10:11:38.004 | DEBUG    | FUZZY | pos=(597,610) | angle=0.3° | G=1 D=1 delta=0 | mu_N=0.00 mu_Z=1.00 mu_P=0.00 | da=0.00°
10:11:38.021 | DEBUG    | FUZZY | pos=(600,610) | angle=0.3° | G=1 D=1 delta=0 | mu_N=0.00 mu_Z=1.00 mu_P=0.00 | da=0.00°
10:11:38.039 | DEBUG    | FUZZY | pos=(603,610) | angle=0.3° | G=1 D=1 delta=0 | mu_N=0.00 mu_Z=1.00 mu_P=0.00 | da=0.00°
10:11:38.054 | DEBUG    | FUZZY | pos=(606,610) | angle=0.3° | G=1 D=1 delta=0 | mu_N=0.00 mu_Z=1.00 mu_P=0.00 | da=0.00°
10:11:38.071 | DEBUG    | FUZZY | pos=(609,610) | angle=0.3° | G=1 D=1 delta=0 | mu_N=0.00 mu_Z=1.00 mu_P=0.00 | da=0.00°
10:11:38.088 | DEBUG    | FUZZY | pos=(612,610) | angle=0.3° | G=1 D=1 delta=0 | mu_N=0.00 mu_Z=1.00 mu_P=0.00 | da=0.00°
10:11:38.104 | DEBUG    | FUZZY | pos=(615,610) | angle=0.3° | G=1 D=1 delta=0 | mu_N=0.00 mu_Z=1.00 mu_P=0.00 | da=0.00°
10:11:38.121 | DEBUG    | FUZZY | pos=(618,610) | angle=0.3° | G=1 D=1 delta=0 | mu_N=0.00 mu_Z=1.00 mu_P=0.00 | da=0.00°
10:11:38.138 | DEBUG    | FUZZY | pos=(621,610) | angle=0.3° | G=1 D=1 delta=0 | mu_N=0.00 mu_Z=1.00 mu_P=0.00 | da=0.00°
10:11:38.154 | DEBUG    | FUZZY | pos=(624,610) | angle=0.3° | G=1 D=1 delta=0 | mu_N=0.00 mu_Z=1.00 mu_P=0.00 | da=0.00°
10:11:38.171 | DEBUG    | FUZZY | pos=(627,610) | angle=0.3° | G=1 D=1 delta=0 | mu_N=0.00 mu_Z=1.00 mu_P=0.00 | da=0.00°
10:11:38.187 | DEBUG    | FUZZY | pos=(630,610) | angle=0.3° | G=1 D=1 delta=0 | mu_N=0.00 mu_Z=1.00 mu_P=0.00 | da=0.00°
10:11:38.203 | DEBUG    | FUZZY | pos=(633,610) | angle=0.3° | G=1 D=1 delta=0 | mu_N=0.00 mu_Z=1.00 mu_P=0.00 | da=0.00°
10:11:38.219 | DEBUG    | FUZZY | pos=(636,610) | angle=0.3° | G=1 D=1 delta=0 | mu_N=0.00 mu_Z=1.00 mu_P=0.00 | da=0.00°
10:11:38.236 | DEBUG    | FUZZY | pos=(639,610) | angle=0.3° | G=1 D=1 delta=0 | mu_N=0.00 mu_Z=1.00 mu_P=0.00 | da=0.00°
10:11:38.254 | DEBUG    | FUZZY | pos=(642,610) | angle=0.3° | G=1 D=1 delta=0 | mu_N=0.00 mu_Z=1.00 mu_P=0.00 | da=0.00°
10:11:38.270 | DEBUG    | FUZZY | pos=(645,610) | angle=0.3° | G=1 D=1 delta=0 | mu_N=0.00 mu_Z=1.00 mu_P=0.00 | da=0.00°
10:11:38.287 | DEBUG    | FUZZY | pos=(648,610) | angle=0.3° | G=1 D=1 delta=0 | mu_N=0.00 mu_Z=1.00 mu_P=0.00 | da=0.00°
10:11:38.304 | DEBUG    | FUZZY | pos=(651,610) | angle=0.3° | G=1 D=1 delta=0 | mu_N=0.00 mu_Z=1.00 mu_P=0.00 | da=0.00°
10:11:38.322 | DEBUG    | FUZZY | pos=(654,610) | angle=0.3° | G=1 D=1 delta=0 | mu_N=0.00 mu_Z=1.00 mu_P=0.00 | da=0.00°
10:11:38.338 | DEBUG    | FUZZY | pos=(657,610) | angle=0.3° | G=1 D=1 delta=0 | mu_N=0.00 mu_Z=1.00 mu_P=0.00 | da=0.00°
10:11:38.355 | DEBUG    | FUZZY | pos=(660,610) | angle=0.3° | G=1 D=1 delta=0 | mu_N=0.00 mu_Z=1.00 mu_P=0.00 | da=0.00°
10:11:38.371 | DEBUG    | FUZZY | pos=(663,610) | angle=0.3° | G=1 D=1 delta=0 | mu_N=0.00 mu_Z=1.00 mu_P=0.00 | da=0.00°
10:11:38.389 | DEBUG    | FUZZY | pos=(666,610) | angle=0.3° | G=1 D=1 delta=0 | mu_N=0.00 mu_Z=1.00 mu_P=0.00 | da=0.00°
10:11:38.405 | DEBUG    | FUZZY | pos=(669,610) | angle=0.3° | G=1 D=1 delta=0 | mu_N=0.00 mu_Z=1.00 mu_P=0.00 | da=0.00°
10:11:38.421 | DEBUG    | FUZZY | pos=(672,610) | angle=0.3° | G=1 D=1 delta=0 | mu_N=0.00 mu_Z=1.00 mu_P=0.00 | da=0.00°
10:11:38.438 | DEBUG    | FUZZY | pos=(675,610) | angle=0.3° | G=1 D=1 delta=0 | mu_N=0.00 mu_Z=1.00 mu_P=0.00 | da=0.00°
10:11:38.454 | DEBUG    | FUZZY | pos=(678,610) | angle=0.3° | G=1 D=1 delta=0 | mu_N=0.00 mu_Z=1.00 mu_P=0.00 | da=0.00°
10:11:38.471 | DEBUG    | FUZZY | pos=(681,610) | angle=0.3° | G=1 D=1 delta=0 | mu_N=0.00 mu_Z=1.00 mu_P=0.00 | da=0.00°
10:11:38.489 | DEBUG    | FUZZY | pos=(684,610) | angle=0.3° | G=1 D=1 delta=0 | mu_N=0.00 mu_Z=1.00 mu_P=0.00 | da=0.00°
10:11:38.504 | DEBUG    | FUZZY | pos=(687,610) | angle=0.3° | G=1 D=1 delta=0 | mu_N=0.00 mu_Z=1.00 mu_P=0.00 | da=0.00°
10:11:38.521 | DEBUG    | FUZZY | pos=(690,610) | angle=0.3° | G=1 D=1 delta=0 | mu_N=0.00 mu_Z=1.00 mu_P=0.00 | da=0.00°
10:11:38.536 | DEBUG    | FUZZY | pos=(693,610) | angle=0.3° | G=1 D=1 delta=0 | mu_N=0.00 mu_Z=1.00 mu_P=0.00 | da=0.00°
10:11:38.537 | INFO     | ARRIVEE | pos=(696,610) | dist=29.1 px | objectif atteint !
