10:23:41.671 | INFO     | ============================================================
10:23:41.671 | INFO     | INIT | circuit=Parcours 7 segments | start=(25,10) | angle=0°
10:23:42.605 | DEBUG    | FUZZY | pos=(25,10) | angle=0.0° | G=1 D=1 delta=0 | mu_N=0.00 mu_Z=1.00 mu_P=0.00 | da=0.00°
10:23:42.615 | DEBUG    | FUZZY | pos=(28,10) | angle=0.0° | G=1 D=1 delta=0 | mu_N=0.00 mu_Z=1.00 mu_P=0.00 | da=0.00°
10:23:42.632 | DEBUG    | FUZZY | pos=(31,10) | angle=0.0° | G=1 D=1 delta=0 | mu_N=0.00 mu_Z=1.00 mu_P=0.00 | da=0.00°
10:23:42.648 | DEBUG    | FUZZY | pos=(34,10) | angle=0.0° | G=1 D=1 delta=0 | mu_N=0.00 mu_Z=1.00 mu_P=0.00 | da=0.00°
10:23:42.664 | DEBUG    | FUZZY | pos=(37,10) | angle=0.0° | G=1 D=1 delta=0 | mu_N=0.00 mu_Z=1.00 mu_P=0.00 | da=0.00°
10:23:42.681 | DEBUG    | FUZZY | pos=(40,10) | angle=0.0° | G=1 D=1 delta=0 | mu_N=0.00 mu_Z=1.00 mu_P=0.00 | da=0.00°
10:23:42.699 | DEBUG    | FUZZY | pos=(43,10) | angle=0.0° | G=1 D=1 delta=0 | mu_N=0.00 mu_Z=1.00 mu_P=0.00 | da=0.00°
10:23:42.716 | DEBUG    | FUZZY | pos=(46,10) | angle=0.0° | G=1 D=1 delta=0 | mu_N=0.00 mu_Z=1.00 mu_P=0.00 | da=0.00°
10:23:42.731 | DEBUG    | FUZZY | pos=(49,10) | angle=0.0° | G=1 D=1 delta=0 | mu_N=0.00 mu_Z=1.00 mu_P=0.00 | da=0.00°
10:23:42.748 | DEBUG    | FUZZY | pos=(52,10) | angle=0.0° | G=1 D=1 delta=0 | mu_N=0.00 mu_Z=1.00 mu_P=0.00 | da=0.00°
10:23:42.766 | DEBUG    | FUZZY | pos=(55,10) | angle=0.0° | G=1 D=1 delta=0 | mu_N=0.00 mu_Z=1.00 mu_P=0.00 | da=0.00°
10:23:42.781 | DEBUG    | FUZZY | pos=(58,10) | angle=0.0° | G=1 D=1 delta=0 | mu_N=0.00 mu_Z=1.00 mu_P=0.00 | da=0.00°
10:23:42.798 | DEBUG    | FUZZY | pos=(61,10) | angle=0.0° | G=1 D=1 delta=0 | mu_N=0.00 mu_Z=1.00 mu_P=0.00 | da=0.00°
10:23:42.814 | DEBUG    | FUZZY | pos=(64,10) | angle=0.0° | G=1 D=1 delta=0 | mu_N=0.00 mu_Z=1.00 mu_P=0.00 | da=0.00°
10:23:42.831 | DEBUG    | FUZZY | pos=(67,10) | angle=0.0° | G=1 D=1 delta=0 | mu_N=0.00 mu_Z=1.00 mu_P=0.00 | da=0.00°
10:23:42.848 | DEBUG    | FUZZY | pos=(70,10) | angle=0.0° | G=1 D=1 delta=0 | mu_N=0.00 mu_Z=1.00 mu_P=0.00 | da=0.00°
10:23:42.865 | DEBUG    | FUZZY | pos=(73,10) | angle=0.0° | G=1 D=1 delta=0 | mu_N=0.00 mu_Z=1.00 mu_P=0.00 | da=0.00°
10:23:42.881 | DEBUG    | FUZZY | pos=(76,10) | angle=0.0° | G=1 D=1 delta=0 | mu_N=0.00 mu_Z=1.00 mu_P=0.00 | da=0.00°
10:23:42.899 | DEBUG    | FUZZY | pos=(79,10) | angle=0.0° | G=1 D=1 delta=0 | mu_N=0.00 mu_Z=1.00 mu_P=0.00 | da=0.00°
10:23:42.915 | DEBUG    | FUZZY | pos=(82,10) | angle=0.0° | G=1 D=1 delta=0 | mu_N=0.00 mu_Z=1.00 mu_P=0.00 | da=0.00°
10:23:42.933 | DEBUG    | FUZZY | pos=(85,10) | angle=0.0° | G=1 D=1 delta=0 | mu_N=0.00 mu_Z=1.00 mu_P=0.00 | da=0.00°
10:23:42.950 | DEBUG    | FUZZY | pos=(88,10) | angle=0.0° | G=1 D=1 delta=0 | mu_N=0.00 mu_Z=1.00 mu_P=0.00 | da=0.00°
10:23:42.967 | DEBUG    | FUZZY | pos=(91,10) | angle=0.0° | G=1 D=1 delta=0 | mu_N=0.00 mu_Z=1.00 mu_P=0.00 | da=0.00°
10:23:42.984 | DEBUG    | FUZZY | pos=(94,10) | angle=0.0° | G=1 D=1 delta=0 | mu_N=0.00 mu_Z=1.00 mu_P=0.00 | da=0.00°
10:23:43.000 | DEBUG    | FUZZY | pos=(97,10) | angle=0.0° | G=1 D=1 delta=0 | mu_N=0.00 mu_Z=1.00 mu_P=0.00 | da=0.00°
10:23:43.016 | DEBUG    | FUZZY | pos=(100,10) | angle=0.0° | G=1 D=1 delta=0 | mu_N=0.00 mu_Z=1.00 mu_P=0.00 | da=0.00°
10:23:43.034 | DEBUG    | FUZZY | pos=(103,10) | angle=0.0° | G=1 D=1 delta=0 | mu_N=0.00 mu_Z=1.00 mu_P=0.00 | da=0.00°
10:23:43.049 | DEBUG    | FUZZY | pos=(106,10) | angle=0.0° | G=1 D=1 delta=0 | mu_N=0.00 mu_Z=1.00 mu_P=0.00 | da=0.00°
10:23:43.066 | DEBUG    | FUZZY | pos=(109,10) | angle=0.0° | G=1 D=1 delta=0 | mu_N=0.00 mu_Z=1.00 mu_P=0.00 | da=0.00°
10:23:43.083 | DEBUG    | FUZZY | pos=(112,10) | angle=0.0° | G=1 D=1 delta=0 | mu_N=0.00 mu_Z=1.00 mu_P=0.00 | da=0.00°
10:23:43.099 | DEBUG    | FUZZY | pos=(115,10) | angle=0.0° | G=1 D=1 delta=0 | mu_N=0.00 mu_Z=1.00 mu_P=0.00 | da=0.00°
10:23:43.117 | DEBUG    | FUZZY | pos=(118,10) | angle=0.0° | G=1 D=1 delta=0 | mu_N=0.00 mu_Z=1.00 mu_P=0.00 | da=0.00°
10:23:43.133 | DEBUG    | FUZZY | pos=(121,10) | angle=0.0° | G=1 D=1 delta=0 | mu_N=0.00 mu_Z=1.00 mu_P=0.00 | da=0.00°
10:23:43.149 | DEBUG    | FUZZY | pos=(124,10) | angle=0.0° | G=1 D=1 delta=0 | mu_N=0.00 mu_Z=1.00 mu_P=0.00 | da=0.00°
10:23:43.165 | DEBUG    | FUZZY | pos=(127,10) | angle=0.0° | G=1 D=1 delta=0 | mu_N=0.00 mu_Z=1.00 mu_P=0.00 | da=0.00°
10:23:43.182 | DEBUG    | FUZZY | pos=(130,10) | angle=0.0° | G=1 D=1 delta=0 | mu_N=0.00 mu_Z=1.00 mu_P=0.00 | da=0.00°
10:23:43.199 | DEBUG    | FUZZY | pos=(133,10) | angle=0.0° | G=1 D=1 delta=0 | mu_N=0.00 mu_Z=1.00 mu_P=0.00 | da=0.00°
10:23:43.216 | DEBUG    | FUZZY | pos=(136,10) | angle=0.0° | G=1 D=1 delta=0 | mu_N=0.00 mu_Z=1.00 mu_P=0.00 | da=0.00°
10:23:43.232 | DEBUG    | FUZZY | pos=(139,10) | angle=0.0° | G=1 D=1 delta=0 | mu_N=0.00 mu_Z=1.00 mu_P=0.00 | da=0.00°
10:23:43.251 | DEBUG    | FUZZY | pos=(142,10) | angle=0.0° | G=1 D=1 delta=0 | mu_N=0.00 mu_Z=1.00 mu_P=0.00 | da=0.00°
10:23:43.265 | DEBUG    | FUZZY | pos=(145,10) | angle=0.0° | G=1 D=1 delta=0 | mu_N=0.00 mu_Z=1.00 mu_P=0.00 | da=0.00°
10:23:43.281 | DEBUG    | FUZZY | pos=(148,10) | angle=0.0° | G=1 D=1 delta=0 | mu_N=0.00 mu_Z=1.00 mu_P=0.00 | da=0.00°
10:23:43.299 | DEBUG    | FUZZY | pos=(151,10) | angle=0.0° | G=1 D=1 delta=0 | mu_N=0.00 mu_Z=1.00 mu_P=0.00 | da=0.00°
10:23:43.314 | DEBUG    | FUZZY | pos=(154,10) | angle=0.0° | G=1 D=1 delta=0 | mu_N=0.00 mu_Z=1.00 mu_P=0.00 | da=0.00°
10:23:43.332 | DEBUG    | FUZZY | pos=(157,10) | angle=0.0° | G=1 D=1 delta=0 | mu_N=0.00 mu_Z=1.00 mu_P=0.00 | da=0.00°
10:23:43.349 | DEBUG    | FUZZY | pos=(160,10) | angle=0.0° | G=1 D=1 delta=0 | mu_N=0.00 mu_Z=1.00 mu_P=0.00 | da=0.00°
10:23:43.365 | DEBUG    | FUZZY | pos=(163,10) | angle=0.0° | G=1 D=1 delta=0 | mu_N=0.00 mu_Z=1.00 mu_P=0.00 | da=0.00°
10:23:43.383 | DEBUG    | FUZZY | pos=(166,10) | angle=0.0° | G=1 D=1 delta=0 | mu_N=0.00 mu_Z=1.00 mu_P=0.00 | da=0.00°
10:23:43.399 | DEBUG    | FUZZY | pos=(169,10) | angle=0.0° | G=1 D=1 delta=0 | mu_N=0.00 mu_Z=1.00 mu_P=0.00 | da=0.00°
10:23:43.416 | DEBUG    | FUZZY | pos=(172,10) | angle=0.0° | G=1 D=1 delta=0 | mu_N=0.00 mu_Z=1.00 mu_P=0.00 | da=0.00°
10:23:43.433 | DEBUG    | FUZZY | pos=(175,10) | angle=0.0° | G=1 D=1 delta=0 | mu_N=0.00 mu_Z=1.00 mu_P=0.00 | da=0.00°
10:23:43.450 | DEBUG    | FUZZY | pos=(178,10) | angle=0.0° | G=1 D=1 delta=0 | mu_N=0.00 mu_Z=1.00 mu_P=0.00 | da=0.00°
10:23:43.467 | DEBUG    | FUZZY | pos=(181,10) | angle=0.0° | G=1 D=1 delta=0 | mu_N=0.00 mu_Z=1.00 mu_P=0.00 | da=0.00°
10:23:43.481 | DEBUG    | FUZZY | pos=(184,10) | angle=0.0° | G=1 D=1 delta=0 | mu_N=0.00 mu_Z=1.00 mu_P=0.00 | da=0.00°
10:23:43.499 | DEBUG    | FUZZY | pos=(187,10) | angle=0.0° | G=1 D=1 delta=0 | mu_N=0.00 mu_Z=1.00 mu_P=0.00 | da=0.00°
10:23:43.514 | DEBUG    | FUZZY | pos=(190,10) | angle=0.0° | G=1 D=1 delta=0 | mu_N=0.00 mu_Z=1.00 mu_P=0.00 | da=0.00°
10:23:43.531 | DEBUG    | FUZZY | pos=(193,10) | angle=0.0° | G=1 D=255 delta=254 | mu_N=0.00 mu_Z=0.00 mu_P=1.00 | da=12.00°
10:23:43.547 | DEBUG    | FUZZY | pos=(196,10) | angle=12.0° | G=3 D=7 delta=4 | mu_N=0.00 mu_Z=0.87 mu_P=0.02 | da=2.61°
10:23:43.563 | DEBUG    | FUZZY | pos=(199,11) | angle=14.6° | G=1 D=15 delta=14 | mu_N=0.00 mu_Z=0.53 mu_P=0.05 | da=1.64°
10:23:43.581 | DEBUG    | FUZZY | pos=(202,11) | angle=16.3° | G=1 D=31 delta=30 | mu_N=0.00 mu_Z=0.00 mu_P=0.12 | da=12.33°
10:23:43.598 | DEBUG    | FUZZY | pos=(205,12) | angle=28.6° | G=3 D=7 delta=4 | mu_N=0.00 mu_Z=0.87 mu_P=0.02 | da=2.68°
10:23:43.614 | DEBUG    | FUZZY | pos=(207,14) | angle=31.3° | G=3 D=15 delta=12 | mu_N=0.00 mu_Z=0.60 mu_P=0.05 | da=1.41°
10:23:43.630 | DEBUG    | FUZZY | pos=(210,15) | angle=32.7° | G=1 D=15 delta=14 | mu_N=0.00 mu_Z=0.53 mu_P=0.05 | da=1.40°
10:23:43.647 | DEBUG    | FUZZY | pos=(212,17) | angle=34.1° | G=0 D=15 delta=15 | mu_N=0.00 mu_Z=0.50 mu_P=0.06 | da=1.54°
10:23:43.663 | DEBUG    | FUZZY | pos=(215,19) | angle=35.6° | G=0 D=31 delta=31 | mu_N=0.00 mu_Z=0.00 mu_P=0.12 | da=12.31°
10:23:43.681 | DEBUG    | FUZZY | pos=(217,20) | angle=47.9° | G=0 D=15 delta=15 | mu_N=0.00 mu_Z=0.50 mu_P=0.06 | da=3.72°
10:23:43.697 | DEBUG    | FUZZY | pos=(219,22) | angle=51.7° | G=0 D=15 delta=15 | mu_N=0.00 mu_Z=0.50 mu_P=0.06 | da=2.01°
10:23:43.714 | DEBUG    | FUZZY | pos=(221,25) | angle=53.7° | G=0 D=15 delta=15 | mu_N=0.00 mu_Z=0.50 mu_P=0.06 | da=1.66°
10:23:43.730 | DEBUG    | FUZZY | pos=(223,27) | angle=55.3° | G=0 D=15 delta=15 | mu_N=0.00 mu_Z=0.50 mu_P=0.06 | da=1.60°
10:23:43.747 | DEBUG    | FUZZY | pos=(225,30) | angle=56.9° | G=0 D=14 delta=14 | mu_N=0.00 mu_Z=0.53 mu_P=0.05 | da=1.44°
10:23:43.764 | DEBUG    | FUZZY | pos=(226,32) | angle=58.4° | G=0 D=14 delta=14 | mu_N=0.00 mu_Z=0.53 mu_P=0.05 | da=1.41°
10:23:43.781 | DEBUG    | FUZZY | pos=(228,35) | angle=59.8° | G=0 D=14 delta=14 | mu_N=0.00 mu_Z=0.53 mu_P=0.05 | da=1.40°
10:23:43.797 | DEBUG    | FUZZY | pos=(229,37) | angle=61.2° | G=0 D=14 delta=14 | mu_N=0.00 mu_Z=0.53 mu_P=0.05 | da=1.40°
10:23:43.813 | DEBUG    | FUZZY | pos=(231,40) | angle=62.6° | G=0 D=14 delta=14 | mu_N=0.00 mu_Z=0.53 mu_P=0.05 | da=1.40°
10:23:43.831 | DEBUG    | FUZZY | pos=(232,43) | angle=64.0° | G=0 D=14 delta=14 | mu_N=0.00 mu_Z=0.53 mu_P=0.05 | da=1.40°
10:23:43.847 | DEBUG    | FUZZY | pos=(234,45) | angle=65.4° | G=0 D=28 delta=28 | mu_N=0.00 mu_Z=0.07 mu_P=0.11 | da=7.75°
10:23:43.863 | DEBUG    | FUZZY | pos=(235,48) | angle=73.1° | G=0 D=14 delta=14 | mu_N=0.00 mu_Z=0.53 mu_P=0.05 | da=2.67°
10:23:43.880 | DEBUG    | FUZZY | pos=(236,51) | angle=75.8° | G=0 D=14 delta=14 | mu_N=0.00 mu_Z=0.53 mu_P=0.05 | da=1.65°
10:23:43.896 | DEBUG    | FUZZY | pos=(236,54) | angle=77.4° | G=0 D=14 delta=14 | mu_N=0.00 mu_Z=0.53 mu_P=0.05 | da=1.45°
10:23:43.913 | DEBUG    | FUZZY | pos=(237,57) | angle=78.9° | G=0 D=14 delta=14 | mu_N=0.00 mu_Z=0.53 mu_P=0.05 | da=1.41°
10:23:43.930 | DEBUG    | FUZZY | pos=(238,60) | angle=80.3° | G=0 D=14 delta=14 | mu_N=0.00 mu_Z=0.53 mu_P=0.05 | da=1.40°
10:23:43.945 | DEBUG    | FUZZY | pos=(238,63) | angle=81.7° | G=0 D=14 delta=14 | mu_N=0.00 mu_Z=0.53 mu_P=0.05 | da=1.40°
10:23:43.962 | DEBUG    | FUZZY | pos=(239,66) | angle=83.1° | G=0 D=14 delta=14 | mu_N=0.00 mu_Z=0.53 mu_P=0.05 | da=1.40°
10:23:43.978 | DEBUG    | FUZZY | pos=(239,69) | angle=84.5° | G=0 D=14 delta=14 | mu_N=0.00 mu_Z=0.53 mu_P=0.05 | da=1.40°
10:23:43.994 | DEBUG    | FUZZY | pos=(239,72) | angle=85.9° | G=0 D=14 delta=14 | mu_N=0.00 mu_Z=0.53 mu_P=0.05 | da=1.40°
10:23:44.011 | DEBUG    | FUZZY | pos=(239,75) | angle=87.3° | G=0 D=14 delta=14 | mu_N=0.00 mu_Z=0.53 mu_P=0.05 | da=1.40°
10:23:44.028 | DEBUG    | FUZZY | pos=(240,78) | angle=88.7° | G=0 D=14 delta=14 | mu_N=0.00 mu_Z=0.53 mu_P=0.05 | da=1.40°
10:23:44.045 | DEBUG    | FUZZY | pos=(240,81) | angle=90.1° | G=0 D=6 delta=6 | mu_N=0.00 mu_Z=0.80 mu_P=0.02 | da=0.62°
10:23:44.061 | DEBUG    | FUZZY | pos=(240,84) | angle=90.7° | G=0 D=6 delta=6 | mu_N=0.00 mu_Z=0.80 mu_P=0.02 | da=0.47°
10:23:44.078 | DEBUG    | FUZZY | pos=(240,87) | angle=91.2° | G=0 D=6 delta=6 | mu_N=0.00 mu_Z=0.80 mu_P=0.02 | da=0.44°
10:23:44.094 | DEBUG    | FUZZY | pos=(240,90) | angle=91.6° | G=0 D=6 delta=6 | mu_N=0.00 mu_Z=0.80 mu_P=0.02 | da=0.43°
10:23:44.111 | DEBUG    | FUZZY | pos=(239,93) | angle=92.1° | G=0 D=6 delta=6 | mu_N=0.00 mu_Z=0.80 mu_P=0.02 | da=0.43°
10:23:44.128 | DEBUG    | FUZZY | pos=(239,96) | angle=92.5° | G=0 D=6 delta=6 | mu_N=0.00 mu_Z=0.80 mu_P=0.02 | da=0.43°
10:23:44.144 | DEBUG    | FUZZY | pos=(239,99) | angle=92.9° | G=0 D=6 delta=6 | mu_N=0.00 mu_Z=0.80 mu_P=0.02 | da=0.43°
10:23:44.161 | DEBUG    | FUZZY | pos=(239,102) | angle=93.3° | G=0 D=7 delta=7 | mu_N=0.00 mu_Z=0.77 mu_P=0.03 | da=0.50°
10:23:44.178 | DEBUG    | FUZZY | pos=(239,105) | angle=93.8° | G=0 D=7 delta=7 | mu_N=0.00 mu_Z=0.77 mu_P=0.03 | da=0.51°
10:23:44.195 | DEBUG    | FUZZY | pos=(239,108) | angle=94.4° | G=0 D=7 delta=7 | mu_N=0.00 mu_Z=0.77 mu_P=0.03 | da=0.52°
10:23:44.211 | DEBUG    | FUZZY | pos=(239,111) | angle=94.9° | G=0 D=7 delta=7 | mu_N=0.00 mu_Z=0.77 mu_P=0.03 | da=0.52°
10:23:44.228 | DEBUG    | FUZZY | pos=(238,114) | angle=95.4° | G=0 D=7 delta=7 | mu_N=0.00 mu_Z=0.77 mu_P=0.03 | da=0.52°
10:23:44.244 | DEBUG    | FUZZY | pos=(238,117) | angle=95.9° | G=0 D=7 delta=7 | mu_N=0.00 mu_Z=0.77 mu_P=0.03 | da=0.52°
10:23:44.260 | DEBUG    | FUZZY | pos=(238,120) | angle=96.4° | G=0 D=7 delta=7 | mu_N=0.00 mu_Z=0.77 mu_P=0.03 | da=0.52°
10:23:44.276 | DEBUG    | FUZZY | pos=(237,123) | angle=97.0° | G=0 D=7 delta=7 | mu_N=0.00 mu_Z=0.77 mu_P=0.03 | da=0.52°
10:23:44.292 | DEBUG    | FUZZY | pos=(237,126) | angle=97.5° | G=0 D=7 delta=7 | mu_N=0.00 mu_Z=0.77 mu_P=0.03 | da=0.52°
10:23:44.308 | DEBUG    | FUZZY | pos=(237,128) | angle=98.0° | G=0 D=7 delta=7 | mu_N=0.00 mu_Z=0.77 mu_P=0.03 | da=0.52°
10:23:44.325 | DEBUG    | FUZZY | pos=(236,131) | angle=98.5° | G=0 D=3 delta=3 | mu_N=0.00 mu_Z=0.90 mu_P=0.01 | da=0.26°
10:23:44.341 | DEBUG    | FUZZY | pos=(236,134) | angle=98.8° | G=0 D=3 delta=3 | mu_N=0.00 mu_Z=0.90 mu_P=0.01 | da=0.21°
10:23:44.357 | DEBUG    | FUZZY | pos=(235,137) | angle=99.0° | G=0 D=3 delta=3 | mu_N=0.00 mu_Z=0.90 mu_P=0.01 | da=0.20°
10:23:44.374 | DEBUG    | FUZZY | pos=(235,140) | angle=99.2° | G=1 D=3 delta=2 | mu_N=0.00 mu_Z=0.93 mu_P=0.01 | da=0.14°
10:23:44.390 | DEBUG    | FUZZY | pos=(234,143) | angle=99.3° | G=1 D=3 delta=2 | mu_N=0.00 mu_Z=0.93 mu_P=0.01 | da=0.13°
10:23:44.407 | DEBUG    | FUZZY | pos=(234,146) | angle=99.4° | G=1 D=3 delta=2 | mu_N=0.00 mu_Z=0.93 mu_P=0.01 | da=0.13°
10:23:44.423 | DEBUG    | FUZZY | pos=(233,149) | angle=99.6° | G=1 D=3 delta=2 | mu_N=0.00 mu_Z=0.93 mu_P=0.01 | da=0.13°
10:23:44.440 | DEBUG    | FUZZY | pos=(233,152) | angle=99.7° | G=1 D=3 delta=2 | mu_N=0.00 mu_Z=0.93 mu_P=0.01 | da=0.13°
10:23:44.455 | DEBUG    | FUZZY | pos=(232,155) | angle=99.8° | G=1 D=3 delta=2 | mu_N=0.00 mu_Z=0.93 mu_P=0.01 | da=0.13°
10:23:44.472 | DEBUG    | FUZZY | pos=(232,158) | angle=99.9° | G=1 D=3 delta=2 | mu_N=0.00 mu_Z=0.93 mu_P=0.01 | da=0.13°
10:23:44.488 | DEBUG    | FUZZY | pos=(231,161) | angle=100.1° | G=1 D=3 delta=2 | mu_N=0.00 mu_Z=0.93 mu_P=0.01 | da=0.13°
10:23:44.504 | DEBUG    | FUZZY | pos=(231,164) | angle=100.2° | G=1 D=3 delta=2 | mu_N=0.00 mu_Z=0.93 mu_P=0.01 | da=0.13°
10:23:44.520 | DEBUG    | FUZZY | pos=(230,167) | angle=100.3° | G=1 D=1 delta=0 | mu_N=0.00 mu_Z=1.00 mu_P=0.00 | da=0.03°
10:23:44.537 | DEBUG    | FUZZY | pos=(230,170) | angle=100.3° | G=1 D=1 delta=0 | mu_N=0.00 mu_Z=1.00 mu_P=0.00 | da=0.01°
10:23:44.552 | DEBUG    | FUZZY | pos=(229,173) | angle=100.3° | G=1 D=1 delta=0 | mu_N=0.00 mu_Z=1.00 mu_P=0.00 | da=0.00°
10:23:44.571 | DEBUG    | FUZZY | pos=(229,176) | angle=100.3° | G=3 D=1 delta=-2 | mu_N=0.01 mu_Z=0.93 mu_P=0.00 | da=-0.10°
10:23:44.587 | DEBUG    | FUZZY | pos=(228,179) | angle=100.2° | G=3 D=1 delta=-2 | mu_N=0.01 mu_Z=0.93 mu_P=0.00 | da=-0.12°
10:23:44.603 | DEBUG    | FUZZY | pos=(228,182) | angle=100.1° | G=3 D=1 delta=-2 | mu_N=0.01 mu_Z=0.93 mu_P=0.00 | da=-0.12°
10:23:44.619 | DEBUG    | FUZZY | pos=(227,185) | angle=100.0° | G=3 D=1 delta=-2 | mu_N=0.01 mu_Z=0.93 mu_P=0.00 | da=-0.12°
10:23:44.635 | DEBUG    | FUZZY | pos=(227,188) | angle=99.9° | G=3 D=1 delta=-2 | mu_N=0.01 mu_Z=0.93 mu_P=0.00 | da=-0.12°
10:23:44.653 | DEBUG    | FUZZY | pos=(226,191) | angle=99.7° | G=3 D=1 delta=-2 | mu_N=0.01 mu_Z=0.93 mu_P=0.00 | da=-0.12°
10:23:44.669 | DEBUG    | FUZZY | pos=(225,194) | angle=99.6° | G=3 D=1 delta=-2 | mu_N=0.01 mu_Z=0.93 mu_P=0.00 | da=-0.12°
10:23:44.685 | DEBUG    | FUZZY | pos=(225,197) | angle=99.5° | G=3 D=1 delta=-2 | mu_N=0.01 mu_Z=0.93 mu_P=0.00 | da=-0.12°
10:23:44.701 | DEBUG    | FUZZY | pos=(224,199) | angle=99.4° | G=3 D=1 delta=-2 | mu_N=0.01 mu_Z=0.93 mu_P=0.00 | da=-0.12°
10:23:44.718 | DEBUG    | FUZZY | pos=(224,202) | angle=99.2° | G=3 D=1 delta=-2 | mu_N=0.01 mu_Z=0.93 mu_P=0.00 | da=-0.12°
10:23:44.735 | DEBUG    | FUZZY | pos=(224,205) | angle=99.1° | G=3 D=0 delta=-3 | mu_N=0.01 mu_Z=0.90 mu_P=0.00 | da=-0.18°
10:23:44.751 | DEBUG    | FUZZY | pos=(223,208) | angle=98.9° | G=3 D=0 delta=-3 | mu_N=0.01 mu_Z=0.90 mu_P=0.00 | da=-0.19°
10:23:44.766 | DEBUG    | FUZZY | pos=(223,211) | angle=98.8° | G=3 D=0 delta=-3 | mu_N=0.01 mu_Z=0.90 mu_P=0.00 | da=-0.19°
10:23:44.784 | DEBUG    | FUZZY | pos=(222,214) | angle=98.6° | G=3 D=0 delta=-3 | mu_N=0.01 mu_Z=0.90 mu_P=0.00 | da=-0.19°
10:23:44.801 | DEBUG    | FUZZY | pos=(222,217) | angle=98.4° | G=3 D=0 delta=-3 | mu_N=0.01 mu_Z=0.90 mu_P=0.00 | da=-0.19°
10:23:44.818 | DEBUG    | FUZZY | pos=(221,220) | angle=98.2° | G=135 D=0 delta=-135 | mu_N=0.53 mu_Z=0.00 mu_P=0.00 | da=-12.04°
10:23:44.834 | DEBUG    | FUZZY | pos=(221,223) | angle=86.1° | G=3 D=1 delta=-2 | mu_N=0.01 mu_Z=0.93 mu_P=0.00 | da=-2.51°
10:23:44.850 | DEBUG    | FUZZY | pos=(221,226) | angle=83.6° | G=3 D=1 delta=-2 | mu_N=0.01 mu_Z=0.93 mu_P=0.00 | da=-0.60°
10:23:44.866 | DEBUG    | FUZZY | pos=(221,229) | angle=83.0° | G=7 D=1 delta=-6 | mu_N=0.02 mu_Z=0.80 mu_P=0.00 | da=-0.46°
10:23:44.883 | DEBUG    | FUZZY | pos=(222,232) | angle=82.6° | G=63 D=1 delta=-62 | mu_N=0.24 mu_Z=0.00 mu_P=0.00 | da=-12.09°
10:23:44.899 | DEBUG    | FUZZY | pos=(222,235) | angle=70.5° | G=7 D=1 delta=-6 | mu_N=0.02 mu_Z=0.80 mu_P=0.00 | da=-2.76°
10:23:44.916 | DEBUG    | FUZZY | pos=(223,238) | angle=67.7° | G=15 D=1 delta=-14 | mu_N=0.05 mu_Z=0.53 mu_P=0.00 | da=-1.67°
10:23:44.934 | DEBUG    | FUZZY | pos=(224,241) | angle=66.0° | G=15 D=3 delta=-12 | mu_N=0.05 mu_Z=0.60 mu_P=0.00 | da=-1.21°
10:23:44.950 | DEBUG    | FUZZY | pos=(225,243) | angle=64.8° | G=31 D=1 delta=-30 | mu_N=0.12 mu_Z=0.00 mu_P=0.00 | da=-12.24°
10:23:44.965 | DEBUG    | FUZZY | pos=(227,246) | angle=52.6° | G=15 D=1 delta=-14 | mu_N=0.05 mu_Z=0.53 mu_P=0.00 | da=-3.57°
10:23:44.983 | DEBUG    | FUZZY | pos=(229,249) | angle=49.0° | G=15 D=0 delta=-15 | mu_N=0.06 mu_Z=0.50 mu_P=0.00 | da=-1.98°
10:23:44.999 | DEBUG    | FUZZY | pos=(231,251) | angle=47.0° | G=15 D=0 delta=-15 | mu_N=0.06 mu_Z=0.50 mu_P=0.00 | da=-1.66°
10:23:45.015 | DEBUG    | FUZZY | pos=(233,253) | angle=45.4° | G=15 D=0 delta=-15 | mu_N=0.06 mu_Z=0.50 mu_P=0.00 | da=-1.59°
10:23:45.032 | DEBUG    | FUZZY | pos=(235,255) | angle=43.8° | G=14 D=0 delta=-14 | mu_N=0.05 mu_Z=0.53 mu_P=0.00 | da=-1.44°
10:23:45.049 | DEBUG    | FUZZY | pos=(237,257) | angle=42.4° | G=30 D=0 delta=-30 | mu_N=0.12 mu_Z=0.00 mu_P=0.00 | da=-12.29°
10:23:45.064 | DEBUG    | FUZZY | pos=(239,259) | angle=30.1° | G=15 D=0 delta=-15 | mu_N=0.06 mu_Z=0.50 mu_P=0.00 | da=-3.72°
10:23:45.082 | DEBUG    | FUZZY | pos=(242,261) | angle=26.3° | G=7 D=0 delta=-7 | mu_N=0.03 mu_Z=0.77 mu_P=0.00 | da=-1.16°
10:23:45.098 | DEBUG    | FUZZY | pos=(244,262) | angle=25.2° | G=14 D=0 delta=-14 | mu_N=0.05 mu_Z=0.53 mu_P=0.00 | da=-1.35°
10:23:45.114 | DEBUG    | FUZZY | pos=(247,263) | angle=23.8° | G=14 D=0 delta=-14 | mu_N=0.05 mu_Z=0.53 mu_P=0.00 | da=-1.39°
10:23:45.130 | DEBUG    | FUZZY | pos=(250,265) | angle=22.4° | G=14 D=0 delta=-14 | mu_N=0.05 mu_Z=0.53 mu_P=0.00 | da=-1.40°
10:23:45.146 | DEBUG    | FUZZY | pos=(253,266) | angle=21.0° | G=14 D=0 delta=-14 | mu_N=0.05 mu_Z=0.53 mu_P=0.00 | da=-1.40°
10:23:45.163 | DEBUG    | FUZZY | pos=(255,267) | angle=19.6° | G=14 D=0 delta=-14 | mu_N=0.05 mu_Z=0.53 mu_P=0.00 | da=-1.40°
10:23:45.180 | DEBUG    | FUZZY | pos=(258,268) | angle=18.2° | G=14 D=0 delta=-14 | mu_N=0.05 mu_Z=0.53 mu_P=0.00 | da=-1.40°
10:23:45.195 | DEBUG    | FUZZY | pos=(261,269) | angle=16.8° | G=14 D=0 delta=-14 | mu_N=0.05 mu_Z=0.53 mu_P=0.00 | da=-1.40°
10:23:45.211 | DEBUG    | FUZZY | pos=(264,270) | angle=15.4° | G=14 D=0 delta=-14 | mu_N=0.05 mu_Z=0.53 mu_P=0.00 | da=-1.40°
10:23:45.229 | DEBUG    | FUZZY | pos=(267,270) | angle=14.0° | G=14 D=0 delta=-14 | mu_N=0.05 mu_Z=0.53 mu_P=0.00 | da=-1.40°
10:23:45.245 | DEBUG    | FUZZY | pos=(270,271) | angle=12.6° | G=14 D=0 delta=-14 | mu_N=0.05 mu_Z=0.53 mu_P=0.00 | da=-1.40°
10:23:45.261 | DEBUG    | FUZZY | pos=(273,272) | angle=11.2° | G=14 D=0 delta=-14 | mu_N=0.05 mu_Z=0.53 mu_P=0.00 | da=-1.40°
10:23:45.278 | DEBUG    | FUZZY | pos=(276,272) | angle=9.8° | G=14 D=0 delta=-14 | mu_N=0.05 mu_Z=0.53 mu_P=0.00 | da=-1.40°
10:23:45.295 | DEBUG    | FUZZY | pos=(279,273) | angle=8.4° | G=14 D=0 delta=-14 | mu_N=0.05 mu_Z=0.53 mu_P=0.00 | da=-1.40°
10:23:45.311 | DEBUG    | FUZZY | pos=(282,273) | angle=7.0° | G=14 D=0 delta=-14 | mu_N=0.05 mu_Z=0.53 mu_P=0.00 | da=-1.40°
10:23:45.328 | DEBUG    | FUZZY | pos=(284,274) | angle=5.6° | G=14 D=0 delta=-14 | mu_N=0.05 mu_Z=0.53 mu_P=0.00 | da=-1.40°
10:23:45.343 | DEBUG    | FUZZY | pos=(287,274) | angle=4.2° | G=14 D=0 delta=-14 | mu_N=0.05 mu_Z=0.53 mu_P=0.00 | da=-1.40°
10:23:45.361 | DEBUG    | FUZZY | pos=(290,274) | angle=2.8° | G=14 D=0 delta=-14 | mu_N=0.05 mu_Z=0.53 mu_P=0.00 | da=-1.40°
10:23:45.378 | DEBUG    | FUZZY | pos=(293,274) | angle=1.4° | G=14 D=0 delta=-14 | mu_N=0.05 mu_Z=0.53 mu_P=0.00 | da=-1.40°
10:23:45.395 | DEBUG    | FUZZY | pos=(296,274) | angle=0.0° | G=6 D=0 delta=-6 | mu_N=0.02 mu_Z=0.80 mu_P=0.00 | da=-0.62°
10:23:45.412 | DEBUG    | FUZZY | pos=(299,274) | angle=-0.6° | G=6 D=0 delta=-6 | mu_N=0.02 mu_Z=0.80 mu_P=0.00 | da=-0.47°
10:23:45.429 | DEBUG    | FUZZY | pos=(302,274) | angle=-1.0° | G=6 D=0 delta=-6 | mu_N=0.02 mu_Z=0.80 mu_P=0.00 | da=-0.44°
10:23:45.446 | DEBUG    | FUZZY | pos=(305,274) | angle=-1.5° | G=6 D=0 delta=-6 | mu_N=0.02 mu_Z=0.80 mu_P=0.00 | da=-0.43°
10:23:45.463 | DEBUG    | FUZZY | pos=(308,274) | angle=-1.9° | G=6 D=0 delta=-6 | mu_N=0.02 mu_Z=0.80 mu_P=0.00 | da=-0.43°
10:23:45.481 | DEBUG    | FUZZY | pos=(311,274) | angle=-2.3° | G=6 D=0 delta=-6 | mu_N=0.02 mu_Z=0.80 mu_P=0.00 | da=-0.43°
10:23:45.498 | DEBUG    | FUZZY | pos=(314,274) | angle=-2.8° | G=6 D=0 delta=-6 | mu_N=0.02 mu_Z=0.80 mu_P=0.00 | da=-0.43°
10:23:45.515 | DEBUG    | FUZZY | pos=(317,274) | angle=-3.2° | G=7 D=0 delta=-7 | mu_N=0.03 mu_Z=0.77 mu_P=0.00 | da=-0.50°
10:23:45.530 | DEBUG    | FUZZY | pos=(320,274) | angle=-3.7° | G=7 D=0 delta=-7 | mu_N=0.03 mu_Z=0.77 mu_P=0.00 | da=-0.51°
10:23:45.546 | DEBUG    | FUZZY | pos=(323,274) | angle=-4.2° | G=7 D=0 delta=-7 | mu_N=0.03 mu_Z=0.77 mu_P=0.00 | da=-0.52°
10:23:45.563 | DEBUG    | FUZZY | pos=(326,273) | angle=-4.7° | G=7 D=0 delta=-7 | mu_N=0.03 mu_Z=0.77 mu_P=0.00 | da=-0.52°
10:23:45.579 | DEBUG    | FUZZY | pos=(329,273) | angle=-5.3° | G=7 D=0 delta=-7 | mu_N=0.03 mu_Z=0.77 mu_P=0.00 | da=-0.52°
10:23:45.595 | DEBUG    | FUZZY | pos=(332,273) | angle=-5.8° | G=7 D=0 delta=-7 | mu_N=0.03 mu_Z=0.77 mu_P=0.00 | da=-0.52°
10:23:45.611 | DEBUG    | FUZZY | pos=(335,273) | angle=-6.3° | G=7 D=0 delta=-7 | mu_N=0.03 mu_Z=0.77 mu_P=0.00 | da=-0.52°
10:23:45.629 | DEBUG    | FUZZY | pos=(338,272) | angle=-6.8° | G=7 D=0 delta=-7 | mu_N=0.03 mu_Z=0.77 mu_P=0.00 | da=-0.52°
10:23:45.645 | DEBUG    | FUZZY | pos=(341,272) | angle=-7.3° | G=7 D=0 delta=-7 | mu_N=0.03 mu_Z=0.77 mu_P=0.00 | da=-0.52°
10:23:45.661 | DEBUG    | FUZZY | pos=(344,271) | angle=-7.8° | G=7 D=0 delta=-7 | mu_N=0.03 mu_Z=0.77 mu_P=0.00 | da=-0.52°
10:23:45.680 | DEBUG    | FUZZY | pos=(347,271) | angle=-8.4° | G=3 D=0 delta=-3 | mu_N=0.01 mu_Z=0.90 mu_P=0.00 | da=-0.26°
10:23:45.697 | DEBUG    | FUZZY | pos=(350,271) | angle=-8.6° | G=3 D=0 delta=-3 | mu_N=0.01 mu_Z=0.90 mu_P=0.00 | da=-0.21°
10:23:45.713 | DEBUG    | FUZZY | pos=(353,270) | angle=-8.8° | G=3 D=0 delta=-3 | mu_N=0.01 mu_Z=0.90 mu_P=0.00 | da=-0.20°
10:23:45.731 | DEBUG    | FUZZY | pos=(356,270) | angle=-9.0° | G=3 D=1 delta=-2 | mu_N=0.01 mu_Z=0.93 mu_P=0.00 | da=-0.14°
10:23:45.747 | DEBUG    | FUZZY | pos=(359,269) | angle=-9.2° | G=3 D=1 delta=-2 | mu_N=0.01 mu_Z=0.93 mu_P=0.00 | da=-0.13°
10:23:45.763 | DEBUG    | FUZZY | pos=(362,269) | angle=-9.3° | G=3 D=1 delta=-2 | mu_N=0.01 mu_Z=0.93 mu_P=0.00 | da=-0.13°
10:23:45.780 | DEBUG    | FUZZY | pos=(365,268) | angle=-9.4° | G=3 D=1 delta=-2 | mu_N=0.01 mu_Z=0.93 mu_P=0.00 | da=-0.13°
10:23:45.798 | DEBUG    | FUZZY | pos=(368,268) | angle=-9.5° | G=3 D=1 delta=-2 | mu_N=0.01 mu_Z=0.93 mu_P=0.00 | da=-0.13°
10:23:45.815 | DEBUG    | FUZZY | pos=(371,267) | angle=-9.7° | G=3 D=1 delta=-2 | mu_N=0.01 mu_Z=0.93 mu_P=0.00 | da=-0.13°
10:23:45.831 | DEBUG    | FUZZY | pos=(374,267) | angle=-9.8° | G=3 D=1 delta=-2 | mu_N=0.01 mu_Z=0.93 mu_P=0.00 | da=-0.13°
10:23:45.848 | DEBUG    | FUZZY | pos=(377,266) | angle=-9.9° | G=3 D=1 delta=-2 | mu_N=0.01 mu_Z=0.93 mu_P=0.00 | da=-0.13°
10:23:45.863 | DEBUG    | FUZZY | pos=(380,266) | angle=-10.0° | G=3 D=1 delta=-2 | mu_N=0.01 mu_Z=0.93 mu_P=0.00 | da=-0.13°
10:23:45.881 | DEBUG    | FUZZY | pos=(383,265) | angle=-10.2° | G=1 D=1 delta=0 | mu_N=0.00 mu_Z=1.00 mu_P=0.00 | da=-0.03°
10:23:45.897 | DEBUG    | FUZZY | pos=(386,265) | angle=-10.2° | G=1 D=225 delta=224 | mu_N=0.00 mu_Z=0.00 mu_P=0.88 | da=11.99°
10:23:45.914 | DEBUG    | FUZZY | pos=(389,264) | angle=1.8° | G=3 D=1 delta=-2 | mu_N=0.01 mu_Z=0.93 mu_P=0.00 | da=2.30°
10:23:45.932 | DEBUG    | FUZZY | pos=(392,264) | angle=4.1° | G=3 D=1 delta=-2 | mu_N=0.01 mu_Z=0.93 mu_P=0.00 | da=0.36°
10:23:45.947 | DEBUG    | FUZZY | pos=(395,264) | angle=4.5° | G=3 D=63 delta=60 | mu_N=0.00 mu_Z=0.00 mu_P=0.24 | da=12.07°
10:23:45.963 | DEBUG    | FUZZY | pos=(398,265) | angle=16.5° | G=3 D=7 delta=4 | mu_N=0.00 mu_Z=0.87 mu_P=0.02 | da=2.63°
10:23:45.981 | DEBUG    | FUZZY | pos=(401,266) | angle=19.2° | G=3 D=15 delta=12 | mu_N=0.00 mu_Z=0.60 mu_P=0.05 | da=1.40°
10:23:45.998 | DEBUG    | FUZZY | pos=(403,267) | angle=20.6° | G=7 D=15 delta=8 | mu_N=0.00 mu_Z=0.73 mu_P=0.03 | da=0.77°
10:23:46.014 | DEBUG    | FUZZY | pos=(406,268) | angle=21.3° | G=3 D=31 delta=28 | mu_N=0.00 mu_Z=0.07 mu_P=0.11 | da=7.62°
10:23:46.032 | DEBUG    | FUZZY | pos=(409,269) | angle=29.0° | G=1 D=15 delta=14 | mu_N=0.00 mu_Z=0.53 mu_P=0.05 | da=2.64°
10:23:46.048 | DEBUG    | FUZZY | pos=(412,270) | angle=31.6° | G=0 D=31 delta=31 | mu_N=0.00 mu_Z=0.00 mu_P=0.12 | da=12.53°
10:23:46.064 | DEBUG    | FUZZY | pos=(414,272) | angle=44.1° | G=1 D=7 delta=6 | mu_N=0.00 mu_Z=0.80 mu_P=0.02 | da=2.85°
10:23:46.082 | DEBUG    | FUZZY | pos=(416,274) | angle=47.0° | G=0 D=7 delta=7 | mu_N=0.00 mu_Z=0.77 mu_P=0.03 | da=0.98°
10:23:46.098 | DEBUG    | FUZZY | pos=(418,276) | angle=48.0° | G=0 D=15 delta=15 | mu_N=0.00 mu_Z=0.50 mu_P=0.06 | da=1.46°
10:23:46.113 | DEBUG    | FUZZY | pos=(420,278) | angle=49.4° | G=0 D=15 delta=15 | mu_N=0.00 mu_Z=0.50 mu_P=0.06 | da=1.56°
10:23:46.130 | DEBUG    | FUZZY | pos=(422,280) | angle=51.0° | G=0 D=14 delta=14 | mu_N=0.00 mu_Z=0.53 mu_P=0.05 | da=1.43°
10:23:46.146 | DEBUG    | FUZZY | pos=(424,283) | angle=52.4° | G=0 D=14 delta=14 | mu_N=0.00 mu_Z=0.53 mu_P=0.05 | da=1.41°
10:23:46.161 | DEBUG    | FUZZY | pos=(426,285) | angle=53.8° | G=0 D=30 delta=30 | mu_N=0.00 mu_Z=0.00 mu_P=0.12 | da=12.28°
10:23:46.179 | DEBUG    | FUZZY | pos=(428,288) | angle=66.1° | G=0 D=14 delta=14 | mu_N=0.00 mu_Z=0.53 mu_P=0.05 | da=3.58°
10:23:46.196 | DEBUG    | FUZZY | pos=(429,290) | angle=69.7° | G=0 D=6 delta=6 | mu_N=0.00 mu_Z=0.80 mu_P=0.02 | da=1.06°
10:23:46.213 | DEBUG    | FUZZY | pos=(430,293) | angle=70.7° | G=0 D=6 delta=6 | mu_N=0.00 mu_Z=0.80 mu_P=0.02 | da=0.55°
10:23:46.228 | DEBUG    | FUZZY | pos=(431,296) | angle=71.3° | G=0 D=14 delta=14 | mu_N=0.00 mu_Z=0.53 mu_P=0.05 | da=1.23°
10:23:46.244 | DEBUG    | FUZZY | pos=(432,299) | angle=72.5° | G=0 D=14 delta=14 | mu_N=0.00 mu_Z=0.53 mu_P=0.05 | da=1.37°
10:23:46.261 | DEBUG    | FUZZY | pos=(433,302) | angle=73.9° | G=0 D=14 delta=14 | mu_N=0.00 mu_Z=0.53 mu_P=0.05 | da=1.39°
10:23:46.276 | DEBUG    | FUZZY | pos=(434,305) | angle=75.3° | G=0 D=14 delta=14 | mu_N=0.00 mu_Z=0.53 mu_P=0.05 | da=1.40°
10:23:46.293 | DEBUG    | FUZZY | pos=(435,307) | angle=76.7° | G=0 D=14 delta=14 | mu_N=0.00 mu_Z=0.53 mu_P=0.05 | da=1.40°
10:23:46.310 | DEBUG    | FUZZY | pos=(435,310) | angle=78.1° | G=0 D=14 delta=14 | mu_N=0.00 mu_Z=0.53 mu_P=0.05 | da=1.40°
10:23:46.328 | DEBUG    | FUZZY | pos=(436,313) | angle=79.5° | G=0 D=14 delta=14 | mu_N=0.00 mu_Z=0.53 mu_P=0.05 | da=1.40°
10:23:46.344 | DEBUG    | FUZZY | pos=(436,316) | angle=80.9° | G=0 D=14 delta=14 | mu_N=0.00 mu_Z=0.53 mu_P=0.05 | da=1.40°
10:23:46.361 | DEBUG    | FUZZY | pos=(437,319) | angle=82.3° | G=0 D=14 delta=14 | mu_N=0.00 mu_Z=0.53 mu_P=0.05 | da=1.40°
10:23:46.376 | DEBUG    | FUZZY | pos=(437,322) | angle=83.7° | G=0 D=14 delta=14 | mu_N=0.00 mu_Z=0.53 mu_P=0.05 | da=1.40°
10:23:46.393 | DEBUG    | FUZZY | pos=(438,325) | angle=85.1° | G=0 D=14 delta=14 | mu_N=0.00 mu_Z=0.53 mu_P=0.05 | da=1.40°
10:23:46.409 | DEBUG    | FUZZY | pos=(438,328) | angle=86.5° | G=0 D=6 delta=6 | mu_N=0.00 mu_Z=0.80 mu_P=0.02 | da=0.62°
10:23:46.425 | DEBUG    | FUZZY | pos=(438,331) | angle=87.1° | G=0 D=6 delta=6 | mu_N=0.00 mu_Z=0.80 mu_P=0.02 | da=0.47°
10:23:46.441 | DEBUG    | FUZZY | pos=(438,334) | angle=87.6° | G=0 D=6 delta=6 | mu_N=0.00 mu_Z=0.80 mu_P=0.02 | da=0.44°
10:23:46.458 | DEBUG    | FUZZY | pos=(438,337) | angle=88.0° | G=0 D=6 delta=6 | mu_N=0.00 mu_Z=0.80 mu_P=0.02 | da=0.43°
10:23:46.474 | DEBUG    | FUZZY | pos=(438,340) | angle=88.4° | G=0 D=6 delta=6 | mu_N=0.00 mu_Z=0.80 mu_P=0.02 | da=0.43°
10:23:46.491 | DEBUG    | FUZZY | pos=(439,343) | angle=88.9° | G=0 D=6 delta=6 | mu_N=0.00 mu_Z=0.80 mu_P=0.02 | da=0.43°
10:23:46.506 | DEBUG    | FUZZY | pos=(439,346) | angle=89.3° | G=0 D=6 delta=6 | mu_N=0.00 mu_Z=0.80 mu_P=0.02 | da=0.43°
10:23:46.523 | DEBUG    | FUZZY | pos=(439,349) | angle=89.7° | G=0 D=6 delta=6 | mu_N=0.00 mu_Z=0.80 mu_P=0.02 | da=0.43°
10:23:46.539 | DEBUG    | FUZZY | pos=(439,352) | angle=90.1° | G=0 D=6 delta=6 | mu_N=0.00 mu_Z=0.80 mu_P=0.02 | da=0.43°
10:23:46.554 | DEBUG    | FUZZY | pos=(439,355) | angle=90.6° | G=0 D=6 delta=6 | mu_N=0.00 mu_Z=0.80 mu_P=0.02 | da=0.43°
10:23:46.572 | DEBUG    | FUZZY | pos=(439,358) | angle=91.0° | G=0 D=6 delta=6 | mu_N=0.00 mu_Z=0.80 mu_P=0.02 | da=0.43°
10:23:46.588 | DEBUG    | FUZZY | pos=(439,361) | angle=91.4° | G=0 D=6 delta=6 | mu_N=0.00 mu_Z=0.80 mu_P=0.02 | da=0.43°
10:23:46.605 | DEBUG    | FUZZY | pos=(438,364) | angle=91.9° | G=0 D=7 delta=7 | mu_N=0.00 mu_Z=0.77 mu_P=0.03 | da=0.50°
10:23:46.621 | DEBUG    | FUZZY | pos=(438,367) | angle=92.4° | G=0 D=7 delta=7 | mu_N=0.00 mu_Z=0.77 mu_P=0.03 | da=0.51°
10:23:46.638 | DEBUG    | FUZZY | pos=(438,370) | angle=92.9° | G=0 D=7 delta=7 | mu_N=0.00 mu_Z=0.77 mu_P=0.03 | da=0.52°
10:23:46.655 | DEBUG    | FUZZY | pos=(438,373) | angle=93.4° | G=0 D=7 delta=7 | mu_N=0.00 mu_Z=0.77 mu_P=0.03 | da=0.52°
10:23:46.671 | DEBUG    | FUZZY | pos=(438,376) | angle=93.9° | G=0 D=7 delta=7 | mu_N=0.00 mu_Z=0.77 mu_P=0.03 | da=0.52°
10:23:46.686 | DEBUG    | FUZZY | pos=(438,379) | angle=94.4° | G=0 D=31 delta=31 | mu_N=0.00 mu_Z=0.00 mu_P=0.12 | da=12.10°
10:23:46.703 | DEBUG    | FUZZY | pos=(438,382) | angle=106.5° | G=1 D=3 delta=2 | mu_N=0.00 mu_Z=0.93 mu_P=0.01 | da=2.52°
10:23:46.719 | DEBUG    | FUZZY | pos=(437,385) | angle=109.1° | G=1 D=7 delta=6 | mu_N=0.00 mu_Z=0.80 mu_P=0.02 | da=0.85°
10:23:46.735 | DEBUG    | FUZZY | pos=(436,388) | angle=109.9° | G=0 D=15 delta=15 | mu_N=0.00 mu_Z=0.50 mu_P=0.06 | da=1.43°
10:23:46.753 | DEBUG    | FUZZY | pos=(435,391) | angle=111.3° | G=0 D=31 delta=31 | mu_N=0.00 mu_Z=0.00 mu_P=0.12 | da=12.29°
10:23:46.768 | DEBUG    | FUZZY | pos=(434,393) | angle=123.6° | G=1 D=7 delta=6 | mu_N=0.00 mu_Z=0.80 mu_P=0.02 | da=2.80°
10:23:46.784 | DEBUG    | FUZZY | pos=(432,396) | angle=126.4° | G=1 D=15 delta=14 | mu_N=0.00 mu_Z=0.53 mu_P=0.05 | da=1.68°
10:23:46.802 | DEBUG    | FUZZY | pos=(430,398) | angle=128.1° | G=0 D=15 delta=15 | mu_N=0.00 mu_Z=0.50 mu_P=0.06 | da=1.60°
10:23:46.818 | DEBUG    | FUZZY | pos=(428,401) | angle=129.7° | G=0 D=15 delta=15 | mu_N=0.00 mu_Z=0.50 mu_P=0.06 | da=1.58°
10:23:46.835 | DEBUG    | FUZZY | pos=(426,403) | angle=131.3° | G=0 D=30 delta=30 | mu_N=0.00 mu_Z=0.00 mu_P=0.12 | da=12.32°
10:23:46.851 | DEBUG    | FUZZY | pos=(424,405) | angle=143.6° | G=0 D=7 delta=7 | mu_N=0.00 mu_Z=0.77 mu_P=0.03 | da=2.88°
10:23:46.868 | DEBUG    | FUZZY | pos=(422,407) | angle=146.5° | G=0 D=7 delta=7 | mu_N=0.00 mu_Z=0.77 mu_P=0.03 | da=0.99°
10:23:46.885 | DEBUG    | FUZZY | pos=(419,409) | angle=147.5° | G=0 D=15 delta=15 | mu_N=0.00 mu_Z=0.50 mu_P=0.06 | da=1.46°
10:23:46.901 | DEBUG    | FUZZY | pos=(417,410) | angle=148.9° | G=0 D=14 delta=14 | mu_N=0.00 mu_Z=0.53 mu_P=0.05 | da=1.41°
10:23:46.918 | DEBUG    | FUZZY | pos=(414,412) | angle=150.3° | G=0 D=14 delta=14 | mu_N=0.00 mu_Z=0.53 mu_P=0.05 | da=1.40°
10:23:46.934 | DEBUG    | FUZZY | pos=(412,413) | angle=151.7° | G=0 D=14 delta=14 | mu_N=0.00 mu_Z=0.53 mu_P=0.05 | da=1.40°
10:23:46.950 | DEBUG    | FUZZY | pos=(409,415) | angle=153.1° | G=0 D=14 delta=14 | mu_N=0.00 mu_Z=0.53 mu_P=0.05 | da=1.40°
10:23:46.968 | DEBUG    | FUZZY | pos=(406,416) | angle=154.5° | G=0 D=14 delta=14 | mu_N=0.00 mu_Z=0.53 mu_P=0.05 | da=1.40°
10:23:46.984 | DEBUG    | FUZZY | pos=(404,417) | angle=155.9° | G=0 D=14 delta=14 | mu_N=0.00 mu_Z=0.53 mu_P=0.05 | da=1.40°
10:23:47.001 | DEBUG    | FUZZY | pos=(401,419) | angle=157.3° | G=0 D=14 delta=14 | mu_N=0.00 mu_Z=0.53 mu_P=0.05 | da=1.40°
10:23:47.017 | DEBUG    | FUZZY | pos=(398,420) | angle=158.7° | G=0 D=12 delta=12 | mu_N=0.00 mu_Z=0.60 mu_P=0.05 | da=1.15°
10:23:47.033 | DEBUG    | FUZZY | pos=(395,421) | angle=159.9° | G=0 D=12 delta=12 | mu_N=0.00 mu_Z=0.60 mu_P=0.05 | da=1.10°
10:23:47.050 | DEBUG    | FUZZY | pos=(393,422) | angle=161.0° | G=0 D=28 delta=28 | mu_N=0.00 mu_Z=0.07 mu_P=0.11 | da=7.69°
10:23:47.065 | DEBUG    | FUZZY | pos=(390,423) | angle=168.7° | G=0 D=14 delta=14 | mu_N=0.00 mu_Z=0.53 mu_P=0.05 | da=2.66°
10:23:47.081 | DEBUG    | FUZZY | pos=(387,424) | angle=171.3° | G=0 D=14 delta=14 | mu_N=0.00 mu_Z=0.53 mu_P=0.05 | da=1.65°
10:23:47.098 | DEBUG    | FUZZY | pos=(384,424) | angle=173.0° | G=0 D=14 delta=14 | mu_N=0.00 mu_Z=0.53 mu_P=0.05 | da=1.45°
10:23:47.115 | DEBUG    | FUZZY | pos=(381,424) | angle=174.4° | G=0 D=14 delta=14 | mu_N=0.00 mu_Z=0.53 mu_P=0.05 | da=1.41°
10:23:47.133 | DEBUG    | FUZZY | pos=(378,425) | angle=175.9° | G=0 D=14 delta=14 | mu_N=0.00 mu_Z=0.53 mu_P=0.05 | da=1.40°
10:23:47.150 | DEBUG    | FUZZY | pos=(375,425) | angle=177.3° | G=0 D=14 delta=14 | mu_N=0.00 mu_Z=0.53 mu_P=0.05 | da=1.40°
10:23:47.167 | DEBUG    | FUZZY | pos=(372,425) | angle=178.7° | G=0 D=14 delta=14 | mu_N=0.00 mu_Z=0.53 mu_P=0.05 | da=1.40°
10:23:47.183 | DEBUG    | FUZZY | pos=(369,425) | angle=180.1° | G=0 D=14 delta=14 | mu_N=0.00 mu_Z=0.53 mu_P=0.05 | da=1.40°
10:23:47.200 | DEBUG    | FUZZY | pos=(366,425) | angle=181.5° | G=0 D=6 delta=6 | mu_N=0.00 mu_Z=0.80 mu_P=0.02 | da=0.62°
10:23:47.217 | DEBUG    | FUZZY | pos=(363,425) | angle=182.1° | G=0 D=6 delta=6 | mu_N=0.00 mu_Z=0.80 mu_P=0.02 | da=0.47°
10:23:47.233 | DEBUG    | FUZZY | pos=(360,425) | angle=182.5° | G=254 D=6 delta=-248 | mu_N=0.97 mu_Z=0.00 mu_P=0.00 | da=-11.91°
10:23:47.250 | DEBUG    | FUZZY | pos=(357,425) | angle=170.6° | G=3 D=15 delta=12 | mu_N=0.00 mu_Z=0.60 mu_P=0.05 | da=-1.51°
10:23:47.267 | DEBUG    | FUZZY | pos=(354,425) | angle=169.1° | G=15 D=15 delta=0 | mu_N=0.00 mu_Z=1.00 mu_P=0.00 | da=-0.30°
10:23:47.283 | DEBUG    | FUZZY | pos=(351,426) | angle=168.8° | G=63 D=7 delta=-56 | mu_N=0.22 mu_Z=0.00 mu_P=0.00 | da=-12.06°
10:23:47.301 | DEBUG    | FUZZY | pos=(348,426) | angle=156.8° | G=15 D=7 delta=-8 | mu_N=0.03 mu_Z=0.73 mu_P=0.00 | da=-2.90°
10:23:47.317 | DEBUG    | FUZZY | pos=(345,428) | angle=153.9° | G=15 D=3 delta=-12 | mu_N=0.05 mu_Z=0.60 mu_P=0.00 | da=-1.45°
10:23:47.333 | DEBUG    | FUZZY | pos=(343,429) | angle=152.4° | G=31 D=1 delta=-30 | mu_N=0.12 mu_Z=0.00 mu_P=0.00 | da=-12.29°
10:23:47.350 | DEBUG    | FUZZY | pos=(340,430) | angle=140.1° | G=7 D=1 delta=-6 | mu_N=0.02 mu_Z=0.80 mu_P=0.00 | da=-2.80°
10:23:47.367 | DEBUG    | FUZZY | pos=(338,432) | angle=137.3° | G=7 D=1 delta=-6 | mu_N=0.02 mu_Z=0.80 mu_P=0.00 | da=-0.90°
10:23:47.383 | DEBUG    | FUZZY | pos=(335,434) | angle=136.4° | G=15 D=0 delta=-15 | mu_N=0.06 mu_Z=0.50 mu_P=0.00 | da=-1.44°
10:23:47.400 | DEBUG    | FUZZY | pos=(333,436) | angle=135.0° | G=15 D=0 delta=-15 | mu_N=0.06 mu_Z=0.50 mu_P=0.00 | da=-1.55°
10:23:47.417 | DEBUG    | FUZZY | pos=(331,438) | angle=133.4° | G=14 D=0 delta=-14 | mu_N=0.05 mu_Z=0.53 mu_P=0.00 | da=-1.43°
10:23:47.433 | DEBUG    | FUZZY | pos=(329,441) | angle=132.0° | G=14 D=0 delta=-14 | mu_N=0.05 mu_Z=0.53 mu_P=0.00 | da=-1.41°
10:23:47.450 | DEBUG    | FUZZY | pos=(327,443) | angle=130.6° | G=30 D=0 delta=-30 | mu_N=0.12 mu_Z=0.00 mu_P=0.00 | da=-12.28°
10:23:47.467 | DEBUG    | FUZZY | pos=(325,445) | angle=118.3° | G=14 D=0 delta=-14 | mu_N=0.05 mu_Z=0.53 mu_P=0.00 | da=-3.58°
10:23:47.481 | DEBUG    | FUZZY | pos=(324,448) | angle=114.7° | G=14 D=0 delta=-14 | mu_N=0.05 mu_Z=0.53 mu_P=0.00 | da=-1.84°
10:23:47.499 | DEBUG    | FUZZY | pos=(322,450) | angle=112.9° | G=14 D=0 delta=-14 | mu_N=0.05 mu_Z=0.53 mu_P=0.00 | da=-1.49°
10:23:47.516 | DEBUG    | FUZZY | pos=(321,453) | angle=111.4° | G=14 D=0 delta=-14 | mu_N=0.05 mu_Z=0.53 mu_P=0.00 | da=-1.42°
10:23:47.533 | DEBUG    | FUZZY | pos=(320,456) | angle=110.0° | G=14 D=0 delta=-14 | mu_N=0.05 mu_Z=0.53 mu_P=0.00 | da=-1.40°
10:23:47.551 | DEBUG    | FUZZY | pos=(319,459) | angle=108.6° | G=14 D=0 delta=-14 | mu_N=0.05 mu_Z=0.53 mu_P=0.00 | da=-1.40°
10:23:47.568 | DEBUG    | FUZZY | pos=(318,462) | angle=107.2° | G=14 D=0 delta=-14 | mu_N=0.05 mu_Z=0.53 mu_P=0.00 | da=-1.40°
10:23:47.586 | DEBUG    | FUZZY | pos=(317,465) | angle=105.8° | G=14 D=0 delta=-14 | mu_N=0.05 mu_Z=0.53 mu_P=0.00 | da=-1.40°
10:23:47.601 | DEBUG    | FUZZY | pos=(317,467) | angle=104.4° | G=14 D=0 delta=-14 | mu_N=0.05 mu_Z=0.53 mu_P=0.00 | da=-1.40°
10:23:47.617 | DEBUG    | FUZZY | pos=(316,470) | angle=103.0° | G=14 D=0 delta=-14 | mu_N=0.05 mu_Z=0.53 mu_P=0.00 | da=-1.40°
10:23:47.633 | DEBUG    | FUZZY | pos=(315,473) | angle=101.6° | G=14 D=0 delta=-14 | mu_N=0.05 mu_Z=0.53 mu_P=0.00 | da=-1.40°
10:23:47.649 | DEBUG    | FUZZY | pos=(314,476) | angle=100.2° | G=14 D=0 delta=-14 | mu_N=0.05 mu_Z=0.53 mu_P=0.00 | da=-1.40°
10:23:47.665 | DEBUG    | FUZZY | pos=(314,479) | angle=98.8° | G=14 D=0 delta=-14 | mu_N=0.05 mu_Z=0.53 mu_P=0.00 | da=-1.40°
10:23:47.681 | DEBUG    | FUZZY | pos=(314,482) | angle=97.4° | G=14 D=0 delta=-14 | mu_N=0.05 mu_Z=0.53 mu_P=0.00 | da=-1.40°
10:23:47.699 | DEBUG    | FUZZY | pos=(313,485) | angle=96.0° | G=14 D=0 delta=-14 | mu_N=0.05 mu_Z=0.53 mu_P=0.00 | da=-1.40°
10:23:47.717 | DEBUG    | FUZZY | pos=(313,488) | angle=94.6° | G=14 D=0 delta=-14 | mu_N=0.05 mu_Z=0.53 mu_P=0.00 | da=-1.40°
10:23:47.734 | DEBUG    | FUZZY | pos=(313,491) | angle=93.2° | G=14 D=0 delta=-14 | mu_N=0.05 mu_Z=0.53 mu_P=0.00 | da=-1.40°
10:23:47.749 | DEBUG    | FUZZY | pos=(312,494) | angle=91.8° | G=6 D=0 delta=-6 | mu_N=0.02 mu_Z=0.80 mu_P=0.00 | da=-0.62°
10:23:47.766 | DEBUG    | FUZZY | pos=(312,497) | angle=91.2° | G=6 D=0 delta=-6 | mu_N=0.02 mu_Z=0.80 mu_P=0.00 | da=-0.47°
10:23:47.783 | DEBUG    | FUZZY | pos=(312,500) | angle=90.7° | G=6 D=0 delta=-6 | mu_N=0.02 mu_Z=0.80 mu_P=0.00 | da=-0.44°
10:23:47.800 | DEBUG    | FUZZY | pos=(312,503) | angle=90.3° | G=6 D=0 delta=-6 | mu_N=0.02 mu_Z=0.80 mu_P=0.00 | da=-0.43°
10:23:47.818 | DEBUG    | FUZZY | pos=(312,506) | angle=89.8° | G=6 D=0 delta=-6 | mu_N=0.02 mu_Z=0.80 mu_P=0.00 | da=-0.43°
10:23:47.834 | DEBUG    | FUZZY | pos=(312,509) | angle=89.4° | G=6 D=0 delta=-6 | mu_N=0.02 mu_Z=0.80 mu_P=0.00 | da=-0.43°
10:23:47.851 | DEBUG    | FUZZY | pos=(312,512) | angle=89.0° | G=6 D=0 delta=-6 | mu_N=0.02 mu_Z=0.80 mu_P=0.00 | da=-0.43°
10:23:47.868 | DEBUG    | FUZZY | pos=(312,515) | angle=88.5° | G=6 D=0 delta=-6 | mu_N=0.02 mu_Z=0.80 mu_P=0.00 | da=-0.43°
10:23:47.884 | DEBUG    | FUZZY | pos=(312,518) | angle=88.1° | G=7 D=0 delta=-7 | mu_N=0.03 mu_Z=0.77 mu_P=0.00 | da=-0.50°
10:23:47.901 | DEBUG    | FUZZY | pos=(312,521) | angle=87.6° | G=7 D=0 delta=-7 | mu_N=0.03 mu_Z=0.77 mu_P=0.00 | da=-0.51°
10:23:47.918 | DEBUG    | FUZZY | pos=(313,524) | angle=87.1° | G=7 D=0 delta=-7 | mu_N=0.03 mu_Z=0.77 mu_P=0.00 | da=-0.52°
10:23:47.934 | DEBUG    | FUZZY | pos=(313,527) | angle=86.6° | G=7 D=0 delta=-7 | mu_N=0.03 mu_Z=0.77 mu_P=0.00 | da=-0.52°
10:23:47.951 | DEBUG    | FUZZY | pos=(313,530) | angle=86.1° | G=7 D=0 delta=-7 | mu_N=0.03 mu_Z=0.77 mu_P=0.00 | da=-0.52°
10:23:47.968 | DEBUG    | FUZZY | pos=(313,533) | angle=85.5° | G=7 D=0 delta=-7 | mu_N=0.03 mu_Z=0.77 mu_P=0.00 | da=-0.52°
10:23:47.985 | DEBUG    | FUZZY | pos=(313,536) | angle=85.0° | G=7 D=0 delta=-7 | mu_N=0.03 mu_Z=0.77 mu_P=0.00 | da=-0.52°
10:23:48.003 | DEBUG    | FUZZY | pos=(314,539) | angle=84.5° | G=7 D=0 delta=-7 | mu_N=0.03 mu_Z=0.77 mu_P=0.00 | da=-0.52°
10:23:48.020 | DEBUG    | FUZZY | pos=(314,542) | angle=84.0° | G=7 D=0 delta=-7 | mu_N=0.03 mu_Z=0.77 mu_P=0.00 | da=-0.52°
10:23:48.036 | DEBUG    | FUZZY | pos=(314,545) | angle=83.5° | G=7 D=0 delta=-7 | mu_N=0.03 mu_Z=0.77 mu_P=0.00 | da=-0.52°
10:23:48.053 | DEBUG    | FUZZY | pos=(315,548) | angle=82.9° | G=7 D=0 delta=-7 | mu_N=0.03 mu_Z=0.77 mu_P=0.00 | da=-0.52°
10:23:48.068 | DEBUG    | FUZZY | pos=(315,551) | angle=82.4° | G=3 D=0 delta=-3 | mu_N=0.01 mu_Z=0.90 mu_P=0.00 | da=-0.26°
10:23:48.084 | DEBUG    | FUZZY | pos=(315,554) | angle=82.2° | G=3 D=0 delta=-3 | mu_N=0.01 mu_Z=0.90 mu_P=0.00 | da=-0.21°
10:23:48.099 | DEBUG    | FUZZY | pos=(316,557) | angle=82.0° | G=3 D=0 delta=-3 | mu_N=0.01 mu_Z=0.90 mu_P=0.00 | da=-0.20°
10:23:48.116 | DEBUG    | FUZZY | pos=(316,560) | angle=81.8° | G=3 D=0 delta=-3 | mu_N=0.01 mu_Z=0.90 mu_P=0.00 | da=-0.19°
10:23:48.133 | DEBUG    | FUZZY | pos=(317,563) | angle=81.6° | G=3 D=1 delta=-2 | mu_N=0.01 mu_Z=0.93 mu_P=0.00 | da=-0.14°
10:23:48.151 | DEBUG    | FUZZY | pos=(317,566) | angle=81.4° | G=3 D=1 delta=-2 | mu_N=0.01 mu_Z=0.93 mu_P=0.00 | da=-0.13°
10:23:48.166 | DEBUG    | FUZZY | pos=(317,569) | angle=81.3° | G=3 D=1 delta=-2 | mu_N=0.01 mu_Z=0.93 mu_P=0.00 | da=-0.13°
10:23:48.183 | DEBUG    | FUZZY | pos=(318,572) | angle=81.2° | G=3 D=1 delta=-2 | mu_N=0.01 mu_Z=0.93 mu_P=0.00 | da=-0.13°
10:23:48.200 | DEBUG    | FUZZY | pos=(318,575) | angle=81.1° | G=3 D=1 delta=-2 | mu_N=0.01 mu_Z=0.93 mu_P=0.00 | da=-0.13°
10:23:48.216 | DEBUG    | FUZZY | pos=(319,578) | angle=80.9° | G=3 D=1 delta=-2 | mu_N=0.01 mu_Z=0.93 mu_P=0.00 | da=-0.13°
10:23:48.234 | DEBUG    | FUZZY | pos=(319,581) | angle=80.8° | G=15 D=1 delta=-14 | mu_N=0.05 mu_Z=0.53 mu_P=0.00 | da=-1.15°
10:23:48.250 | DEBUG    | FUZZY | pos=(320,584) | angle=79.7° | G=63 D=1 delta=-62 | mu_N=0.24 mu_Z=0.00 mu_P=0.00 | da=-12.23°
10:23:48.267 | DEBUG    | FUZZY | pos=(320,587) | angle=67.4° | G=7 D=1 delta=-6 | mu_N=0.02 mu_Z=0.80 mu_P=0.00 | da=-2.79°
10:23:48.283 | DEBUG    | FUZZY | pos=(321,589) | angle=64.6° | G=15 D=1 delta=-14 | mu_N=0.05 mu_Z=0.53 mu_P=0.00 | da=-1.68°
10:23:48.300 | DEBUG    | FUZZY | pos=(323,592) | angle=63.0° | G=15 D=3 delta=-12 | mu_N=0.05 mu_Z=0.60 mu_P=0.00 | da=-1.21°
10:23:48.317 | DEBUG    | FUZZY | pos=(324,595) | angle=61.8° | G=31 D=1 delta=-30 | mu_N=0.12 mu_Z=0.00 mu_P=0.00 | da=-12.24°
10:23:48.333 | DEBUG    | FUZZY | pos=(326,597) | angle=49.5° | G=7 D=1 delta=-6 | mu_N=0.02 mu_Z=0.80 mu_P=0.00 | da=-2.79°
10:23:48.350 | DEBUG    | FUZZY | pos=(328,600) | angle=46.7° | G=15 D=0 delta=-15 | mu_N=0.06 mu_Z=0.50 mu_P=0.00 | da=-1.82°
10:23:48.368 | DEBUG    | FUZZY | pos=(330,602) | angle=44.9° | G=15 D=0 delta=-15 | mu_N=0.06 mu_Z=0.50 mu_P=0.00 | da=-1.63°
10:23:48.385 | DEBUG    | FUZZY | pos=(332,604) | angle=43.3° | G=15 D=0 delta=-15 | mu_N=0.06 mu_Z=0.50 mu_P=0.00 | da=-1.59°
10:23:48.401 | DEBUG    | FUZZY | pos=(334,606) | angle=41.7° | G=14 D=0 delta=-14 | mu_N=0.05 mu_Z=0.53 mu_P=0.00 | da=-1.44°
10:23:48.418 | DEBUG    | FUZZY | pos=(336,608) | angle=40.3° | G=14 D=0 delta=-14 | mu_N=0.05 mu_Z=0.53 mu_P=0.00 | da=-1.41°
10:23:48.435 | DEBUG    | FUZZY | pos=(338,610) | angle=38.8° | G=30 D=0 delta=-30 | mu_N=0.12 mu_Z=0.00 mu_P=0.00 | da=-12.28°
10:23:48.451 | DEBUG    | FUZZY | pos=(341,612) | angle=26.6° | G=14 D=0 delta=-14 | mu_N=0.05 mu_Z=0.53 mu_P=0.00 | da=-3.58°
10:23:48.467 | DEBUG    | FUZZY | pos=(343,613) | angle=23.0° | G=6 D=0 delta=-6 | mu_N=0.02 mu_Z=0.80 mu_P=0.00 | da=-1.06°
10:23:48.483 | DEBUG    | FUZZY | pos=(346,614) | angle=21.9° | G=14 D=0 delta=-14 | mu_N=0.05 mu_Z=0.53 mu_P=0.00 | da=-1.33°
10:23:48.499 | DEBUG    | FUZZY | pos=(349,615) | angle=20.6° | G=14 D=0 delta=-14 | mu_N=0.05 mu_Z=0.53 mu_P=0.00 | da=-1.39°
10:23:48.515 | DEBUG    | FUZZY | pos=(352,616) | angle=19.2° | G=14 D=0 delta=-14 | mu_N=0.05 mu_Z=0.53 mu_P=0.00 | da=-1.40°
10:23:48.533 | DEBUG    | FUZZY | pos=(355,617) | angle=17.8° | G=14 D=0 delta=-14 | mu_N=0.05 mu_Z=0.53 mu_P=0.00 | da=-1.40°
10:23:48.549 | DEBUG    | FUZZY | pos=(357,618) | angle=16.4° | G=14 D=0 delta=-14 | mu_N=0.05 mu_Z=0.53 mu_P=0.00 | da=-1.40°
10:23:48.565 | DEBUG    | FUZZY | pos=(360,619) | angle=15.0° | G=14 D=0 delta=-14 | mu_N=0.05 mu_Z=0.53 mu_P=0.00 | da=-1.40°
10:23:48.581 | DEBUG    | FUZZY | pos=(363,619) | angle=13.6° | G=14 D=0 delta=-14 | mu_N=0.05 mu_Z=0.53 mu_P=0.00 | da=-1.40°
10:23:48.599 | DEBUG    | FUZZY | pos=(366,619) | angle=12.2° | G=6 D=0 delta=-6 | mu_N=0.02 mu_Z=0.80 mu_P=0.00 | da=-0.62°
10:23:48.617 | DEBUG    | FUZZY | pos=(369,619) | angle=11.6° | G=6 D=0 delta=-6 | mu_N=0.02 mu_Z=0.80 mu_P=0.00 | da=-0.47°
10:23:48.633 | DEBUG    | FUZZY | pos=(372,619) | angle=11.1° | G=6 D=0 delta=-6 | mu_N=0.02 mu_Z=0.80 mu_P=0.00 | da=-0.44°
10:23:48.650 | DEBUG    | FUZZY | pos=(375,619) | angle=10.7° | G=6 D=0 delta=-6 | mu_N=0.02 mu_Z=0.80 mu_P=0.00 | da=-0.43°
10:23:48.666 | DEBUG    | FUZZY | pos=(378,619) | angle=10.3° | G=6 D=0 delta=-6 | mu_N=0.02 mu_Z=0.80 mu_P=0.00 | da=-0.43°
10:23:48.683 | DEBUG    | FUZZY | pos=(381,619) | angle=9.8° | G=6 D=0 delta=-6 | mu_N=0.02 mu_Z=0.80 mu_P=0.00 | da=-0.43°
10:23:48.701 | DEBUG    | FUZZY | pos=(384,619) | angle=9.4° | G=6 D=0 delta=-6 | mu_N=0.02 mu_Z=0.80 mu_P=0.00 | da=-0.43°
10:23:48.718 | DEBUG    | FUZZY | pos=(387,619) | angle=9.0° | G=6 D=0 delta=-6 | mu_N=0.02 mu_Z=0.80 mu_P=0.00 | da=-0.43°
10:23:48.733 | DEBUG    | FUZZY | pos=(390,619) | angle=8.5° | G=7 D=0 delta=-7 | mu_N=0.03 mu_Z=0.77 mu_P=0.00 | da=-0.50°
10:23:48.751 | DEBUG    | FUZZY | pos=(393,619) | angle=8.0° | G=7 D=0 delta=-7 | mu_N=0.03 mu_Z=0.77 mu_P=0.00 | da=-0.51°
10:23:48.767 | DEBUG    | FUZZY | pos=(396,619) | angle=7.5° | G=7 D=0 delta=-7 | mu_N=0.03 mu_Z=0.77 mu_P=0.00 | da=-0.52°
10:23:48.783 | DEBUG    | FUZZY | pos=(399,619) | angle=7.0° | G=7 D=0 delta=-7 | mu_N=0.03 mu_Z=0.77 mu_P=0.00 | da=-0.52°
10:23:48.800 | DEBUG    | FUZZY | pos=(402,619) | angle=6.5° | G=7 D=0 delta=-7 | mu_N=0.03 mu_Z=0.77 mu_P=0.00 | da=-0.52°
10:23:48.816 | DEBUG    | FUZZY | pos=(405,619) | angle=6.0° | G=7 D=0 delta=-7 | mu_N=0.03 mu_Z=0.77 mu_P=0.00 | da=-0.52°
10:23:48.831 | DEBUG    | FUZZY | pos=(408,619) | angle=5.5° | G=7 D=0 delta=-7 | mu_N=0.03 mu_Z=0.77 mu_P=0.00 | da=-0.52°
10:23:48.849 | DEBUG    | FUZZY | pos=(411,619) | angle=4.9° | G=7 D=0 delta=-7 | mu_N=0.03 mu_Z=0.77 mu_P=0.00 | da=-0.52°
10:23:48.866 | DEBUG    | FUZZY | pos=(414,619) | angle=4.4° | G=7 D=0 delta=-7 | mu_N=0.03 mu_Z=0.77 mu_P=0.00 | da=-0.52°
10:23:48.882 | DEBUG    | FUZZY | pos=(417,619) | angle=3.9° | G=7 D=0 delta=-7 | mu_N=0.03 mu_Z=0.77 mu_P=0.00 | da=-0.52°
10:23:48.898 | DEBUG    | FUZZY | pos=(420,619) | angle=3.4° | G=7 D=0 delta=-7 | mu_N=0.03 mu_Z=0.77 mu_P=0.00 | da=-0.52°
10:23:48.916 | DEBUG    | FUZZY | pos=(423,619) | angle=2.9° | G=7 D=0 delta=-7 | mu_N=0.03 mu_Z=0.77 mu_P=0.00 | da=-0.52°
10:23:48.933 | DEBUG    | FUZZY | pos=(426,619) | angle=2.3° | G=7 D=0 delta=-7 | mu_N=0.03 mu_Z=0.77 mu_P=0.00 | da=-0.52°
10:23:48.949 | DEBUG    | FUZZY | pos=(429,619) | angle=1.8° | G=7 D=0 delta=-7 | mu_N=0.03 mu_Z=0.77 mu_P=0.00 | da=-0.52°
10:23:48.965 | DEBUG    | FUZZY | pos=(432,619) | angle=1.3° | G=7 D=0 delta=-7 | mu_N=0.03 mu_Z=0.77 mu_P=0.00 | da=-0.52°
10:23:48.980 | DEBUG    | FUZZY | pos=(435,619) | angle=0.8° | G=7 D=0 delta=-7 | mu_N=0.03 mu_Z=0.77 mu_P=0.00 | da=-0.52°
10:23:48.996 | DEBUG    | FUZZY | pos=(438,619) | angle=0.3° | G=7 D=0 delta=-7 | mu_N=0.03 mu_Z=0.77 mu_P=0.00 | da=-0.52°
10:23:49.013 | DEBUG    | FUZZY | pos=(441,619) | angle=-0.3° | G=7 D=0 delta=-7 | mu_N=0.03 mu_Z=0.77 mu_P=0.00 | da=-0.52°
10:23:49.030 | DEBUG    | FUZZY | pos=(444,619) | angle=-0.8° | G=7 D=0 delta=-7 | mu_N=0.03 mu_Z=0.77 mu_P=0.00 | da=-0.52°
10:23:49.047 | DEBUG    | FUZZY | pos=(447,619) | angle=-1.3° | G=7 D=0 delta=-7 | mu_N=0.03 mu_Z=0.77 mu_P=0.00 | da=-0.52°
10:23:49.064 | DEBUG    | FUZZY | pos=(450,619) | angle=-1.8° | G=3 D=0 delta=-3 | mu_N=0.01 mu_Z=0.90 mu_P=0.00 | da=-0.26°
10:23:49.080 | DEBUG    | FUZZY | pos=(453,619) | angle=-2.1° | G=3 D=0 delta=-3 | mu_N=0.01 mu_Z=0.90 mu_P=0.00 | da=-0.21°
10:23:49.097 | DEBUG    | FUZZY | pos=(456,619) | angle=-2.3° | G=3 D=0 delta=-3 | mu_N=0.01 mu_Z=0.90 mu_P=0.00 | da=-0.20°
10:23:49.113 | DEBUG    | FUZZY | pos=(459,619) | angle=-2.5° | G=3 D=0 delta=-3 | mu_N=0.01 mu_Z=0.90 mu_P=0.00 | da=-0.19°
10:23:49.129 | DEBUG    | FUZZY | pos=(462,618) | angle=-2.7° | G=3 D=0 delta=-3 | mu_N=0.01 mu_Z=0.90 mu_P=0.00 | da=-0.19°
10:23:49.145 | DEBUG    | FUZZY | pos=(465,618) | angle=-2.9° | G=3 D=0 delta=-3 | mu_N=0.01 mu_Z=0.90 mu_P=0.00 | da=-0.19°
10:23:49.161 | DEBUG    | FUZZY | pos=(468,618) | angle=-3.0° | G=3 D=0 delta=-3 | mu_N=0.01 mu_Z=0.90 mu_P=0.00 | da=-0.19°
10:23:49.179 | DEBUG    | FUZZY | pos=(471,618) | angle=-3.2° | G=3 D=0 delta=-3 | mu_N=0.01 mu_Z=0.90 mu_P=0.00 | da=-0.19°
10:23:49.196 | DEBUG    | FUZZY | pos=(474,618) | angle=-3.4° | G=3 D=0 delta=-3 | mu_N=0.01 mu_Z=0.90 mu_P=0.00 | da=-0.19°
10:23:49.211 | DEBUG    | FUZZY | pos=(477,618) | angle=-3.6° | G=3 D=1 delta=-2 | mu_N=0.01 mu_Z=0.93 mu_P=0.00 | da=-0.14°
10:23:49.228 | DEBUG    | FUZZY | pos=(480,617) | angle=-3.8° | G=3 D=1 delta=-2 | mu_N=0.01 mu_Z=0.93 mu_P=0.00 | da=-0.13°
10:23:49.244 | DEBUG    | FUZZY | pos=(483,617) | angle=-3.9° | G=3 D=1 delta=-2 | mu_N=0.01 mu_Z=0.93 mu_P=0.00 | da=-0.13°
10:23:49.261 | DEBUG    | FUZZY | pos=(485,617) | angle=-4.0° | G=3 D=1 delta=-2 | mu_N=0.01 mu_Z=0.93 mu_P=0.00 | da=-0.13°
10:23:49.276 | DEBUG    | FUZZY | pos=(488,617) | angle=-4.1° | G=3 D=1 delta=-2 | mu_N=0.01 mu_Z=0.93 mu_P=0.00 | da=-0.13°
10:23:49.293 | DEBUG    | FUZZY | pos=(491,617) | angle=-4.3° | G=3 D=1 delta=-2 | mu_N=0.01 mu_Z=0.93 mu_P=0.00 | da=-0.13°
10:23:49.310 | DEBUG    | FUZZY | pos=(494,616) | angle=-4.4° | G=3 D=1 delta=-2 | mu_N=0.01 mu_Z=0.93 mu_P=0.00 | da=-0.13°
10:23:49.328 | DEBUG    | FUZZY | pos=(497,616) | angle=-4.5° | G=3 D=1 delta=-2 | mu_N=0.01 mu_Z=0.93 mu_P=0.00 | da=-0.13°
10:23:49.344 | DEBUG    | FUZZY | pos=(500,616) | angle=-4.6° | G=3 D=1 delta=-2 | mu_N=0.01 mu_Z=0.93 mu_P=0.00 | da=-0.13°
10:23:49.361 | DEBUG    | FUZZY | pos=(503,616) | angle=-4.8° | G=3 D=1 delta=-2 | mu_N=0.01 mu_Z=0.93 mu_P=0.00 | da=-0.13°
10:23:49.379 | DEBUG    | FUZZY | pos=(506,615) | angle=-4.9° | G=3 D=1 delta=-2 | mu_N=0.01 mu_Z=0.93 mu_P=0.00 | da=-0.13°
10:23:49.395 | DEBUG    | FUZZY | pos=(509,615) | angle=-5.0° | G=3 D=1 delta=-2 | mu_N=0.01 mu_Z=0.93 mu_P=0.00 | da=-0.13°
10:23:49.411 | DEBUG    | FUZZY | pos=(512,615) | angle=-5.1° | G=3 D=1 delta=-2 | mu_N=0.01 mu_Z=0.93 mu_P=0.00 | da=-0.13°
10:23:49.428 | DEBUG    | FUZZY | pos=(515,615) | angle=-5.3° | G=3 D=1 delta=-2 | mu_N=0.01 mu_Z=0.93 mu_P=0.00 | da=-0.13°
10:23:49.444 | DEBUG    | FUZZY | pos=(518,614) | angle=-5.4° | G=3 D=1 delta=-2 | mu_N=0.01 mu_Z=0.93 mu_P=0.00 | da=-0.13°
10:23:49.462 | DEBUG    | FUZZY | pos=(521,614) | angle=-5.5° | G=3 D=1 delta=-2 | mu_N=0.01 mu_Z=0.93 mu_P=0.00 | da=-0.13°
10:23:49.479 | DEBUG    | FUZZY | pos=(524,614) | angle=-5.6° | G=1 D=1 delta=0 | mu_N=0.00 mu_Z=1.00 mu_P=0.00 | da=-0.03°
10:23:49.495 | DEBUG    | FUZZY | pos=(527,614) | angle=-5.7° | G=1 D=1 delta=0 | mu_N=0.00 mu_Z=1.00 mu_P=0.00 | da=-0.01°
10:23:49.512 | DEBUG    | FUZZY | pos=(530,613) | angle=-5.7° | G=1 D=1 delta=0 | mu_N=0.00 mu_Z=1.00 mu_P=0.00 | da=-0.00°
10:23:49.529 | DEBUG    | FUZZY | pos=(533,613) | angle=-5.7° | G=1 D=1 delta=0 | mu_N=0.00 mu_Z=1.00 mu_P=0.00 | da=-0.00°
10:23:49.545 | DEBUG    | FUZZY | pos=(536,613) | angle=-5.7° | G=1 D=1 delta=0 | mu_N=0.00 mu_Z=1.00 mu_P=0.00 | da=-0.00°
10:23:49.561 | DEBUG    | FUZZY | pos=(539,612) | angle=-5.7° | G=1 D=1 delta=0 | mu_N=0.00 mu_Z=1.00 mu_P=0.00 | da=-0.00°
10:23:49.579 | DEBUG    | FUZZY | pos=(542,612) | angle=-5.7° | G=1 D=3 delta=2 | mu_N=0.00 mu_Z=0.93 mu_P=0.01 | da=0.10°
10:23:49.596 | DEBUG    | FUZZY | pos=(545,612) | angle=-5.6° | G=1 D=3 delta=2 | mu_N=0.00 mu_Z=0.93 mu_P=0.01 | da=0.12°
10:23:49.611 | DEBUG    | FUZZY | pos=(548,611) | angle=-5.5° | G=1 D=3 delta=2 | mu_N=0.00 mu_Z=0.93 mu_P=0.01 | da=0.12°
10:23:49.628 | DEBUG    | FUZZY | pos=(551,611) | angle=-5.3° | G=1 D=3 delta=2 | mu_N=0.00 mu_Z=0.93 mu_P=0.01 | da=0.12°
10:23:49.645 | DEBUG    | FUZZY | pos=(554,611) | angle=-5.2° | G=1 D=3 delta=2 | mu_N=0.00 mu_Z=0.93 mu_P=0.01 | da=0.12°
10:23:49.661 | DEBUG    | FUZZY | pos=(557,611) | angle=-5.1° | G=1 D=3 delta=2 | mu_N=0.00 mu_Z=0.93 mu_P=0.01 | da=0.12°
10:23:49.678 | DEBUG    | FUZZY | pos=(560,610) | angle=-5.0° | G=1 D=3 delta=2 | mu_N=0.00 mu_Z=0.93 mu_P=0.01 | da=0.12°
10:23:49.695 | DEBUG    | FUZZY | pos=(563,610) | angle=-4.8° | G=1 D=3 delta=2 | mu_N=0.00 mu_Z=0.93 mu_P=0.01 | da=0.12°
10:23:49.711 | DEBUG    | FUZZY | pos=(566,610) | angle=-4.7° | G=1 D=3 delta=2 | mu_N=0.00 mu_Z=0.93 mu_P=0.01 | da=0.12°
10:23:49.728 | DEBUG    | FUZZY | pos=(569,610) | angle=-4.6° | G=1 D=3 delta=2 | mu_N=0.00 mu_Z=0.93 mu_P=0.01 | da=0.12°
10:23:49.744 | DEBUG    | FUZZY | pos=(572,609) | angle=-4.5° | G=1 D=3 delta=2 | mu_N=0.00 mu_Z=0.93 mu_P=0.01 | da=0.12°
10:23:49.763 | DEBUG    | FUZZY | pos=(575,609) | angle=-4.3° | G=1 D=3 delta=2 | mu_N=0.00 mu_Z=0.93 mu_P=0.01 | da=0.12°
10:23:49.779 | DEBUG    | FUZZY | pos=(578,609) | angle=-4.2° | G=1 D=3 delta=2 | mu_N=0.00 mu_Z=0.93 mu_P=0.01 | da=0.12°
10:23:49.798 | DEBUG    | FUZZY | pos=(581,609) | angle=-4.1° | G=1 D=3 delta=2 | mu_N=0.00 mu_Z=0.93 mu_P=0.01 | da=0.12°
10:23:49.810 | DEBUG    | FUZZY | pos=(584,608) | angle=-4.0° | G=1 D=3 delta=2 | mu_N=0.00 mu_Z=0.93 mu_P=0.01 | da=0.12°
10:23:49.827 | DEBUG    | FUZZY | pos=(587,608) | angle=-3.8° | G=1 D=3 delta=2 | mu_N=0.00 mu_Z=0.93 mu_P=0.01 | da=0.12°
10:23:49.845 | DEBUG    | FUZZY | pos=(590,608) | angle=-3.7° | G=1 D=3 delta=2 | mu_N=0.00 mu_Z=0.93 mu_P=0.01 | da=0.12°
10:23:49.860 | DEBUG    | FUZZY | pos=(593,608) | angle=-3.6° | G=1 D=3 delta=2 | mu_N=0.00 mu_Z=0.93 mu_P=0.01 | da=0.12°
10:23:49.877 | DEBUG    | FUZZY | pos=(596,608) | angle=-3.5° | G=1 D=3 delta=2 | mu_N=0.00 mu_Z=0.93 mu_P=0.01 | da=0.12°
10:23:49.894 | DEBUG    | FUZZY | pos=(599,607) | angle=-3.3° | G=1 D=3 delta=2 | mu_N=0.00 mu_Z=0.93 mu_P=0.01 | da=0.12°
10:23:49.910 | DEBUG    | FUZZY | pos=(602,607) | angle=-3.2° | G=1 D=3 delta=2 | mu_N=0.00 mu_Z=0.93 mu_P=0.01 | da=0.12°
10:23:49.925 | DEBUG    | FUZZY | pos=(605,607) | angle=-3.1° | G=1 D=3 delta=2 | mu_N=0.00 mu_Z=0.93 mu_P=0.01 | da=0.12°
10:23:49.943 | DEBUG    | FUZZY | pos=(608,607) | angle=-3.0° | G=1 D=3 delta=2 | mu_N=0.00 mu_Z=0.93 mu_P=0.01 | da=0.12°
10:23:49.959 | DEBUG    | FUZZY | pos=(611,607) | angle=-2.8° | G=1 D=3 delta=2 | mu_N=0.00 mu_Z=0.93 mu_P=0.01 | da=0.12°
10:23:49.976 | DEBUG    | FUZZY | pos=(614,607) | angle=-2.7° | G=1 D=3 delta=2 | mu_N=0.00 mu_Z=0.93 mu_P=0.01 | da=0.12°
10:23:49.993 | DEBUG    | FUZZY | pos=(617,607) | angle=-2.6° | G=1 D=3 delta=2 | mu_N=0.00 mu_Z=0.93 mu_P=0.01 | da=0.12°
10:23:50.009 | DEBUG    | FUZZY | pos=(620,606) | angle=-2.5° | G=1 D=3 delta=2 | mu_N=0.00 mu_Z=0.93 mu_P=0.01 | da=0.12°
10:23:50.027 | DEBUG    | FUZZY | pos=(623,606) | angle=-2.3° | G=1 D=3 delta=2 | mu_N=0.00 mu_Z=0.93 mu_P=0.01 | da=0.12°
10:23:50.044 | DEBUG    | FUZZY | pos=(626,606) | angle=-2.2° | G=1 D=3 delta=2 | mu_N=0.00 mu_Z=0.93 mu_P=0.01 | da=0.12°
10:23:50.061 | DEBUG    | FUZZY | pos=(629,606) | angle=-2.1° | G=1 D=3 delta=2 | mu_N=0.00 mu_Z=0.93 mu_P=0.01 | da=0.12°
10:23:50.077 | DEBUG    | FUZZY | pos=(632,606) | angle=-2.0° | G=1 D=3 delta=2 | mu_N=0.00 mu_Z=0.93 mu_P=0.01 | da=0.12°
10:23:50.095 | DEBUG    | FUZZY | pos=(635,606) | angle=-1.8° | G=1 D=3 delta=2 | mu_N=0.00 mu_Z=0.93 mu_P=0.01 | da=0.12°
10:23:50.110 | DEBUG    | FUZZY | pos=(638,606) | angle=-1.7° | G=1 D=3 delta=2 | mu_N=0.00 mu_Z=0.93 mu_P=0.01 | da=0.12°
10:23:50.127 | DEBUG    | FUZZY | pos=(641,606) | angle=-1.6° | G=1 D=3 delta=2 | mu_N=0.00 mu_Z=0.93 mu_P=0.01 | da=0.12°
10:23:50.143 | DEBUG    | FUZZY | pos=(644,606) | angle=-1.5° | G=1 D=3 delta=2 | mu_N=0.00 mu_Z=0.93 mu_P=0.01 | da=0.12°
10:23:50.160 | DEBUG    | FUZZY | pos=(647,605) | angle=-1.3° | G=1 D=3 delta=2 | mu_N=0.00 mu_Z=0.93 mu_P=0.01 | da=0.12°
10:23:50.178 | DEBUG    | FUZZY | pos=(650,605) | angle=-1.2° | G=1 D=3 delta=2 | mu_N=0.00 mu_Z=0.93 mu_P=0.01 | da=0.12°
10:23:50.194 | DEBUG    | FUZZY | pos=(653,605) | angle=-1.1° | G=1 D=3 delta=2 | mu_N=0.00 mu_Z=0.93 mu_P=0.01 | da=0.12°
10:23:50.211 | DEBUG    | FUZZY | pos=(656,605) | angle=-1.0° | G=1 D=3 delta=2 | mu_N=0.00 mu_Z=0.93 mu_P=0.01 | da=0.12°
10:23:50.226 | DEBUG    | FUZZY | pos=(659,605) | angle=-0.8° | G=1 D=3 delta=2 | mu_N=0.00 mu_Z=0.93 mu_P=0.01 | da=0.12°
10:23:50.243 | DEBUG    | FUZZY | pos=(662,605) | angle=-0.7° | G=1 D=3 delta=2 | mu_N=0.00 mu_Z=0.93 mu_P=0.01 | da=0.12°
10:23:50.259 | DEBUG    | FUZZY | pos=(665,605) | angle=-0.6° | G=1 D=3 delta=2 | mu_N=0.00 mu_Z=0.93 mu_P=0.01 | da=0.12°
10:23:50.275 | DEBUG    | FUZZY | pos=(668,605) | angle=-0.5° | G=1 D=3 delta=2 | mu_N=0.00 mu_Z=0.93 mu_P=0.01 | da=0.12°
10:23:50.293 | DEBUG    | FUZZY | pos=(671,605) | angle=-0.3° | G=1 D=3 delta=2 | mu_N=0.00 mu_Z=0.93 mu_P=0.01 | da=0.12°
10:23:50.309 | DEBUG    | FUZZY | pos=(674,605) | angle=-0.2° | G=1 D=3 delta=2 | mu_N=0.00 mu_Z=0.93 mu_P=0.01 | da=0.12°
10:23:50.327 | DEBUG    | FUZZY | pos=(677,605) | angle=-0.1° | G=1 D=3 delta=2 | mu_N=0.00 mu_Z=0.93 mu_P=0.01 | da=0.12°
10:23:50.344 | DEBUG    | FUZZY | pos=(680,605) | angle=0.0° | G=1 D=3 delta=2 | mu_N=0.00 mu_Z=0.93 mu_P=0.01 | da=0.12°
10:23:50.359 | DEBUG    | FUZZY | pos=(683,605) | angle=0.2° | G=1 D=3 delta=2 | mu_N=0.00 mu_Z=0.93 mu_P=0.01 | da=0.12°
10:23:50.376 | DEBUG    | FUZZY | pos=(686,605) | angle=0.3° | G=1 D=3 delta=2 | mu_N=0.00 mu_Z=0.93 mu_P=0.01 | da=0.12°
10:23:50.392 | DEBUG    | FUZZY | pos=(689,605) | angle=0.4° | G=1 D=3 delta=2 | mu_N=0.00 mu_Z=0.93 mu_P=0.01 | da=0.12°
10:23:50.408 | DEBUG    | FUZZY | pos=(692,605) | angle=0.5° | G=1 D=3 delta=2 | mu_N=0.00 mu_Z=0.93 mu_P=0.01 | da=0.12°
10:23:50.425 | DEBUG    | FUZZY | pos=(695,605) | angle=0.7° | G=1 D=3 delta=2 | mu_N=0.00 mu_Z=0.93 mu_P=0.01 | da=0.12°
10:23:50.425 | INFO     | ARRIVEE | pos=(698,605) | dist=27.4 px | objectif atteint !
10:23:52.231 | DEBUG    | FUZZY | pos=(698,605) | angle=0.8° | G=1 D=3 delta=2 | mu_N=0.00 mu_Z=0.93 mu_P=0.01 | da=0.12°
10:23:52.231 | WARNING  | ROLLBACK | da=0.1° | pos avant=(698,605) | pos après=(701,605) | déplacement annulé
10:23:52.231 | INFO     | ARRIVEE | pos=(698,605) | dist=27.4 px | objectif atteint !
10:23:53.268 | DEBUG    | FUZZY | pos=(698,605) | angle=0.9° | G=1 D=3 delta=2 | mu_N=0.00 mu_Z=0.93 mu_P=0.01 | da=0.12°
10:23:53.268 | WARNING  | ROLLBACK | da=0.1° | pos avant=(698,605) | pos après=(701,605) | déplacement annulé
10:23:53.268 | INFO     | ARRIVEE | pos=(698,605) | dist=27.4 px | objectif atteint !
